<?xml version="1.0" encoding="UTF-8"?>
<!-- Generated by org.testng.reporters.JUnitReportReporter -->
<testsuite hostname="DESKTOP-K0SFL7M" failures="0" tests="3" name="Test.Ancera.Login.ForgotPassword" time="63.666" errors="0" timestamp="2022-02-14T18:09:25 PKT" skipped="0">
  <testcase classname="Test.Ancera.Login.ForgotPassword" name="SendEmailLink" time="11.870"/>
  <system-out/>
  <testcase classname="Test.Ancera.Login.ForgotPassword" name="VerifyEmailReceived" time="32.188"/>
  <system-out/>
  <testcase classname="Test.Ancera.Login.ForgotPassword" name="VerifyLogin" time="19.608"/>
  <system-out/>
</testsuite> <!-- Test.Ancera.Login.ForgotPassword -->
