<?xml version="1.0" encoding="UTF-8"?>
<!-- Generated by org.testng.reporters.JUnitReportReporter -->
<testsuite hostname="APL-LHR-JA0201" failures="0" tests="7" name="Test.Ancera.PiperAdministration.PiperManagement" time="323.627" errors="0" timestamp="2022-12-16T15:05:02 PKT" skipped="0">
  <testcase classname="Test.Ancera.PiperAdministration.PiperManagement" name="Navigate" time="12.669"/>
  <system-out/>
  <testcase classname="Test.Ancera.PiperAdministration.PiperManagement" name="LockFilter" time="76.827"/>
  <system-out/>
  <testcase classname="Test.Ancera.PiperAdministration.PiperManagement" name="WildcardPiper" time="73.650"/>
  <system-out/>
  <testcase classname="Test.Ancera.PiperAdministration.PiperManagement" name="FilterSorting" time="78.194"/>
  <system-out/>
  <testcase classname="Test.Ancera.PiperAdministration.PiperManagement" name="TestSiteFilter" time="37.929"/>
  <system-out/>
  <testcase classname="Test.Ancera.PiperAdministration.PiperManagement" name="ViewSites" time="25.738"/>
  <system-out/>
  <testcase classname="Test.Ancera.PiperAdministration.PiperManagement" name="AlertSetting" time="18.620"/>
  <system-out/>
</testsuite> <!-- Test.Ancera.PiperAdministration.PiperManagement -->
