<?xml version="1.0" encoding="UTF-8"?>
<!-- Generated by org.testng.reporters.JUnitReportReporter -->
<testsuite hostname="DESKTOP-K0SFL7M" failures="0" tests="3" name="Test.Ancera.Login.TestLogin" time="30.322" errors="0" timestamp="2021-09-17T17:28:09 PKT" skipped="0">
  <testcase classname="Test.Ancera.Login.TestLogin" name="login" time="25.122"/>
  <system-out/>
  <testcase classname="Test.Ancera.Login.TestLogin" name="logout" time="2.676"/>
  <system-out/>
  <testcase classname="Test.Ancera.Login.TestLogin" name="VerifyLogout" time="2.524"/>
  <system-out/>
</testsuite> <!-- Test.Ancera.Login.TestLogin -->
