<?xml version="1.0" encoding="UTF-8"?>
<!-- Generated by org.testng.reporters.JUnitReportReporter -->
<testsuite hostname="DESKTOP-K0SFL7M" failures="0" tests="3" name="Test.Ancera.Login.TestLogin" time="33.936" errors="0" timestamp="2021-10-07T11:05:03 PKT" skipped="0">
  <testcase classname="Test.Ancera.Login.TestLogin" name="login" time="28.519"/>
  <system-out/>
  <testcase classname="Test.Ancera.Login.TestLogin" name="logout" time="2.938"/>
  <system-out/>
  <testcase classname="Test.Ancera.Login.TestLogin" name="VerifyLogout" time="2.479"/>
  <system-out/>
</testsuite> <!-- Test.Ancera.Login.TestLogin -->
