<?xml version="1.0" encoding="UTF-8"?>
<!-- Generated by org.testng.reporters.JUnitReportReporter -->
<testsuite hostname="DESKTOP-K0SFL7M" failures="0" tests="3" name="Test.Ancera.Administration.AlertManagement" time="31.528" errors="0" timestamp="2021-09-27T16:11:19 PKT" skipped="1">
  <testcase classname="Test.Ancera.Administration.AlertManagement" name="NavigateAlertManagement" time="4.764"/>
  <system-out/>
  <testcase classname="Test.Ancera.Administration.AlertManagement" name="EmailLogin" time="26.764"/>
  <system-out/>
  <testcase classname="Test.Ancera.Administration.AlertManagement" name="CreateAlert">
    <skipped/>
  </testcase> <!-- CreateAlert -->
  <system-out/>
</testsuite> <!-- Test.Ancera.Administration.AlertManagement -->
