<?xml version="1.0" encoding="UTF-8"?>
<!-- Generated by org.testng.reporters.JUnitReportReporter -->
<testsuite skipped="0" hostname="LAPTOP-O6K4VQH7" name="Test.Ancera.MetaData.DataTemplateManagement" tests="9" failures="0" timestamp="2021-01-04T16:03:02 PKT" time="352.134" errors="0">
  <testcase name="Navigate" time="18.842" classname="Test.Ancera.MetaData.DataTemplateManagement"/>
  <system-out/>
  <testcase name="ResetFieldCheck" time="7.581" classname="Test.Ancera.MetaData.DataTemplateManagement"/>
  <system-out/>
  <testcase name="ClmResetFieldCheck" time="6.547" classname="Test.Ancera.MetaData.DataTemplateManagement"/>
  <system-out/>
  <testcase name="MandatoryFieldCheck" time="203.759" classname="Test.Ancera.MetaData.DataTemplateManagement"/>
  <system-out/>
  <testcase name="UpdateTemplateColumn" time="35.470" classname="Test.Ancera.MetaData.DataTemplateManagement"/>
  <system-out/>
  <testcase name="DeleteColumnTemplate" time="14.959" classname="Test.Ancera.MetaData.DataTemplateManagement"/>
  <system-out/>
  <testcase name="UpdateTemplate" time="8.349" classname="Test.Ancera.MetaData.DataTemplateManagement"/>
  <system-out/>
  <testcase name="ExportTemplate" time="31.074" classname="Test.Ancera.MetaData.DataTemplateManagement"/>
  <system-out/>
  <testcase name="DeleteTemplate" time="25.553" classname="Test.Ancera.MetaData.DataTemplateManagement"/>
  <system-out/>
</testsuite> <!-- Test.Ancera.MetaData.DataTemplateManagement -->
