<?xml version="1.0" encoding="UTF-8"?>
<!-- Generated by org.testng.reporters.JUnitReportReporter -->
<testsuite hostname="DESKTOP-K0SFL7M" failures="0" tests="11" name="PiperAdminstration.Piper_Configuration" time="232.137" errors="1" timestamp="2022-07-15T17:14:44 PKT" skipped="0">
  <testcase classname="PiperAdminstration.Piper_Configuration" name="NavigatePiperConfig" time="11.319"/>
  <system-out/>
  <testcase classname="PiperAdminstration.Piper_Configuration" name="CreatePiperConfigSalm" time="30.686"/>
  <system-out/>
  <testcase classname="PiperAdminstration.Piper_Configuration" name="CreatePiperConfigCocci" time="30.684"/>
  <system-out/>
  <testcase classname="PiperAdminstration.Piper_Configuration" name="UpdatePiperConfig" time="28.589"/>
  <system-out/>
  <testcase classname="PiperAdminstration.Piper_Configuration" name="DeletePiperConfig" time="4.909"/>
  <system-out/>
  <testcase classname="PiperAdminstration.Piper_Configuration" name="DeletePiperConfigCocci" time="15.079"/>
  <system-out/>
  <testcase classname="PiperAdminstration.Piper_Configuration" name="PAConnfigImprocCheck" time="22.015"/>
  <system-out/>
  <testcase classname="PiperAdminstration.Piper_Configuration" name="CreatePAConfigSalm" time="38.636"/>
  <system-out/>
  <testcase classname="PiperAdminstration.Piper_Configuration" name="DeletePAConfigSalm" time="7.253"/>
  <system-out/>
  <testcase classname="PiperAdminstration.Piper_Configuration" name="CreatePAConfigList" time="33.712">
    <error message="java.lang.AssertionError: The following asserts failed:
	expected [Sample Matrix details deleted.] but found [Configuration exists against this Sample Matrix.],
	expected [New Sample Matrix created.] but found [This Sample Matrix already exist.]" type="java.lang.Exception">
      <![CDATA[java.lang.Exception: java.lang.AssertionError: The following asserts failed:
expected [Sample Matrix details deleted.] but found [Configuration exists against this Sample Matrix.],
expected [New Sample Matrix created.] but found [This Sample Matrix already exist.]
at PiperAdminstration.Piper_Configuration.CreatePAConfigList(Piper_Configuration.java:793)
at java.base/jdk.internal.reflect.NativeMethodAccessorImpl.invoke0(Native Method)
at java.base/jdk.internal.reflect.NativeMethodAccessorImpl.invoke(NativeMethodAccessorImpl.java:64)
at java.base/jdk.internal.reflect.DelegatingMethodAccessorImpl.invoke(DelegatingMethodAccessorImpl.java:43)
at java.base/java.lang.reflect.Method.invoke(Method.java:564)
at org.testng.internal.MethodInvocationHelper.invokeMethod(MethodInvocationHelper.java:132)
at org.testng.internal.TestInvoker.invokeMethod(TestInvoker.java:599)
at org.testng.internal.TestInvoker.invokeTestMethod(TestInvoker.java:174)
at org.testng.internal.MethodRunner.runInSequence(MethodRunner.java:46)
at org.testng.internal.TestInvoker$MethodInvocationAgent.invoke(TestInvoker.java:822)
at org.testng.internal.TestInvoker.invokeTestMethods(TestInvoker.java:147)
at org.testng.internal.TestMethodWorker.invokeTestMethods(TestMethodWorker.java:146)
at org.testng.internal.TestMethodWorker.run(TestMethodWorker.java:128)
at java.base/java.util.ArrayList.forEach(ArrayList.java:1511)
at org.testng.TestRunner.privateRun(TestRunner.java:764)
at org.testng.TestRunner.run(TestRunner.java:585)
at org.testng.SuiteRunner.runTest(SuiteRunner.java:384)
at org.testng.SuiteRunner.runSequentially(SuiteRunner.java:378)
at org.testng.SuiteRunner.privateRun(SuiteRunner.java:337)
at org.testng.SuiteRunner.run(SuiteRunner.java:286)
at org.testng.SuiteRunnerWorker.runSuite(SuiteRunnerWorker.java:53)
at org.testng.SuiteRunnerWorker.run(SuiteRunnerWorker.java:96)
at org.testng.TestNG.runSuitesSequentially(TestNG.java:1218)
at org.testng.TestNG.runSuitesLocally(TestNG.java:1140)
at org.testng.TestNG.runSuites(TestNG.java:1069)
at org.testng.TestNG.run(TestNG.java:1037)
at org.testng.remote.AbstractRemoteTestNG.run(AbstractRemoteTestNG.java:115)
at org.testng.remote.RemoteTestNG.initAndRun(RemoteTestNG.java:251)
at org.testng.remote.RemoteTestNG.main(RemoteTestNG.java:77)
Caused by: java.lang.AssertionError: The following asserts failed:
expected [Sample Matrix details deleted.] but found [Configuration exists against this Sample Matrix.],
expected [New Sample Matrix created.] but found [This Sample Matrix already exist.]
at org.testng.asserts.SoftAssert.assertAll(SoftAssert.java:47)
at org.testng.asserts.SoftAssert.assertAll(SoftAssert.java:31)
at PiperAdminstration.Piper_Configuration.CreatePAConfigList(Piper_Configuration.java:783)
... 28 more
]]>
    </error>
  </testcase> <!-- CreatePAConfigList -->
  <system-out/>
  <testcase classname="PiperAdminstration.Piper_Configuration" name="DeletePAConfigList" time="9.255"/>
  <system-out/>
</testsuite> <!-- PiperAdminstration.Piper_Configuration -->
