<?xml version="1.0" encoding="UTF-8"?>
<!-- Generated by org.testng.reporters.JUnitReportReporter -->
<testsuite hostname="DESKTOP-K0SFL7M" failures="0" tests="3" name="Test.Ancera.Login.TestLogin" time="37.566" errors="0" timestamp="2021-02-26T16:39:59 PKT" skipped="0">
  <testcase classname="Test.Ancera.Login.TestLogin" name="login" time="31.169"/>
  <system-out/>
  <testcase classname="Test.Ancera.Login.TestLogin" name="logout" time="3.273"/>
  <system-out/>
  <testcase classname="Test.Ancera.Login.TestLogin" name="VerifyLogout" time="3.124"/>
  <system-out/>
</testsuite> <!-- Test.Ancera.Login.TestLogin -->
