<?xml version="1.0" encoding="UTF-8"?>
<!-- Generated by org.testng.reporters.JUnitReportReporter -->
<testsuite hostname="APL-LHR-JA0201" failures="0" tests="2" name="Test.Ancera.MetaData.DataUpload" time="0.006" errors="0" timestamp="2022-10-19T12:45:44 PKT" skipped="1">
  <testcase classname="Test.Ancera.MetaData.DataUpload" name="as" time="0.006"/>
  <system-out/>
  <testcase classname="Test.Ancera.MetaData.DataUpload" name="FlockMetadata">
    <skipped/>
  </testcase> <!-- FlockMetadata -->
  <system-out/>
</testsuite> <!-- Test.Ancera.MetaData.DataUpload -->
