<?xml version="1.0" encoding="UTF-8"?>
<!-- Generated by org.testng.reporters.JUnitReportReporter -->
<testsuite hostname="DESKTOP-K0SFL7M" failures="0" tests="18" name="Test.Ancera.Administration.AgreementManagement" time="46.825" errors="0" timestamp="2021-06-07T10:36:39 PKT" skipped="12">
  <testcase classname="Test.Ancera.Administration.AgreementManagement" name="NavigateAgreementManagement" time="6.143"/>
  <system-out/>
  <testcase classname="Test.Ancera.Administration.AgreementManagement" name="LicenseUpload" time="20.220"/>
  <system-out/>
  <testcase classname="Test.Ancera.Administration.AgreementManagement" name="VerifyUploadFile" time="3.022"/>
  <system-out/>
  <testcase classname="Test.Ancera.Administration.AgreementManagement" name="ViewFile" time="3.124"/>
  <system-out/>
  <testcase classname="Test.Ancera.Administration.AgreementManagement" name="DeleteFromFile" time="7.113"/>
  <system-out/>
  <testcase classname="Test.Ancera.Administration.AgreementManagement" name="DeleteFromGrid" time="7.203"/>
  <system-out/>
  <testcase classname="Test.Ancera.Administration.AgreementManagement" name="VerifyReactivateFile">
    <skipped/>
  </testcase> <!-- VerifyReactivateFile -->
  <system-out/>
  <testcase classname="Test.Ancera.Administration.AgreementManagement" name="User">
    <skipped/>
  </testcase> <!-- User -->
  <system-out/>
  <testcase classname="Test.Ancera.Administration.AgreementManagement" name="Organization">
    <skipped/>
  </testcase> <!-- Organization -->
  <system-out/>
  <testcase classname="Test.Ancera.Administration.AgreementManagement" name="VerifyDeactivateFile">
    <skipped/>
  </testcase> <!-- VerifyDeactivateFile -->
  <system-out/>
  <testcase classname="Test.Ancera.Administration.AgreementManagement" name="DeactivateAssignAgreement">
    <skipped/>
  </testcase> <!-- DeactivateAssignAgreement -->
  <system-out/>
  <testcase classname="Test.Ancera.Administration.AgreementManagement" name="DeleteAssignFile">
    <skipped/>
  </testcase> <!-- DeleteAssignFile -->
  <system-out/>
  <testcase classname="Test.Ancera.Administration.AgreementManagement" name="InvalidSelection">
    <skipped/>
  </testcase> <!-- InvalidSelection -->
  <system-out/>
  <testcase classname="Test.Ancera.Administration.AgreementManagement" name="DeactivateFile">
    <skipped/>
  </testcase> <!-- DeactivateFile -->
  <system-out/>
  <testcase classname="Test.Ancera.Administration.AgreementManagement" name="VerifyAssignAgreement">
    <skipped/>
  </testcase> <!-- VerifyAssignAgreement -->
  <system-out/>
  <testcase classname="Test.Ancera.Administration.AgreementManagement" name="ReactivateFile">
    <skipped/>
  </testcase> <!-- ReactivateFile -->
  <system-out/>
  <testcase classname="Test.Ancera.Administration.AgreementManagement" name="SearchUser">
    <skipped/>
  </testcase> <!-- SearchUser -->
  <system-out/>
  <testcase classname="Test.Ancera.Administration.AgreementManagement" name="RenameFile">
    <skipped/>
  </testcase> <!-- RenameFile -->
  <system-out/>
</testsuite> <!-- Test.Ancera.Administration.AgreementManagement -->
