<?xml version="1.0" encoding="UTF-8"?>
<!-- Generated by org.testng.reporters.JUnitReportReporter -->
<testsuite hostname="APL-LHR-JA0201" failures="0" tests="11" name="Test.Ancera.Reports.Sites_Log" time="648.978" errors="1" timestamp="2022-09-28T15:03:24 PKT" skipped="1">
  <testcase classname="Test.Ancera.Reports.Sites_Log" name="NavigateSites" time="7.873"/>
  <system-out/>
  <testcase classname="Test.Ancera.Reports.Sites_Log" name="LockFilter" time="143.745"/>
  <system-out/>
  <testcase classname="Test.Ancera.Reports.Sites_Log" name="Wildcard" time="190.589"/>
  <system-out/>
  <testcase classname="Test.Ancera.Reports.Sites_Log" name="FilterSorting" time="75.100"/>
  <system-out/>
  <testcase classname="Test.Ancera.Reports.Sites_Log" name="RowsPerPage1" time="40.424"/>
  <system-out/>
  <testcase classname="Test.Ancera.Reports.Sites_Log" name="PaginationSites" time="31.750"/>
  <system-out/>
  <testcase classname="Test.Ancera.Reports.Sites_Log" name="AllignmentTest" time="0.293"/>
  <system-out/>
  <testcase classname="Test.Ancera.Reports.Sites_Log" name="FieldAccess" time="126.868"/>
  <system-out/>
  <testcase classname="Test.Ancera.Reports.Sites_Log" name="CSVAuditExport" time="10.243">
    <error message="java.lang.AssertionError: expected [Sites Audit Log - 20220928_1503.csv] but found [Sites Audit Log - 20220928_1502.csv]" type="java.lang.Exception">
      <![CDATA[java.lang.Exception: java.lang.AssertionError: expected [Sites Audit Log - 20220928_1503.csv] but found [Sites Audit Log - 20220928_1502.csv]
at Test.Ancera.Reports.Sites_Log.CSVAuditExport(Sites_Log.java:562)
at java.base/jdk.internal.reflect.NativeMethodAccessorImpl.invoke0(Native Method)
at java.base/jdk.internal.reflect.NativeMethodAccessorImpl.invoke(NativeMethodAccessorImpl.java:64)
at java.base/jdk.internal.reflect.DelegatingMethodAccessorImpl.invoke(DelegatingMethodAccessorImpl.java:43)
at java.base/java.lang.reflect.Method.invoke(Method.java:564)
at org.testng.internal.MethodInvocationHelper.invokeMethod(MethodInvocationHelper.java:132)
at org.testng.internal.TestInvoker.invokeMethod(TestInvoker.java:599)
at org.testng.internal.TestInvoker.invokeTestMethod(TestInvoker.java:174)
at org.testng.internal.MethodRunner.runInSequence(MethodRunner.java:46)
at org.testng.internal.TestInvoker$MethodInvocationAgent.invoke(TestInvoker.java:822)
at org.testng.internal.TestInvoker.invokeTestMethods(TestInvoker.java:147)
at org.testng.internal.TestMethodWorker.invokeTestMethods(TestMethodWorker.java:146)
at org.testng.internal.TestMethodWorker.run(TestMethodWorker.java:128)
at java.base/java.util.ArrayList.forEach(ArrayList.java:1511)
at org.testng.TestRunner.privateRun(TestRunner.java:764)
at org.testng.TestRunner.run(TestRunner.java:585)
at org.testng.SuiteRunner.runTest(SuiteRunner.java:384)
at org.testng.SuiteRunner.runSequentially(SuiteRunner.java:378)
at org.testng.SuiteRunner.privateRun(SuiteRunner.java:337)
at org.testng.SuiteRunner.run(SuiteRunner.java:286)
at org.testng.SuiteRunnerWorker.runSuite(SuiteRunnerWorker.java:53)
at org.testng.SuiteRunnerWorker.run(SuiteRunnerWorker.java:96)
at org.testng.TestNG.runSuitesSequentially(TestNG.java:1218)
at org.testng.TestNG.runSuitesLocally(TestNG.java:1140)
at org.testng.TestNG.runSuites(TestNG.java:1069)
at org.testng.TestNG.run(TestNG.java:1037)
at org.testng.remote.AbstractRemoteTestNG.run(AbstractRemoteTestNG.java:115)
at org.testng.remote.RemoteTestNG.initAndRun(RemoteTestNG.java:251)
at org.testng.remote.RemoteTestNG.main(RemoteTestNG.java:77)
Caused by: java.lang.AssertionError: expected [Sites Audit Log - 20220928_1503.csv] but found [Sites Audit Log - 20220928_1502.csv]
at org.testng.Assert.fail(Assert.java:99)
at org.testng.Assert.failNotEquals(Assert.java:1037)
at org.testng.Assert.assertEqualsImpl(Assert.java:140)
at org.testng.Assert.assertEquals(Assert.java:122)
at org.testng.Assert.assertEquals(Assert.java:629)
at org.testng.Assert.assertEquals(Assert.java:639)
at Test.Ancera.Reports.Sites_Log.CSVAuditExport(Sites_Log.java:550)
... 28 more
]]>
    </error>
  </testcase> <!-- CSVAuditExport -->
  <system-out/>
  <testcase classname="Test.Ancera.Reports.Sites_Log" name="CSVExportNew" time="22.093"/>
  <system-out/>
  <testcase classname="Test.Ancera.Reports.Sites_Log" name="CSVExport">
    <skipped/>
  </testcase> <!-- CSVExport -->
  <system-out/>
</testsuite> <!-- Test.Ancera.Reports.Sites_Log -->
