<?xml version="1.0" encoding="UTF-8"?>
<!-- Generated by org.testng.reporters.JUnitReportReporter -->
<testsuite hostname="DESKTOP-K0SFL7M" failures="0" tests="18" name="Test.Ancera.Administration.FlockRegistration" time="1011.827" errors="3" timestamp="2022-02-17T13:32:10 PKT" skipped="2">
  <testcase classname="Test.Ancera.Administration.FlockRegistration" name="NavigateFlock" time="8.060"/>
  <system-out/>
  <testcase classname="Test.Ancera.Administration.FlockRegistration" name="TestFilter" time="165.508"/>
  <system-out/>
  <testcase classname="Test.Ancera.Administration.FlockRegistration" name="wildcard" time="224.726"/>
  <system-out/>
  <testcase classname="Test.Ancera.Administration.FlockRegistration" name="FlockLock" time="164.523"/>
  <system-out/>
  <testcase classname="Test.Ancera.Administration.FlockRegistration" name="Pagination" time="10.919"/>
  <system-out/>
  <testcase classname="Test.Ancera.Administration.FlockRegistration" name="RowsPerPage" time="7.643"/>
  <system-out/>
  <testcase classname="Test.Ancera.Administration.FlockRegistration" name="Sorting" time="3.245"/>
  <system-out/>
  <testcase classname="Test.Ancera.Administration.FlockRegistration" name="AllignmentTest" time="4.741"/>
  <system-out/>
  <testcase classname="Test.Ancera.Administration.FlockRegistration" name="TestFilterBulk" time="179.253"/>
  <system-out/>
  <testcase classname="Test.Ancera.Administration.FlockRegistration" name="SortingBulk" time="93.115"/>
  <system-out/>
  <testcase classname="Test.Ancera.Administration.FlockRegistration" name="CreateFlock" time="32.542">
    <error message="no such element: Unable to locate element: {&quot;method&quot;:&quot;css selector&quot;,&quot;selector&quot;:&quot;#\#close\-gen\-modal&quot;}
  (Session info: chrome=98.0.4758.82)
For documentation on this error, please visit: https://selenium.dev/exceptions/#no_such_element
Build info: version: &#039;4.0.0-alpha-7&#039;, revision: &#039;de8579b6d5&#039;
System info: host: &#039;DESKTOP-K0SFL7M&#039;, ip: &#039;10.212.134.181&#039;, os.name: &#039;Windows 10&#039;, os.arch: &#039;amd64&#039;, os.version: &#039;10.0&#039;, java.version: &#039;15.0.2&#039;
Driver info: org.openqa.selenium.chrome.ChromeDriver
Capabilities {acceptInsecureCerts: false, browserName: chrome, browserVersion: 98.0.4758.82, chrome: {chromedriverVersion: 98.0.4758.80 (7f0488e8ba0d8..., userDataDir: C:\Users\User\AppData\Local...}, goog:chromeOptions: {debuggerAddress: localhost:58102}, javascriptEnabled: true, networkConnectionEnabled: false, pageLoadStrategy: normal, platform: WINDOWS, platformName: WINDOWS, proxy: Proxy(), setWindowRect: true, strictFileInteractability: false, timeouts: {implicit: 0, pageLoad: 300000, script: 30000}, unhandledPromptBehavior: dismiss and notify, webauthn:extension:credBlob: true, webauthn:extension:largeBlob: true, webauthn:virtualAuthenticators: true}
Session ID: 1704acbca4e07807694d9a1191ee4b83
*** Element info: {Using=id, value=#close-gen-modal}" type="org.openqa.selenium.NoSuchElementException">
      <![CDATA[org.openqa.selenium.NoSuchElementException: no such element: Unable to locate element: {"method":"css selector","selector":"#\#close\-gen\-modal"}
  (Session info: chrome=98.0.4758.82)
For documentation on this error, please visit: https://selenium.dev/exceptions/#no_such_element
Build info: version: '4.0.0-alpha-7', revision: 'de8579b6d5'
System info: host: 'DESKTOP-K0SFL7M', ip: '10.212.134.181', os.name: 'Windows 10', os.arch: 'amd64', os.version: '10.0', java.version: '15.0.2'
Driver info: org.openqa.selenium.chrome.ChromeDriver
Capabilities {acceptInsecureCerts: false, browserName: chrome, browserVersion: 98.0.4758.82, chrome: {chromedriverVersion: 98.0.4758.80 (7f0488e8ba0d8..., userDataDir: C:\Users\User\AppData\Local...}, goog:chromeOptions: {debuggerAddress: localhost:58102}, javascriptEnabled: true, networkConnectionEnabled: false, pageLoadStrategy: normal, platform: WINDOWS, platformName: WINDOWS, proxy: Proxy(), setWindowRect: true, strictFileInteractability: false, timeouts: {implicit: 0, pageLoad: 300000, script: 30000}, unhandledPromptBehavior: dismiss and notify, webauthn:extension:credBlob: true, webauthn:extension:largeBlob: true, webauthn:virtualAuthenticators: true}
Session ID: 1704acbca4e07807694d9a1191ee4b83
*** Element info: {Using=id, value=#close-gen-modal}
at jdk.internal.reflect.GeneratedConstructorAccessor12.newInstance(Unknown Source)
at java.base/jdk.internal.reflect.DelegatingConstructorAccessorImpl.newInstance(DelegatingConstructorAccessorImpl.java:45)
at java.base/java.lang.reflect.Constructor.newInstanceWithCaller(Constructor.java:500)
at java.base/java.lang.reflect.Constructor.newInstance(Constructor.java:481)
at org.openqa.selenium.remote.codec.w3c.W3CHttpResponseCodec.createException(W3CHttpResponseCodec.java:196)
at org.openqa.selenium.remote.codec.w3c.W3CHttpResponseCodec.decode(W3CHttpResponseCodec.java:129)
at org.openqa.selenium.remote.codec.w3c.W3CHttpResponseCodec.decode(W3CHttpResponseCodec.java:53)
at org.openqa.selenium.remote.HttpCommandExecutor.execute(HttpCommandExecutor.java:167)
at org.openqa.selenium.remote.service.DriverCommandExecutor.execute(DriverCommandExecutor.java:123)
at org.openqa.selenium.remote.RemoteWebDriver.execute(RemoteWebDriver.java:501)
at org.openqa.selenium.remote.RemoteWebDriver.findElement(RemoteWebDriver.java:332)
at org.openqa.selenium.By$ById.findElement(By.java:193)
at org.openqa.selenium.remote.RemoteWebDriver.findElement(RemoteWebDriver.java:312)
at Test.Ancera.Administration.FlockRegistration.CreateFlock(FlockRegistration.java:1135)
at java.base/jdk.internal.reflect.NativeMethodAccessorImpl.invoke0(Native Method)
at java.base/jdk.internal.reflect.NativeMethodAccessorImpl.invoke(NativeMethodAccessorImpl.java:64)
at java.base/jdk.internal.reflect.DelegatingMethodAccessorImpl.invoke(DelegatingMethodAccessorImpl.java:43)
at java.base/java.lang.reflect.Method.invoke(Method.java:564)
at org.testng.internal.MethodInvocationHelper.invokeMethod(MethodInvocationHelper.java:132)
at org.testng.internal.TestInvoker.invokeMethod(TestInvoker.java:599)
at org.testng.internal.TestInvoker.invokeTestMethod(TestInvoker.java:174)
at org.testng.internal.MethodRunner.runInSequence(MethodRunner.java:46)
at org.testng.internal.TestInvoker$MethodInvocationAgent.invoke(TestInvoker.java:822)
at org.testng.internal.TestInvoker.invokeTestMethods(TestInvoker.java:147)
at org.testng.internal.TestMethodWorker.invokeTestMethods(TestMethodWorker.java:146)
at org.testng.internal.TestMethodWorker.run(TestMethodWorker.java:128)
at java.base/java.util.ArrayList.forEach(ArrayList.java:1511)
at org.testng.TestRunner.privateRun(TestRunner.java:764)
at org.testng.TestRunner.run(TestRunner.java:585)
at org.testng.SuiteRunner.runTest(SuiteRunner.java:384)
at org.testng.SuiteRunner.runSequentially(SuiteRunner.java:378)
at org.testng.SuiteRunner.privateRun(SuiteRunner.java:337)
at org.testng.SuiteRunner.run(SuiteRunner.java:286)
at org.testng.SuiteRunnerWorker.runSuite(SuiteRunnerWorker.java:53)
at org.testng.SuiteRunnerWorker.run(SuiteRunnerWorker.java:96)
at org.testng.TestNG.runSuitesSequentially(TestNG.java:1218)
at org.testng.TestNG.runSuitesLocally(TestNG.java:1140)
at org.testng.TestNG.runSuites(TestNG.java:1069)
at org.testng.TestNG.run(TestNG.java:1037)
at org.testng.remote.AbstractRemoteTestNG.run(AbstractRemoteTestNG.java:115)
at org.testng.remote.RemoteTestNG.initAndRun(RemoteTestNG.java:251)
at org.testng.remote.RemoteTestNG.main(RemoteTestNG.java:77)
]]>
    </error>
  </testcase> <!-- CreateFlock -->
  <system-out/>
  <testcase classname="Test.Ancera.Administration.FlockRegistration" name="EditFlock" time="5.615"/>
  <system-out/>
  <testcase classname="Test.Ancera.Administration.FlockRegistration" name="FlockValidation" time="5.308">
    <error message="no such element: Unable to locate element: {&quot;method&quot;:&quot;css selector&quot;,&quot;selector&quot;:&quot;#tr\:nth\-child\(1\)\ \#col\-1&quot;}
  (Session info: chrome=98.0.4758.82)
For documentation on this error, please visit: https://selenium.dev/exceptions/#no_such_element
Build info: version: &#039;4.0.0-alpha-7&#039;, revision: &#039;de8579b6d5&#039;
System info: host: &#039;DESKTOP-K0SFL7M&#039;, ip: &#039;10.212.134.181&#039;, os.name: &#039;Windows 10&#039;, os.arch: &#039;amd64&#039;, os.version: &#039;10.0&#039;, java.version: &#039;15.0.2&#039;
Driver info: org.openqa.selenium.chrome.ChromeDriver
Capabilities {acceptInsecureCerts: false, browserName: chrome, browserVersion: 98.0.4758.82, chrome: {chromedriverVersion: 98.0.4758.80 (7f0488e8ba0d8..., userDataDir: C:\Users\User\AppData\Local...}, goog:chromeOptions: {debuggerAddress: localhost:58102}, javascriptEnabled: true, networkConnectionEnabled: false, pageLoadStrategy: normal, platform: WINDOWS, platformName: WINDOWS, proxy: Proxy(), setWindowRect: true, strictFileInteractability: false, timeouts: {implicit: 0, pageLoad: 300000, script: 30000}, unhandledPromptBehavior: dismiss and notify, webauthn:extension:credBlob: true, webauthn:extension:largeBlob: true, webauthn:virtualAuthenticators: true}
Session ID: 1704acbca4e07807694d9a1191ee4b83
*** Element info: {Using=id, value=tr:nth-child(1) #col-1}" type="org.openqa.selenium.NoSuchElementException">
      <![CDATA[org.openqa.selenium.NoSuchElementException: no such element: Unable to locate element: {"method":"css selector","selector":"#tr\:nth\-child\(1\)\ \#col\-1"}
  (Session info: chrome=98.0.4758.82)
For documentation on this error, please visit: https://selenium.dev/exceptions/#no_such_element
Build info: version: '4.0.0-alpha-7', revision: 'de8579b6d5'
System info: host: 'DESKTOP-K0SFL7M', ip: '10.212.134.181', os.name: 'Windows 10', os.arch: 'amd64', os.version: '10.0', java.version: '15.0.2'
Driver info: org.openqa.selenium.chrome.ChromeDriver
Capabilities {acceptInsecureCerts: false, browserName: chrome, browserVersion: 98.0.4758.82, chrome: {chromedriverVersion: 98.0.4758.80 (7f0488e8ba0d8..., userDataDir: C:\Users\User\AppData\Local...}, goog:chromeOptions: {debuggerAddress: localhost:58102}, javascriptEnabled: true, networkConnectionEnabled: false, pageLoadStrategy: normal, platform: WINDOWS, platformName: WINDOWS, proxy: Proxy(), setWindowRect: true, strictFileInteractability: false, timeouts: {implicit: 0, pageLoad: 300000, script: 30000}, unhandledPromptBehavior: dismiss and notify, webauthn:extension:credBlob: true, webauthn:extension:largeBlob: true, webauthn:virtualAuthenticators: true}
Session ID: 1704acbca4e07807694d9a1191ee4b83
*** Element info: {Using=id, value=tr:nth-child(1) #col-1}
at jdk.internal.reflect.GeneratedConstructorAccessor12.newInstance(Unknown Source)
at java.base/jdk.internal.reflect.DelegatingConstructorAccessorImpl.newInstance(DelegatingConstructorAccessorImpl.java:45)
at java.base/java.lang.reflect.Constructor.newInstanceWithCaller(Constructor.java:500)
at java.base/java.lang.reflect.Constructor.newInstance(Constructor.java:481)
at org.openqa.selenium.remote.codec.w3c.W3CHttpResponseCodec.createException(W3CHttpResponseCodec.java:196)
at org.openqa.selenium.remote.codec.w3c.W3CHttpResponseCodec.decode(W3CHttpResponseCodec.java:129)
at org.openqa.selenium.remote.codec.w3c.W3CHttpResponseCodec.decode(W3CHttpResponseCodec.java:53)
at org.openqa.selenium.remote.HttpCommandExecutor.execute(HttpCommandExecutor.java:167)
at org.openqa.selenium.remote.service.DriverCommandExecutor.execute(DriverCommandExecutor.java:123)
at org.openqa.selenium.remote.RemoteWebDriver.execute(RemoteWebDriver.java:501)
at org.openqa.selenium.remote.RemoteWebDriver.findElement(RemoteWebDriver.java:332)
at org.openqa.selenium.By$ById.findElement(By.java:193)
at org.openqa.selenium.remote.RemoteWebDriver.findElement(RemoteWebDriver.java:312)
at Test.Ancera.Administration.FlockRegistration.FlockValidation(FlockRegistration.java:1224)
at java.base/jdk.internal.reflect.NativeMethodAccessorImpl.invoke0(Native Method)
at java.base/jdk.internal.reflect.NativeMethodAccessorImpl.invoke(NativeMethodAccessorImpl.java:64)
at java.base/jdk.internal.reflect.DelegatingMethodAccessorImpl.invoke(DelegatingMethodAccessorImpl.java:43)
at java.base/java.lang.reflect.Method.invoke(Method.java:564)
at org.testng.internal.MethodInvocationHelper.invokeMethod(MethodInvocationHelper.java:132)
at org.testng.internal.TestInvoker.invokeMethod(TestInvoker.java:599)
at org.testng.internal.TestInvoker.invokeTestMethod(TestInvoker.java:174)
at org.testng.internal.MethodRunner.runInSequence(MethodRunner.java:46)
at org.testng.internal.TestInvoker$MethodInvocationAgent.invoke(TestInvoker.java:822)
at org.testng.internal.TestInvoker.invokeTestMethods(TestInvoker.java:147)
at org.testng.internal.TestMethodWorker.invokeTestMethods(TestMethodWorker.java:146)
at org.testng.internal.TestMethodWorker.run(TestMethodWorker.java:128)
at java.base/java.util.ArrayList.forEach(ArrayList.java:1511)
at org.testng.TestRunner.privateRun(TestRunner.java:764)
at org.testng.TestRunner.run(TestRunner.java:585)
at org.testng.SuiteRunner.runTest(SuiteRunner.java:384)
at org.testng.SuiteRunner.runSequentially(SuiteRunner.java:378)
at org.testng.SuiteRunner.privateRun(SuiteRunner.java:337)
at org.testng.SuiteRunner.run(SuiteRunner.java:286)
at org.testng.SuiteRunnerWorker.runSuite(SuiteRunnerWorker.java:53)
at org.testng.SuiteRunnerWorker.run(SuiteRunnerWorker.java:96)
at org.testng.TestNG.runSuitesSequentially(TestNG.java:1218)
at org.testng.TestNG.runSuitesLocally(TestNG.java:1140)
at org.testng.TestNG.runSuites(TestNG.java:1069)
at org.testng.TestNG.run(TestNG.java:1037)
at org.testng.remote.AbstractRemoteTestNG.run(AbstractRemoteTestNG.java:115)
at org.testng.remote.RemoteTestNG.initAndRun(RemoteTestNG.java:251)
at org.testng.remote.RemoteTestNG.main(RemoteTestNG.java:77)
]]>
    </error>
  </testcase> <!-- FlockValidation -->
  <system-out/>
  <testcase classname="Test.Ancera.Administration.FlockRegistration" name="FlockUploadBulk" time="0.000">
    <skipped/>
  </testcase> <!-- FlockUploadBulk -->
  <system-out/>
  <testcase classname="Test.Ancera.Administration.FlockRegistration" name="CSVExport" time="94.877">
    <error message="java.lang.AssertionError: The following asserts failed:
	expected [04/15/2021] but found [4/15/2021],
	expected [04/28/2021] but found [4/28/2021],
	expected [04/28/2021] but found [4/28/2021],
	expected [04/16/2021] but found [4/16/2021],
	expected [04/16/2021] but found [4/16/2021],
	expected [06/30/2020] but found [6/30/2020],
	expected [04/17/2021] but found [4/17/2021],
	expected [04/17/2021] but found [4/17/2021],
	expected [06/30/2020] but found [6/30/2020],
	expected [03/30/2021] but found [3/30/2021],
	expected [03/30/2021] but found [3/30/2021],
	expected [06/30/2020] but found [6/30/2020],
	expected [03/31/2021] but found [3/31/2021],
	expected [03/31/2021] but found [3/31/2021],
	expected [06/30/2020] but found [6/30/2020],
	expected [04/01/2021] but found [4/1/2021],
	expected [04/01/2021] but found [4/1/2021],
	expected [06/30/2020] but found [6/30/2020],
	expected [04/02/2021] but found [4/2/2021],
	expected [04/02/2021] but found [4/2/2021],
	expected [06/30/2020] but found [6/30/2020],
	expected [04/03/2021] but found [4/3/2021],
	expected [04/03/2021] but found [4/3/2021],
	expected [06/30/2020] but found [6/30/2020],
	expected [04/04/2021] but found [4/4/2021],
	expected [04/04/2021] but found [4/4/2021],
	expected [06/30/2020] but found [6/30/2020],
	expected [04/05/2021] but found [4/5/2021],
	expected [04/05/2021] but found [4/5/2021],
	expected [05/09/2021] but found [5/9/2021],
	expected [04/06/2021] but found [4/6/2021],
	expected [04/06/2021] but found [4/6/2021],
	expected [06/30/2020] but found [6/30/2020],
	expected [04/07/2021] but found [4/7/2021],
	expected [04/07/2021] but found [4/7/2021],
	expected [06/30/2020] but found [6/30/2020],
	expected [04/08/2021] but found [4/8/2021],
	expected [04/08/2021] but found [4/8/2021],
	expected [06/30/2020] but found [6/30/2020],
	expected [04/09/2021] but found [4/9/2021],
	expected [04/09/2021] but found [4/9/2021],
	expected [06/30/2020] but found [6/30/2020],
	expected [04/10/2021] but found [4/10/2021],
	expected [04/10/2021] but found [4/10/2021],
	expected [06/30/2020] but found [6/30/2020],
	expected [04/11/2021] but found [4/11/2021],
	expected [04/11/2021] but found [4/11/2021],
	expected [06/30/2020] but found [6/30/2020],
	expected [04/12/2021] but found [4/12/2021],
	expected [04/12/2021] but found [4/12/2021],
	expected [06/30/2020] but found [6/30/2020],
	expected [04/13/2021] but found [4/13/2021],
	expected [04/13/2021] but found [4/13/2021],
	expected [06/30/2020] but found [6/30/2020],
	expected [04/14/2021] but found [4/14/2021],
	expected [04/14/2021] but found [4/14/2021],
	expected [06/30/2020] but found [6/30/2020],
	expected [04/15/2021] but found [4/15/2021],
	expected [04/15/2021] but found [4/15/2021],
	expected [06/30/2020] but found [6/30/2020]" type="java.lang.Exception">
      <![CDATA[java.lang.Exception: java.lang.AssertionError: The following asserts failed:
expected [04/15/2021] but found [4/15/2021],
expected [04/28/2021] but found [4/28/2021],
expected [04/28/2021] but found [4/28/2021],
expected [04/16/2021] but found [4/16/2021],
expected [04/16/2021] but found [4/16/2021],
expected [06/30/2020] but found [6/30/2020],
expected [04/17/2021] but found [4/17/2021],
expected [04/17/2021] but found [4/17/2021],
expected [06/30/2020] but found [6/30/2020],
expected [03/30/2021] but found [3/30/2021],
expected [03/30/2021] but found [3/30/2021],
expected [06/30/2020] but found [6/30/2020],
expected [03/31/2021] but found [3/31/2021],
expected [03/31/2021] but found [3/31/2021],
expected [06/30/2020] but found [6/30/2020],
expected [04/01/2021] but found [4/1/2021],
expected [04/01/2021] but found [4/1/2021],
expected [06/30/2020] but found [6/30/2020],
expected [04/02/2021] but found [4/2/2021],
expected [04/02/2021] but found [4/2/2021],
expected [06/30/2020] but found [6/30/2020],
expected [04/03/2021] but found [4/3/2021],
expected [04/03/2021] but found [4/3/2021],
expected [06/30/2020] but found [6/30/2020],
expected [04/04/2021] but found [4/4/2021],
expected [04/04/2021] but found [4/4/2021],
expected [06/30/2020] but found [6/30/2020],
expected [04/05/2021] but found [4/5/2021],
expected [04/05/2021] but found [4/5/2021],
expected [05/09/2021] but found [5/9/2021],
expected [04/06/2021] but found [4/6/2021],
expected [04/06/2021] but found [4/6/2021],
expected [06/30/2020] but found [6/30/2020],
expected [04/07/2021] but found [4/7/2021],
expected [04/07/2021] but found [4/7/2021],
expected [06/30/2020] but found [6/30/2020],
expected [04/08/2021] but found [4/8/2021],
expected [04/08/2021] but found [4/8/2021],
expected [06/30/2020] but found [6/30/2020],
expected [04/09/2021] but found [4/9/2021],
expected [04/09/2021] but found [4/9/2021],
expected [06/30/2020] but found [6/30/2020],
expected [04/10/2021] but found [4/10/2021],
expected [04/10/2021] but found [4/10/2021],
expected [06/30/2020] but found [6/30/2020],
expected [04/11/2021] but found [4/11/2021],
expected [04/11/2021] but found [4/11/2021],
expected [06/30/2020] but found [6/30/2020],
expected [04/12/2021] but found [4/12/2021],
expected [04/12/2021] but found [4/12/2021],
expected [06/30/2020] but found [6/30/2020],
expected [04/13/2021] but found [4/13/2021],
expected [04/13/2021] but found [4/13/2021],
expected [06/30/2020] but found [6/30/2020],
expected [04/14/2021] but found [4/14/2021],
expected [04/14/2021] but found [4/14/2021],
expected [06/30/2020] but found [6/30/2020],
expected [04/15/2021] but found [4/15/2021],
expected [04/15/2021] but found [4/15/2021],
expected [06/30/2020] but found [6/30/2020]
at Test.Ancera.Administration.FlockRegistration.CSVExport(FlockRegistration.java:1529)
at java.base/jdk.internal.reflect.NativeMethodAccessorImpl.invoke0(Native Method)
at java.base/jdk.internal.reflect.NativeMethodAccessorImpl.invoke(NativeMethodAccessorImpl.java:64)
at java.base/jdk.internal.reflect.DelegatingMethodAccessorImpl.invoke(DelegatingMethodAccessorImpl.java:43)
at java.base/java.lang.reflect.Method.invoke(Method.java:564)
at org.testng.internal.MethodInvocationHelper.invokeMethod(MethodInvocationHelper.java:132)
at org.testng.internal.TestInvoker.invokeMethod(TestInvoker.java:599)
at org.testng.internal.TestInvoker.invokeTestMethod(TestInvoker.java:174)
at org.testng.internal.MethodRunner.runInSequence(MethodRunner.java:46)
at org.testng.internal.TestInvoker$MethodInvocationAgent.invoke(TestInvoker.java:822)
at org.testng.internal.TestInvoker.invokeTestMethods(TestInvoker.java:147)
at org.testng.internal.TestMethodWorker.invokeTestMethods(TestMethodWorker.java:146)
at org.testng.internal.TestMethodWorker.run(TestMethodWorker.java:128)
at java.base/java.util.ArrayList.forEach(ArrayList.java:1511)
at org.testng.TestRunner.privateRun(TestRunner.java:764)
at org.testng.TestRunner.run(TestRunner.java:585)
at org.testng.SuiteRunner.runTest(SuiteRunner.java:384)
at org.testng.SuiteRunner.runSequentially(SuiteRunner.java:378)
at org.testng.SuiteRunner.privateRun(SuiteRunner.java:337)
at org.testng.SuiteRunner.run(SuiteRunner.java:286)
at org.testng.SuiteRunnerWorker.runSuite(SuiteRunnerWorker.java:53)
at org.testng.SuiteRunnerWorker.run(SuiteRunnerWorker.java:96)
at org.testng.TestNG.runSuitesSequentially(TestNG.java:1218)
at org.testng.TestNG.runSuitesLocally(TestNG.java:1140)
at org.testng.TestNG.runSuites(TestNG.java:1069)
at org.testng.TestNG.run(TestNG.java:1037)
at org.testng.remote.AbstractRemoteTestNG.run(AbstractRemoteTestNG.java:115)
at org.testng.remote.RemoteTestNG.initAndRun(RemoteTestNG.java:251)
at org.testng.remote.RemoteTestNG.main(RemoteTestNG.java:77)
Caused by: java.lang.AssertionError: The following asserts failed:
expected [04/15/2021] but found [4/15/2021],
expected [04/28/2021] but found [4/28/2021],
expected [04/28/2021] but found [4/28/2021],
expected [04/16/2021] but found [4/16/2021],
expected [04/16/2021] but found [4/16/2021],
expected [06/30/2020] but found [6/30/2020],
expected [04/17/2021] but found [4/17/2021],
expected [04/17/2021] but found [4/17/2021],
expected [06/30/2020] but found [6/30/2020],
expected [03/30/2021] but found [3/30/2021],
expected [03/30/2021] but found [3/30/2021],
expected [06/30/2020] but found [6/30/2020],
expected [03/31/2021] but found [3/31/2021],
expected [03/31/2021] but found [3/31/2021],
expected [06/30/2020] but found [6/30/2020],
expected [04/01/2021] but found [4/1/2021],
expected [04/01/2021] but found [4/1/2021],
expected [06/30/2020] but found [6/30/2020],
expected [04/02/2021] but found [4/2/2021],
expected [04/02/2021] but found [4/2/2021],
expected [06/30/2020] but found [6/30/2020],
expected [04/03/2021] but found [4/3/2021],
expected [04/03/2021] but found [4/3/2021],
expected [06/30/2020] but found [6/30/2020],
expected [04/04/2021] but found [4/4/2021],
expected [04/04/2021] but found [4/4/2021],
expected [06/30/2020] but found [6/30/2020],
expected [04/05/2021] but found [4/5/2021],
expected [04/05/2021] but found [4/5/2021],
expected [05/09/2021] but found [5/9/2021],
expected [04/06/2021] but found [4/6/2021],
expected [04/06/2021] but found [4/6/2021],
expected [06/30/2020] but found [6/30/2020],
expected [04/07/2021] but found [4/7/2021],
expected [04/07/2021] but found [4/7/2021],
expected [06/30/2020] but found [6/30/2020],
expected [04/08/2021] but found [4/8/2021],
expected [04/08/2021] but found [4/8/2021],
expected [06/30/2020] but found [6/30/2020],
expected [04/09/2021] but found [4/9/2021],
expected [04/09/2021] but found [4/9/2021],
expected [06/30/2020] but found [6/30/2020],
expected [04/10/2021] but found [4/10/2021],
expected [04/10/2021] but found [4/10/2021],
expected [06/30/2020] but found [6/30/2020],
expected [04/11/2021] but found [4/11/2021],
expected [04/11/2021] but found [4/11/2021],
expected [06/30/2020] but found [6/30/2020],
expected [04/12/2021] but found [4/12/2021],
expected [04/12/2021] but found [4/12/2021],
expected [06/30/2020] but found [6/30/2020],
expected [04/13/2021] but found [4/13/2021],
expected [04/13/2021] but found [4/13/2021],
expected [06/30/2020] but found [6/30/2020],
expected [04/14/2021] but found [4/14/2021],
expected [04/14/2021] but found [4/14/2021],
expected [06/30/2020] but found [6/30/2020],
expected [04/15/2021] but found [4/15/2021],
expected [04/15/2021] but found [4/15/2021],
expected [06/30/2020] but found [6/30/2020]
at org.testng.asserts.SoftAssert.assertAll(SoftAssert.java:47)
at org.testng.asserts.SoftAssert.assertAll(SoftAssert.java:31)
at Test.Ancera.Administration.FlockRegistration.CSVExport(FlockRegistration.java:1524)
... 28 more
]]>
    </error>
  </testcase> <!-- CSVExport -->
  <system-out/>
  <testcase classname="Test.Ancera.Administration.FlockRegistration" name="SiteAppearnace" time="0.000">
    <skipped/>
  </testcase> <!-- SiteAppearnace -->
  <system-out/>
  <testcase classname="Test.Ancera.Administration.FlockRegistration" name="CSVAuditExport" time="9.159"/>
  <system-out/>
  <testcase classname="Test.Ancera.Administration.FlockRegistration" name="TemplateExport" time="2.593"/>
  <system-out/>
</testsuite> <!-- Test.Ancera.Administration.FlockRegistration -->
