<?xml version="1.0" encoding="UTF-8"?>
<!-- Generated by org.testng.reporters.JUnitReportReporter -->
<testsuite hostname="DESKTOP-K0SFL7M" failures="0" tests="1" name="Test.Ancera.Reports.InstallationRun_Listeria" time="1140.729" errors="0" timestamp="2021-09-17T11:50:12 PKT" skipped="0">
  <testcase classname="Test.Ancera.Reports.InstallationRun_Listeria" name="installationRunConfigListeria" time="1140.729"/>
  <system-out/>
</testsuite> <!-- Test.Ancera.Reports.InstallationRun_Listeria -->
