<?xml version="1.0" encoding="UTF-8"?>
<!-- Generated by org.testng.reporters.JUnitReportReporter -->
<testsuite skipped="0" hostname="LAPTOP-O6K4VQH7" name="Test.Ancera.Login.Login" tests="8" failures="0" timestamp="2020-10-29T15:18:52 PKT" time="16.138" errors="0">
  <testcase name="Navigate" time="2.026" classname="Test.Ancera.Login.Login"/>
  <system-out/>
  <testcase name="InvalidUsername" time="1.570" classname="Test.Ancera.Login.Login"/>
  <system-out/>
  <testcase name="InvalidPassword" time="1.467" classname="Test.Ancera.Login.Login"/>
  <system-out/>
  <testcase name="EmptyUsername" time="1.275" classname="Test.Ancera.Login.Login"/>
  <system-out/>
  <testcase name="EmptyPassword" time="1.303" classname="Test.Ancera.Login.Login"/>
  <system-out/>
  <testcase name="BothEmpty" time="1.245" classname="Test.Ancera.Login.Login"/>
  <system-out/>
  <testcase name="InvalidUsernamePassword" time="2.619" classname="Test.Ancera.Login.Login"/>
  <system-out/>
  <testcase name="ValidLogin" time="4.633" classname="Test.Ancera.Login.Login"/>
  <system-out/>
</testsuite> <!-- Test.Ancera.Login.Login -->
