<?xml version="1.0" encoding="UTF-8"?>
<!-- Generated by org.testng.reporters.JUnitReportReporter -->
<testsuite hostname="DESKTOP-K0SFL7M" failures="0" tests="2" name="Test.Ancera.Administration.OrganizationManagement" time="207.899" errors="0" timestamp="2022-06-19T21:11:14 PKT" skipped="1">
  <testcase classname="Test.Ancera.Administration.OrganizationManagement" name="Wildcard" time="207.899"/>
  <system-out/>
  <testcase classname="Test.Ancera.Administration.OrganizationManagement" name="TestFilterPractice">
    <skipped/>
  </testcase> <!-- TestFilterPractice -->
  <system-out/>
</testsuite> <!-- Test.Ancera.Administration.OrganizationManagement -->
