<?xml version="1.0" encoding="UTF-8"?>
<!-- Generated by org.testng.reporters.JUnitReportReporter -->
<testsuite hostname="DESKTOP-K0SFL7M" failures="0" tests="3" name="PiperAdminstration.PiperManagement" time="62.244" errors="0" timestamp="2022-04-22T15:03:18 PKT" skipped="0">
  <testcase classname="PiperAdminstration.PiperManagement" name="NavigatePM" time="5.585"/>
  <system-out/>
  <testcase classname="PiperAdminstration.PiperManagement" name="BasicScenarios" time="10.390"/>
  <system-out/>
  <testcase classname="PiperAdminstration.PiperManagement" name="AlertSetting" time="46.269"/>
  <system-out/>
</testsuite> <!-- PiperAdminstration.PiperManagement -->
