<?xml version="1.0" encoding="UTF-8"?>
<!-- Generated by org.testng.reporters.JUnitReportReporter -->
<testsuite hostname="DESKTOP-K0SFL7M" failures="0" tests="15" name="Test.Ancera.Administration.AccessManagement" time="35.247" errors="0" timestamp="2022-03-04T15:50:10 PKT" skipped="14">
  <testcase classname="Test.Ancera.Administration.AccessManagement" name="RoleAssignScreen" time="35.247"/>
  <system-out/>
  <testcase classname="Test.Ancera.Administration.AccessManagement" name="BarcodeRoleAccess">
    <skipped/>
  </testcase> <!-- BarcodeRoleAccess -->
  <system-out/>
  <testcase classname="Test.Ancera.Administration.AccessManagement" name="AgreeemntRoleAccess">
    <skipped/>
  </testcase> <!-- AgreeemntRoleAccess -->
  <system-out/>
  <testcase classname="Test.Ancera.Administration.AccessManagement" name="ReportHelpContactUsAccess">
    <skipped/>
  </testcase> <!-- ReportHelpContactUsAccess -->
  <system-out/>
  <testcase classname="Test.Ancera.Administration.AccessManagement" name="PoultryManagementAccess">
    <skipped/>
  </testcase> <!-- PoultryManagementAccess -->
  <system-out/>
  <testcase classname="Test.Ancera.Administration.AccessManagement" name="ReportRoleAccess">
    <skipped/>
  </testcase> <!-- ReportRoleAccess -->
  <system-out/>
  <testcase classname="Test.Ancera.Administration.AccessManagement" name="UserManagementAccess">
    <skipped/>
  </testcase> <!-- UserManagementAccess -->
  <system-out/>
  <testcase classname="Test.Ancera.Administration.AccessManagement" name="DataTemplateAccess">
    <skipped/>
  </testcase> <!-- DataTemplateAccess -->
  <system-out/>
  <testcase classname="Test.Ancera.Administration.AccessManagement" name="PiperManagementRoleAccess">
    <skipped/>
  </testcase> <!-- PiperManagementRoleAccess -->
  <system-out/>
  <testcase classname="Test.Ancera.Administration.AccessManagement" name="OrganizationSitesManagementAccess">
    <skipped/>
  </testcase> <!-- OrganizationSitesManagementAccess -->
  <system-out/>
  <testcase classname="Test.Ancera.Administration.AccessManagement" name="AlertConfigurationAccess">
    <skipped/>
  </testcase> <!-- AlertConfigurationAccess -->
  <system-out/>
  <testcase classname="Test.Ancera.Administration.AccessManagement" name="PiperSoftwareManagementRoleAccess">
    <skipped/>
  </testcase> <!-- PiperSoftwareManagementRoleAccess -->
  <system-out/>
  <testcase classname="Test.Ancera.Administration.AccessManagement" name="PiperConfigManagementRoleAccess">
    <skipped/>
  </testcase> <!-- PiperConfigManagementRoleAccess -->
  <system-out/>
  <testcase classname="Test.Ancera.Administration.AccessManagement" name="OrganizationManagementAccess">
    <skipped/>
  </testcase> <!-- OrganizationManagementAccess -->
  <system-out/>
  <testcase classname="Test.Ancera.Administration.AccessManagement" name="DataUploadAccess">
    <skipped/>
  </testcase> <!-- DataUploadAccess -->
  <system-out/>
</testsuite> <!-- Test.Ancera.Administration.AccessManagement -->
