<?xml version="1.0" encoding="UTF-8"?>
<!-- Generated by org.testng.reporters.JUnitReportReporter -->
<testsuite hostname="APL-LHR-JA0201" failures="0" tests="8" name="Test.Ancera.PiperAdministration.PiperManagement" time="408.413" errors="0" timestamp="2022-12-27T10:52:15 PKT" skipped="0">
  <testcase classname="Test.Ancera.PiperAdministration.PiperManagement" name="Login" time="10.664"/>
  <system-out/>
  <testcase classname="Test.Ancera.PiperAdministration.PiperManagement" name="Navigate" time="27.736"/>
  <system-out/>
  <testcase classname="Test.Ancera.PiperAdministration.PiperManagement" name="LockFilter" time="99.870"/>
  <system-out/>
  <testcase classname="Test.Ancera.PiperAdministration.PiperManagement" name="WildcardPiper" time="88.935"/>
  <system-out/>
  <testcase classname="Test.Ancera.PiperAdministration.PiperManagement" name="FilterSorting" time="82.844"/>
  <system-out/>
  <testcase classname="Test.Ancera.PiperAdministration.PiperManagement" name="TestSiteFilter" time="36.103"/>
  <system-out/>
  <testcase classname="Test.Ancera.PiperAdministration.PiperManagement" name="ViewSites" time="31.536"/>
  <system-out/>
  <testcase classname="Test.Ancera.PiperAdministration.PiperManagement" name="AlertSetting" time="30.725"/>
  <system-out/>
</testsuite> <!-- Test.Ancera.PiperAdministration.PiperManagement -->
