<?xml version="1.0" encoding="UTF-8"?>
<!-- Generated by org.testng.reporters.JUnitReportReporter -->
<testsuite hostname="DESKTOP-K0SFL7M" failures="0" tests="13" name="Test.Ancera.Administration.UserManagement" time="264.168" errors="0" timestamp="2021-09-17T17:33:32 PKT" skipped="2">
  <testcase classname="Test.Ancera.Administration.UserManagement" name="NavigateUM" time="3.952"/>
  <system-out/>
  <testcase classname="Test.Ancera.Administration.UserManagement" name="MandatoryFieldCheck" time="24.432"/>
  <system-out/>
  <testcase classname="Test.Ancera.Administration.UserManagement" name="ResetButton" time="6.165"/>
  <system-out/>
  <testcase classname="Test.Ancera.Administration.UserManagement" name="CreateUser" time="47.125"/>
  <system-out/>
  <testcase classname="Test.Ancera.Administration.UserManagement" name="VerifyEmail" time="60.067"/>
  <system-out/>
  <testcase classname="Test.Ancera.Administration.UserManagement" name="ResetPassword" time="21.420"/>
  <system-out/>
  <testcase classname="Test.Ancera.Administration.UserManagement" name="VerifyReportRole" time="18.961"/>
  <system-out/>
  <testcase classname="Test.Ancera.Administration.UserManagement" name="SearchUser" time="25.403"/>
  <system-out/>
  <testcase classname="Test.Ancera.Administration.UserManagement" name="UpdateUser" time="18.361"/>
  <system-out/>
  <testcase classname="Test.Ancera.Administration.UserManagement" name="DeleteUser" time="35.195"/>
  <system-out/>
  <testcase classname="Test.Ancera.Administration.UserManagement" name="VerifyDeleteUser" time="3.087"/>
  <system-out/>
  <testcase classname="Test.Ancera.Administration.UserManagement" name="VerifyUpdateUser">
    <skipped/>
  </testcase> <!-- VerifyUpdateUser -->
  <system-out/>
  <testcase classname="Test.Ancera.Administration.UserManagement" name="Sorting">
    <skipped/>
  </testcase> <!-- Sorting -->
  <system-out/>
</testsuite> <!-- Test.Ancera.Administration.UserManagement -->
