<?xml version="1.0" encoding="UTF-8"?>
<!-- Generated by org.testng.reporters.JUnitReportReporter -->
<testsuite hostname="APL-LHR-JA0201" failures="0" tests="7" name="Test.Ancera.PiperAdministration.PiperManagement" time="400.223" errors="0" timestamp="2022-12-30T17:54:18 PKT" skipped="0">
  <testcase classname="Test.Ancera.PiperAdministration.PiperManagement" name="Navigate" time="21.290"/>
  <system-out/>
  <testcase classname="Test.Ancera.PiperAdministration.PiperManagement" name="LockFilter" time="107.234"/>
  <system-out/>
  <testcase classname="Test.Ancera.PiperAdministration.PiperManagement" name="WildcardPiper" time="78.376"/>
  <system-out/>
  <testcase classname="Test.Ancera.PiperAdministration.PiperManagement" name="FilterSorting" time="93.422"/>
  <system-out/>
  <testcase classname="Test.Ancera.PiperAdministration.PiperManagement" name="TestSiteFilter" time="28.764"/>
  <system-out/>
  <testcase classname="Test.Ancera.PiperAdministration.PiperManagement" name="ViewSites" time="46.147"/>
  <system-out/>
  <testcase classname="Test.Ancera.PiperAdministration.PiperManagement" name="AlertSetting" time="24.990"/>
  <system-out/>
</testsuite> <!-- Test.Ancera.PiperAdministration.PiperManagement -->
