<?xml version="1.0" encoding="UTF-8"?>
<!-- Generated by org.testng.reporters.JUnitReportReporter -->
<testsuite hostname="DESKTOP-K0SFL7M" failures="0" tests="11" name="Test.Ancera.Reports.Sites_Log" time="817.211" errors="1" timestamp="2022-06-03T18:48:35 PKT" skipped="0">
  <testcase classname="Test.Ancera.Reports.Sites_Log" name="NavigateSites" time="16.655"/>
  <system-out/>
  <testcase classname="Test.Ancera.Reports.Sites_Log" name="TestFilter" time="154.171"/>
  <system-out/>
  <testcase classname="Test.Ancera.Reports.Sites_Log" name="wildcard" time="268.350"/>
  <system-out/>
  <testcase classname="Test.Ancera.Reports.Sites_Log" name="SitesLock" time="171.883"/>
  <system-out/>
  <testcase classname="Test.Ancera.Reports.Sites_Log" name="Pagination" time="16.645"/>
  <system-out/>
  <testcase classname="Test.Ancera.Reports.Sites_Log" name="RowsPerPage" time="16.010"/>
  <system-out/>
  <testcase classname="Test.Ancera.Reports.Sites_Log" name="Sorting" time="1.194"/>
  <system-out/>
  <testcase classname="Test.Ancera.Reports.Sites_Log" name="AllignmentTest" time="0.486"/>
  <system-out/>
  <testcase classname="Test.Ancera.Reports.Sites_Log" name="FieldAccess" time="146.518"/>
  <system-out/>
  <testcase classname="Test.Ancera.Reports.Sites_Log" name="CSVExport" time="15.465">
    <error message="java.lang.AssertionError: The following asserts failed:
	expected [05/14/2021] but found [05-14-2021]" type="java.lang.Exception">
      <![CDATA[java.lang.Exception: java.lang.AssertionError: The following asserts failed:
expected [05/14/2021] but found [05-14-2021]
at Test.Ancera.Reports.Sites_Log.CSVExport(Sites_Log.java:1046)
at java.base/jdk.internal.reflect.NativeMethodAccessorImpl.invoke0(Native Method)
at java.base/jdk.internal.reflect.NativeMethodAccessorImpl.invoke(NativeMethodAccessorImpl.java:64)
at java.base/jdk.internal.reflect.DelegatingMethodAccessorImpl.invoke(DelegatingMethodAccessorImpl.java:43)
at java.base/java.lang.reflect.Method.invoke(Method.java:564)
at org.testng.internal.MethodInvocationHelper.invokeMethod(MethodInvocationHelper.java:132)
at org.testng.internal.TestInvoker.invokeMethod(TestInvoker.java:599)
at org.testng.internal.TestInvoker.invokeTestMethod(TestInvoker.java:174)
at org.testng.internal.MethodRunner.runInSequence(MethodRunner.java:46)
at org.testng.internal.TestInvoker$MethodInvocationAgent.invoke(TestInvoker.java:822)
at org.testng.internal.TestInvoker.invokeTestMethods(TestInvoker.java:147)
at org.testng.internal.TestMethodWorker.invokeTestMethods(TestMethodWorker.java:146)
at org.testng.internal.TestMethodWorker.run(TestMethodWorker.java:128)
at java.base/java.util.ArrayList.forEach(ArrayList.java:1511)
at org.testng.TestRunner.privateRun(TestRunner.java:764)
at org.testng.TestRunner.run(TestRunner.java:585)
at org.testng.SuiteRunner.runTest(SuiteRunner.java:384)
at org.testng.SuiteRunner.runSequentially(SuiteRunner.java:378)
at org.testng.SuiteRunner.privateRun(SuiteRunner.java:337)
at org.testng.SuiteRunner.run(SuiteRunner.java:286)
at org.testng.SuiteRunnerWorker.runSuite(SuiteRunnerWorker.java:53)
at org.testng.SuiteRunnerWorker.run(SuiteRunnerWorker.java:96)
at org.testng.TestNG.runSuitesSequentially(TestNG.java:1218)
at org.testng.TestNG.runSuitesLocally(TestNG.java:1140)
at org.testng.TestNG.runSuites(TestNG.java:1069)
at org.testng.TestNG.run(TestNG.java:1037)
at org.testng.remote.AbstractRemoteTestNG.run(AbstractRemoteTestNG.java:115)
at org.testng.remote.RemoteTestNG.initAndRun(RemoteTestNG.java:251)
at org.testng.remote.RemoteTestNG.main(RemoteTestNG.java:77)
Caused by: java.lang.AssertionError: The following asserts failed:
expected [05/14/2021] but found [05-14-2021]
at org.testng.asserts.SoftAssert.assertAll(SoftAssert.java:47)
at org.testng.asserts.SoftAssert.assertAll(SoftAssert.java:31)
at Test.Ancera.Reports.Sites_Log.CSVExport(Sites_Log.java:1041)
... 28 more
]]>
    </error>
  </testcase> <!-- CSVExport -->
  <system-out/>
  <testcase classname="Test.Ancera.Reports.Sites_Log" name="CSVAuditExport" time="9.834"/>
  <system-out/>
</testsuite> <!-- Test.Ancera.Reports.Sites_Log -->
