<?xml version="1.0" encoding="UTF-8"?>
<!-- Generated by org.testng.reporters.JUnitReportReporter -->
<testsuite hostname="DESKTOP-K0SFL7M" failures="0" tests="3" name="Test.Ancera.Login.TestLogin" time="34.701" errors="0" timestamp="2021-12-10T17:07:45 PKT" skipped="0">
  <testcase classname="Test.Ancera.Login.TestLogin" name="login" time="29.195"/>
  <system-out/>
  <testcase classname="Test.Ancera.Login.TestLogin" name="logout" time="2.764"/>
  <system-out/>
  <testcase classname="Test.Ancera.Login.TestLogin" name="VerifyLogout" time="2.742"/>
  <system-out/>
</testsuite> <!-- Test.Ancera.Login.TestLogin -->
