<?xml version="1.0" encoding="UTF-8"?>
<!-- Generated by org.testng.reporters.JUnitReportReporter -->
<testsuite skipped="9" hostname="LAPTOP-O6K4VQH7" name="Test.Ancera.Reports.CoccidiaTimeline" tests="11" failures="0" timestamp="2021-01-28T15:04:48 PKT" time="62.594" errors="0">
  <testcase name="NavigateCoccidia" time="41.408" classname="Test.Ancera.Reports.CoccidiaTimeline"/>
  <system-out/>
  <testcase name="SearchFilter" time="21.186" classname="Test.Ancera.Reports.CoccidiaTimeline"/>
  <system-out/>
  <testcase name="PNGExport" classname="Test.Ancera.Reports.CoccidiaTimeline">
    <skipped/>
  </testcase> <!-- PNGExport -->
  <system-out/>
  <testcase name="CoccidiaLock" classname="Test.Ancera.Reports.CoccidiaTimeline">
    <skipped/>
  </testcase> <!-- CoccidiaLock -->
  <system-out/>
  <testcase name="DateFilter" classname="Test.Ancera.Reports.CoccidiaTimeline">
    <skipped/>
  </testcase> <!-- DateFilter -->
  <system-out/>
  <testcase name="DateLockFilter" classname="Test.Ancera.Reports.CoccidiaTimeline">
    <skipped/>
  </testcase> <!-- DateLockFilter -->
  <system-out/>
  <testcase name="CoccidiaTestExport" classname="Test.Ancera.Reports.CoccidiaTimeline">
    <skipped/>
  </testcase> <!-- CoccidiaTestExport -->
  <system-out/>
  <testcase name="CoccidiaCountOverTimeExport" classname="Test.Ancera.Reports.CoccidiaTimeline">
    <skipped/>
  </testcase> <!-- CoccidiaCountOverTimeExport -->
  <system-out/>
  <testcase name="EnterDate" classname="Test.Ancera.Reports.CoccidiaTimeline">
    <skipped/>
  </testcase> <!-- EnterDate -->
  <system-out/>
  <testcase name="OocystsCountExport" classname="Test.Ancera.Reports.CoccidiaTimeline">
    <skipped/>
  </testcase> <!-- OocystsCountExport -->
  <system-out/>
  <testcase name="ResetFilter" classname="Test.Ancera.Reports.CoccidiaTimeline">
    <skipped/>
  </testcase> <!-- ResetFilter -->
  <system-out/>
</testsuite> <!-- Test.Ancera.Reports.CoccidiaTimeline -->
