<?xml version="1.0" encoding="UTF-8"?>
<!-- Generated by org.testng.reporters.JUnitReportReporter -->
<testsuite hostname="APL-LHR-JA0201" failures="0" tests="4" name="Test.Ancera.Login.ForgotPassword" time="232.107" errors="0" timestamp="2022-12-15T17:28:28 PKT" skipped="1">
  <testcase classname="Test.Ancera.Login.ForgotPassword" name="SendEmailLink" time="11.141"/>
  <system-out/>
  <testcase classname="Test.Ancera.Login.ForgotPassword" name="VerifyEmailReceived" time="154.695">
    <skipped/>
  </testcase> <!-- VerifyEmailReceived -->
  <system-out/>
  <testcase classname="Test.Ancera.Login.ForgotPassword" name="VerifyEmailReceived" time="31.018"/>
  <system-out/>
  <testcase classname="Test.Ancera.Login.ForgotPassword" name="VerifyLogin" time="35.253"/>
  <system-out/>
</testsuite> <!-- Test.Ancera.Login.ForgotPassword -->
