<?xml version="1.0" encoding="UTF-8"?>
<!-- Generated by org.testng.reporters.JUnitReportReporter -->
<testsuite hostname="DESKTOP-K0SFL7M" failures="0" tests="1" name="Test.Ancera.Reports.InstallationRun" time="2340.658" errors="0" timestamp="2022-06-03T12:23:35 PKT" skipped="0">
  <testcase classname="Test.Ancera.Reports.InstallationRun" name="installationRunConfigSalmList" time="2340.658"/>
  <system-out/>
</testsuite> <!-- Test.Ancera.Reports.InstallationRun -->
