<?xml version="1.0" encoding="UTF-8"?>
<!-- Generated by org.testng.reporters.JUnitReportReporter -->
<testsuite hostname="DESKTOP-K0SFL7M" failures="0" tests="1" name="Test.Ancera.Reports.PAConfig" time="1289.499" errors="0" timestamp="2022-06-03T12:28:19 PKT" skipped="0">
  <testcase classname="Test.Ancera.Reports.PAConfig" name="PAConfiguration" time="1289.499"/>
  <system-out/>
</testsuite> <!-- Test.Ancera.Reports.PAConfig -->
