<?xml version="1.0" encoding="UTF-8"?>
<!-- Generated by org.testng.reporters.JUnitReportReporter -->
<testsuite hostname="DESKTOP-K0SFL7M" failures="0" tests="11" name="Test.Ancera.PiperAdministration.Piper_Configuration" time="28.482" errors="0" timestamp="2022-08-29T17:22:04 PKT" skipped="9">
  <testcase classname="Test.Ancera.PiperAdministration.Piper_Configuration" name="NavigatePiperConfig" time="9.396"/>
  <system-out/>
  <testcase classname="Test.Ancera.PiperAdministration.Piper_Configuration" name="DeletePAConfigList" time="19.086"/>
  <system-out/>
  <testcase classname="Test.Ancera.PiperAdministration.Piper_Configuration" name="PAConnfigImprocCheck">
    <skipped/>
  </testcase> <!-- PAConnfigImprocCheck -->
  <system-out/>
  <testcase classname="Test.Ancera.PiperAdministration.Piper_Configuration" name="DeletePAConfigSalm">
    <skipped/>
  </testcase> <!-- DeletePAConfigSalm -->
  <system-out/>
  <testcase classname="Test.Ancera.PiperAdministration.Piper_Configuration" name="CreatePAConfigList">
    <skipped/>
  </testcase> <!-- CreatePAConfigList -->
  <system-out/>
  <testcase classname="Test.Ancera.PiperAdministration.Piper_Configuration" name="UpdatePiperConfig">
    <skipped/>
  </testcase> <!-- UpdatePiperConfig -->
  <system-out/>
  <testcase classname="Test.Ancera.PiperAdministration.Piper_Configuration" name="DeletePiperConfigCocci">
    <skipped/>
  </testcase> <!-- DeletePiperConfigCocci -->
  <system-out/>
  <testcase classname="Test.Ancera.PiperAdministration.Piper_Configuration" name="DeletePiperConfig">
    <skipped/>
  </testcase> <!-- DeletePiperConfig -->
  <system-out/>
  <testcase classname="Test.Ancera.PiperAdministration.Piper_Configuration" name="CreatePiperConfigSalm">
    <skipped/>
  </testcase> <!-- CreatePiperConfigSalm -->
  <system-out/>
  <testcase classname="Test.Ancera.PiperAdministration.Piper_Configuration" name="CreatePiperConfigCocci">
    <skipped/>
  </testcase> <!-- CreatePiperConfigCocci -->
  <system-out/>
  <testcase classname="Test.Ancera.PiperAdministration.Piper_Configuration" name="CreatePAConfigSalm">
    <skipped/>
  </testcase> <!-- CreatePAConfigSalm -->
  <system-out/>
</testsuite> <!-- Test.Ancera.PiperAdministration.Piper_Configuration -->
