<?xml version="1.0" encoding="UTF-8"?>
<!-- Generated by org.testng.reporters.JUnitReportReporter -->
<testsuite hostname="DESKTOP-K0SFL7M" failures="0" tests="3" name="Test.Ancera.Profile.ProfileSetting" time="214.071" errors="0" timestamp="2021-02-26T16:44:22 PKT" skipped="1">
  <testcase classname="Test.Ancera.Profile.ProfileSetting" name="NavigateProfile" time="206.586"/>
  <system-out/>
  <testcase classname="Test.Ancera.Profile.ProfileSetting" name="ExitProfile" time="7.485"/>
  <system-out/>
  <testcase classname="Test.Ancera.Profile.ProfileSetting" name="ValidationCheck">
    <skipped/>
  </testcase> <!-- ValidationCheck -->
  <system-out/>
</testsuite> <!-- Test.Ancera.Profile.ProfileSetting -->
