<?xml version="1.0" encoding="UTF-8"?>
<!-- Generated by org.testng.reporters.JUnitReportReporter -->
<testsuite hostname="DESKTOP-K0SFL7M" failures="0" tests="1" name="Test.Ancera.Administration.PreFlutterMobile" time="36.278" errors="0" timestamp="2022-06-17T12:57:28 PKT" skipped="0">
  <testcase classname="Test.Ancera.Administration.PreFlutterMobile" name="VerifyTestingSitesAccess" time="36.278"/>
  <system-out/>
</testsuite> <!-- Test.Ancera.Administration.PreFlutterMobile -->
