<?xml version="1.0" encoding="UTF-8"?>
<!-- Generated by org.testng.reporters.JUnitReportReporter -->
<testsuite skipped="0" hostname="LAPTOP-O6K4VQH7" name="Test.Ancera.Login.TestLogin" tests="3" failures="0" timestamp="2021-01-18T17:37:08 PKT" time="29.789" errors="0">
  <testcase name="login" time="24.179" classname="Test.Ancera.Login.TestLogin"/>
  <system-out/>
  <testcase name="logout" time="2.796" classname="Test.Ancera.Login.TestLogin"/>
  <system-out/>
  <testcase name="VerifyLogout" time="2.814" classname="Test.Ancera.Login.TestLogin"/>
  <system-out/>
</testsuite> <!-- Test.Ancera.Login.TestLogin -->
