<?xml version="1.0" encoding="UTF-8"?>
<!-- Generated by org.testng.reporters.JUnitReportReporter -->
<testsuite hostname="APL-LHR-JA0201" failures="0" tests="5" name="Test.Ancera.Administration.OrganizationManagement" time="49.057" errors="0" timestamp="2022-10-19T11:31:45 PKT" skipped="4">
  <testcase classname="Test.Ancera.Administration.OrganizationManagement" name="VerifyInActiveOrganization" time="49.057"/>
  <system-out/>
  <testcase classname="Test.Ancera.Administration.OrganizationManagement" name="LockFilter">
    <skipped/>
  </testcase> <!-- LockFilter -->
  <system-out/>
  <testcase classname="Test.Ancera.Administration.OrganizationManagement" name="sorting">
    <skipped/>
  </testcase> <!-- sorting -->
  <system-out/>
  <testcase classname="Test.Ancera.Administration.OrganizationManagement" name="AssignAgreement">
    <skipped/>
  </testcase> <!-- AssignAgreement -->
  <system-out/>
  <testcase classname="Test.Ancera.Administration.OrganizationManagement" name="WildcardOrg">
    <skipped/>
  </testcase> <!-- WildcardOrg -->
  <system-out/>
</testsuite> <!-- Test.Ancera.Administration.OrganizationManagement -->
