<?xml version="1.0" encoding="UTF-8"?>
<!-- Generated by org.testng.reporters.JUnitReportReporter -->
<testsuite hostname="DESKTOP-K0SFL7M" failures="0" tests="2" name="Test.Ancera.MetaData.PoultryManagement" time="24.975" errors="0" timestamp="2022-05-06T15:25:43 PKT" skipped="1">
  <testcase classname="Test.Ancera.MetaData.PoultryManagement" name="UpdateFeed" time="24.975"/>
  <system-out/>
  <testcase classname="Test.Ancera.MetaData.PoultryManagement" name="CreateVaccine">
    <skipped/>
  </testcase> <!-- CreateVaccine -->
  <system-out/>
</testsuite> <!-- Test.Ancera.MetaData.PoultryManagement -->
