<?xml version="1.0" encoding="UTF-8"?>
<!-- Generated by org.testng.reporters.JUnitReportReporter -->
<testsuite hostname="DESKTOP-K0SFL7M" failures="0" tests="5" name="Test.Ancera.Administration.BarcodeManagement" time="77.478" errors="0" timestamp="2021-08-16T12:50:14 PKT" skipped="0">
  <testcase classname="Test.Ancera.Administration.BarcodeManagement" name="NavigateBarcodeManagement" time="4.884"/>
  <system-out/>
  <testcase classname="Test.Ancera.Administration.BarcodeManagement" name="ErrorOpeningPrintScreen" time="3.095"/>
  <system-out/>
  <testcase classname="Test.Ancera.Administration.BarcodeManagement" name="OpenPrintScreen" time="50.129"/>
  <system-out/>
  <testcase classname="Test.Ancera.Administration.BarcodeManagement" name="AssignedSiteAppearance" time="16.723"/>
  <system-out/>
  <testcase classname="Test.Ancera.Administration.BarcodeManagement" name="SearchFunctionality" time="2.647"/>
  <system-out/>
</testsuite> <!-- Test.Ancera.Administration.BarcodeManagement -->
