<?xml version="1.0" encoding="UTF-8"?>
<!-- Generated by org.testng.reporters.JUnitReportReporter -->
<testsuite skipped="0" hostname="LAPTOP-O6K4VQH7" name="Test.Ancera.Alert" tests="2" failures="0" timestamp="2020-11-02T13:54:18 PKT" time="21.825" errors="0">
  <testcase name="Login" time="16.430" classname="Test.Ancera.Alert"/>
  <system-out/>
  <testcase name="get" time="5.395" classname="Test.Ancera.Alert"/>
  <system-out/>
</testsuite> <!-- Test.Ancera.Alert -->
