<?xml version="1.0" encoding="UTF-8"?>
<!-- Generated by org.testng.reporters.JUnitReportReporter -->
<testsuite hostname="DESKTOP-K0SFL7M" failures="0" tests="16" name="Test.Ancera.Administration.ProgramManagement" time="440.610" errors="1" timestamp="2022-05-25T13:57:48 PKT" skipped="0">
  <testcase classname="Test.Ancera.Administration.ProgramManagement" name="Navigate" time="24.497"/>
  <system-out/>
  <testcase classname="Test.Ancera.Administration.ProgramManagement" name="CreateProgramVaccine" time="20.042"/>
  <system-out/>
  <testcase classname="Test.Ancera.Administration.ProgramManagement" name="UpdateProgramVaccine" time="3.824"/>
  <system-out/>
  <testcase classname="Test.Ancera.Administration.ProgramManagement" name="DeleteProgramVaccine" time="5.383"/>
  <system-out/>
  <testcase classname="Test.Ancera.Administration.ProgramManagement" name="CreateProgramFeed" time="124.330"/>
  <system-out/>
  <testcase classname="Test.Ancera.Administration.ProgramManagement" name="UpdateProgramFeed" time="8.336"/>
  <system-out/>
  <testcase classname="Test.Ancera.Administration.ProgramManagement" name="DeleteProgramFeed" time="15.556"/>
  <system-out/>
  <testcase classname="Test.Ancera.Administration.ProgramManagement" name="VerifyColumns" time="8.700"/>
  <system-out/>
  <testcase classname="Test.Ancera.Administration.ProgramManagement" name="LockVaccine" time="29.886"/>
  <system-out/>
  <testcase classname="Test.Ancera.Administration.ProgramManagement" name="LockFeed" time="37.820"/>
  <system-out/>
  <testcase classname="Test.Ancera.Administration.ProgramManagement" name="WildcardVaccine" time="40.555"/>
  <system-out/>
  <testcase classname="Test.Ancera.Administration.ProgramManagement" name="WildcardFeed" time="42.962"/>
  <system-out/>
  <testcase classname="Test.Ancera.Administration.ProgramManagement" name="sortingVaccine" time="22.835"/>
  <system-out/>
  <testcase classname="Test.Ancera.Administration.ProgramManagement" name="sortingFeed" time="22.977"/>
  <system-out/>
  <testcase classname="Test.Ancera.Administration.ProgramManagement" name="ExportVaccineCSV" time="15.479"/>
  <system-out/>
  <testcase classname="Test.Ancera.Administration.ProgramManagement" name="ExportFeedCSV" time="17.428">
    <error message="java.lang.AssertionError: The following asserts failed:
	data not matched expected [Feed Type 1, Feed Type 2 +4 more] but found [Feed Type 1,Feed Type 2,Feed Type 3,Feed Type 4,Feed Type 5,Feed Type 6],
	expected [] but found [1]" type="java.lang.Exception">
      <![CDATA[java.lang.Exception: java.lang.AssertionError: The following asserts failed:
data not matched expected [Feed Type 1, Feed Type 2 +4 more] but found [Feed Type 1,Feed Type 2,Feed Type 3,Feed Type 4,Feed Type 5,Feed Type 6],
expected [] but found [1]
at Test.Ancera.Test_Functions.CSVExport(Test_Functions.java:423)
at Test.Ancera.Administration.ProgramManagement.ExportFeedCSV(ProgramManagement.java:661)
at java.base/jdk.internal.reflect.NativeMethodAccessorImpl.invoke0(Native Method)
at java.base/jdk.internal.reflect.NativeMethodAccessorImpl.invoke(NativeMethodAccessorImpl.java:64)
at java.base/jdk.internal.reflect.DelegatingMethodAccessorImpl.invoke(DelegatingMethodAccessorImpl.java:43)
at java.base/java.lang.reflect.Method.invoke(Method.java:564)
at org.testng.internal.MethodInvocationHelper.invokeMethod(MethodInvocationHelper.java:132)
at org.testng.internal.TestInvoker.invokeMethod(TestInvoker.java:599)
at org.testng.internal.TestInvoker.invokeTestMethod(TestInvoker.java:174)
at org.testng.internal.MethodRunner.runInSequence(MethodRunner.java:46)
at org.testng.internal.TestInvoker$MethodInvocationAgent.invoke(TestInvoker.java:822)
at org.testng.internal.TestInvoker.invokeTestMethods(TestInvoker.java:147)
at org.testng.internal.TestMethodWorker.invokeTestMethods(TestMethodWorker.java:146)
at org.testng.internal.TestMethodWorker.run(TestMethodWorker.java:128)
at java.base/java.util.ArrayList.forEach(ArrayList.java:1511)
at org.testng.TestRunner.privateRun(TestRunner.java:764)
at org.testng.TestRunner.run(TestRunner.java:585)
at org.testng.SuiteRunner.runTest(SuiteRunner.java:384)
at org.testng.SuiteRunner.runSequentially(SuiteRunner.java:378)
at org.testng.SuiteRunner.privateRun(SuiteRunner.java:337)
at org.testng.SuiteRunner.run(SuiteRunner.java:286)
at org.testng.SuiteRunnerWorker.runSuite(SuiteRunnerWorker.java:53)
at org.testng.SuiteRunnerWorker.run(SuiteRunnerWorker.java:96)
at org.testng.TestNG.runSuitesSequentially(TestNG.java:1218)
at org.testng.TestNG.runSuitesLocally(TestNG.java:1140)
at org.testng.TestNG.runSuites(TestNG.java:1069)
at org.testng.TestNG.run(TestNG.java:1037)
at org.testng.remote.AbstractRemoteTestNG.run(AbstractRemoteTestNG.java:115)
at org.testng.remote.RemoteTestNG.initAndRun(RemoteTestNG.java:251)
at org.testng.remote.RemoteTestNG.main(RemoteTestNG.java:77)
Caused by: java.lang.AssertionError: The following asserts failed:
data not matched expected [Feed Type 1, Feed Type 2 +4 more] but found [Feed Type 1,Feed Type 2,Feed Type 3,Feed Type 4,Feed Type 5,Feed Type 6],
expected [] but found [1]
at org.testng.asserts.SoftAssert.assertAll(SoftAssert.java:47)
at org.testng.asserts.SoftAssert.assertAll(SoftAssert.java:31)
at Test.Ancera.Test_Functions.CSVExport(Test_Functions.java:415)
... 29 more
]]>
    </error>
  </testcase> <!-- ExportFeedCSV -->
  <system-out/>
</testsuite> <!-- Test.Ancera.Administration.ProgramManagement -->
