<?xml version="1.0" encoding="UTF-8"?>
<!-- Generated by org.testng.reporters.JUnitReportReporter -->
<testsuite hostname="DESKTOP-K0SFL7M" failures="0" tests="2" name="Test.Ancera.Administration.DataSecurity" time="714.501" errors="0" timestamp="2022-03-04T11:44:15 PKT" skipped="0">
  <testcase classname="Test.Ancera.Administration.DataSecurity" name="turnonDataSecurity" time="34.100"/>
  <system-out/>
  <testcase classname="Test.Ancera.Administration.DataSecurity" name="positive" time="680.401"/>
  <system-out/>
</testsuite> <!-- Test.Ancera.Administration.DataSecurity -->
