<?xml version="1.0" encoding="UTF-8"?>
<!-- Generated by org.testng.reporters.JUnitReportReporter -->
<testsuite hostname="DESKTOP-K0SFL7M" failures="0" tests="21" name="Test.Ancera.Administration.UserManagement" time="745.374" errors="1" timestamp="2022-01-26T13:26:40 PKT" skipped="1">
  <testcase classname="Test.Ancera.Administration.UserManagement" name="NavigateUM" time="8.535"/>
  <system-out/>
  <testcase classname="Test.Ancera.Administration.UserManagement" name="OpenClosePopup" time="4.463"/>
  <system-out/>
  <testcase classname="Test.Ancera.Administration.UserManagement" name="MandatoryFieldCheck" time="32.096"/>
  <system-out/>
  <testcase classname="Test.Ancera.Administration.UserManagement" name="ResetButton" time="3.105"/>
  <system-out/>
  <testcase classname="Test.Ancera.Administration.UserManagement" name="CreateUser" time="36.471"/>
  <system-out/>
  <testcase classname="Test.Ancera.Administration.UserManagement" name="VerifyEmail" time="46.527"/>
  <system-out/>
  <testcase classname="Test.Ancera.Administration.UserManagement" name="ResetPassword" time="7.195"/>
  <system-out/>
  <testcase classname="Test.Ancera.Administration.UserManagement" name="VerifyReportRole" time="28.017"/>
  <system-out/>
  <testcase classname="Test.Ancera.Administration.UserManagement" name="VerifyTestingSitesAccess" time="28.672"/>
  <system-out/>
  <testcase classname="Test.Ancera.Administration.UserManagement" name="VerifyAgreementAccess" time="20.158"/>
  <system-out/>
  <testcase classname="Test.Ancera.Administration.UserManagement" name="UpdateUser" time="21.828"/>
  <system-out/>
  <testcase classname="Test.Ancera.Administration.UserManagement" name="VerifyUpdateUser" time="14.820"/>
  <system-out/>
  <testcase classname="Test.Ancera.Administration.UserManagement" name="EditAssignRolePopup" time="38.012">
    <error message="java.lang.AssertionError: expected [] but found [Internal Salmonella Reports]" type="java.lang.Exception">
      <![CDATA[java.lang.Exception: java.lang.AssertionError: expected [] but found [Internal Salmonella Reports]
at Test.Ancera.Administration.UserManagement.EditAssignRolePopup(UserManagement.java:972)
at java.base/jdk.internal.reflect.NativeMethodAccessorImpl.invoke0(Native Method)
at java.base/jdk.internal.reflect.NativeMethodAccessorImpl.invoke(NativeMethodAccessorImpl.java:64)
at java.base/jdk.internal.reflect.DelegatingMethodAccessorImpl.invoke(DelegatingMethodAccessorImpl.java:43)
at java.base/java.lang.reflect.Method.invoke(Method.java:564)
at org.testng.internal.MethodInvocationHelper.invokeMethod(MethodInvocationHelper.java:132)
at org.testng.internal.TestInvoker.invokeMethod(TestInvoker.java:599)
at org.testng.internal.TestInvoker.invokeTestMethod(TestInvoker.java:174)
at org.testng.internal.MethodRunner.runInSequence(MethodRunner.java:46)
at org.testng.internal.TestInvoker$MethodInvocationAgent.invoke(TestInvoker.java:822)
at org.testng.internal.TestInvoker.invokeTestMethods(TestInvoker.java:147)
at org.testng.internal.TestMethodWorker.invokeTestMethods(TestMethodWorker.java:146)
at org.testng.internal.TestMethodWorker.run(TestMethodWorker.java:128)
at java.base/java.util.ArrayList.forEach(ArrayList.java:1511)
at org.testng.TestRunner.privateRun(TestRunner.java:764)
at org.testng.TestRunner.run(TestRunner.java:585)
at org.testng.SuiteRunner.runTest(SuiteRunner.java:384)
at org.testng.SuiteRunner.runSequentially(SuiteRunner.java:378)
at org.testng.SuiteRunner.privateRun(SuiteRunner.java:337)
at org.testng.SuiteRunner.run(SuiteRunner.java:286)
at org.testng.SuiteRunnerWorker.runSuite(SuiteRunnerWorker.java:53)
at org.testng.SuiteRunnerWorker.run(SuiteRunnerWorker.java:96)
at org.testng.TestNG.runSuitesSequentially(TestNG.java:1218)
at org.testng.TestNG.runSuitesLocally(TestNG.java:1140)
at org.testng.TestNG.runSuites(TestNG.java:1069)
at org.testng.TestNG.run(TestNG.java:1037)
at org.testng.remote.AbstractRemoteTestNG.run(AbstractRemoteTestNG.java:115)
at org.testng.remote.RemoteTestNG.initAndRun(RemoteTestNG.java:251)
at org.testng.remote.RemoteTestNG.main(RemoteTestNG.java:77)
Caused by: java.lang.AssertionError: expected [] but found [Internal Salmonella Reports]
at org.testng.Assert.fail(Assert.java:99)
at org.testng.Assert.failNotEquals(Assert.java:1037)
at org.testng.Assert.assertEqualsImpl(Assert.java:140)
at org.testng.Assert.assertEquals(Assert.java:122)
at org.testng.Assert.assertEquals(Assert.java:629)
at org.testng.Assert.assertEquals(Assert.java:639)
at Test.Ancera.Administration.UserManagement.EditAssignRolePopup(UserManagement.java:959)
... 28 more
]]>
    </error>
  </testcase> <!-- EditAssignRolePopup -->
  <system-out/>
  <testcase classname="Test.Ancera.Administration.UserManagement" name="DeleteUser" time="18.345"/>
  <system-out/>
  <testcase classname="Test.Ancera.Administration.UserManagement" name="TestFilter" time="88.647"/>
  <system-out/>
  <testcase classname="Test.Ancera.Administration.UserManagement" name="Wildcard" time="185.330"/>
  <system-out/>
  <testcase classname="Test.Ancera.Administration.UserManagement" name="Lock" time="88.106"/>
  <system-out/>
  <testcase classname="Test.Ancera.Administration.UserManagement" name="Sorting" time="5.355"/>
  <system-out/>
  <testcase classname="Test.Ancera.Administration.UserManagement" name="AccessRoleCount" time="19.593"/>
  <system-out/>
  <testcase classname="Test.Ancera.Administration.UserManagement" name="CSVExport" time="50.099"/>
  <system-out/>
  <testcase classname="Test.Ancera.Administration.UserManagement" name="VerifyCollectionSitesAccess">
    <skipped/>
  </testcase> <!-- VerifyCollectionSitesAccess -->
  <system-out/>
</testsuite> <!-- Test.Ancera.Administration.UserManagement -->
