<?xml version="1.0" encoding="UTF-8"?>
<!-- Generated by org.testng.reporters.JUnitReportReporter -->
<testsuite hostname="DESKTOP-K0SFL7M" failures="0" tests="1" name="APIs.TestVersion" time="50.212" errors="0" timestamp="2022-01-28T13:05:57 PKT" skipped="0">
  <testcase classname="APIs.TestVersion" name="APIVersion" time="50.212"/>
  <system-out/>
</testsuite> <!-- APIs.TestVersion -->
