<?xml version="1.0" encoding="UTF-8"?>
<!-- Generated by org.testng.reporters.JUnitReportReporter -->
<testsuite hostname="APL-LHR-JA0201" failures="0" tests="3" name="Test.Ancera.Login.TestLogin" time="30.099" errors="0" timestamp="2022-09-19T12:06:24 PKT" skipped="0">
  <testcase classname="Test.Ancera.Login.TestLogin" name="login" time="23.400"/>
  <system-out/>
  <testcase classname="Test.Ancera.Login.TestLogin" name="logout" time="4.228"/>
  <system-out/>
  <testcase classname="Test.Ancera.Login.TestLogin" name="verifyLogout" time="2.471"/>
  <system-out/>
</testsuite> <!-- Test.Ancera.Login.TestLogin -->
