<?xml version="1.0" encoding="UTF-8"?>
<!-- Generated by org.testng.reporters.JUnitReportReporter -->
<testsuite hostname="APL-LHR-JA0201" failures="0" tests="18" name="Test.Ancera.Reports.SalmonellaLog" time="3063.381" errors="5" timestamp="2022-12-27T11:35:28 PKT" skipped="0">
  <testcase classname="Test.Ancera.Reports.SalmonellaLog" name="Login" time="13.070"/>
  <system-out/>
  <testcase classname="Test.Ancera.Reports.SalmonellaLog" name="NavigateSalmonella" time="45.936"/>
  <system-out/>
  <testcase classname="Test.Ancera.Reports.SalmonellaLog" name="LockFilter" time="946.013"/>
  <system-out/>
  <testcase classname="Test.Ancera.Reports.SalmonellaLog" name="WildcardSalm" time="704.394"/>
  <system-out/>
  <testcase classname="Test.Ancera.Reports.SalmonellaLog" name="FilterSorting" time="518.437"/>
  <system-out/>
  <testcase classname="Test.Ancera.Reports.SalmonellaLog" name="RowsPerPage" time="0.014">
    <error type="java.lang.StackOverflowError">
      <![CDATA[java.lang.StackOverflowError
at Test.Ancera.Reports.SalmonellaLog.RowsPerPage(SalmonellaLog.java:110)
at Test.Ancera.Reports.SalmonellaLog.RowsPerPage(SalmonellaLog.java:110)
at Test.Ancera.Reports.SalmonellaLog.RowsPerPage(SalmonellaLog.java:110)
at Test.Ancera.Reports.SalmonellaLog.RowsPerPage(SalmonellaLog.java:110)
at Test.Ancera.Reports.SalmonellaLog.RowsPerPage(SalmonellaLog.java:110)
at Test.Ancera.Reports.SalmonellaLog.RowsPerPage(SalmonellaLog.java:110)
at Test.Ancera.Reports.SalmonellaLog.RowsPerPage(SalmonellaLog.java:110)
at Test.Ancera.Reports.SalmonellaLog.RowsPerPage(SalmonellaLog.java:110)
at Test.Ancera.Reports.SalmonellaLog.RowsPerPage(SalmonellaLog.java:110)
at Test.Ancera.Reports.SalmonellaLog.RowsPerPage(SalmonellaLog.java:110)
at Test.Ancera.Reports.SalmonellaLog.RowsPerPage(SalmonellaLog.java:110)
at Test.Ancera.Reports.SalmonellaLog.RowsPerPage(SalmonellaLog.java:110)
at Test.Ancera.Reports.SalmonellaLog.RowsPerPage(SalmonellaLog.java:110)
at Test.Ancera.Reports.SalmonellaLog.RowsPerPage(SalmonellaLog.java:110)
at Test.Ancera.Reports.SalmonellaLog.RowsPerPage(SalmonellaLog.java:110)
at Test.Ancera.Reports.SalmonellaLog.RowsPerPage(SalmonellaLog.java:110)
at Test.Ancera.Reports.SalmonellaLog.RowsPerPage(SalmonellaLog.java:110)
at Test.Ancera.Reports.SalmonellaLog.RowsPerPage(SalmonellaLog.java:110)
at Test.Ancera.Reports.SalmonellaLog.RowsPerPage(SalmonellaLog.java:110)
at Test.Ancera.Reports.SalmonellaLog.RowsPerPage(SalmonellaLog.java:110)
at Test.Ancera.Reports.SalmonellaLog.RowsPerPage(SalmonellaLog.java:110)
at Test.Ancera.Reports.SalmonellaLog.RowsPerPage(SalmonellaLog.java:110)
at Test.Ancera.Reports.SalmonellaLog.RowsPerPage(SalmonellaLog.java:110)
at Test.Ancera.Reports.SalmonellaLog.RowsPerPage(SalmonellaLog.java:110)
at Test.Ancera.Reports.SalmonellaLog.RowsPerPage(SalmonellaLog.java:110)
at Test.Ancera.Reports.SalmonellaLog.RowsPerPage(SalmonellaLog.java:110)
at Test.Ancera.Reports.SalmonellaLog.RowsPerPage(SalmonellaLog.java:110)
at Test.Ancera.Reports.SalmonellaLog.RowsPerPage(SalmonellaLog.java:110)
at Test.Ancera.Reports.SalmonellaLog.RowsPerPage(SalmonellaLog.java:110)
at Test.Ancera.Reports.SalmonellaLog.RowsPerPage(SalmonellaLog.java:110)
at Test.Ancera.Reports.SalmonellaLog.RowsPerPage(SalmonellaLog.java:110)
at Test.Ancera.Reports.SalmonellaLog.RowsPerPage(SalmonellaLog.java:110)
at Test.Ancera.Reports.SalmonellaLog.RowsPerPage(SalmonellaLog.java:110)
at Test.Ancera.Reports.SalmonellaLog.RowsPerPage(SalmonellaLog.java:110)
at Test.Ancera.Reports.SalmonellaLog.RowsPerPage(SalmonellaLog.java:110)
at Test.Ancera.Reports.SalmonellaLog.RowsPerPage(SalmonellaLog.java:110)
at Test.Ancera.Reports.SalmonellaLog.RowsPerPage(SalmonellaLog.java:110)
at Test.Ancera.Reports.SalmonellaLog.RowsPerPage(SalmonellaLog.java:110)
at Test.Ancera.Reports.SalmonellaLog.RowsPerPage(SalmonellaLog.java:110)
at Test.Ancera.Reports.SalmonellaLog.RowsPerPage(SalmonellaLog.java:110)
at Test.Ancera.Reports.SalmonellaLog.RowsPerPage(SalmonellaLog.java:110)
at Test.Ancera.Reports.SalmonellaLog.RowsPerPage(SalmonellaLog.java:110)
at Test.Ancera.Reports.SalmonellaLog.RowsPerPage(SalmonellaLog.java:110)
at Test.Ancera.Reports.SalmonellaLog.RowsPerPage(SalmonellaLog.java:110)
at Test.Ancera.Reports.SalmonellaLog.RowsPerPage(SalmonellaLog.java:110)
at Test.Ancera.Reports.SalmonellaLog.RowsPerPage(SalmonellaLog.java:110)
at Test.Ancera.Reports.SalmonellaLog.RowsPerPage(SalmonellaLog.java:110)
at Test.Ancera.Reports.SalmonellaLog.RowsPerPage(SalmonellaLog.java:110)
at Test.Ancera.Reports.SalmonellaLog.RowsPerPage(SalmonellaLog.java:110)
at Test.Ancera.Reports.SalmonellaLog.RowsPerPage(SalmonellaLog.java:110)
at Test.Ancera.Reports.SalmonellaLog.RowsPerPage(SalmonellaLog.java:110)
at Test.Ancera.Reports.SalmonellaLog.RowsPerPage(SalmonellaLog.java:110)
at Test.Ancera.Reports.SalmonellaLog.RowsPerPage(SalmonellaLog.java:110)
at Test.Ancera.Reports.SalmonellaLog.RowsPerPage(SalmonellaLog.java:110)
at Test.Ancera.Reports.SalmonellaLog.RowsPerPage(SalmonellaLog.java:110)
at Test.Ancera.Reports.SalmonellaLog.RowsPerPage(SalmonellaLog.java:110)
at Test.Ancera.Reports.SalmonellaLog.RowsPerPage(SalmonellaLog.java:110)
at Test.Ancera.Reports.SalmonellaLog.RowsPerPage(SalmonellaLog.java:110)
at Test.Ancera.Reports.SalmonellaLog.RowsPerPage(SalmonellaLog.java:110)
at Test.Ancera.Reports.SalmonellaLog.RowsPerPage(SalmonellaLog.java:110)
at Test.Ancera.Reports.SalmonellaLog.RowsPerPage(SalmonellaLog.java:110)
at Test.Ancera.Reports.SalmonellaLog.RowsPerPage(SalmonellaLog.java:110)
at Test.Ancera.Reports.SalmonellaLog.RowsPerPage(SalmonellaLog.java:110)
at Test.Ancera.Reports.SalmonellaLog.RowsPerPage(SalmonellaLog.java:110)
at Test.Ancera.Reports.SalmonellaLog.RowsPerPage(SalmonellaLog.java:110)
at Test.Ancera.Reports.SalmonellaLog.RowsPerPage(SalmonellaLog.java:110)
at Test.Ancera.Reports.SalmonellaLog.RowsPerPage(SalmonellaLog.java:110)
at Test.Ancera.Reports.SalmonellaLog.RowsPerPage(SalmonellaLog.java:110)
at Test.Ancera.Reports.SalmonellaLog.RowsPerPage(SalmonellaLog.java:110)
at Test.Ancera.Reports.SalmonellaLog.RowsPerPage(SalmonellaLog.java:110)
at Test.Ancera.Reports.SalmonellaLog.RowsPerPage(SalmonellaLog.java:110)
at Test.Ancera.Reports.SalmonellaLog.RowsPerPage(SalmonellaLog.java:110)
at Test.Ancera.Reports.SalmonellaLog.RowsPerPage(SalmonellaLog.java:110)
at Test.Ancera.Reports.SalmonellaLog.RowsPerPage(SalmonellaLog.java:110)
at Test.Ancera.Reports.SalmonellaLog.RowsPerPage(SalmonellaLog.java:110)
at Test.Ancera.Reports.SalmonellaLog.RowsPerPage(SalmonellaLog.java:110)
at Test.Ancera.Reports.SalmonellaLog.RowsPerPage(SalmonellaLog.java:110)
at Test.Ancera.Reports.SalmonellaLog.RowsPerPage(SalmonellaLog.java:110)
at Test.Ancera.Reports.SalmonellaLog.RowsPerPage(SalmonellaLog.java:110)
at Test.Ancera.Reports.SalmonellaLog.RowsPerPage(SalmonellaLog.java:110)
at Test.Ancera.Reports.SalmonellaLog.RowsPerPage(SalmonellaLog.java:110)
at Test.Ancera.Reports.SalmonellaLog.RowsPerPage(SalmonellaLog.java:110)
at Test.Ancera.Reports.SalmonellaLog.RowsPerPage(SalmonellaLog.java:110)
at Test.Ancera.Reports.SalmonellaLog.RowsPerPage(SalmonellaLog.java:110)
at Test.Ancera.Reports.SalmonellaLog.RowsPerPage(SalmonellaLog.java:110)
at Test.Ancera.Reports.SalmonellaLog.RowsPerPage(SalmonellaLog.java:110)
at Test.Ancera.Reports.SalmonellaLog.RowsPerPage(SalmonellaLog.java:110)
at Test.Ancera.Reports.SalmonellaLog.RowsPerPage(SalmonellaLog.java:110)
at Test.Ancera.Reports.SalmonellaLog.RowsPerPage(SalmonellaLog.java:110)
at Test.Ancera.Reports.SalmonellaLog.RowsPerPage(SalmonellaLog.java:110)
at Test.Ancera.Reports.SalmonellaLog.RowsPerPage(SalmonellaLog.java:110)
at Test.Ancera.Reports.SalmonellaLog.RowsPerPage(SalmonellaLog.java:110)
at Test.Ancera.Reports.SalmonellaLog.RowsPerPage(SalmonellaLog.java:110)
at Test.Ancera.Reports.SalmonellaLog.RowsPerPage(SalmonellaLog.java:110)
at Test.Ancera.Reports.SalmonellaLog.RowsPerPage(SalmonellaLog.java:110)
at Test.Ancera.Reports.SalmonellaLog.RowsPerPage(SalmonellaLog.java:110)
at Test.Ancera.Reports.SalmonellaLog.RowsPerPage(SalmonellaLog.java:110)
at Test.Ancera.Reports.SalmonellaLog.RowsPerPage(SalmonellaLog.java:110)
at Test.Ancera.Reports.SalmonellaLog.RowsPerPage(SalmonellaLog.java:110)
at Test.Ancera.Reports.SalmonellaLog.RowsPerPage(SalmonellaLog.java:110)
at Test.Ancera.Reports.SalmonellaLog.RowsPerPage(SalmonellaLog.java:110)
at Test.Ancera.Reports.SalmonellaLog.RowsPerPage(SalmonellaLog.java:110)
at Test.Ancera.Reports.SalmonellaLog.RowsPerPage(SalmonellaLog.java:110)
at Test.Ancera.Reports.SalmonellaLog.RowsPerPage(SalmonellaLog.java:110)
at Test.Ancera.Reports.SalmonellaLog.RowsPerPage(SalmonellaLog.java:110)
at Test.Ancera.Reports.SalmonellaLog.RowsPerPage(SalmonellaLog.java:110)
at Test.Ancera.Reports.SalmonellaLog.RowsPerPage(SalmonellaLog.java:110)
at Test.Ancera.Reports.SalmonellaLog.RowsPerPage(SalmonellaLog.java:110)
at Test.Ancera.Reports.SalmonellaLog.RowsPerPage(SalmonellaLog.java:110)
at Test.Ancera.Reports.SalmonellaLog.RowsPerPage(SalmonellaLog.java:110)
at Test.Ancera.Reports.SalmonellaLog.RowsPerPage(SalmonellaLog.java:110)
at Test.Ancera.Reports.SalmonellaLog.RowsPerPage(SalmonellaLog.java:110)
at Test.Ancera.Reports.SalmonellaLog.RowsPerPage(SalmonellaLog.java:110)
at Test.Ancera.Reports.SalmonellaLog.RowsPerPage(SalmonellaLog.java:110)
at Test.Ancera.Reports.SalmonellaLog.RowsPerPage(SalmonellaLog.java:110)
at Test.Ancera.Reports.SalmonellaLog.RowsPerPage(SalmonellaLog.java:110)
at Test.Ancera.Reports.SalmonellaLog.RowsPerPage(SalmonellaLog.java:110)
at Test.Ancera.Reports.SalmonellaLog.RowsPerPage(SalmonellaLog.java:110)
at Test.Ancera.Reports.SalmonellaLog.RowsPerPage(SalmonellaLog.java:110)
at Test.Ancera.Reports.SalmonellaLog.RowsPerPage(SalmonellaLog.java:110)
at Test.Ancera.Reports.SalmonellaLog.RowsPerPage(SalmonellaLog.java:110)
at Test.Ancera.Reports.SalmonellaLog.RowsPerPage(SalmonellaLog.java:110)
at Test.Ancera.Reports.SalmonellaLog.RowsPerPage(SalmonellaLog.java:110)
at Test.Ancera.Reports.SalmonellaLog.RowsPerPage(SalmonellaLog.java:110)
at Test.Ancera.Reports.SalmonellaLog.RowsPerPage(SalmonellaLog.java:110)
at Test.Ancera.Reports.SalmonellaLog.RowsPerPage(SalmonellaLog.java:110)
at Test.Ancera.Reports.SalmonellaLog.RowsPerPage(SalmonellaLog.java:110)
at Test.Ancera.Reports.SalmonellaLog.RowsPerPage(SalmonellaLog.java:110)
at Test.Ancera.Reports.SalmonellaLog.RowsPerPage(SalmonellaLog.java:110)
at Test.Ancera.Reports.SalmonellaLog.RowsPerPage(SalmonellaLog.java:110)
at Test.Ancera.Reports.SalmonellaLog.RowsPerPage(SalmonellaLog.java:110)
at Test.Ancera.Reports.SalmonellaLog.RowsPerPage(SalmonellaLog.java:110)
at Test.Ancera.Reports.SalmonellaLog.RowsPerPage(SalmonellaLog.java:110)
at Test.Ancera.Reports.SalmonellaLog.RowsPerPage(SalmonellaLog.java:110)
at Test.Ancera.Reports.SalmonellaLog.RowsPerPage(SalmonellaLog.java:110)
at Test.Ancera.Reports.SalmonellaLog.RowsPerPage(SalmonellaLog.java:110)
at Test.Ancera.Reports.SalmonellaLog.RowsPerPage(SalmonellaLog.java:110)
at Test.Ancera.Reports.SalmonellaLog.RowsPerPage(SalmonellaLog.java:110)
at Test.Ancera.Reports.SalmonellaLog.RowsPerPage(SalmonellaLog.java:110)
at Test.Ancera.Reports.SalmonellaLog.RowsPerPage(SalmonellaLog.java:110)
at Test.Ancera.Reports.SalmonellaLog.RowsPerPage(SalmonellaLog.java:110)
at Test.Ancera.Reports.SalmonellaLog.RowsPerPage(SalmonellaLog.java:110)
at Test.Ancera.Reports.SalmonellaLog.RowsPerPage(SalmonellaLog.java:110)
at Test.Ancera.Reports.SalmonellaLog.RowsPerPage(SalmonellaLog.java:110)
at Test.Ancera.Reports.SalmonellaLog.RowsPerPage(SalmonellaLog.java:110)
at Test.Ancera.Reports.SalmonellaLog.RowsPerPage(SalmonellaLog.java:110)
at Test.Ancera.Reports.SalmonellaLog.RowsPerPage(SalmonellaLog.java:110)
at Test.Ancera.Reports.SalmonellaLog.RowsPerPage(SalmonellaLog.java:110)
at Test.Ancera.Reports.SalmonellaLog.RowsPerPage(SalmonellaLog.java:110)
at Test.Ancera.Reports.SalmonellaLog.RowsPerPage(SalmonellaLog.java:110)
at Test.Ancera.Reports.SalmonellaLog.RowsPerPage(SalmonellaLog.java:110)
at Test.Ancera.Reports.SalmonellaLog.RowsPerPage(SalmonellaLog.java:110)
at Test.Ancera.Reports.SalmonellaLog.RowsPerPage(SalmonellaLog.java:110)
at Test.Ancera.Reports.SalmonellaLog.RowsPerPage(SalmonellaLog.java:110)
at Test.Ancera.Reports.SalmonellaLog.RowsPerPage(SalmonellaLog.java:110)
at Test.Ancera.Reports.SalmonellaLog.RowsPerPage(SalmonellaLog.java:110)
at Test.Ancera.Reports.SalmonellaLog.RowsPerPage(SalmonellaLog.java:110)
at Test.Ancera.Reports.SalmonellaLog.RowsPerPage(SalmonellaLog.java:110)
at Test.Ancera.Reports.SalmonellaLog.RowsPerPage(SalmonellaLog.java:110)
at Test.Ancera.Reports.SalmonellaLog.RowsPerPage(SalmonellaLog.java:110)
at Test.Ancera.Reports.SalmonellaLog.RowsPerPage(SalmonellaLog.java:110)
at Test.Ancera.Reports.SalmonellaLog.RowsPerPage(SalmonellaLog.java:110)
at Test.Ancera.Reports.SalmonellaLog.RowsPerPage(SalmonellaLog.java:110)
at Test.Ancera.Reports.SalmonellaLog.RowsPerPage(SalmonellaLog.java:110)
at Test.Ancera.Reports.SalmonellaLog.RowsPerPage(SalmonellaLog.java:110)
at Test.Ancera.Reports.SalmonellaLog.RowsPerPage(SalmonellaLog.java:110)
at Test.Ancera.Reports.SalmonellaLog.RowsPerPage(SalmonellaLog.java:110)
at Test.Ancera.Reports.SalmonellaLog.RowsPerPage(SalmonellaLog.java:110)
at Test.Ancera.Reports.SalmonellaLog.RowsPerPage(SalmonellaLog.java:110)
at Test.Ancera.Reports.SalmonellaLog.RowsPerPage(SalmonellaLog.java:110)
at Test.Ancera.Reports.SalmonellaLog.RowsPerPage(SalmonellaLog.java:110)
at Test.Ancera.Reports.SalmonellaLog.RowsPerPage(SalmonellaLog.java:110)
at Test.Ancera.Reports.SalmonellaLog.RowsPerPage(SalmonellaLog.java:110)
at Test.Ancera.Reports.SalmonellaLog.RowsPerPage(SalmonellaLog.java:110)
at Test.Ancera.Reports.SalmonellaLog.RowsPerPage(SalmonellaLog.java:110)
at Test.Ancera.Reports.SalmonellaLog.RowsPerPage(SalmonellaLog.java:110)
at Test.Ancera.Reports.SalmonellaLog.RowsPerPage(SalmonellaLog.java:110)
at Test.Ancera.Reports.SalmonellaLog.RowsPerPage(SalmonellaLog.java:110)
at Test.Ancera.Reports.SalmonellaLog.RowsPerPage(SalmonellaLog.java:110)
at Test.Ancera.Reports.SalmonellaLog.RowsPerPage(SalmonellaLog.java:110)
at Test.Ancera.Reports.SalmonellaLog.RowsPerPage(SalmonellaLog.java:110)
at Test.Ancera.Reports.SalmonellaLog.RowsPerPage(SalmonellaLog.java:110)
at Test.Ancera.Reports.SalmonellaLog.RowsPerPage(SalmonellaLog.java:110)
at Test.Ancera.Reports.SalmonellaLog.RowsPerPage(SalmonellaLog.java:110)
at Test.Ancera.Reports.SalmonellaLog.RowsPerPage(SalmonellaLog.java:110)
at Test.Ancera.Reports.SalmonellaLog.RowsPerPage(SalmonellaLog.java:110)
at Test.Ancera.Reports.SalmonellaLog.RowsPerPage(SalmonellaLog.java:110)
at Test.Ancera.Reports.SalmonellaLog.RowsPerPage(SalmonellaLog.java:110)
at Test.Ancera.Reports.SalmonellaLog.RowsPerPage(SalmonellaLog.java:110)
at Test.Ancera.Reports.SalmonellaLog.RowsPerPage(SalmonellaLog.java:110)
at Test.Ancera.Reports.SalmonellaLog.RowsPerPage(SalmonellaLog.java:110)
at Test.Ancera.Reports.SalmonellaLog.RowsPerPage(SalmonellaLog.java:110)
at Test.Ancera.Reports.SalmonellaLog.RowsPerPage(SalmonellaLog.java:110)
at Test.Ancera.Reports.SalmonellaLog.RowsPerPage(SalmonellaLog.java:110)
at Test.Ancera.Reports.SalmonellaLog.RowsPerPage(SalmonellaLog.java:110)
at Test.Ancera.Reports.SalmonellaLog.RowsPerPage(SalmonellaLog.java:110)
at Test.Ancera.Reports.SalmonellaLog.RowsPerPage(SalmonellaLog.java:110)
at Test.Ancera.Reports.SalmonellaLog.RowsPerPage(SalmonellaLog.java:110)
at Test.Ancera.Reports.SalmonellaLog.RowsPerPage(SalmonellaLog.java:110)
at Test.Ancera.Reports.SalmonellaLog.RowsPerPage(SalmonellaLog.java:110)
at Test.Ancera.Reports.SalmonellaLog.RowsPerPage(SalmonellaLog.java:110)
at Test.Ancera.Reports.SalmonellaLog.RowsPerPage(SalmonellaLog.java:110)
at Test.Ancera.Reports.SalmonellaLog.RowsPerPage(SalmonellaLog.java:110)
at Test.Ancera.Reports.SalmonellaLog.RowsPerPage(SalmonellaLog.java:110)
at Test.Ancera.Reports.SalmonellaLog.RowsPerPage(SalmonellaLog.java:110)
at Test.Ancera.Reports.SalmonellaLog.RowsPerPage(SalmonellaLog.java:110)
at Test.Ancera.Reports.SalmonellaLog.RowsPerPage(SalmonellaLog.java:110)
at Test.Ancera.Reports.SalmonellaLog.RowsPerPage(SalmonellaLog.java:110)
at Test.Ancera.Reports.SalmonellaLog.RowsPerPage(SalmonellaLog.java:110)
at Test.Ancera.Reports.SalmonellaLog.RowsPerPage(SalmonellaLog.java:110)
at Test.Ancera.Reports.SalmonellaLog.RowsPerPage(SalmonellaLog.java:110)
at Test.Ancera.Reports.SalmonellaLog.RowsPerPage(SalmonellaLog.java:110)
at Test.Ancera.Reports.SalmonellaLog.RowsPerPage(SalmonellaLog.java:110)
at Test.Ancera.Reports.SalmonellaLog.RowsPerPage(SalmonellaLog.java:110)
at Test.Ancera.Reports.SalmonellaLog.RowsPerPage(SalmonellaLog.java:110)
at Test.Ancera.Reports.SalmonellaLog.RowsPerPage(SalmonellaLog.java:110)
at Test.Ancera.Reports.SalmonellaLog.RowsPerPage(SalmonellaLog.java:110)
at Test.Ancera.Reports.SalmonellaLog.RowsPerPage(SalmonellaLog.java:110)
at Test.Ancera.Reports.SalmonellaLog.RowsPerPage(SalmonellaLog.java:110)
at Test.Ancera.Reports.SalmonellaLog.RowsPerPage(SalmonellaLog.java:110)
at Test.Ancera.Reports.SalmonellaLog.RowsPerPage(SalmonellaLog.java:110)
at Test.Ancera.Reports.SalmonellaLog.RowsPerPage(SalmonellaLog.java:110)
at Test.Ancera.Reports.SalmonellaLog.RowsPerPage(SalmonellaLog.java:110)
at Test.Ancera.Reports.SalmonellaLog.RowsPerPage(SalmonellaLog.java:110)
at Test.Ancera.Reports.SalmonellaLog.RowsPerPage(SalmonellaLog.java:110)
at Test.Ancera.Reports.SalmonellaLog.RowsPerPage(SalmonellaLog.java:110)
at Test.Ancera.Reports.SalmonellaLog.RowsPerPage(SalmonellaLog.java:110)
at Test.Ancera.Reports.SalmonellaLog.RowsPerPage(SalmonellaLog.java:110)
at Test.Ancera.Reports.SalmonellaLog.RowsPerPage(SalmonellaLog.java:110)
at Test.Ancera.Reports.SalmonellaLog.RowsPerPage(SalmonellaLog.java:110)
at Test.Ancera.Reports.SalmonellaLog.RowsPerPage(SalmonellaLog.java:110)
at Test.Ancera.Reports.SalmonellaLog.RowsPerPage(SalmonellaLog.java:110)
at Test.Ancera.Reports.SalmonellaLog.RowsPerPage(SalmonellaLog.java:110)
at Test.Ancera.Reports.SalmonellaLog.RowsPerPage(SalmonellaLog.java:110)
at Test.Ancera.Reports.SalmonellaLog.RowsPerPage(SalmonellaLog.java:110)
at Test.Ancera.Reports.SalmonellaLog.RowsPerPage(SalmonellaLog.java:110)
at Test.Ancera.Reports.SalmonellaLog.RowsPerPage(SalmonellaLog.java:110)
at Test.Ancera.Reports.SalmonellaLog.RowsPerPage(SalmonellaLog.java:110)
at Test.Ancera.Reports.SalmonellaLog.RowsPerPage(SalmonellaLog.java:110)
at Test.Ancera.Reports.SalmonellaLog.RowsPerPage(SalmonellaLog.java:110)
at Test.Ancera.Reports.SalmonellaLog.RowsPerPage(SalmonellaLog.java:110)
at Test.Ancera.Reports.SalmonellaLog.RowsPerPage(SalmonellaLog.java:110)
at Test.Ancera.Reports.SalmonellaLog.RowsPerPage(SalmonellaLog.java:110)
at Test.Ancera.Reports.SalmonellaLog.RowsPerPage(SalmonellaLog.java:110)
at Test.Ancera.Reports.SalmonellaLog.RowsPerPage(SalmonellaLog.java:110)
at Test.Ancera.Reports.SalmonellaLog.RowsPerPage(SalmonellaLog.java:110)
at Test.Ancera.Reports.SalmonellaLog.RowsPerPage(SalmonellaLog.java:110)
at Test.Ancera.Reports.SalmonellaLog.RowsPerPage(SalmonellaLog.java:110)
at Test.Ancera.Reports.SalmonellaLog.RowsPerPage(SalmonellaLog.java:110)
at Test.Ancera.Reports.SalmonellaLog.RowsPerPage(SalmonellaLog.java:110)
at Test.Ancera.Reports.SalmonellaLog.RowsPerPage(SalmonellaLog.java:110)
at Test.Ancera.Reports.SalmonellaLog.RowsPerPage(SalmonellaLog.java:110)
at Test.Ancera.Reports.SalmonellaLog.RowsPerPage(SalmonellaLog.java:110)
at Test.Ancera.Reports.SalmonellaLog.RowsPerPage(SalmonellaLog.java:110)
at Test.Ancera.Reports.SalmonellaLog.RowsPerPage(SalmonellaLog.java:110)
at Test.Ancera.Reports.SalmonellaLog.RowsPerPage(SalmonellaLog.java:110)
at Test.Ancera.Reports.SalmonellaLog.RowsPerPage(SalmonellaLog.java:110)
at Test.Ancera.Reports.SalmonellaLog.RowsPerPage(SalmonellaLog.java:110)
at Test.Ancera.Reports.SalmonellaLog.RowsPerPage(SalmonellaLog.java:110)
at Test.Ancera.Reports.SalmonellaLog.RowsPerPage(SalmonellaLog.java:110)
at Test.Ancera.Reports.SalmonellaLog.RowsPerPage(SalmonellaLog.java:110)
at Test.Ancera.Reports.SalmonellaLog.RowsPerPage(SalmonellaLog.java:110)
at Test.Ancera.Reports.SalmonellaLog.RowsPerPage(SalmonellaLog.java:110)
at Test.Ancera.Reports.SalmonellaLog.RowsPerPage(SalmonellaLog.java:110)
at Test.Ancera.Reports.SalmonellaLog.RowsPerPage(SalmonellaLog.java:110)
at Test.Ancera.Reports.SalmonellaLog.RowsPerPage(SalmonellaLog.java:110)
at Test.Ancera.Reports.SalmonellaLog.RowsPerPage(SalmonellaLog.java:110)
at Test.Ancera.Reports.SalmonellaLog.RowsPerPage(SalmonellaLog.java:110)
at Test.Ancera.Reports.SalmonellaLog.RowsPerPage(SalmonellaLog.java:110)
at Test.Ancera.Reports.SalmonellaLog.RowsPerPage(SalmonellaLog.java:110)
at Test.Ancera.Reports.SalmonellaLog.RowsPerPage(SalmonellaLog.java:110)
at Test.Ancera.Reports.SalmonellaLog.RowsPerPage(SalmonellaLog.java:110)
at Test.Ancera.Reports.SalmonellaLog.RowsPerPage(SalmonellaLog.java:110)
at Test.Ancera.Reports.SalmonellaLog.RowsPerPage(SalmonellaLog.java:110)
at Test.Ancera.Reports.SalmonellaLog.RowsPerPage(SalmonellaLog.java:110)
at Test.Ancera.Reports.SalmonellaLog.RowsPerPage(SalmonellaLog.java:110)
at Test.Ancera.Reports.SalmonellaLog.RowsPerPage(SalmonellaLog.java:110)
at Test.Ancera.Reports.SalmonellaLog.RowsPerPage(SalmonellaLog.java:110)
at Test.Ancera.Reports.SalmonellaLog.RowsPerPage(SalmonellaLog.java:110)
at Test.Ancera.Reports.SalmonellaLog.RowsPerPage(SalmonellaLog.java:110)
at Test.Ancera.Reports.SalmonellaLog.RowsPerPage(SalmonellaLog.java:110)
at Test.Ancera.Reports.SalmonellaLog.RowsPerPage(SalmonellaLog.java:110)
at Test.Ancera.Reports.SalmonellaLog.RowsPerPage(SalmonellaLog.java:110)
at Test.Ancera.Reports.SalmonellaLog.RowsPerPage(SalmonellaLog.java:110)
at Test.Ancera.Reports.SalmonellaLog.RowsPerPage(SalmonellaLog.java:110)
at Test.Ancera.Reports.SalmonellaLog.RowsPerPage(SalmonellaLog.java:110)
at Test.Ancera.Reports.SalmonellaLog.RowsPerPage(SalmonellaLog.java:110)
at Test.Ancera.Reports.SalmonellaLog.RowsPerPage(SalmonellaLog.java:110)
at Test.Ancera.Reports.SalmonellaLog.RowsPerPage(SalmonellaLog.java:110)
at Test.Ancera.Reports.SalmonellaLog.RowsPerPage(SalmonellaLog.java:110)
at Test.Ancera.Reports.SalmonellaLog.RowsPerPage(SalmonellaLog.java:110)
at Test.Ancera.Reports.SalmonellaLog.RowsPerPage(SalmonellaLog.java:110)
at Test.Ancera.Reports.SalmonellaLog.RowsPerPage(SalmonellaLog.java:110)
at Test.Ancera.Reports.SalmonellaLog.RowsPerPage(SalmonellaLog.java:110)
at Test.Ancera.Reports.SalmonellaLog.RowsPerPage(SalmonellaLog.java:110)
at Test.Ancera.Reports.SalmonellaLog.RowsPerPage(SalmonellaLog.java:110)
at Test.Ancera.Reports.SalmonellaLog.RowsPerPage(SalmonellaLog.java:110)
at Test.Ancera.Reports.SalmonellaLog.RowsPerPage(SalmonellaLog.java:110)
at Test.Ancera.Reports.SalmonellaLog.RowsPerPage(SalmonellaLog.java:110)
at Test.Ancera.Reports.SalmonellaLog.RowsPerPage(SalmonellaLog.java:110)
at Test.Ancera.Reports.SalmonellaLog.RowsPerPage(SalmonellaLog.java:110)
at Test.Ancera.Reports.SalmonellaLog.RowsPerPage(SalmonellaLog.java:110)
at Test.Ancera.Reports.SalmonellaLog.RowsPerPage(SalmonellaLog.java:110)
at Test.Ancera.Reports.SalmonellaLog.RowsPerPage(SalmonellaLog.java:110)
at Test.Ancera.Reports.SalmonellaLog.RowsPerPage(SalmonellaLog.java:110)
at Test.Ancera.Reports.SalmonellaLog.RowsPerPage(SalmonellaLog.java:110)
at Test.Ancera.Reports.SalmonellaLog.RowsPerPage(SalmonellaLog.java:110)
at Test.Ancera.Reports.SalmonellaLog.RowsPerPage(SalmonellaLog.java:110)
at Test.Ancera.Reports.SalmonellaLog.RowsPerPage(SalmonellaLog.java:110)
at Test.Ancera.Reports.SalmonellaLog.RowsPerPage(SalmonellaLog.java:110)
at Test.Ancera.Reports.SalmonellaLog.RowsPerPage(SalmonellaLog.java:110)
at Test.Ancera.Reports.SalmonellaLog.RowsPerPage(SalmonellaLog.java:110)
at Test.Ancera.Reports.SalmonellaLog.RowsPerPage(SalmonellaLog.java:110)
at Test.Ancera.Reports.SalmonellaLog.RowsPerPage(SalmonellaLog.java:110)
at Test.Ancera.Reports.SalmonellaLog.RowsPerPage(SalmonellaLog.java:110)
at Test.Ancera.Reports.SalmonellaLog.RowsPerPage(SalmonellaLog.java:110)
at Test.Ancera.Reports.SalmonellaLog.RowsPerPage(SalmonellaLog.java:110)
at Test.Ancera.Reports.SalmonellaLog.RowsPerPage(SalmonellaLog.java:110)
at Test.Ancera.Reports.SalmonellaLog.RowsPerPage(SalmonellaLog.java:110)
at Test.Ancera.Reports.SalmonellaLog.RowsPerPage(SalmonellaLog.java:110)
at Test.Ancera.Reports.SalmonellaLog.RowsPerPage(SalmonellaLog.java:110)
at Test.Ancera.Reports.SalmonellaLog.RowsPerPage(SalmonellaLog.java:110)
at Test.Ancera.Reports.SalmonellaLog.RowsPerPage(SalmonellaLog.java:110)
at Test.Ancera.Reports.SalmonellaLog.RowsPerPage(SalmonellaLog.java:110)
at Test.Ancera.Reports.SalmonellaLog.RowsPerPage(SalmonellaLog.java:110)
at Test.Ancera.Reports.SalmonellaLog.RowsPerPage(SalmonellaLog.java:110)
at Test.Ancera.Reports.SalmonellaLog.RowsPerPage(SalmonellaLog.java:110)
at Test.Ancera.Reports.SalmonellaLog.RowsPerPage(SalmonellaLog.java:110)
at Test.Ancera.Reports.SalmonellaLog.RowsPerPage(SalmonellaLog.java:110)
at Test.Ancera.Reports.SalmonellaLog.RowsPerPage(SalmonellaLog.java:110)
at Test.Ancera.Reports.SalmonellaLog.RowsPerPage(SalmonellaLog.java:110)
at Test.Ancera.Reports.SalmonellaLog.RowsPerPage(SalmonellaLog.java:110)
at Test.Ancera.Reports.SalmonellaLog.RowsPerPage(SalmonellaLog.java:110)
at Test.Ancera.Reports.SalmonellaLog.RowsPerPage(SalmonellaLog.java:110)
at Test.Ancera.Reports.SalmonellaLog.RowsPerPage(SalmonellaLog.java:110)
at Test.Ancera.Reports.SalmonellaLog.RowsPerPage(SalmonellaLog.java:110)
at Test.Ancera.Reports.SalmonellaLog.RowsPerPage(SalmonellaLog.java:110)
at Test.Ancera.Reports.SalmonellaLog.RowsPerPage(SalmonellaLog.java:110)
at Test.Ancera.Reports.SalmonellaLog.RowsPerPage(SalmonellaLog.java:110)
at Test.Ancera.Reports.SalmonellaLog.RowsPerPage(SalmonellaLog.java:110)
at Test.Ancera.Reports.SalmonellaLog.RowsPerPage(SalmonellaLog.java:110)
at Test.Ancera.Reports.SalmonellaLog.RowsPerPage(SalmonellaLog.java:110)
at Test.Ancera.Reports.SalmonellaLog.RowsPerPage(SalmonellaLog.java:110)
at Test.Ancera.Reports.SalmonellaLog.RowsPerPage(SalmonellaLog.java:110)
at Test.Ancera.Reports.SalmonellaLog.RowsPerPage(SalmonellaLog.java:110)
at Test.Ancera.Reports.SalmonellaLog.RowsPerPage(SalmonellaLog.java:110)
at Test.Ancera.Reports.SalmonellaLog.RowsPerPage(SalmonellaLog.java:110)
at Test.Ancera.Reports.SalmonellaLog.RowsPerPage(SalmonellaLog.java:110)
at Test.Ancera.Reports.SalmonellaLog.RowsPerPage(SalmonellaLog.java:110)
at Test.Ancera.Reports.SalmonellaLog.RowsPerPage(SalmonellaLog.java:110)
at Test.Ancera.Reports.SalmonellaLog.RowsPerPage(SalmonellaLog.java:110)
at Test.Ancera.Reports.SalmonellaLog.RowsPerPage(SalmonellaLog.java:110)
at Test.Ancera.Reports.SalmonellaLog.RowsPerPage(SalmonellaLog.java:110)
at Test.Ancera.Reports.SalmonellaLog.RowsPerPage(SalmonellaLog.java:110)
at Test.Ancera.Reports.SalmonellaLog.RowsPerPage(SalmonellaLog.java:110)
at Test.Ancera.Reports.SalmonellaLog.RowsPerPage(SalmonellaLog.java:110)
at Test.Ancera.Reports.SalmonellaLog.RowsPerPage(SalmonellaLog.java:110)
at Test.Ancera.Reports.SalmonellaLog.RowsPerPage(SalmonellaLog.java:110)
at Test.Ancera.Reports.SalmonellaLog.RowsPerPage(SalmonellaLog.java:110)
at Test.Ancera.Reports.SalmonellaLog.RowsPerPage(SalmonellaLog.java:110)
at Test.Ancera.Reports.SalmonellaLog.RowsPerPage(SalmonellaLog.java:110)
at Test.Ancera.Reports.SalmonellaLog.RowsPerPage(SalmonellaLog.java:110)
at Test.Ancera.Reports.SalmonellaLog.RowsPerPage(SalmonellaLog.java:110)
at Test.Ancera.Reports.SalmonellaLog.RowsPerPage(SalmonellaLog.java:110)
at Test.Ancera.Reports.SalmonellaLog.RowsPerPage(SalmonellaLog.java:110)
at Test.Ancera.Reports.SalmonellaLog.RowsPerPage(SalmonellaLog.java:110)
at Test.Ancera.Reports.SalmonellaLog.RowsPerPage(SalmonellaLog.java:110)
at Test.Ancera.Reports.SalmonellaLog.RowsPerPage(SalmonellaLog.java:110)
at Test.Ancera.Reports.SalmonellaLog.RowsPerPage(SalmonellaLog.java:110)
at Test.Ancera.Reports.SalmonellaLog.RowsPerPage(SalmonellaLog.java:110)
at Test.Ancera.Reports.SalmonellaLog.RowsPerPage(SalmonellaLog.java:110)
at Test.Ancera.Reports.SalmonellaLog.RowsPerPage(SalmonellaLog.java:110)
at Test.Ancera.Reports.SalmonellaLog.RowsPerPage(SalmonellaLog.java:110)
at Test.Ancera.Reports.SalmonellaLog.RowsPerPage(SalmonellaLog.java:110)
at Test.Ancera.Reports.SalmonellaLog.RowsPerPage(SalmonellaLog.java:110)
at Test.Ancera.Reports.SalmonellaLog.RowsPerPage(SalmonellaLog.java:110)
at Test.Ancera.Reports.SalmonellaLog.RowsPerPage(SalmonellaLog.java:110)
at Test.Ancera.Reports.SalmonellaLog.RowsPerPage(SalmonellaLog.java:110)
at Test.Ancera.Reports.SalmonellaLog.RowsPerPage(SalmonellaLog.java:110)
at Test.Ancera.Reports.SalmonellaLog.RowsPerPage(SalmonellaLog.java:110)
at Test.Ancera.Reports.SalmonellaLog.RowsPerPage(SalmonellaLog.java:110)
at Test.Ancera.Reports.SalmonellaLog.RowsPerPage(SalmonellaLog.java:110)
at Test.Ancera.Reports.SalmonellaLog.RowsPerPage(SalmonellaLog.java:110)
at Test.Ancera.Reports.SalmonellaLog.RowsPerPage(SalmonellaLog.java:110)
at Test.Ancera.Reports.SalmonellaLog.RowsPerPage(SalmonellaLog.java:110)
at Test.Ancera.Reports.SalmonellaLog.RowsPerPage(SalmonellaLog.java:110)
at Test.Ancera.Reports.SalmonellaLog.RowsPerPage(SalmonellaLog.java:110)
at Test.Ancera.Reports.SalmonellaLog.RowsPerPage(SalmonellaLog.java:110)
at Test.Ancera.Reports.SalmonellaLog.RowsPerPage(SalmonellaLog.java:110)
at Test.Ancera.Reports.SalmonellaLog.RowsPerPage(SalmonellaLog.java:110)
at Test.Ancera.Reports.SalmonellaLog.RowsPerPage(SalmonellaLog.java:110)
at Test.Ancera.Reports.SalmonellaLog.RowsPerPage(SalmonellaLog.java:110)
at Test.Ancera.Reports.SalmonellaLog.RowsPerPage(SalmonellaLog.java:110)
at Test.Ancera.Reports.SalmonellaLog.RowsPerPage(SalmonellaLog.java:110)
at Test.Ancera.Reports.SalmonellaLog.RowsPerPage(SalmonellaLog.java:110)
at Test.Ancera.Reports.SalmonellaLog.RowsPerPage(SalmonellaLog.java:110)
at Test.Ancera.Reports.SalmonellaLog.RowsPerPage(SalmonellaLog.java:110)
at Test.Ancera.Reports.SalmonellaLog.RowsPerPage(SalmonellaLog.java:110)
at Test.Ancera.Reports.SalmonellaLog.RowsPerPage(SalmonellaLog.java:110)
at Test.Ancera.Reports.SalmonellaLog.RowsPerPage(SalmonellaLog.java:110)
at Test.Ancera.Reports.SalmonellaLog.RowsPerPage(SalmonellaLog.java:110)
at Test.Ancera.Reports.SalmonellaLog.RowsPerPage(SalmonellaLog.java:110)
at Test.Ancera.Reports.SalmonellaLog.RowsPerPage(SalmonellaLog.java:110)
at Test.Ancera.Reports.SalmonellaLog.RowsPerPage(SalmonellaLog.java:110)
at Test.Ancera.Reports.SalmonellaLog.RowsPerPage(SalmonellaLog.java:110)
at Test.Ancera.Reports.SalmonellaLog.RowsPerPage(SalmonellaLog.java:110)
at Test.Ancera.Reports.SalmonellaLog.RowsPerPage(SalmonellaLog.java:110)
at Test.Ancera.Reports.SalmonellaLog.RowsPerPage(SalmonellaLog.java:110)
at Test.Ancera.Reports.SalmonellaLog.RowsPerPage(SalmonellaLog.java:110)
at Test.Ancera.Reports.SalmonellaLog.RowsPerPage(SalmonellaLog.java:110)
at Test.Ancera.Reports.SalmonellaLog.RowsPerPage(SalmonellaLog.java:110)
at Test.Ancera.Reports.SalmonellaLog.RowsPerPage(SalmonellaLog.java:110)
at Test.Ancera.Reports.SalmonellaLog.RowsPerPage(SalmonellaLog.java:110)
at Test.Ancera.Reports.SalmonellaLog.RowsPerPage(SalmonellaLog.java:110)
at Test.Ancera.Reports.SalmonellaLog.RowsPerPage(SalmonellaLog.java:110)
at Test.Ancera.Reports.SalmonellaLog.RowsPerPage(SalmonellaLog.java:110)
at Test.Ancera.Reports.SalmonellaLog.RowsPerPage(SalmonellaLog.java:110)
at Test.Ancera.Reports.SalmonellaLog.RowsPerPage(SalmonellaLog.java:110)
at Test.Ancera.Reports.SalmonellaLog.RowsPerPage(SalmonellaLog.java:110)
at Test.Ancera.Reports.SalmonellaLog.RowsPerPage(SalmonellaLog.java:110)
at Test.Ancera.Reports.SalmonellaLog.RowsPerPage(SalmonellaLog.java:110)
at Test.Ancera.Reports.SalmonellaLog.RowsPerPage(SalmonellaLog.java:110)
at Test.Ancera.Reports.SalmonellaLog.RowsPerPage(SalmonellaLog.java:110)
at Test.Ancera.Reports.SalmonellaLog.RowsPerPage(SalmonellaLog.java:110)
at Test.Ancera.Reports.SalmonellaLog.RowsPerPage(SalmonellaLog.java:110)
at Test.Ancera.Reports.SalmonellaLog.RowsPerPage(SalmonellaLog.java:110)
at Test.Ancera.Reports.SalmonellaLog.RowsPerPage(SalmonellaLog.java:110)
at Test.Ancera.Reports.SalmonellaLog.RowsPerPage(SalmonellaLog.java:110)
at Test.Ancera.Reports.SalmonellaLog.RowsPerPage(SalmonellaLog.java:110)
at Test.Ancera.Reports.SalmonellaLog.RowsPerPage(SalmonellaLog.java:110)
at Test.Ancera.Reports.SalmonellaLog.RowsPerPage(SalmonellaLog.java:110)
at Test.Ancera.Reports.SalmonellaLog.RowsPerPage(SalmonellaLog.java:110)
at Test.Ancera.Reports.SalmonellaLog.RowsPerPage(SalmonellaLog.java:110)
at Test.Ancera.Reports.SalmonellaLog.RowsPerPage(SalmonellaLog.java:110)
at Test.Ancera.Reports.SalmonellaLog.RowsPerPage(SalmonellaLog.java:110)
at Test.Ancera.Reports.SalmonellaLog.RowsPerPage(SalmonellaLog.java:110)
at Test.Ancera.Reports.SalmonellaLog.RowsPerPage(SalmonellaLog.java:110)
at Test.Ancera.Reports.SalmonellaLog.RowsPerPage(SalmonellaLog.java:110)
at Test.Ancera.Reports.SalmonellaLog.RowsPerPage(SalmonellaLog.java:110)
at Test.Ancera.Reports.SalmonellaLog.RowsPerPage(SalmonellaLog.java:110)
at Test.Ancera.Reports.SalmonellaLog.RowsPerPage(SalmonellaLog.java:110)
at Test.Ancera.Reports.SalmonellaLog.RowsPerPage(SalmonellaLog.java:110)
at Test.Ancera.Reports.SalmonellaLog.RowsPerPage(SalmonellaLog.java:110)
at Test.Ancera.Reports.SalmonellaLog.RowsPerPage(SalmonellaLog.java:110)
at Test.Ancera.Reports.SalmonellaLog.RowsPerPage(SalmonellaLog.java:110)
at Test.Ancera.Reports.SalmonellaLog.RowsPerPage(SalmonellaLog.java:110)
at Test.Ancera.Reports.SalmonellaLog.RowsPerPage(SalmonellaLog.java:110)
at Test.Ancera.Reports.SalmonellaLog.RowsPerPage(SalmonellaLog.java:110)
at Test.Ancera.Reports.SalmonellaLog.RowsPerPage(SalmonellaLog.java:110)
at Test.Ancera.Reports.SalmonellaLog.RowsPerPage(SalmonellaLog.java:110)
at Test.Ancera.Reports.SalmonellaLog.RowsPerPage(SalmonellaLog.java:110)
at Test.Ancera.Reports.SalmonellaLog.RowsPerPage(SalmonellaLog.java:110)
at Test.Ancera.Reports.SalmonellaLog.RowsPerPage(SalmonellaLog.java:110)
at Test.Ancera.Reports.SalmonellaLog.RowsPerPage(SalmonellaLog.java:110)
at Test.Ancera.Reports.SalmonellaLog.RowsPerPage(SalmonellaLog.java:110)
at Test.Ancera.Reports.SalmonellaLog.RowsPerPage(SalmonellaLog.java:110)
at Test.Ancera.Reports.SalmonellaLog.RowsPerPage(SalmonellaLog.java:110)
at Test.Ancera.Reports.SalmonellaLog.RowsPerPage(SalmonellaLog.java:110)
at Test.Ancera.Reports.SalmonellaLog.RowsPerPage(SalmonellaLog.java:110)
at Test.Ancera.Reports.SalmonellaLog.RowsPerPage(SalmonellaLog.java:110)
at Test.Ancera.Reports.SalmonellaLog.RowsPerPage(SalmonellaLog.java:110)
at Test.Ancera.Reports.SalmonellaLog.RowsPerPage(SalmonellaLog.java:110)
at Test.Ancera.Reports.SalmonellaLog.RowsPerPage(SalmonellaLog.java:110)
at Test.Ancera.Reports.SalmonellaLog.RowsPerPage(SalmonellaLog.java:110)
at Test.Ancera.Reports.SalmonellaLog.RowsPerPage(SalmonellaLog.java:110)
at Test.Ancera.Reports.SalmonellaLog.RowsPerPage(SalmonellaLog.java:110)
at Test.Ancera.Reports.SalmonellaLog.RowsPerPage(SalmonellaLog.java:110)
at Test.Ancera.Reports.SalmonellaLog.RowsPerPage(SalmonellaLog.java:110)
at Test.Ancera.Reports.SalmonellaLog.RowsPerPage(SalmonellaLog.java:110)
at Test.Ancera.Reports.SalmonellaLog.RowsPerPage(SalmonellaLog.java:110)
at Test.Ancera.Reports.SalmonellaLog.RowsPerPage(SalmonellaLog.java:110)
at Test.Ancera.Reports.SalmonellaLog.RowsPerPage(SalmonellaLog.java:110)
at Test.Ancera.Reports.SalmonellaLog.RowsPerPage(SalmonellaLog.java:110)
at Test.Ancera.Reports.SalmonellaLog.RowsPerPage(SalmonellaLog.java:110)
at Test.Ancera.Reports.SalmonellaLog.RowsPerPage(SalmonellaLog.java:110)
at Test.Ancera.Reports.SalmonellaLog.RowsPerPage(SalmonellaLog.java:110)
at Test.Ancera.Reports.SalmonellaLog.RowsPerPage(SalmonellaLog.java:110)
at Test.Ancera.Reports.SalmonellaLog.RowsPerPage(SalmonellaLog.java:110)
at Test.Ancera.Reports.SalmonellaLog.RowsPerPage(SalmonellaLog.java:110)
at Test.Ancera.Reports.SalmonellaLog.RowsPerPage(SalmonellaLog.java:110)
at Test.Ancera.Reports.SalmonellaLog.RowsPerPage(SalmonellaLog.java:110)
at Test.Ancera.Reports.SalmonellaLog.RowsPerPage(SalmonellaLog.java:110)
at Test.Ancera.Reports.SalmonellaLog.RowsPerPage(SalmonellaLog.java:110)
at Test.Ancera.Reports.SalmonellaLog.RowsPerPage(SalmonellaLog.java:110)
at Test.Ancera.Reports.SalmonellaLog.RowsPerPage(SalmonellaLog.java:110)
at Test.Ancera.Reports.SalmonellaLog.RowsPerPage(SalmonellaLog.java:110)
at Test.Ancera.Reports.SalmonellaLog.RowsPerPage(SalmonellaLog.java:110)
at Test.Ancera.Reports.SalmonellaLog.RowsPerPage(SalmonellaLog.java:110)
at Test.Ancera.Reports.SalmonellaLog.RowsPerPage(SalmonellaLog.java:110)
at Test.Ancera.Reports.SalmonellaLog.RowsPerPage(SalmonellaLog.java:110)
at Test.Ancera.Reports.SalmonellaLog.RowsPerPage(SalmonellaLog.java:110)
at Test.Ancera.Reports.SalmonellaLog.RowsPerPage(SalmonellaLog.java:110)
at Test.Ancera.Reports.SalmonellaLog.RowsPerPage(SalmonellaLog.java:110)
at Test.Ancera.Reports.SalmonellaLog.RowsPerPage(SalmonellaLog.java:110)
at Test.Ancera.Reports.SalmonellaLog.RowsPerPage(SalmonellaLog.java:110)
at Test.Ancera.Reports.SalmonellaLog.RowsPerPage(SalmonellaLog.java:110)
at Test.Ancera.Reports.SalmonellaLog.RowsPerPage(SalmonellaLog.java:110)
at Test.Ancera.Reports.SalmonellaLog.RowsPerPage(SalmonellaLog.java:110)
at Test.Ancera.Reports.SalmonellaLog.RowsPerPage(SalmonellaLog.java:110)
at Test.Ancera.Reports.SalmonellaLog.RowsPerPage(SalmonellaLog.java:110)
at Test.Ancera.Reports.SalmonellaLog.RowsPerPage(SalmonellaLog.java:110)
at Test.Ancera.Reports.SalmonellaLog.RowsPerPage(SalmonellaLog.java:110)
at Test.Ancera.Reports.SalmonellaLog.RowsPerPage(SalmonellaLog.java:110)
at Test.Ancera.Reports.SalmonellaLog.RowsPerPage(SalmonellaLog.java:110)
at Test.Ancera.Reports.SalmonellaLog.RowsPerPage(SalmonellaLog.java:110)
at Test.Ancera.Reports.SalmonellaLog.RowsPerPage(SalmonellaLog.java:110)
at Test.Ancera.Reports.SalmonellaLog.RowsPerPage(SalmonellaLog.java:110)
at Test.Ancera.Reports.SalmonellaLog.RowsPerPage(SalmonellaLog.java:110)
at Test.Ancera.Reports.SalmonellaLog.RowsPerPage(SalmonellaLog.java:110)
at Test.Ancera.Reports.SalmonellaLog.RowsPerPage(SalmonellaLog.java:110)
at Test.Ancera.Reports.SalmonellaLog.RowsPerPage(SalmonellaLog.java:110)
at Test.Ancera.Reports.SalmonellaLog.RowsPerPage(SalmonellaLog.java:110)
at Test.Ancera.Reports.SalmonellaLog.RowsPerPage(SalmonellaLog.java:110)
at Test.Ancera.Reports.SalmonellaLog.RowsPerPage(SalmonellaLog.java:110)
at Test.Ancera.Reports.SalmonellaLog.RowsPerPage(SalmonellaLog.java:110)
at Test.Ancera.Reports.SalmonellaLog.RowsPerPage(SalmonellaLog.java:110)
at Test.Ancera.Reports.SalmonellaLog.RowsPerPage(SalmonellaLog.java:110)
at Test.Ancera.Reports.SalmonellaLog.RowsPerPage(SalmonellaLog.java:110)
at Test.Ancera.Reports.SalmonellaLog.RowsPerPage(SalmonellaLog.java:110)
at Test.Ancera.Reports.SalmonellaLog.RowsPerPage(SalmonellaLog.java:110)
at Test.Ancera.Reports.SalmonellaLog.RowsPerPage(SalmonellaLog.java:110)
at Test.Ancera.Reports.SalmonellaLog.RowsPerPage(SalmonellaLog.java:110)
at Test.Ancera.Reports.SalmonellaLog.RowsPerPage(SalmonellaLog.java:110)
at Test.Ancera.Reports.SalmonellaLog.RowsPerPage(SalmonellaLog.java:110)
at Test.Ancera.Reports.SalmonellaLog.RowsPerPage(SalmonellaLog.java:110)
at Test.Ancera.Reports.SalmonellaLog.RowsPerPage(SalmonellaLog.java:110)
at Test.Ancera.Reports.SalmonellaLog.RowsPerPage(SalmonellaLog.java:110)
at Test.Ancera.Reports.SalmonellaLog.RowsPerPage(SalmonellaLog.java:110)
at Test.Ancera.Reports.SalmonellaLog.RowsPerPage(SalmonellaLog.java:110)
at Test.Ancera.Reports.SalmonellaLog.RowsPerPage(SalmonellaLog.java:110)
at Test.Ancera.Reports.SalmonellaLog.RowsPerPage(SalmonellaLog.java:110)
at Test.Ancera.Reports.SalmonellaLog.RowsPerPage(SalmonellaLog.java:110)
at Test.Ancera.Reports.SalmonellaLog.RowsPerPage(SalmonellaLog.java:110)
at Test.Ancera.Reports.SalmonellaLog.RowsPerPage(SalmonellaLog.java:110)
at Test.Ancera.Reports.SalmonellaLog.RowsPerPage(SalmonellaLog.java:110)
at Test.Ancera.Reports.SalmonellaLog.RowsPerPage(SalmonellaLog.java:110)
at Test.Ancera.Reports.SalmonellaLog.RowsPerPage(SalmonellaLog.java:110)
at Test.Ancera.Reports.SalmonellaLog.RowsPerPage(SalmonellaLog.java:110)
at Test.Ancera.Reports.SalmonellaLog.RowsPerPage(SalmonellaLog.java:110)
at Test.Ancera.Reports.SalmonellaLog.RowsPerPage(SalmonellaLog.java:110)
at Test.Ancera.Reports.SalmonellaLog.RowsPerPage(SalmonellaLog.java:110)
at Test.Ancera.Reports.SalmonellaLog.RowsPerPage(SalmonellaLog.java:110)
at Test.Ancera.Reports.SalmonellaLog.RowsPerPage(SalmonellaLog.java:110)
at Test.Ancera.Reports.SalmonellaLog.RowsPerPage(SalmonellaLog.java:110)
at Test.Ancera.Reports.SalmonellaLog.RowsPerPage(SalmonellaLog.java:110)
at Test.Ancera.Reports.SalmonellaLog.RowsPerPage(SalmonellaLog.java:110)
at Test.Ancera.Reports.SalmonellaLog.RowsPerPage(SalmonellaLog.java:110)
at Test.Ancera.Reports.SalmonellaLog.RowsPerPage(SalmonellaLog.java:110)
at Test.Ancera.Reports.SalmonellaLog.RowsPerPage(SalmonellaLog.java:110)
at Test.Ancera.Reports.SalmonellaLog.RowsPerPage(SalmonellaLog.java:110)
at Test.Ancera.Reports.SalmonellaLog.RowsPerPage(SalmonellaLog.java:110)
at Test.Ancera.Reports.SalmonellaLog.RowsPerPage(SalmonellaLog.java:110)
at Test.Ancera.Reports.SalmonellaLog.RowsPerPage(SalmonellaLog.java:110)
at Test.Ancera.Reports.SalmonellaLog.RowsPerPage(SalmonellaLog.java:110)
at Test.Ancera.Reports.SalmonellaLog.RowsPerPage(SalmonellaLog.java:110)
at Test.Ancera.Reports.SalmonellaLog.RowsPerPage(SalmonellaLog.java:110)
at Test.Ancera.Reports.SalmonellaLog.RowsPerPage(SalmonellaLog.java:110)
at Test.Ancera.Reports.SalmonellaLog.RowsPerPage(SalmonellaLog.java:110)
at Test.Ancera.Reports.SalmonellaLog.RowsPerPage(SalmonellaLog.java:110)
at Test.Ancera.Reports.SalmonellaLog.RowsPerPage(SalmonellaLog.java:110)
at Test.Ancera.Reports.SalmonellaLog.RowsPerPage(SalmonellaLog.java:110)
at Test.Ancera.Reports.SalmonellaLog.RowsPerPage(SalmonellaLog.java:110)
at Test.Ancera.Reports.SalmonellaLog.RowsPerPage(SalmonellaLog.java:110)
at Test.Ancera.Reports.SalmonellaLog.RowsPerPage(SalmonellaLog.java:110)
at Test.Ancera.Reports.SalmonellaLog.RowsPerPage(SalmonellaLog.java:110)
at Test.Ancera.Reports.SalmonellaLog.RowsPerPage(SalmonellaLog.java:110)
at Test.Ancera.Reports.SalmonellaLog.RowsPerPage(SalmonellaLog.java:110)
at Test.Ancera.Reports.SalmonellaLog.RowsPerPage(SalmonellaLog.java:110)
at Test.Ancera.Reports.SalmonellaLog.RowsPerPage(SalmonellaLog.java:110)
at Test.Ancera.Reports.SalmonellaLog.RowsPerPage(SalmonellaLog.java:110)
at Test.Ancera.Reports.SalmonellaLog.RowsPerPage(SalmonellaLog.java:110)
at Test.Ancera.Reports.SalmonellaLog.RowsPerPage(SalmonellaLog.java:110)
at Test.Ancera.Reports.SalmonellaLog.RowsPerPage(SalmonellaLog.java:110)
at Test.Ancera.Reports.SalmonellaLog.RowsPerPage(SalmonellaLog.java:110)
at Test.Ancera.Reports.SalmonellaLog.RowsPerPage(SalmonellaLog.java:110)
at Test.Ancera.Reports.SalmonellaLog.RowsPerPage(SalmonellaLog.java:110)
at Test.Ancera.Reports.SalmonellaLog.RowsPerPage(SalmonellaLog.java:110)
at Test.Ancera.Reports.SalmonellaLog.RowsPerPage(SalmonellaLog.java:110)
at Test.Ancera.Reports.SalmonellaLog.RowsPerPage(SalmonellaLog.java:110)
at Test.Ancera.Reports.SalmonellaLog.RowsPerPage(SalmonellaLog.java:110)
at Test.Ancera.Reports.SalmonellaLog.RowsPerPage(SalmonellaLog.java:110)
at Test.Ancera.Reports.SalmonellaLog.RowsPerPage(SalmonellaLog.java:110)
at Test.Ancera.Reports.SalmonellaLog.RowsPerPage(SalmonellaLog.java:110)
at Test.Ancera.Reports.SalmonellaLog.RowsPerPage(SalmonellaLog.java:110)
at Test.Ancera.Reports.SalmonellaLog.RowsPerPage(SalmonellaLog.java:110)
at Test.Ancera.Reports.SalmonellaLog.RowsPerPage(SalmonellaLog.java:110)
at Test.Ancera.Reports.SalmonellaLog.RowsPerPage(SalmonellaLog.java:110)
at Test.Ancera.Reports.SalmonellaLog.RowsPerPage(SalmonellaLog.java:110)
at Test.Ancera.Reports.SalmonellaLog.RowsPerPage(SalmonellaLog.java:110)
at Test.Ancera.Reports.SalmonellaLog.RowsPerPage(SalmonellaLog.java:110)
at Test.Ancera.Reports.SalmonellaLog.RowsPerPage(SalmonellaLog.java:110)
at Test.Ancera.Reports.SalmonellaLog.RowsPerPage(SalmonellaLog.java:110)
at Test.Ancera.Reports.SalmonellaLog.RowsPerPage(SalmonellaLog.java:110)
at Test.Ancera.Reports.SalmonellaLog.RowsPerPage(SalmonellaLog.java:110)
at Test.Ancera.Reports.SalmonellaLog.RowsPerPage(SalmonellaLog.java:110)
at Test.Ancera.Reports.SalmonellaLog.RowsPerPage(SalmonellaLog.java:110)
at Test.Ancera.Reports.SalmonellaLog.RowsPerPage(SalmonellaLog.java:110)
at Test.Ancera.Reports.SalmonellaLog.RowsPerPage(SalmonellaLog.java:110)
at Test.Ancera.Reports.SalmonellaLog.RowsPerPage(SalmonellaLog.java:110)
at Test.Ancera.Reports.SalmonellaLog.RowsPerPage(SalmonellaLog.java:110)
at Test.Ancera.Reports.SalmonellaLog.RowsPerPage(SalmonellaLog.java:110)
at Test.Ancera.Reports.SalmonellaLog.RowsPerPage(SalmonellaLog.java:110)
at Test.Ancera.Reports.SalmonellaLog.RowsPerPage(SalmonellaLog.java:110)
at Test.Ancera.Reports.SalmonellaLog.RowsPerPage(SalmonellaLog.java:110)
at Test.Ancera.Reports.SalmonellaLog.RowsPerPage(SalmonellaLog.java:110)
at Test.Ancera.Reports.SalmonellaLog.RowsPerPage(SalmonellaLog.java:110)
at Test.Ancera.Reports.SalmonellaLog.RowsPerPage(SalmonellaLog.java:110)
at Test.Ancera.Reports.SalmonellaLog.RowsPerPage(SalmonellaLog.java:110)
at Test.Ancera.Reports.SalmonellaLog.RowsPerPage(SalmonellaLog.java:110)
at Test.Ancera.Reports.SalmonellaLog.RowsPerPage(SalmonellaLog.java:110)
at Test.Ancera.Reports.SalmonellaLog.RowsPerPage(SalmonellaLog.java:110)
at Test.Ancera.Reports.SalmonellaLog.RowsPerPage(SalmonellaLog.java:110)
at Test.Ancera.Reports.SalmonellaLog.RowsPerPage(SalmonellaLog.java:110)
at Test.Ancera.Reports.SalmonellaLog.RowsPerPage(SalmonellaLog.java:110)
at Test.Ancera.Reports.SalmonellaLog.RowsPerPage(SalmonellaLog.java:110)
at Test.Ancera.Reports.SalmonellaLog.RowsPerPage(SalmonellaLog.java:110)
at Test.Ancera.Reports.SalmonellaLog.RowsPerPage(SalmonellaLog.java:110)
at Test.Ancera.Reports.SalmonellaLog.RowsPerPage(SalmonellaLog.java:110)
at Test.Ancera.Reports.SalmonellaLog.RowsPerPage(SalmonellaLog.java:110)
at Test.Ancera.Reports.SalmonellaLog.RowsPerPage(SalmonellaLog.java:110)
at Test.Ancera.Reports.SalmonellaLog.RowsPerPage(SalmonellaLog.java:110)
at Test.Ancera.Reports.SalmonellaLog.RowsPerPage(SalmonellaLog.java:110)
at Test.Ancera.Reports.SalmonellaLog.RowsPerPage(SalmonellaLog.java:110)
at Test.Ancera.Reports.SalmonellaLog.RowsPerPage(SalmonellaLog.java:110)
at Test.Ancera.Reports.SalmonellaLog.RowsPerPage(SalmonellaLog.java:110)
at Test.Ancera.Reports.SalmonellaLog.RowsPerPage(SalmonellaLog.java:110)
at Test.Ancera.Reports.SalmonellaLog.RowsPerPage(SalmonellaLog.java:110)
at Test.Ancera.Reports.SalmonellaLog.RowsPerPage(SalmonellaLog.java:110)
at Test.Ancera.Reports.SalmonellaLog.RowsPerPage(SalmonellaLog.java:110)
at Test.Ancera.Reports.SalmonellaLog.RowsPerPage(SalmonellaLog.java:110)
at Test.Ancera.Reports.SalmonellaLog.RowsPerPage(SalmonellaLog.java:110)
at Test.Ancera.Reports.SalmonellaLog.RowsPerPage(SalmonellaLog.java:110)
at Test.Ancera.Reports.SalmonellaLog.RowsPerPage(SalmonellaLog.java:110)
at Test.Ancera.Reports.SalmonellaLog.RowsPerPage(SalmonellaLog.java:110)
at Test.Ancera.Reports.SalmonellaLog.RowsPerPage(SalmonellaLog.java:110)
at Test.Ancera.Reports.SalmonellaLog.RowsPerPage(SalmonellaLog.java:110)
at Test.Ancera.Reports.SalmonellaLog.RowsPerPage(SalmonellaLog.java:110)
at Test.Ancera.Reports.SalmonellaLog.RowsPerPage(SalmonellaLog.java:110)
at Test.Ancera.Reports.SalmonellaLog.RowsPerPage(SalmonellaLog.java:110)
at Test.Ancera.Reports.SalmonellaLog.RowsPerPage(SalmonellaLog.java:110)
at Test.Ancera.Reports.SalmonellaLog.RowsPerPage(SalmonellaLog.java:110)
at Test.Ancera.Reports.SalmonellaLog.RowsPerPage(SalmonellaLog.java:110)
at Test.Ancera.Reports.SalmonellaLog.RowsPerPage(SalmonellaLog.java:110)
at Test.Ancera.Reports.SalmonellaLog.RowsPerPage(SalmonellaLog.java:110)
at Test.Ancera.Reports.SalmonellaLog.RowsPerPage(SalmonellaLog.java:110)
at Test.Ancera.Reports.SalmonellaLog.RowsPerPage(SalmonellaLog.java:110)
at Test.Ancera.Reports.SalmonellaLog.RowsPerPage(SalmonellaLog.java:110)
at Test.Ancera.Reports.SalmonellaLog.RowsPerPage(SalmonellaLog.java:110)
at Test.Ancera.Reports.SalmonellaLog.RowsPerPage(SalmonellaLog.java:110)
at Test.Ancera.Reports.SalmonellaLog.RowsPerPage(SalmonellaLog.java:110)
at Test.Ancera.Reports.SalmonellaLog.RowsPerPage(SalmonellaLog.java:110)
at Test.Ancera.Reports.SalmonellaLog.RowsPerPage(SalmonellaLog.java:110)
at Test.Ancera.Reports.SalmonellaLog.RowsPerPage(SalmonellaLog.java:110)
at Test.Ancera.Reports.SalmonellaLog.RowsPerPage(SalmonellaLog.java:110)
at Test.Ancera.Reports.SalmonellaLog.RowsPerPage(SalmonellaLog.java:110)
at Test.Ancera.Reports.SalmonellaLog.RowsPerPage(SalmonellaLog.java:110)
at Test.Ancera.Reports.SalmonellaLog.RowsPerPage(SalmonellaLog.java:110)
at Test.Ancera.Reports.SalmonellaLog.RowsPerPage(SalmonellaLog.java:110)
at Test.Ancera.Reports.SalmonellaLog.RowsPerPage(SalmonellaLog.java:110)
at Test.Ancera.Reports.SalmonellaLog.RowsPerPage(SalmonellaLog.java:110)
at Test.Ancera.Reports.SalmonellaLog.RowsPerPage(SalmonellaLog.java:110)
at Test.Ancera.Reports.SalmonellaLog.RowsPerPage(SalmonellaLog.java:110)
at Test.Ancera.Reports.SalmonellaLog.RowsPerPage(SalmonellaLog.java:110)
at Test.Ancera.Reports.SalmonellaLog.RowsPerPage(SalmonellaLog.java:110)
at Test.Ancera.Reports.SalmonellaLog.RowsPerPage(SalmonellaLog.java:110)
at Test.Ancera.Reports.SalmonellaLog.RowsPerPage(SalmonellaLog.java:110)
at Test.Ancera.Reports.SalmonellaLog.RowsPerPage(SalmonellaLog.java:110)
at Test.Ancera.Reports.SalmonellaLog.RowsPerPage(SalmonellaLog.java:110)
at Test.Ancera.Reports.SalmonellaLog.RowsPerPage(SalmonellaLog.java:110)
at Test.Ancera.Reports.SalmonellaLog.RowsPerPage(SalmonellaLog.java:110)
at Test.Ancera.Reports.SalmonellaLog.RowsPerPage(SalmonellaLog.java:110)
at Test.Ancera.Reports.SalmonellaLog.RowsPerPage(SalmonellaLog.java:110)
at Test.Ancera.Reports.SalmonellaLog.RowsPerPage(SalmonellaLog.java:110)
at Test.Ancera.Reports.SalmonellaLog.RowsPerPage(SalmonellaLog.java:110)
at Test.Ancera.Reports.SalmonellaLog.RowsPerPage(SalmonellaLog.java:110)
at Test.Ancera.Reports.SalmonellaLog.RowsPerPage(SalmonellaLog.java:110)
at Test.Ancera.Reports.SalmonellaLog.RowsPerPage(SalmonellaLog.java:110)
at Test.Ancera.Reports.SalmonellaLog.RowsPerPage(SalmonellaLog.java:110)
at Test.Ancera.Reports.SalmonellaLog.RowsPerPage(SalmonellaLog.java:110)
at Test.Ancera.Reports.SalmonellaLog.RowsPerPage(SalmonellaLog.java:110)
at Test.Ancera.Reports.SalmonellaLog.RowsPerPage(SalmonellaLog.java:110)
at Test.Ancera.Reports.SalmonellaLog.RowsPerPage(SalmonellaLog.java:110)
at Test.Ancera.Reports.SalmonellaLog.RowsPerPage(SalmonellaLog.java:110)
at Test.Ancera.Reports.SalmonellaLog.RowsPerPage(SalmonellaLog.java:110)
at Test.Ancera.Reports.SalmonellaLog.RowsPerPage(SalmonellaLog.java:110)
at Test.Ancera.Reports.SalmonellaLog.RowsPerPage(SalmonellaLog.java:110)
at Test.Ancera.Reports.SalmonellaLog.RowsPerPage(SalmonellaLog.java:110)
at Test.Ancera.Reports.SalmonellaLog.RowsPerPage(SalmonellaLog.java:110)
at Test.Ancera.Reports.SalmonellaLog.RowsPerPage(SalmonellaLog.java:110)
at Test.Ancera.Reports.SalmonellaLog.RowsPerPage(SalmonellaLog.java:110)
at Test.Ancera.Reports.SalmonellaLog.RowsPerPage(SalmonellaLog.java:110)
at Test.Ancera.Reports.SalmonellaLog.RowsPerPage(SalmonellaLog.java:110)
at Test.Ancera.Reports.SalmonellaLog.RowsPerPage(SalmonellaLog.java:110)
at Test.Ancera.Reports.SalmonellaLog.RowsPerPage(SalmonellaLog.java:110)
at Test.Ancera.Reports.SalmonellaLog.RowsPerPage(SalmonellaLog.java:110)
at Test.Ancera.Reports.SalmonellaLog.RowsPerPage(SalmonellaLog.java:110)
at Test.Ancera.Reports.SalmonellaLog.RowsPerPage(SalmonellaLog.java:110)
at Test.Ancera.Reports.SalmonellaLog.RowsPerPage(SalmonellaLog.java:110)
at Test.Ancera.Reports.SalmonellaLog.RowsPerPage(SalmonellaLog.java:110)
at Test.Ancera.Reports.SalmonellaLog.RowsPerPage(SalmonellaLog.java:110)
at Test.Ancera.Reports.SalmonellaLog.RowsPerPage(SalmonellaLog.java:110)
at Test.Ancera.Reports.SalmonellaLog.RowsPerPage(SalmonellaLog.java:110)
at Test.Ancera.Reports.SalmonellaLog.RowsPerPage(SalmonellaLog.java:110)
at Test.Ancera.Reports.SalmonellaLog.RowsPerPage(SalmonellaLog.java:110)
at Test.Ancera.Reports.SalmonellaLog.RowsPerPage(SalmonellaLog.java:110)
at Test.Ancera.Reports.SalmonellaLog.RowsPerPage(SalmonellaLog.java:110)
at Test.Ancera.Reports.SalmonellaLog.RowsPerPage(SalmonellaLog.java:110)
at Test.Ancera.Reports.SalmonellaLog.RowsPerPage(SalmonellaLog.java:110)
at Test.Ancera.Reports.SalmonellaLog.RowsPerPage(SalmonellaLog.java:110)
at Test.Ancera.Reports.SalmonellaLog.RowsPerPage(SalmonellaLog.java:110)
at Test.Ancera.Reports.SalmonellaLog.RowsPerPage(SalmonellaLog.java:110)
at Test.Ancera.Reports.SalmonellaLog.RowsPerPage(SalmonellaLog.java:110)
at Test.Ancera.Reports.SalmonellaLog.RowsPerPage(SalmonellaLog.java:110)
at Test.Ancera.Reports.SalmonellaLog.RowsPerPage(SalmonellaLog.java:110)
at Test.Ancera.Reports.SalmonellaLog.RowsPerPage(SalmonellaLog.java:110)
at Test.Ancera.Reports.SalmonellaLog.RowsPerPage(SalmonellaLog.java:110)
at Test.Ancera.Reports.SalmonellaLog.RowsPerPage(SalmonellaLog.java:110)
at Test.Ancera.Reports.SalmonellaLog.RowsPerPage(SalmonellaLog.java:110)
at Test.Ancera.Reports.SalmonellaLog.RowsPerPage(SalmonellaLog.java:110)
at Test.Ancera.Reports.SalmonellaLog.RowsPerPage(SalmonellaLog.java:110)
at Test.Ancera.Reports.SalmonellaLog.RowsPerPage(SalmonellaLog.java:110)
at Test.Ancera.Reports.SalmonellaLog.RowsPerPage(SalmonellaLog.java:110)
at Test.Ancera.Reports.SalmonellaLog.RowsPerPage(SalmonellaLog.java:110)
at Test.Ancera.Reports.SalmonellaLog.RowsPerPage(SalmonellaLog.java:110)
at Test.Ancera.Reports.SalmonellaLog.RowsPerPage(SalmonellaLog.java:110)
at Test.Ancera.Reports.SalmonellaLog.RowsPerPage(SalmonellaLog.java:110)
at Test.Ancera.Reports.SalmonellaLog.RowsPerPage(SalmonellaLog.java:110)
at Test.Ancera.Reports.SalmonellaLog.RowsPerPage(SalmonellaLog.java:110)
at Test.Ancera.Reports.SalmonellaLog.RowsPerPage(SalmonellaLog.java:110)
at Test.Ancera.Reports.SalmonellaLog.RowsPerPage(SalmonellaLog.java:110)
at Test.Ancera.Reports.SalmonellaLog.RowsPerPage(SalmonellaLog.java:110)
at Test.Ancera.Reports.SalmonellaLog.RowsPerPage(SalmonellaLog.java:110)
at Test.Ancera.Reports.SalmonellaLog.RowsPerPage(SalmonellaLog.java:110)
at Test.Ancera.Reports.SalmonellaLog.RowsPerPage(SalmonellaLog.java:110)
at Test.Ancera.Reports.SalmonellaLog.RowsPerPage(SalmonellaLog.java:110)
at Test.Ancera.Reports.SalmonellaLog.RowsPerPage(SalmonellaLog.java:110)
at Test.Ancera.Reports.SalmonellaLog.RowsPerPage(SalmonellaLog.java:110)
at Test.Ancera.Reports.SalmonellaLog.RowsPerPage(SalmonellaLog.java:110)
at Test.Ancera.Reports.SalmonellaLog.RowsPerPage(SalmonellaLog.java:110)
at Test.Ancera.Reports.SalmonellaLog.RowsPerPage(SalmonellaLog.java:110)
at Test.Ancera.Reports.SalmonellaLog.RowsPerPage(SalmonellaLog.java:110)
at Test.Ancera.Reports.SalmonellaLog.RowsPerPage(SalmonellaLog.java:110)
at Test.Ancera.Reports.SalmonellaLog.RowsPerPage(SalmonellaLog.java:110)
at Test.Ancera.Reports.SalmonellaLog.RowsPerPage(SalmonellaLog.java:110)
at Test.Ancera.Reports.SalmonellaLog.RowsPerPage(SalmonellaLog.java:110)
at Test.Ancera.Reports.SalmonellaLog.RowsPerPage(SalmonellaLog.java:110)
at Test.Ancera.Reports.SalmonellaLog.RowsPerPage(SalmonellaLog.java:110)
at Test.Ancera.Reports.SalmonellaLog.RowsPerPage(SalmonellaLog.java:110)
at Test.Ancera.Reports.SalmonellaLog.RowsPerPage(SalmonellaLog.java:110)
at Test.Ancera.Reports.SalmonellaLog.RowsPerPage(SalmonellaLog.java:110)
at Test.Ancera.Reports.SalmonellaLog.RowsPerPage(SalmonellaLog.java:110)
at Test.Ancera.Reports.SalmonellaLog.RowsPerPage(SalmonellaLog.java:110)
at Test.Ancera.Reports.SalmonellaLog.RowsPerPage(SalmonellaLog.java:110)
at Test.Ancera.Reports.SalmonellaLog.RowsPerPage(SalmonellaLog.java:110)
at Test.Ancera.Reports.SalmonellaLog.RowsPerPage(SalmonellaLog.java:110)
at Test.Ancera.Reports.SalmonellaLog.RowsPerPage(SalmonellaLog.java:110)
at Test.Ancera.Reports.SalmonellaLog.RowsPerPage(SalmonellaLog.java:110)
at Test.Ancera.Reports.SalmonellaLog.RowsPerPage(SalmonellaLog.java:110)
at Test.Ancera.Reports.SalmonellaLog.RowsPerPage(SalmonellaLog.java:110)
at Test.Ancera.Reports.SalmonellaLog.RowsPerPage(SalmonellaLog.java:110)
at Test.Ancera.Reports.SalmonellaLog.RowsPerPage(SalmonellaLog.java:110)
at Test.Ancera.Reports.SalmonellaLog.RowsPerPage(SalmonellaLog.java:110)
at Test.Ancera.Reports.SalmonellaLog.RowsPerPage(SalmonellaLog.java:110)
at Test.Ancera.Reports.SalmonellaLog.RowsPerPage(SalmonellaLog.java:110)
at Test.Ancera.Reports.SalmonellaLog.RowsPerPage(SalmonellaLog.java:110)
at Test.Ancera.Reports.SalmonellaLog.RowsPerPage(SalmonellaLog.java:110)
at Test.Ancera.Reports.SalmonellaLog.RowsPerPage(SalmonellaLog.java:110)
at Test.Ancera.Reports.SalmonellaLog.RowsPerPage(SalmonellaLog.java:110)
at Test.Ancera.Reports.SalmonellaLog.RowsPerPage(SalmonellaLog.java:110)
at Test.Ancera.Reports.SalmonellaLog.RowsPerPage(SalmonellaLog.java:110)
at Test.Ancera.Reports.SalmonellaLog.RowsPerPage(SalmonellaLog.java:110)
at Test.Ancera.Reports.SalmonellaLog.RowsPerPage(SalmonellaLog.java:110)
at Test.Ancera.Reports.SalmonellaLog.RowsPerPage(SalmonellaLog.java:110)
at Test.Ancera.Reports.SalmonellaLog.RowsPerPage(SalmonellaLog.java:110)
at Test.Ancera.Reports.SalmonellaLog.RowsPerPage(SalmonellaLog.java:110)
at Test.Ancera.Reports.SalmonellaLog.RowsPerPage(SalmonellaLog.java:110)
at Test.Ancera.Reports.SalmonellaLog.RowsPerPage(SalmonellaLog.java:110)
at Test.Ancera.Reports.SalmonellaLog.RowsPerPage(SalmonellaLog.java:110)
at Test.Ancera.Reports.SalmonellaLog.RowsPerPage(SalmonellaLog.java:110)
at Test.Ancera.Reports.SalmonellaLog.RowsPerPage(SalmonellaLog.java:110)
at Test.Ancera.Reports.SalmonellaLog.RowsPerPage(SalmonellaLog.java:110)
at Test.Ancera.Reports.SalmonellaLog.RowsPerPage(SalmonellaLog.java:110)
at Test.Ancera.Reports.SalmonellaLog.RowsPerPage(SalmonellaLog.java:110)
at Test.Ancera.Reports.SalmonellaLog.RowsPerPage(SalmonellaLog.java:110)
at Test.Ancera.Reports.SalmonellaLog.RowsPerPage(SalmonellaLog.java:110)
at Test.Ancera.Reports.SalmonellaLog.RowsPerPage(SalmonellaLog.java:110)
at Test.Ancera.Reports.SalmonellaLog.RowsPerPage(SalmonellaLog.java:110)
at Test.Ancera.Reports.SalmonellaLog.RowsPerPage(SalmonellaLog.java:110)
at Test.Ancera.Reports.SalmonellaLog.RowsPerPage(SalmonellaLog.java:110)
at Test.Ancera.Reports.SalmonellaLog.RowsPerPage(SalmonellaLog.java:110)
at Test.Ancera.Reports.SalmonellaLog.RowsPerPage(SalmonellaLog.java:110)
at Test.Ancera.Reports.SalmonellaLog.RowsPerPage(SalmonellaLog.java:110)
at Test.Ancera.Reports.SalmonellaLog.RowsPerPage(SalmonellaLog.java:110)
at Test.Ancera.Reports.SalmonellaLog.RowsPerPage(SalmonellaLog.java:110)
at Test.Ancera.Reports.SalmonellaLog.RowsPerPage(SalmonellaLog.java:110)
at Test.Ancera.Reports.SalmonellaLog.RowsPerPage(SalmonellaLog.java:110)
at Test.Ancera.Reports.SalmonellaLog.RowsPerPage(SalmonellaLog.java:110)
at Test.Ancera.Reports.SalmonellaLog.RowsPerPage(SalmonellaLog.java:110)
at Test.Ancera.Reports.SalmonellaLog.RowsPerPage(SalmonellaLog.java:110)
at Test.Ancera.Reports.SalmonellaLog.RowsPerPage(SalmonellaLog.java:110)
at Test.Ancera.Reports.SalmonellaLog.RowsPerPage(SalmonellaLog.java:110)
at Test.Ancera.Reports.SalmonellaLog.RowsPerPage(SalmonellaLog.java:110)
at Test.Ancera.Reports.SalmonellaLog.RowsPerPage(SalmonellaLog.java:110)
at Test.Ancera.Reports.SalmonellaLog.RowsPerPage(SalmonellaLog.java:110)
at Test.Ancera.Reports.SalmonellaLog.RowsPerPage(SalmonellaLog.java:110)
at Test.Ancera.Reports.SalmonellaLog.RowsPerPage(SalmonellaLog.java:110)
at Test.Ancera.Reports.SalmonellaLog.RowsPerPage(SalmonellaLog.java:110)
at Test.Ancera.Reports.SalmonellaLog.RowsPerPage(SalmonellaLog.java:110)
at Test.Ancera.Reports.SalmonellaLog.RowsPerPage(SalmonellaLog.java:110)
at Test.Ancera.Reports.SalmonellaLog.RowsPerPage(SalmonellaLog.java:110)
at Test.Ancera.Reports.SalmonellaLog.RowsPerPage(SalmonellaLog.java:110)
at Test.Ancera.Reports.SalmonellaLog.RowsPerPage(SalmonellaLog.java:110)
at Test.Ancera.Reports.SalmonellaLog.RowsPerPage(SalmonellaLog.java:110)
at Test.Ancera.Reports.SalmonellaLog.RowsPerPage(SalmonellaLog.java:110)
at Test.Ancera.Reports.SalmonellaLog.RowsPerPage(SalmonellaLog.java:110)
at Test.Ancera.Reports.SalmonellaLog.RowsPerPage(SalmonellaLog.java:110)
at Test.Ancera.Reports.SalmonellaLog.RowsPerPage(SalmonellaLog.java:110)
at Test.Ancera.Reports.SalmonellaLog.RowsPerPage(SalmonellaLog.java:110)
at Test.Ancera.Reports.SalmonellaLog.RowsPerPage(SalmonellaLog.java:110)
at Test.Ancera.Reports.SalmonellaLog.RowsPerPage(SalmonellaLog.java:110)
at Test.Ancera.Reports.SalmonellaLog.RowsPerPage(SalmonellaLog.java:110)
at Test.Ancera.Reports.SalmonellaLog.RowsPerPage(SalmonellaLog.java:110)
at Test.Ancera.Reports.SalmonellaLog.RowsPerPage(SalmonellaLog.java:110)
at Test.Ancera.Reports.SalmonellaLog.RowsPerPage(SalmonellaLog.java:110)
at Test.Ancera.Reports.SalmonellaLog.RowsPerPage(SalmonellaLog.java:110)
at Test.Ancera.Reports.SalmonellaLog.RowsPerPage(SalmonellaLog.java:110)
at Test.Ancera.Reports.SalmonellaLog.RowsPerPage(SalmonellaLog.java:110)
at Test.Ancera.Reports.SalmonellaLog.RowsPerPage(SalmonellaLog.java:110)
at Test.Ancera.Reports.SalmonellaLog.RowsPerPage(SalmonellaLog.java:110)
at Test.Ancera.Reports.SalmonellaLog.RowsPerPage(SalmonellaLog.java:110)
at Test.Ancera.Reports.SalmonellaLog.RowsPerPage(SalmonellaLog.java:110)
at Test.Ancera.Reports.SalmonellaLog.RowsPerPage(SalmonellaLog.java:110)
at Test.Ancera.Reports.SalmonellaLog.RowsPerPage(SalmonellaLog.java:110)
at Test.Ancera.Reports.SalmonellaLog.RowsPerPage(SalmonellaLog.java:110)
at Test.Ancera.Reports.SalmonellaLog.RowsPerPage(SalmonellaLog.java:110)
at Test.Ancera.Reports.SalmonellaLog.RowsPerPage(SalmonellaLog.java:110)
at Test.Ancera.Reports.SalmonellaLog.RowsPerPage(SalmonellaLog.java:110)
at Test.Ancera.Reports.SalmonellaLog.RowsPerPage(SalmonellaLog.java:110)
at Test.Ancera.Reports.SalmonellaLog.RowsPerPage(SalmonellaLog.java:110)
at Test.Ancera.Reports.SalmonellaLog.RowsPerPage(SalmonellaLog.java:110)
at Test.Ancera.Reports.SalmonellaLog.RowsPerPage(SalmonellaLog.java:110)
at Test.Ancera.Reports.SalmonellaLog.RowsPerPage(SalmonellaLog.java:110)
at Test.Ancera.Reports.SalmonellaLog.RowsPerPage(SalmonellaLog.java:110)
at Test.Ancera.Reports.SalmonellaLog.RowsPerPage(SalmonellaLog.java:110)
at Test.Ancera.Reports.SalmonellaLog.RowsPerPage(SalmonellaLog.java:110)
at Test.Ancera.Reports.SalmonellaLog.RowsPerPage(SalmonellaLog.java:110)
at Test.Ancera.Reports.SalmonellaLog.RowsPerPage(SalmonellaLog.java:110)
at Test.Ancera.Reports.SalmonellaLog.RowsPerPage(SalmonellaLog.java:110)
at Test.Ancera.Reports.SalmonellaLog.RowsPerPage(SalmonellaLog.java:110)
at Test.Ancera.Reports.SalmonellaLog.RowsPerPage(SalmonellaLog.java:110)
at Test.Ancera.Reports.SalmonellaLog.RowsPerPage(SalmonellaLog.java:110)
at Test.Ancera.Reports.SalmonellaLog.RowsPerPage(SalmonellaLog.java:110)
at Test.Ancera.Reports.SalmonellaLog.RowsPerPage(SalmonellaLog.java:110)
at Test.Ancera.Reports.SalmonellaLog.RowsPerPage(SalmonellaLog.java:110)
at Test.Ancera.Reports.SalmonellaLog.RowsPerPage(SalmonellaLog.java:110)
at Test.Ancera.Reports.SalmonellaLog.RowsPerPage(SalmonellaLog.java:110)
at Test.Ancera.Reports.SalmonellaLog.RowsPerPage(SalmonellaLog.java:110)
at Test.Ancera.Reports.SalmonellaLog.RowsPerPage(SalmonellaLog.java:110)
at Test.Ancera.Reports.SalmonellaLog.RowsPerPage(SalmonellaLog.java:110)
at Test.Ancera.Reports.SalmonellaLog.RowsPerPage(SalmonellaLog.java:110)
at Test.Ancera.Reports.SalmonellaLog.RowsPerPage(SalmonellaLog.java:110)
at Test.Ancera.Reports.SalmonellaLog.RowsPerPage(SalmonellaLog.java:110)
at Test.Ancera.Reports.SalmonellaLog.RowsPerPage(SalmonellaLog.java:110)
at Test.Ancera.Reports.SalmonellaLog.RowsPerPage(SalmonellaLog.java:110)
at Test.Ancera.Reports.SalmonellaLog.RowsPerPage(SalmonellaLog.java:110)
at Test.Ancera.Reports.SalmonellaLog.RowsPerPage(SalmonellaLog.java:110)
at Test.Ancera.Reports.SalmonellaLog.RowsPerPage(SalmonellaLog.java:110)
at Test.Ancera.Reports.SalmonellaLog.RowsPerPage(SalmonellaLog.java:110)
at Test.Ancera.Reports.SalmonellaLog.RowsPerPage(SalmonellaLog.java:110)
at Test.Ancera.Reports.SalmonellaLog.RowsPerPage(SalmonellaLog.java:110)
at Test.Ancera.Reports.SalmonellaLog.RowsPerPage(SalmonellaLog.java:110)
at Test.Ancera.Reports.SalmonellaLog.RowsPerPage(SalmonellaLog.java:110)
at Test.Ancera.Reports.SalmonellaLog.RowsPerPage(SalmonellaLog.java:110)
at Test.Ancera.Reports.SalmonellaLog.RowsPerPage(SalmonellaLog.java:110)
at Test.Ancera.Reports.SalmonellaLog.RowsPerPage(SalmonellaLog.java:110)
at Test.Ancera.Reports.SalmonellaLog.RowsPerPage(SalmonellaLog.java:110)
at Test.Ancera.Reports.SalmonellaLog.RowsPerPage(SalmonellaLog.java:110)
at Test.Ancera.Reports.SalmonellaLog.RowsPerPage(SalmonellaLog.java:110)
at Test.Ancera.Reports.SalmonellaLog.RowsPerPage(SalmonellaLog.java:110)
at Test.Ancera.Reports.SalmonellaLog.RowsPerPage(SalmonellaLog.java:110)
at Test.Ancera.Reports.SalmonellaLog.RowsPerPage(SalmonellaLog.java:110)
at Test.Ancera.Reports.SalmonellaLog.RowsPerPage(SalmonellaLog.java:110)
at Test.Ancera.Reports.SalmonellaLog.RowsPerPage(SalmonellaLog.java:110)
at Test.Ancera.Reports.SalmonellaLog.RowsPerPage(SalmonellaLog.java:110)
at Test.Ancera.Reports.SalmonellaLog.RowsPerPage(SalmonellaLog.java:110)
at Test.Ancera.Reports.SalmonellaLog.RowsPerPage(SalmonellaLog.java:110)
at Test.Ancera.Reports.SalmonellaLog.RowsPerPage(SalmonellaLog.java:110)
at Test.Ancera.Reports.SalmonellaLog.RowsPerPage(SalmonellaLog.java:110)
at Test.Ancera.Reports.SalmonellaLog.RowsPerPage(SalmonellaLog.java:110)
at Test.Ancera.Reports.SalmonellaLog.RowsPerPage(SalmonellaLog.java:110)
at Test.Ancera.Reports.SalmonellaLog.RowsPerPage(SalmonellaLog.java:110)
at Test.Ancera.Reports.SalmonellaLog.RowsPerPage(SalmonellaLog.java:110)
at Test.Ancera.Reports.SalmonellaLog.RowsPerPage(SalmonellaLog.java:110)
at Test.Ancera.Reports.SalmonellaLog.RowsPerPage(SalmonellaLog.java:110)
at Test.Ancera.Reports.SalmonellaLog.RowsPerPage(SalmonellaLog.java:110)
at Test.Ancera.Reports.SalmonellaLog.RowsPerPage(SalmonellaLog.java:110)
at Test.Ancera.Reports.SalmonellaLog.RowsPerPage(SalmonellaLog.java:110)
at Test.Ancera.Reports.SalmonellaLog.RowsPerPage(SalmonellaLog.java:110)
at Test.Ancera.Reports.SalmonellaLog.RowsPerPage(SalmonellaLog.java:110)
at Test.Ancera.Reports.SalmonellaLog.RowsPerPage(SalmonellaLog.java:110)
at Test.Ancera.Reports.SalmonellaLog.RowsPerPage(SalmonellaLog.java:110)
at Test.Ancera.Reports.SalmonellaLog.RowsPerPage(SalmonellaLog.java:110)
at Test.Ancera.Reports.SalmonellaLog.RowsPerPage(SalmonellaLog.java:110)
at Test.Ancera.Reports.SalmonellaLog.RowsPerPage(SalmonellaLog.java:110)
at Test.Ancera.Reports.SalmonellaLog.RowsPerPage(SalmonellaLog.java:110)
at Test.Ancera.Reports.SalmonellaLog.RowsPerPage(SalmonellaLog.java:110)
at Test.Ancera.Reports.SalmonellaLog.RowsPerPage(SalmonellaLog.java:110)
at Test.Ancera.Reports.SalmonellaLog.RowsPerPage(SalmonellaLog.java:110)
at Test.Ancera.Reports.SalmonellaLog.RowsPerPage(SalmonellaLog.java:110)
at Test.Ancera.Reports.SalmonellaLog.RowsPerPage(SalmonellaLog.java:110)
at Test.Ancera.Reports.SalmonellaLog.RowsPerPage(SalmonellaLog.java:110)
at Test.Ancera.Reports.SalmonellaLog.RowsPerPage(SalmonellaLog.java:110)
at Test.Ancera.Reports.SalmonellaLog.RowsPerPage(SalmonellaLog.java:110)
at Test.Ancera.Reports.SalmonellaLog.RowsPerPage(SalmonellaLog.java:110)
at Test.Ancera.Reports.SalmonellaLog.RowsPerPage(SalmonellaLog.java:110)
at Test.Ancera.Reports.SalmonellaLog.RowsPerPage(SalmonellaLog.java:110)
at Test.Ancera.Reports.SalmonellaLog.RowsPerPage(SalmonellaLog.java:110)
at Test.Ancera.Reports.SalmonellaLog.RowsPerPage(SalmonellaLog.java:110)
at Test.Ancera.Reports.SalmonellaLog.RowsPerPage(SalmonellaLog.java:110)
at Test.Ancera.Reports.SalmonellaLog.RowsPerPage(SalmonellaLog.java:110)
at Test.Ancera.Reports.SalmonellaLog.RowsPerPage(SalmonellaLog.java:110)
at Test.Ancera.Reports.SalmonellaLog.RowsPerPage(SalmonellaLog.java:110)
at Test.Ancera.Reports.SalmonellaLog.RowsPerPage(SalmonellaLog.java:110)
at Test.Ancera.Reports.SalmonellaLog.RowsPerPage(SalmonellaLog.java:110)
at Test.Ancera.Reports.SalmonellaLog.RowsPerPage(SalmonellaLog.java:110)
at Test.Ancera.Reports.SalmonellaLog.RowsPerPage(SalmonellaLog.java:110)
at Test.Ancera.Reports.SalmonellaLog.RowsPerPage(SalmonellaLog.java:110)
at Test.Ancera.Reports.SalmonellaLog.RowsPerPage(SalmonellaLog.java:110)
at Test.Ancera.Reports.SalmonellaLog.RowsPerPage(SalmonellaLog.java:110)
at Test.Ancera.Reports.SalmonellaLog.RowsPerPage(SalmonellaLog.java:110)
at Test.Ancera.Reports.SalmonellaLog.RowsPerPage(SalmonellaLog.java:110)
at Test.Ancera.Reports.SalmonellaLog.RowsPerPage(SalmonellaLog.java:110)
at Test.Ancera.Reports.SalmonellaLog.RowsPerPage(SalmonellaLog.java:110)
at Test.Ancera.Reports.SalmonellaLog.RowsPerPage(SalmonellaLog.java:110)
at Test.Ancera.Reports.SalmonellaLog.RowsPerPage(SalmonellaLog.java:110)
at Test.Ancera.Reports.SalmonellaLog.RowsPerPage(SalmonellaLog.java:110)
at Test.Ancera.Reports.SalmonellaLog.RowsPerPage(SalmonellaLog.java:110)
at Test.Ancera.Reports.SalmonellaLog.RowsPerPage(SalmonellaLog.java:110)
at Test.Ancera.Reports.SalmonellaLog.RowsPerPage(SalmonellaLog.java:110)
at Test.Ancera.Reports.SalmonellaLog.RowsPerPage(SalmonellaLog.java:110)
at Test.Ancera.Reports.SalmonellaLog.RowsPerPage(SalmonellaLog.java:110)
at Test.Ancera.Reports.SalmonellaLog.RowsPerPage(SalmonellaLog.java:110)
at Test.Ancera.Reports.SalmonellaLog.RowsPerPage(SalmonellaLog.java:110)
at Test.Ancera.Reports.SalmonellaLog.RowsPerPage(SalmonellaLog.java:110)
at Test.Ancera.Reports.SalmonellaLog.RowsPerPage(SalmonellaLog.java:110)
at Test.Ancera.Reports.SalmonellaLog.RowsPerPage(SalmonellaLog.java:110)
at Test.Ancera.Reports.SalmonellaLog.RowsPerPage(SalmonellaLog.java:110)
at Test.Ancera.Reports.SalmonellaLog.RowsPerPage(SalmonellaLog.java:110)
at Test.Ancera.Reports.SalmonellaLog.RowsPerPage(SalmonellaLog.java:110)
at Test.Ancera.Reports.SalmonellaLog.RowsPerPage(SalmonellaLog.java:110)
at Test.Ancera.Reports.SalmonellaLog.RowsPerPage(SalmonellaLog.java:110)
at Test.Ancera.Reports.SalmonellaLog.RowsPerPage(SalmonellaLog.java:110)
at Test.Ancera.Reports.SalmonellaLog.RowsPerPage(SalmonellaLog.java:110)
at Test.Ancera.Reports.SalmonellaLog.RowsPerPage(SalmonellaLog.java:110)
at Test.Ancera.Reports.SalmonellaLog.RowsPerPage(SalmonellaLog.java:110)
at Test.Ancera.Reports.SalmonellaLog.RowsPerPage(SalmonellaLog.java:110)
at Test.Ancera.Reports.SalmonellaLog.RowsPerPage(SalmonellaLog.java:110)
at Test.Ancera.Reports.SalmonellaLog.RowsPerPage(SalmonellaLog.java:110)
at Test.Ancera.Reports.SalmonellaLog.RowsPerPage(SalmonellaLog.java:110)
at Test.Ancera.Reports.SalmonellaLog.RowsPerPage(SalmonellaLog.java:110)
at Test.Ancera.Reports.SalmonellaLog.RowsPerPage(SalmonellaLog.java:110)
at Test.Ancera.Reports.SalmonellaLog.RowsPerPage(SalmonellaLog.java:110)
at Test.Ancera.Reports.SalmonellaLog.RowsPerPage(SalmonellaLog.java:110)
at Test.Ancera.Reports.SalmonellaLog.RowsPerPage(SalmonellaLog.java:110)
at Test.Ancera.Reports.SalmonellaLog.RowsPerPage(SalmonellaLog.java:110)
at Test.Ancera.Reports.SalmonellaLog.RowsPerPage(SalmonellaLog.java:110)
at Test.Ancera.Reports.SalmonellaLog.RowsPerPage(SalmonellaLog.java:110)
at Test.Ancera.Reports.SalmonellaLog.RowsPerPage(SalmonellaLog.java:110)
at Test.Ancera.Reports.SalmonellaLog.RowsPerPage(SalmonellaLog.java:110)
at Test.Ancera.Reports.SalmonellaLog.RowsPerPage(SalmonellaLog.java:110)
at Test.Ancera.Reports.SalmonellaLog.RowsPerPage(SalmonellaLog.java:110)
at Test.Ancera.Reports.SalmonellaLog.RowsPerPage(SalmonellaLog.java:110)
at Test.Ancera.Reports.SalmonellaLog.RowsPerPage(SalmonellaLog.java:110)
at Test.Ancera.Reports.SalmonellaLog.RowsPerPage(SalmonellaLog.java:110)
at Test.Ancera.Reports.SalmonellaLog.RowsPerPage(SalmonellaLog.java:110)
at Test.Ancera.Reports.SalmonellaLog.RowsPerPage(SalmonellaLog.java:110)
at Test.Ancera.Reports.SalmonellaLog.RowsPerPage(SalmonellaLog.java:110)
at Test.Ancera.Reports.SalmonellaLog.RowsPerPage(SalmonellaLog.java:110)
at Test.Ancera.Reports.SalmonellaLog.RowsPerPage(SalmonellaLog.java:110)
at Test.Ancera.Reports.SalmonellaLog.RowsPerPage(SalmonellaLog.java:110)
at Test.Ancera.Reports.SalmonellaLog.RowsPerPage(SalmonellaLog.java:110)
at Test.Ancera.Reports.SalmonellaLog.RowsPerPage(SalmonellaLog.java:110)
at Test.Ancera.Reports.SalmonellaLog.RowsPerPage(SalmonellaLog.java:110)
at Test.Ancera.Reports.SalmonellaLog.RowsPerPage(SalmonellaLog.java:110)
at Test.Ancera.Reports.SalmonellaLog.RowsPerPage(SalmonellaLog.java:110)
at Test.Ancera.Reports.SalmonellaLog.RowsPerPage(SalmonellaLog.java:110)
at Test.Ancera.Reports.SalmonellaLog.RowsPerPage(SalmonellaLog.java:110)
at Test.Ancera.Reports.SalmonellaLog.RowsPerPage(SalmonellaLog.java:110)
at Test.Ancera.Reports.SalmonellaLog.RowsPerPage(SalmonellaLog.java:110)
at Test.Ancera.Reports.SalmonellaLog.RowsPerPage(SalmonellaLog.java:110)
at Test.Ancera.Reports.SalmonellaLog.RowsPerPage(SalmonellaLog.java:110)
at Test.Ancera.Reports.SalmonellaLog.RowsPerPage(SalmonellaLog.java:110)
at Test.Ancera.Reports.SalmonellaLog.RowsPerPage(SalmonellaLog.java:110)
at Test.Ancera.Reports.SalmonellaLog.RowsPerPage(SalmonellaLog.java:110)
at Test.Ancera.Reports.SalmonellaLog.RowsPerPage(SalmonellaLog.java:110)
at Test.Ancera.Reports.SalmonellaLog.RowsPerPage(SalmonellaLog.java:110)
at Test.Ancera.Reports.SalmonellaLog.RowsPerPage(SalmonellaLog.java:110)
at Test.Ancera.Reports.SalmonellaLog.RowsPerPage(SalmonellaLog.java:110)
at Test.Ancera.Reports.SalmonellaLog.RowsPerPage(SalmonellaLog.java:110)
at Test.Ancera.Reports.SalmonellaLog.RowsPerPage(SalmonellaLog.java:110)
at Test.Ancera.Reports.SalmonellaLog.RowsPerPage(SalmonellaLog.java:110)
at Test.Ancera.Reports.SalmonellaLog.RowsPerPage(SalmonellaLog.java:110)
at Test.Ancera.Reports.SalmonellaLog.RowsPerPage(SalmonellaLog.java:110)
at Test.Ancera.Reports.SalmonellaLog.RowsPerPage(SalmonellaLog.java:110)
at Test.Ancera.Reports.SalmonellaLog.RowsPerPage(SalmonellaLog.java:110)
at Test.Ancera.Reports.SalmonellaLog.RowsPerPage(SalmonellaLog.java:110)
at Test.Ancera.Reports.SalmonellaLog.RowsPerPage(SalmonellaLog.java:110)
at Test.Ancera.Reports.SalmonellaLog.RowsPerPage(SalmonellaLog.java:110)
at Test.Ancera.Reports.SalmonellaLog.RowsPerPage(SalmonellaLog.java:110)
at Test.Ancera.Reports.SalmonellaLog.RowsPerPage(SalmonellaLog.java:110)
at Test.Ancera.Reports.SalmonellaLog.RowsPerPage(SalmonellaLog.java:110)
at Test.Ancera.Reports.SalmonellaLog.RowsPerPage(SalmonellaLog.java:110)
at Test.Ancera.Reports.SalmonellaLog.RowsPerPage(SalmonellaLog.java:110)
at Test.Ancera.Reports.SalmonellaLog.RowsPerPage(SalmonellaLog.java:110)
at Test.Ancera.Reports.SalmonellaLog.RowsPerPage(SalmonellaLog.java:110)
at Test.Ancera.Reports.SalmonellaLog.RowsPerPage(SalmonellaLog.java:110)
at Test.Ancera.Reports.SalmonellaLog.RowsPerPage(SalmonellaLog.java:110)
at Test.Ancera.Reports.SalmonellaLog.RowsPerPage(SalmonellaLog.java:110)
at Test.Ancera.Reports.SalmonellaLog.RowsPerPage(SalmonellaLog.java:110)
at Test.Ancera.Reports.SalmonellaLog.RowsPerPage(SalmonellaLog.java:110)
at Test.Ancera.Reports.SalmonellaLog.RowsPerPage(SalmonellaLog.java:110)
at Test.Ancera.Reports.SalmonellaLog.RowsPerPage(SalmonellaLog.java:110)
at Test.Ancera.Reports.SalmonellaLog.RowsPerPage(SalmonellaLog.java:110)
at Test.Ancera.Reports.SalmonellaLog.RowsPerPage(SalmonellaLog.java:110)
]]>
    </error>
  </testcase> <!-- RowsPerPage -->
  <system-out/>
  <testcase classname="Test.Ancera.Reports.SalmonellaLog" name="PaginationSalm" time="64.378"/>
  <system-out/>
  <testcase classname="Test.Ancera.Reports.SalmonellaLog" name="DateFilter" time="95.162"/>
  <system-out/>
  <testcase classname="Test.Ancera.Reports.SalmonellaLog" name="DateLockFilter" time="1.315">
    <error message="element not interactable
  (Session info: chrome=108.0.5359.124)
Build info: version: &#039;4.1.2&#039;, revision: &#039;9a5a329c5a&#039;
System info: host: &#039;APL-LHR-JA0201&#039;, ip: &#039;172.26.0.1&#039;, os.name: &#039;Windows 10&#039;, os.arch: &#039;amd64&#039;, os.version: &#039;10.0&#039;, java.version: &#039;15.0.2&#039;
Driver info: org.openqa.selenium.chrome.ChromeDriver
Command: [40d09906d4c3477f20656572743aa8ee, clickElement {id=e7a44d80-a250-4ae2-b05d-8e4505d39014}]
Capabilities {acceptInsecureCerts: false, browserName: chrome, browserVersion: 108.0.5359.124, chrome: {chromedriverVersion: 108.0.5359.71 (1e0e3868ee06..., userDataDir: C:\Users\JUNAID~1.ALA\AppDa...}, goog:chromeOptions: {debuggerAddress: localhost:59299}, javascriptEnabled: true, networkConnectionEnabled: false, pageLoadStrategy: normal, platform: WINDOWS, platformName: WINDOWS, proxy: Proxy(), se:cdp: ws://localhost:59299/devtoo..., se:cdpVersion: 108.0.5359.124, setWindowRect: true, strictFileInteractability: false, timeouts: {implicit: 0, pageLoad: 300000, script: 30000}, unhandledPromptBehavior: dismiss and notify, webauthn:extension:credBlob: true, webauthn:extension:largeBlob: true, webauthn:virtualAuthenticators: true}
Element: [[ChromeDriver: chrome on WINDOWS (40d09906d4c3477f20656572743aa8ee)] -&gt; id: remove-filters]
Session ID: 40d09906d4c3477f20656572743aa8ee" type="org.openqa.selenium.ElementNotInteractableException">
      <![CDATA[org.openqa.selenium.ElementNotInteractableException: element not interactable
  (Session info: chrome=108.0.5359.124)
Build info: version: '4.1.2', revision: '9a5a329c5a'
System info: host: 'APL-LHR-JA0201', ip: '172.26.0.1', os.name: 'Windows 10', os.arch: 'amd64', os.version: '10.0', java.version: '15.0.2'
Driver info: org.openqa.selenium.chrome.ChromeDriver
Command: [40d09906d4c3477f20656572743aa8ee, clickElement {id=e7a44d80-a250-4ae2-b05d-8e4505d39014}]
Capabilities {acceptInsecureCerts: false, browserName: chrome, browserVersion: 108.0.5359.124, chrome: {chromedriverVersion: 108.0.5359.71 (1e0e3868ee06..., userDataDir: C:\Users\JUNAID~1.ALA\AppDa...}, goog:chromeOptions: {debuggerAddress: localhost:59299}, javascriptEnabled: true, networkConnectionEnabled: false, pageLoadStrategy: normal, platform: WINDOWS, platformName: WINDOWS, proxy: Proxy(), se:cdp: ws://localhost:59299/devtoo..., se:cdpVersion: 108.0.5359.124, setWindowRect: true, strictFileInteractability: false, timeouts: {implicit: 0, pageLoad: 300000, script: 30000}, unhandledPromptBehavior: dismiss and notify, webauthn:extension:credBlob: true, webauthn:extension:largeBlob: true, webauthn:virtualAuthenticators: true}
Element: [[ChromeDriver: chrome on WINDOWS (40d09906d4c3477f20656572743aa8ee)] -> id: remove-filters]
Session ID: 40d09906d4c3477f20656572743aa8ee
at java.base/jdk.internal.reflect.NativeConstructorAccessorImpl.newInstance0(Native Method)
at java.base/jdk.internal.reflect.NativeConstructorAccessorImpl.newInstance(NativeConstructorAccessorImpl.java:64)
at java.base/jdk.internal.reflect.DelegatingConstructorAccessorImpl.newInstance(DelegatingConstructorAccessorImpl.java:45)
at java.base/java.lang.reflect.Constructor.newInstanceWithCaller(Constructor.java:500)
at java.base/java.lang.reflect.Constructor.newInstance(Constructor.java:481)
at org.openqa.selenium.remote.codec.w3c.W3CHttpResponseCodec.createException(W3CHttpResponseCodec.java:200)
at org.openqa.selenium.remote.codec.w3c.W3CHttpResponseCodec.decode(W3CHttpResponseCodec.java:133)
at org.openqa.selenium.remote.codec.w3c.W3CHttpResponseCodec.decode(W3CHttpResponseCodec.java:53)
at org.openqa.selenium.remote.HttpCommandExecutor.execute(HttpCommandExecutor.java:184)
at org.openqa.selenium.remote.service.DriverCommandExecutor.invokeExecute(DriverCommandExecutor.java:167)
at org.openqa.selenium.remote.service.DriverCommandExecutor.execute(DriverCommandExecutor.java:142)
at org.openqa.selenium.remote.RemoteWebDriver.execute(RemoteWebDriver.java:558)
at org.openqa.selenium.remote.RemoteWebElement.execute(RemoteWebElement.java:251)
at org.openqa.selenium.remote.RemoteWebElement.click(RemoteWebElement.java:77)
at Test.Ancera.Reports.SalmonellaLog.DateLockFilter(SalmonellaLog.java:356)
at java.base/jdk.internal.reflect.NativeMethodAccessorImpl.invoke0(Native Method)
at java.base/jdk.internal.reflect.NativeMethodAccessorImpl.invoke(NativeMethodAccessorImpl.java:64)
at java.base/jdk.internal.reflect.DelegatingMethodAccessorImpl.invoke(DelegatingMethodAccessorImpl.java:43)
at java.base/java.lang.reflect.Method.invoke(Method.java:564)
at org.testng.internal.MethodInvocationHelper.invokeMethod(MethodInvocationHelper.java:132)
at org.testng.internal.TestInvoker.invokeMethod(TestInvoker.java:599)
at org.testng.internal.TestInvoker.invokeTestMethod(TestInvoker.java:174)
at org.testng.internal.MethodRunner.runInSequence(MethodRunner.java:46)
at org.testng.internal.TestInvoker$MethodInvocationAgent.invoke(TestInvoker.java:822)
at org.testng.internal.TestInvoker.invokeTestMethods(TestInvoker.java:147)
at org.testng.internal.TestMethodWorker.invokeTestMethods(TestMethodWorker.java:146)
at org.testng.internal.TestMethodWorker.run(TestMethodWorker.java:128)
at java.base/java.util.ArrayList.forEach(ArrayList.java:1511)
at org.testng.TestRunner.privateRun(TestRunner.java:764)
at org.testng.TestRunner.run(TestRunner.java:585)
at org.testng.SuiteRunner.runTest(SuiteRunner.java:384)
at org.testng.SuiteRunner.runSequentially(SuiteRunner.java:378)
at org.testng.SuiteRunner.privateRun(SuiteRunner.java:337)
at org.testng.SuiteRunner.run(SuiteRunner.java:286)
at org.testng.SuiteRunnerWorker.runSuite(SuiteRunnerWorker.java:53)
at org.testng.SuiteRunnerWorker.run(SuiteRunnerWorker.java:96)
at org.testng.TestNG.runSuitesSequentially(TestNG.java:1218)
at org.testng.TestNG.runSuitesLocally(TestNG.java:1140)
at org.testng.TestNG.runSuites(TestNG.java:1069)
at org.testng.TestNG.run(TestNG.java:1037)
at org.testng.remote.AbstractRemoteTestNG.run(AbstractRemoteTestNG.java:115)
at org.testng.remote.RemoteTestNG.initAndRun(RemoteTestNG.java:251)
at org.testng.remote.RemoteTestNG.main(RemoteTestNG.java:77)
]]>
    </error>
  </testcase> <!-- DateLockFilter -->
  <system-out/>
  <testcase classname="Test.Ancera.Reports.SalmonellaLog" name="SiteName" time="26.985">
    <error message="class java.lang.ThreadLocal cannot be cast to class org.openqa.selenium.JavascriptExecutor (java.lang.ThreadLocal is in module java.base of loader &#039;bootstrap&#039;; org.openqa.selenium.JavascriptExecutor is in unnamed module of loader &#039;app&#039;)" type="java.lang.ClassCastException">
      <![CDATA[java.lang.ClassCastException: class java.lang.ThreadLocal cannot be cast to class org.openqa.selenium.JavascriptExecutor (java.lang.ThreadLocal is in module java.base of loader 'bootstrap'; org.openqa.selenium.JavascriptExecutor is in unnamed module of loader 'app')
at Test.Ancera.Reports.SalmonellaLog.SiteName(SalmonellaLog.java:383)
at java.base/jdk.internal.reflect.NativeMethodAccessorImpl.invoke0(Native Method)
at java.base/jdk.internal.reflect.NativeMethodAccessorImpl.invoke(NativeMethodAccessorImpl.java:64)
at java.base/jdk.internal.reflect.DelegatingMethodAccessorImpl.invoke(DelegatingMethodAccessorImpl.java:43)
at java.base/java.lang.reflect.Method.invoke(Method.java:564)
at org.testng.internal.MethodInvocationHelper.invokeMethod(MethodInvocationHelper.java:132)
at org.testng.internal.TestInvoker.invokeMethod(TestInvoker.java:599)
at org.testng.internal.TestInvoker.invokeTestMethod(TestInvoker.java:174)
at org.testng.internal.MethodRunner.runInSequence(MethodRunner.java:46)
at org.testng.internal.TestInvoker$MethodInvocationAgent.invoke(TestInvoker.java:822)
at org.testng.internal.TestInvoker.invokeTestMethods(TestInvoker.java:147)
at org.testng.internal.TestMethodWorker.invokeTestMethods(TestMethodWorker.java:146)
at org.testng.internal.TestMethodWorker.run(TestMethodWorker.java:128)
at java.base/java.util.ArrayList.forEach(ArrayList.java:1511)
at org.testng.TestRunner.privateRun(TestRunner.java:764)
at org.testng.TestRunner.run(TestRunner.java:585)
at org.testng.SuiteRunner.runTest(SuiteRunner.java:384)
at org.testng.SuiteRunner.runSequentially(SuiteRunner.java:378)
at org.testng.SuiteRunner.privateRun(SuiteRunner.java:337)
at org.testng.SuiteRunner.run(SuiteRunner.java:286)
at org.testng.SuiteRunnerWorker.runSuite(SuiteRunnerWorker.java:53)
at org.testng.SuiteRunnerWorker.run(SuiteRunnerWorker.java:96)
at org.testng.TestNG.runSuitesSequentially(TestNG.java:1218)
at org.testng.TestNG.runSuitesLocally(TestNG.java:1140)
at org.testng.TestNG.runSuites(TestNG.java:1069)
at org.testng.TestNG.run(TestNG.java:1037)
at org.testng.remote.AbstractRemoteTestNG.run(AbstractRemoteTestNG.java:115)
at org.testng.remote.RemoteTestNG.initAndRun(RemoteTestNG.java:251)
at org.testng.remote.RemoteTestNG.main(RemoteTestNG.java:77)
]]>
    </error>
  </testcase> <!-- SiteName -->
  <system-out/>
  <testcase classname="Test.Ancera.Reports.SalmonellaLog" name="Contexual" time="29.923">
    <error message="class java.lang.ThreadLocal cannot be cast to class org.openqa.selenium.JavascriptExecutor (java.lang.ThreadLocal is in module java.base of loader &#039;bootstrap&#039;; org.openqa.selenium.JavascriptExecutor is in unnamed module of loader &#039;app&#039;)" type="java.lang.ClassCastException">
      <![CDATA[java.lang.ClassCastException: class java.lang.ThreadLocal cannot be cast to class org.openqa.selenium.JavascriptExecutor (java.lang.ThreadLocal is in module java.base of loader 'bootstrap'; org.openqa.selenium.JavascriptExecutor is in unnamed module of loader 'app')
at Test.Ancera.Reports.SalmonellaLog.Contexual(SalmonellaLog.java:443)
at java.base/jdk.internal.reflect.NativeMethodAccessorImpl.invoke0(Native Method)
at java.base/jdk.internal.reflect.NativeMethodAccessorImpl.invoke(NativeMethodAccessorImpl.java:64)
at java.base/jdk.internal.reflect.DelegatingMethodAccessorImpl.invoke(DelegatingMethodAccessorImpl.java:43)
at java.base/java.lang.reflect.Method.invoke(Method.java:564)
at org.testng.internal.MethodInvocationHelper.invokeMethod(MethodInvocationHelper.java:132)
at org.testng.internal.TestInvoker.invokeMethod(TestInvoker.java:599)
at org.testng.internal.TestInvoker.invokeTestMethod(TestInvoker.java:174)
at org.testng.internal.MethodRunner.runInSequence(MethodRunner.java:46)
at org.testng.internal.TestInvoker$MethodInvocationAgent.invoke(TestInvoker.java:822)
at org.testng.internal.TestInvoker.invokeTestMethods(TestInvoker.java:147)
at org.testng.internal.TestMethodWorker.invokeTestMethods(TestMethodWorker.java:146)
at org.testng.internal.TestMethodWorker.run(TestMethodWorker.java:128)
at java.base/java.util.ArrayList.forEach(ArrayList.java:1511)
at org.testng.TestRunner.privateRun(TestRunner.java:764)
at org.testng.TestRunner.run(TestRunner.java:585)
at org.testng.SuiteRunner.runTest(SuiteRunner.java:384)
at org.testng.SuiteRunner.runSequentially(SuiteRunner.java:378)
at org.testng.SuiteRunner.privateRun(SuiteRunner.java:337)
at org.testng.SuiteRunner.run(SuiteRunner.java:286)
at org.testng.SuiteRunnerWorker.runSuite(SuiteRunnerWorker.java:53)
at org.testng.SuiteRunnerWorker.run(SuiteRunnerWorker.java:96)
at org.testng.TestNG.runSuitesSequentially(TestNG.java:1218)
at org.testng.TestNG.runSuitesLocally(TestNG.java:1140)
at org.testng.TestNG.runSuites(TestNG.java:1069)
at org.testng.TestNG.run(TestNG.java:1037)
at org.testng.remote.AbstractRemoteTestNG.run(AbstractRemoteTestNG.java:115)
at org.testng.remote.RemoteTestNG.initAndRun(RemoteTestNG.java:251)
at org.testng.remote.RemoteTestNG.main(RemoteTestNG.java:77)
]]>
    </error>
  </testcase> <!-- Contexual -->
  <system-out/>
  <testcase classname="Test.Ancera.Reports.SalmonellaLog" name="AllignmentTest" time="0.876"/>
  <system-out/>
  <testcase classname="Test.Ancera.Reports.SalmonellaLog" name="FieldAccess" time="558.405"/>
  <system-out/>
  <testcase classname="Test.Ancera.Reports.SalmonellaLog" name="FieldAccessResetDefault" time="7.390"/>
  <system-out/>
  <testcase classname="Test.Ancera.Reports.SalmonellaLog" name="PNGExport" time="30.523"/>
  <system-out/>
  <testcase classname="Test.Ancera.Reports.SalmonellaLog" name="CSVExport" time="2.959">
    <error message="no such element: Unable to locate element: {&quot;method&quot;:&quot;xpath&quot;,&quot;selector&quot;:&quot;//*[text() = &#039; Export as CSV &#039;]&quot;}
  (Session info: chrome=108.0.5359.124)
For documentation on this error, please visit: https://selenium.dev/exceptions/#no_such_element
Build info: version: &#039;4.1.2&#039;, revision: &#039;9a5a329c5a&#039;
System info: host: &#039;APL-LHR-JA0201&#039;, ip: &#039;172.26.0.1&#039;, os.name: &#039;Windows 10&#039;, os.arch: &#039;amd64&#039;, os.version: &#039;10.0&#039;, java.version: &#039;15.0.2&#039;
Driver info: org.openqa.selenium.chrome.ChromeDriver
Command: [40d09906d4c3477f20656572743aa8ee, findElement {using=xpath, value=//*[text() = &#039; Export as CSV &#039;]}]
Capabilities {acceptInsecureCerts: false, browserName: chrome, browserVersion: 108.0.5359.124, chrome: {chromedriverVersion: 108.0.5359.71 (1e0e3868ee06..., userDataDir: C:\Users\JUNAID~1.ALA\AppDa...}, goog:chromeOptions: {debuggerAddress: localhost:59299}, javascriptEnabled: true, networkConnectionEnabled: false, pageLoadStrategy: normal, platform: WINDOWS, platformName: WINDOWS, proxy: Proxy(), se:cdp: ws://localhost:59299/devtoo..., se:cdpVersion: 108.0.5359.124, setWindowRect: true, strictFileInteractability: false, timeouts: {implicit: 0, pageLoad: 300000, script: 30000}, unhandledPromptBehavior: dismiss and notify, webauthn:extension:credBlob: true, webauthn:extension:largeBlob: true, webauthn:virtualAuthenticators: true}
Session ID: 40d09906d4c3477f20656572743aa8ee" type="org.openqa.selenium.NoSuchElementException">
      <![CDATA[org.openqa.selenium.NoSuchElementException: no such element: Unable to locate element: {"method":"xpath","selector":"//*[text() = ' Export as CSV ']"}
  (Session info: chrome=108.0.5359.124)
For documentation on this error, please visit: https://selenium.dev/exceptions/#no_such_element
Build info: version: '4.1.2', revision: '9a5a329c5a'
System info: host: 'APL-LHR-JA0201', ip: '172.26.0.1', os.name: 'Windows 10', os.arch: 'amd64', os.version: '10.0', java.version: '15.0.2'
Driver info: org.openqa.selenium.chrome.ChromeDriver
Command: [40d09906d4c3477f20656572743aa8ee, findElement {using=xpath, value=//*[text() = ' Export as CSV ']}]
Capabilities {acceptInsecureCerts: false, browserName: chrome, browserVersion: 108.0.5359.124, chrome: {chromedriverVersion: 108.0.5359.71 (1e0e3868ee06..., userDataDir: C:\Users\JUNAID~1.ALA\AppDa...}, goog:chromeOptions: {debuggerAddress: localhost:59299}, javascriptEnabled: true, networkConnectionEnabled: false, pageLoadStrategy: normal, platform: WINDOWS, platformName: WINDOWS, proxy: Proxy(), se:cdp: ws://localhost:59299/devtoo..., se:cdpVersion: 108.0.5359.124, setWindowRect: true, strictFileInteractability: false, timeouts: {implicit: 0, pageLoad: 300000, script: 30000}, unhandledPromptBehavior: dismiss and notify, webauthn:extension:credBlob: true, webauthn:extension:largeBlob: true, webauthn:virtualAuthenticators: true}
Session ID: 40d09906d4c3477f20656572743aa8ee
at jdk.internal.reflect.GeneratedConstructorAccessor18.newInstance(Unknown Source)
at java.base/jdk.internal.reflect.DelegatingConstructorAccessorImpl.newInstance(DelegatingConstructorAccessorImpl.java:45)
at java.base/java.lang.reflect.Constructor.newInstanceWithCaller(Constructor.java:500)
at java.base/java.lang.reflect.Constructor.newInstance(Constructor.java:481)
at org.openqa.selenium.remote.codec.w3c.W3CHttpResponseCodec.createException(W3CHttpResponseCodec.java:200)
at org.openqa.selenium.remote.codec.w3c.W3CHttpResponseCodec.decode(W3CHttpResponseCodec.java:133)
at org.openqa.selenium.remote.codec.w3c.W3CHttpResponseCodec.decode(W3CHttpResponseCodec.java:53)
at org.openqa.selenium.remote.HttpCommandExecutor.execute(HttpCommandExecutor.java:184)
at org.openqa.selenium.remote.service.DriverCommandExecutor.invokeExecute(DriverCommandExecutor.java:167)
at org.openqa.selenium.remote.service.DriverCommandExecutor.execute(DriverCommandExecutor.java:142)
at org.openqa.selenium.remote.RemoteWebDriver.execute(RemoteWebDriver.java:558)
at org.openqa.selenium.remote.ElementLocation$ElementFinder$2.findElement(ElementLocation.java:162)
at org.openqa.selenium.remote.ElementLocation.findElement(ElementLocation.java:60)
at org.openqa.selenium.remote.RemoteWebDriver.findElement(RemoteWebDriver.java:382)
at org.openqa.selenium.remote.RemoteWebDriver.findElement(RemoteWebDriver.java:374)
at Test.Ancera.Reports.SalmonellaLog.CSVExport(SalmonellaLog.java:904)
at java.base/jdk.internal.reflect.NativeMethodAccessorImpl.invoke0(Native Method)
at java.base/jdk.internal.reflect.NativeMethodAccessorImpl.invoke(NativeMethodAccessorImpl.java:64)
at java.base/jdk.internal.reflect.DelegatingMethodAccessorImpl.invoke(DelegatingMethodAccessorImpl.java:43)
at java.base/java.lang.reflect.Method.invoke(Method.java:564)
at org.testng.internal.MethodInvocationHelper.invokeMethod(MethodInvocationHelper.java:132)
at org.testng.internal.TestInvoker.invokeMethod(TestInvoker.java:599)
at org.testng.internal.TestInvoker.invokeTestMethod(TestInvoker.java:174)
at org.testng.internal.MethodRunner.runInSequence(MethodRunner.java:46)
at org.testng.internal.TestInvoker$MethodInvocationAgent.invoke(TestInvoker.java:822)
at org.testng.internal.TestInvoker.invokeTestMethods(TestInvoker.java:147)
at org.testng.internal.TestMethodWorker.invokeTestMethods(TestMethodWorker.java:146)
at org.testng.internal.TestMethodWorker.run(TestMethodWorker.java:128)
at java.base/java.util.ArrayList.forEach(ArrayList.java:1511)
at org.testng.TestRunner.privateRun(TestRunner.java:764)
at org.testng.TestRunner.run(TestRunner.java:585)
at org.testng.SuiteRunner.runTest(SuiteRunner.java:384)
at org.testng.SuiteRunner.runSequentially(SuiteRunner.java:378)
at org.testng.SuiteRunner.privateRun(SuiteRunner.java:337)
at org.testng.SuiteRunner.run(SuiteRunner.java:286)
at org.testng.SuiteRunnerWorker.runSuite(SuiteRunnerWorker.java:53)
at org.testng.SuiteRunnerWorker.run(SuiteRunnerWorker.java:96)
at org.testng.TestNG.runSuitesSequentially(TestNG.java:1218)
at org.testng.TestNG.runSuitesLocally(TestNG.java:1140)
at org.testng.TestNG.runSuites(TestNG.java:1069)
at org.testng.TestNG.run(TestNG.java:1037)
at org.testng.remote.AbstractRemoteTestNG.run(AbstractRemoteTestNG.java:115)
at org.testng.remote.RemoteTestNG.initAndRun(RemoteTestNG.java:251)
at org.testng.remote.RemoteTestNG.main(RemoteTestNG.java:77)
]]>
    </error>
  </testcase> <!-- CSVExport -->
  <system-out/>
  <testcase classname="Test.Ancera.Reports.SalmonellaLog" name="CSVAuditExport" time="10.038"/>
  <system-out/>
  <testcase classname="Test.Ancera.Reports.SalmonellaLog" name="TemplateExport" time="7.563"/>
  <system-out/>
</testsuite> <!-- Test.Ancera.Reports.SalmonellaLog -->
