<?xml version="1.0" encoding="UTF-8"?>
<!-- Generated by org.testng.reporters.JUnitReportReporter -->
<testsuite hostname="DESKTOP-K0SFL7M" failures="0" tests="22" name="Test.Ancera.Administration.ReportsManagement" time="221.418" errors="0" timestamp="2022-01-21T15:16:23 PKT" skipped="5">
  <testcase classname="Test.Ancera.Administration.ReportsManagement" name="NavigateRM" time="9.896"/>
  <system-out/>
  <testcase classname="Test.Ancera.Administration.ReportsManagement" name="OpenPopup" time="4.080"/>
  <system-out/>
  <testcase classname="Test.Ancera.Administration.ReportsManagement" name="ResetFieldCheck" time="3.814"/>
  <system-out/>
  <testcase classname="Test.Ancera.Administration.ReportsManagement" name="MandatoryFieldCheck" time="27.857"/>
  <system-out/>
  <testcase classname="Test.Ancera.Administration.ReportsManagement" name="UpdateRole" time="8.760"/>
  <system-out/>
  <testcase classname="Test.Ancera.Administration.ReportsManagement" name="VerifyUpdateRole" time="5.485"/>
  <system-out/>
  <testcase classname="Test.Ancera.Administration.ReportsManagement" name="InActiveRole" time="4.896"/>
  <system-out/>
  <testcase classname="Test.Ancera.Administration.ReportsManagement" name="VerifyInActiveRoleUsers" time="46.719"/>
  <system-out/>
  <testcase classname="Test.Ancera.Administration.ReportsManagement" name="OpenReportGroupsPopup" time="7.691"/>
  <system-out/>
  <testcase classname="Test.Ancera.Administration.ReportsManagement" name="OpenReportDetails" time="3.161"/>
  <system-out/>
  <testcase classname="Test.Ancera.Administration.ReportsManagement" name="ResetGroupReportsFieldCheck" time="4.182"/>
  <system-out/>
  <testcase classname="Test.Ancera.Administration.ReportsManagement" name="MandatoryReportGroupFieldCheck" time="33.509"/>
  <system-out/>
  <testcase classname="Test.Ancera.Administration.ReportsManagement" name="UpdateReportDetails" time="14.012"/>
  <system-out/>
  <testcase classname="Test.Ancera.Administration.ReportsManagement" name="OpenEditRightsPopup" time="17.940"/>
  <system-out/>
  <testcase classname="Test.Ancera.Administration.ReportsManagement" name="VerifyReportOnEditRights" time="7.459"/>
  <system-out/>
  <testcase classname="Test.Ancera.Administration.ReportsManagement" name="VerifyReportDetails" time="7.585"/>
  <system-out/>
  <testcase classname="Test.Ancera.Administration.ReportsManagement" name="SaveAccessRights" time="14.372"/>
  <system-out/>
  <testcase classname="Test.Ancera.Administration.ReportsManagement" name="HideColumn">
    <skipped/>
  </testcase> <!-- HideColumn -->
  <system-out/>
  <testcase classname="Test.Ancera.Administration.ReportsManagement" name="InActivateReportGroup">
    <skipped/>
  </testcase> <!-- InActivateReportGroup -->
  <system-out/>
  <testcase classname="Test.Ancera.Administration.ReportsManagement" name="DeleteReportGroup">
    <skipped/>
  </testcase> <!-- DeleteReportGroup -->
  <system-out/>
  <testcase classname="Test.Ancera.Administration.ReportsManagement" name="VerifyInactivatedReportGroup">
    <skipped/>
  </testcase> <!-- VerifyInactivatedReportGroup -->
  <system-out/>
  <testcase classname="Test.Ancera.Administration.ReportsManagement" name="DeleteReportGroupConfigurations">
    <skipped/>
  </testcase> <!-- DeleteReportGroupConfigurations -->
  <system-out/>
</testsuite> <!-- Test.Ancera.Administration.ReportsManagement -->
