<?xml version="1.0" encoding="UTF-8"?>
<!-- Generated by org.testng.reporters.JUnitReportReporter -->
<testsuite hostname="DESKTOP-K0SFL7M" failures="0" tests="28" name="Test.Ancera.Administration.OrganizationManagement" time="743.153" errors="0" timestamp="2022-05-13T17:48:21 PKT" skipped="6">
  <testcase classname="Test.Ancera.Administration.OrganizationManagement" name="NavigateOM" time="11.806"/>
  <system-out/>
  <testcase classname="Test.Ancera.Administration.OrganizationManagement" name="OpenClosePopup" time="3.331"/>
  <system-out/>
  <testcase classname="Test.Ancera.Administration.OrganizationManagement" name="MandatoryFieldCheck" time="90.341"/>
  <system-out/>
  <testcase classname="Test.Ancera.Administration.OrganizationManagement" name="ResetButton" time="0.983"/>
  <system-out/>
  <testcase classname="Test.Ancera.Administration.OrganizationManagement" name="testInvalidEmail" time="32.307"/>
  <system-out/>
  <testcase classname="Test.Ancera.Administration.OrganizationManagement" name="CreateOrganization" time="11.893"/>
  <system-out/>
  <testcase classname="Test.Ancera.Administration.OrganizationManagement" name="VerifyCreatedOrganization" time="22.122"/>
  <system-out/>
  <testcase classname="Test.Ancera.Administration.OrganizationManagement" name="UpdateOrganization" time="18.075"/>
  <system-out/>
  <testcase classname="Test.Ancera.Administration.OrganizationManagement" name="VerifyUpdateOrganization" time="3.377"/>
  <system-out/>
  <testcase classname="Test.Ancera.Administration.OrganizationManagement" name="OrganizationSitesHierarchyCheck" time="69.427"/>
  <system-out/>
  <testcase classname="Test.Ancera.Administration.OrganizationManagement" name="OrganizationSiteMandatoryCheck" time="13.651"/>
  <system-out/>
  <testcase classname="Test.Ancera.Administration.OrganizationManagement" name="SiteResetButton" time="2.031"/>
  <system-out/>
  <testcase classname="Test.Ancera.Administration.OrganizationManagement" name="CreateOrganizationSite" time="22.620"/>
  <system-out/>
  <testcase classname="Test.Ancera.Administration.OrganizationManagement" name="UpdateOrganizationSites" time="18.440"/>
  <system-out/>
  <testcase classname="Test.Ancera.Administration.OrganizationManagement" name="VerifyUpdateOrganizationSites" time="13.178"/>
  <system-out/>
  <testcase classname="Test.Ancera.Administration.OrganizationManagement" name="DeleteOrganizationSites" time="6.163"/>
  <system-out/>
  <testcase classname="Test.Ancera.Administration.OrganizationManagement" name="BulkUploadEmpty" time="21.630"/>
  <system-out/>
  <testcase classname="Test.Ancera.Administration.OrganizationManagement" name="BulkUpload" time="287.650"/>
  <system-out/>
  <testcase classname="Test.Ancera.Administration.OrganizationManagement" name="AssignAgreement" time="21.029"/>
  <system-out/>
  <testcase classname="Test.Ancera.Administration.OrganizationManagement" name="InActiveOrganization" time="18.353"/>
  <system-out/>
  <testcase classname="Test.Ancera.Administration.OrganizationManagement" name="VerifyInActiveOrganization" time="20.136"/>
  <system-out/>
  <testcase classname="Test.Ancera.Administration.OrganizationManagement" name="DeleteOrganization" time="34.610"/>
  <system-out/>
  <testcase classname="Test.Ancera.Administration.OrganizationManagement" name="Wildcard">
    <skipped/>
  </testcase> <!-- Wildcard -->
  <system-out/>
  <testcase classname="Test.Ancera.Administration.OrganizationManagement" name="Sorting">
    <skipped/>
  </testcase> <!-- Sorting -->
  <system-out/>
  <testcase classname="Test.Ancera.Administration.OrganizationManagement" name="Lock">
    <skipped/>
  </testcase> <!-- Lock -->
  <system-out/>
  <testcase classname="Test.Ancera.Administration.OrganizationManagement" name="TestFilter">
    <skipped/>
  </testcase> <!-- TestFilter -->
  <system-out/>
  <testcase classname="Test.Ancera.Administration.OrganizationManagement" name="CSVExport">
    <skipped/>
  </testcase> <!-- CSVExport -->
  <system-out/>
  <testcase classname="Test.Ancera.Administration.OrganizationManagement" name="TestFilterPractice">
    <skipped/>
  </testcase> <!-- TestFilterPractice -->
  <system-out/>
</testsuite> <!-- Test.Ancera.Administration.OrganizationManagement -->
