<?xml version="1.0" encoding="UTF-8"?>
<!-- Generated by org.testng.reporters.JUnitReportReporter -->
<testsuite skipped="13" hostname="LAPTOP-O6K4VQH7" name="Test.Ancera.Reports.SalmonellaLog" tests="15" failures="0" timestamp="2021-02-02T17:17:09 PKT" time="213.118" errors="0">
  <testcase name="NavigateSalmonella" time="34.541" classname="Test.Ancera.Reports.SalmonellaLog"/>
  <system-out/>
  <testcase name="Sorting" time="178.577" classname="Test.Ancera.Reports.SalmonellaLog"/>
  <system-out/>
  <testcase name="RunAPI" classname="Test.Ancera.Reports.SalmonellaLog">
    <skipped/>
  </testcase> <!-- RunAPI -->
  <system-out/>
  <testcase name="DateFilter" classname="Test.Ancera.Reports.SalmonellaLog">
    <skipped/>
  </testcase> <!-- DateFilter -->
  <system-out/>
  <testcase name="TestFilters" classname="Test.Ancera.Reports.SalmonellaLog">
    <skipped/>
  </testcase> <!-- TestFilters -->
  <system-out/>
  <testcase name="RowsPerPage" classname="Test.Ancera.Reports.SalmonellaLog">
    <skipped/>
  </testcase> <!-- RowsPerPage -->
  <system-out/>
  <testcase name="PNGExport" classname="Test.Ancera.Reports.SalmonellaLog">
    <skipped/>
  </testcase> <!-- PNGExport -->
  <system-out/>
  <testcase name="ResetFilter" classname="Test.Ancera.Reports.SalmonellaLog">
    <skipped/>
  </testcase> <!-- ResetFilter -->
  <system-out/>
  <testcase name="TemplateExport" classname="Test.Ancera.Reports.SalmonellaLog">
    <skipped/>
  </testcase> <!-- TemplateExport -->
  <system-out/>
  <testcase name="Pagination" classname="Test.Ancera.Reports.SalmonellaLog">
    <skipped/>
  </testcase> <!-- Pagination -->
  <system-out/>
  <testcase name="DateLockFilter" classname="Test.Ancera.Reports.SalmonellaLog">
    <skipped/>
  </testcase> <!-- DateLockFilter -->
  <system-out/>
  <testcase name="SalmonellaLock" classname="Test.Ancera.Reports.SalmonellaLog">
    <skipped/>
  </testcase> <!-- SalmonellaLock -->
  <system-out/>
  <testcase name="CSVExport" classname="Test.Ancera.Reports.SalmonellaLog">
    <skipped/>
  </testcase> <!-- CSVExport -->
  <system-out/>
  <testcase name="TestFilters111" classname="Test.Ancera.Reports.SalmonellaLog">
    <skipped/>
  </testcase> <!-- TestFilters111 -->
  <system-out/>
  <testcase name="EnterDate" classname="Test.Ancera.Reports.SalmonellaLog">
    <skipped/>
  </testcase> <!-- EnterDate -->
  <system-out/>
</testsuite> <!-- Test.Ancera.Reports.SalmonellaLog -->
