<?xml version="1.0" encoding="UTF-8"?>
<!-- Generated by org.testng.reporters.JUnitReportReporter -->
<testsuite skipped="11" hostname="LAPTOP-O6K4VQH7" name="Test.Ancera.Reports.ExternalCoccidia" tests="13" failures="0" timestamp="2021-01-15T13:10:21 PKT" time="47.861" errors="0">
  <testcase name="NavigateCoccidia" time="21.835" classname="Test.Ancera.Reports.ExternalCoccidia"/>
  <system-out/>
  <testcase name="SearchFilter" time="26.026" classname="Test.Ancera.Reports.ExternalCoccidia"/>
  <system-out/>
  <testcase name="CoccidiaLock" classname="Test.Ancera.Reports.ExternalCoccidia">
    <skipped/>
  </testcase> <!-- CoccidiaLock -->
  <system-out/>
  <testcase name="CSVExport" classname="Test.Ancera.Reports.ExternalCoccidia">
    <skipped/>
  </testcase> <!-- CSVExport -->
  <system-out/>
  <testcase name="EnterDate" classname="Test.Ancera.Reports.ExternalCoccidia">
    <skipped/>
  </testcase> <!-- EnterDate -->
  <system-out/>
  <testcase name="TemplateExport" classname="Test.Ancera.Reports.ExternalCoccidia">
    <skipped/>
  </testcase> <!-- TemplateExport -->
  <system-out/>
  <testcase name="ResetFilter" classname="Test.Ancera.Reports.ExternalCoccidia">
    <skipped/>
  </testcase> <!-- ResetFilter -->
  <system-out/>
  <testcase name="PNGExport" classname="Test.Ancera.Reports.ExternalCoccidia">
    <skipped/>
  </testcase> <!-- PNGExport -->
  <system-out/>
  <testcase name="RowsPerPage" classname="Test.Ancera.Reports.ExternalCoccidia">
    <skipped/>
  </testcase> <!-- RowsPerPage -->
  <system-out/>
  <testcase name="DateFilter" classname="Test.Ancera.Reports.ExternalCoccidia">
    <skipped/>
  </testcase> <!-- DateFilter -->
  <system-out/>
  <testcase name="DateLockFilter" classname="Test.Ancera.Reports.ExternalCoccidia">
    <skipped/>
  </testcase> <!-- DateLockFilter -->
  <system-out/>
  <testcase name="RunAPI" classname="Test.Ancera.Reports.ExternalCoccidia">
    <skipped/>
  </testcase> <!-- RunAPI -->
  <system-out/>
  <testcase name="Pagination" classname="Test.Ancera.Reports.ExternalCoccidia">
    <skipped/>
  </testcase> <!-- Pagination -->
  <system-out/>
</testsuite> <!-- Test.Ancera.Reports.ExternalCoccidia -->
