<?xml version="1.0" encoding="UTF-8"?>
<!-- Generated by org.testng.reporters.JUnitReportReporter -->
<testsuite hostname="DESKTOP-K0SFL7M" failures="0" tests="13" name="Test.Ancera.MetaData.PoultryManagement" time="121.481" errors="0" timestamp="2022-06-14T11:58:58 PKT" skipped="1">
  <testcase classname="Test.Ancera.MetaData.PoultryManagement" name="NavigatePoultryManagement" time="8.964"/>
  <system-out/>
  <testcase classname="Test.Ancera.MetaData.PoultryManagement" name="VerifyTableContent" time="0.456"/>
  <system-out/>
  <testcase classname="Test.Ancera.MetaData.PoultryManagement" name="CreateFeed" time="26.539"/>
  <system-out/>
  <testcase classname="Test.Ancera.MetaData.PoultryManagement" name="HeartbeatFeed" time="0.386"/>
  <system-out/>
  <testcase classname="Test.Ancera.MetaData.PoultryManagement" name="EndIconFeed" time="0.222"/>
  <system-out/>
  <testcase classname="Test.Ancera.MetaData.PoultryManagement" name="UpdateFeed" time="7.297"/>
  <system-out/>
  <testcase classname="Test.Ancera.MetaData.PoultryManagement" name="CreateTreatment" time="44.561"/>
  <system-out/>
  <testcase classname="Test.Ancera.MetaData.PoultryManagement" name="HeartbeatTreatment" time="0.407"/>
  <system-out/>
  <testcase classname="Test.Ancera.MetaData.PoultryManagement" name="UpdateTreatment" time="10.785"/>
  <system-out/>
  <testcase classname="Test.Ancera.MetaData.PoultryManagement" name="VerifyFilter" time="2.590"/>
  <system-out/>
  <testcase classname="Test.Ancera.MetaData.PoultryManagement" name="DeleteTreatment" time="10.415"/>
  <system-out/>
  <testcase classname="Test.Ancera.MetaData.PoultryManagement" name="DeleteFeed" time="8.859"/>
  <system-out/>
  <testcase classname="Test.Ancera.MetaData.PoultryManagement" name="CreateVaccine">
    <skipped/>
  </testcase> <!-- CreateVaccine -->
  <system-out/>
</testsuite> <!-- Test.Ancera.MetaData.PoultryManagement -->
