<?xml version="1.0" encoding="UTF-8"?>
<!-- Generated by org.testng.reporters.JUnitReportReporter -->
<testsuite hostname="DESKTOP-K0SFL7M" failures="0" tests="1" name="Test.Ancera.Administration.AgreementManagement" time="8.175" errors="0" timestamp="2022-02-16T01:28:18 PKT" skipped="0">
  <testcase classname="Test.Ancera.Administration.AgreementManagement" name="NavigateAgreementManagement" time="8.175"/>
  <system-out/>
</testsuite> <!-- Test.Ancera.Administration.AgreementManagement -->
