<?xml version="1.0" encoding="UTF-8"?>
<!-- Generated by org.testng.reporters.JUnitReportReporter -->
<testsuite hostname="DESKTOP-K0SFL7M" failures="0" tests="7" name="Test.Ancera.Administration.AccessManagement" time="148.714" errors="0" timestamp="2021-07-19T11:03:02 PKT" skipped="0">
  <testcase classname="Test.Ancera.Administration.AccessManagement" name="NavigateAM" time="5.080"/>
  <system-out/>
  <testcase classname="Test.Ancera.Administration.AccessManagement" name="CreateAccess" time="18.042"/>
  <system-out/>
  <testcase classname="Test.Ancera.Administration.AccessManagement" name="UpdateRole" time="28.579"/>
  <system-out/>
  <testcase classname="Test.Ancera.Administration.AccessManagement" name="VerifyUpdateRole" time="26.530"/>
  <system-out/>
  <testcase classname="Test.Ancera.Administration.AccessManagement" name="InActivateRole" time="5.992"/>
  <system-out/>
  <testcase classname="Test.Ancera.Administration.AccessManagement" name="EditRightsScreen" time="36.830"/>
  <system-out/>
  <testcase classname="Test.Ancera.Administration.AccessManagement" name="RoleAssignScreen" time="27.661"/>
  <system-out/>
</testsuite> <!-- Test.Ancera.Administration.AccessManagement -->
