<?xml version="1.0" encoding="UTF-8"?>
<!-- Generated by org.testng.reporters.JUnitReportReporter -->
<testsuite hostname="DESKTOP-K0SFL7M" failures="0" tests="9" name="Test.Ancera.Administration.AccessManagement" time="89.308" errors="0" timestamp="2021-08-23T14:50:39 PKT" skipped="8">
  <testcase classname="Test.Ancera.Administration.AccessManagement" name="UserManagementAccess" time="89.308"/>
  <system-out/>
  <testcase classname="Test.Ancera.Administration.AccessManagement" name="RoleAssignScreen">
    <skipped/>
  </testcase> <!-- RoleAssignScreen -->
  <system-out/>
  <testcase classname="Test.Ancera.Administration.AccessManagement" name="EditRightsScreen">
    <skipped/>
  </testcase> <!-- EditRightsScreen -->
  <system-out/>
  <testcase classname="Test.Ancera.Administration.AccessManagement" name="RoleAssignScfreen">
    <skipped/>
  </testcase> <!-- RoleAssignScfreen -->
  <system-out/>
  <testcase classname="Test.Ancera.Administration.AccessManagement" name="UpdateRole">
    <skipped/>
  </testcase> <!-- UpdateRole -->
  <system-out/>
  <testcase classname="Test.Ancera.Administration.AccessManagement" name="InActivateRole">
    <skipped/>
  </testcase> <!-- InActivateRole -->
  <system-out/>
  <testcase classname="Test.Ancera.Administration.AccessManagement" name="CreateAccess">
    <skipped/>
  </testcase> <!-- CreateAccess -->
  <system-out/>
  <testcase classname="Test.Ancera.Administration.AccessManagement" name="VerifyUpdateRole">
    <skipped/>
  </testcase> <!-- VerifyUpdateRole -->
  <system-out/>
  <testcase classname="Test.Ancera.Administration.AccessManagement" name="NavigateAM">
    <skipped/>
  </testcase> <!-- NavigateAM -->
  <system-out/>
</testsuite> <!-- Test.Ancera.Administration.AccessManagement -->
