<?xml version="1.0" encoding="UTF-8"?>
<!-- Generated by org.testng.reporters.JUnitReportReporter -->
<testsuite hostname="DESKTOP-K0SFL7M" failures="0" tests="1" name="Test.Ancera.Reports.RawImageCoccidia" time="1445.022" errors="0" timestamp="2021-09-23T11:03:15 PKT" skipped="0">
  <testcase classname="Test.Ancera.Reports.RawImageCoccidia" name="RawImageCocci" time="1445.022"/>
  <system-out/>
</testsuite> <!-- Test.Ancera.Reports.RawImageCoccidia -->
