<?xml version="1.0" encoding="UTF-8"?>
<!-- Generated by org.testng.reporters.JUnitReportReporter -->
<testsuite hostname="DESKTOP-K0SFL7M" failures="0" tests="3" name="Test.Ancera.Login.TestLogin" time="26.956" errors="0" timestamp="2021-10-29T14:17:04 PKT" skipped="0">
  <testcase classname="Test.Ancera.Login.TestLogin" name="login" time="22.257"/>
  <system-out/>
  <testcase classname="Test.Ancera.Login.TestLogin" name="logout" time="2.442"/>
  <system-out/>
  <testcase classname="Test.Ancera.Login.TestLogin" name="VerifyLogout" time="2.257"/>
  <system-out/>
</testsuite> <!-- Test.Ancera.Login.TestLogin -->
