<?xml version="1.0" encoding="UTF-8"?>
<!-- Generated by org.testng.reporters.JUnitReportReporter -->
<testsuite hostname="APL-LHR-JA0201" failures="0" tests="12" name="Test.Ancera.Reports.Sites_Log" time="805.473" errors="1" timestamp="2022-12-27T10:58:47 PKT" skipped="1">
  <testcase classname="Test.Ancera.Reports.Sites_Log" name="Login" time="16.590"/>
  <system-out/>
  <testcase classname="Test.Ancera.Reports.Sites_Log" name="NavigateSites" time="31.778"/>
  <system-out/>
  <testcase classname="Test.Ancera.Reports.Sites_Log" name="LockFilter" time="236.072"/>
  <system-out/>
  <testcase classname="Test.Ancera.Reports.Sites_Log" name="WildcardFilter" time="209.679"/>
  <system-out/>
  <testcase classname="Test.Ancera.Reports.Sites_Log" name="FilterSorting" time="96.012"/>
  <system-out/>
  <testcase classname="Test.Ancera.Reports.Sites_Log" name="RowsPerPage1" time="0.000">
    <error type="java.lang.StackOverflowError">
      <![CDATA[java.lang.StackOverflowError
at Test.Ancera.Reports.Sites_Log.RowsPerPage1(Sites_Log.java:91)
at Test.Ancera.Reports.Sites_Log.RowsPerPage1(Sites_Log.java:91)
at Test.Ancera.Reports.Sites_Log.RowsPerPage1(Sites_Log.java:91)
at Test.Ancera.Reports.Sites_Log.RowsPerPage1(Sites_Log.java:91)
at Test.Ancera.Reports.Sites_Log.RowsPerPage1(Sites_Log.java:91)
at Test.Ancera.Reports.Sites_Log.RowsPerPage1(Sites_Log.java:91)
at Test.Ancera.Reports.Sites_Log.RowsPerPage1(Sites_Log.java:91)
at Test.Ancera.Reports.Sites_Log.RowsPerPage1(Sites_Log.java:91)
at Test.Ancera.Reports.Sites_Log.RowsPerPage1(Sites_Log.java:91)
at Test.Ancera.Reports.Sites_Log.RowsPerPage1(Sites_Log.java:91)
at Test.Ancera.Reports.Sites_Log.RowsPerPage1(Sites_Log.java:91)
at Test.Ancera.Reports.Sites_Log.RowsPerPage1(Sites_Log.java:91)
at Test.Ancera.Reports.Sites_Log.RowsPerPage1(Sites_Log.java:91)
at Test.Ancera.Reports.Sites_Log.RowsPerPage1(Sites_Log.java:91)
at Test.Ancera.Reports.Sites_Log.RowsPerPage1(Sites_Log.java:91)
at Test.Ancera.Reports.Sites_Log.RowsPerPage1(Sites_Log.java:91)
at Test.Ancera.Reports.Sites_Log.RowsPerPage1(Sites_Log.java:91)
at Test.Ancera.Reports.Sites_Log.RowsPerPage1(Sites_Log.java:91)
at Test.Ancera.Reports.Sites_Log.RowsPerPage1(Sites_Log.java:91)
at Test.Ancera.Reports.Sites_Log.RowsPerPage1(Sites_Log.java:91)
at Test.Ancera.Reports.Sites_Log.RowsPerPage1(Sites_Log.java:91)
at Test.Ancera.Reports.Sites_Log.RowsPerPage1(Sites_Log.java:91)
at Test.Ancera.Reports.Sites_Log.RowsPerPage1(Sites_Log.java:91)
at Test.Ancera.Reports.Sites_Log.RowsPerPage1(Sites_Log.java:91)
at Test.Ancera.Reports.Sites_Log.RowsPerPage1(Sites_Log.java:91)
at Test.Ancera.Reports.Sites_Log.RowsPerPage1(Sites_Log.java:91)
at Test.Ancera.Reports.Sites_Log.RowsPerPage1(Sites_Log.java:91)
at Test.Ancera.Reports.Sites_Log.RowsPerPage1(Sites_Log.java:91)
at Test.Ancera.Reports.Sites_Log.RowsPerPage1(Sites_Log.java:91)
at Test.Ancera.Reports.Sites_Log.RowsPerPage1(Sites_Log.java:91)
at Test.Ancera.Reports.Sites_Log.RowsPerPage1(Sites_Log.java:91)
at Test.Ancera.Reports.Sites_Log.RowsPerPage1(Sites_Log.java:91)
at Test.Ancera.Reports.Sites_Log.RowsPerPage1(Sites_Log.java:91)
at Test.Ancera.Reports.Sites_Log.RowsPerPage1(Sites_Log.java:91)
at Test.Ancera.Reports.Sites_Log.RowsPerPage1(Sites_Log.java:91)
at Test.Ancera.Reports.Sites_Log.RowsPerPage1(Sites_Log.java:91)
at Test.Ancera.Reports.Sites_Log.RowsPerPage1(Sites_Log.java:91)
at Test.Ancera.Reports.Sites_Log.RowsPerPage1(Sites_Log.java:91)
at Test.Ancera.Reports.Sites_Log.RowsPerPage1(Sites_Log.java:91)
at Test.Ancera.Reports.Sites_Log.RowsPerPage1(Sites_Log.java:91)
at Test.Ancera.Reports.Sites_Log.RowsPerPage1(Sites_Log.java:91)
at Test.Ancera.Reports.Sites_Log.RowsPerPage1(Sites_Log.java:91)
at Test.Ancera.Reports.Sites_Log.RowsPerPage1(Sites_Log.java:91)
at Test.Ancera.Reports.Sites_Log.RowsPerPage1(Sites_Log.java:91)
at Test.Ancera.Reports.Sites_Log.RowsPerPage1(Sites_Log.java:91)
at Test.Ancera.Reports.Sites_Log.RowsPerPage1(Sites_Log.java:91)
at Test.Ancera.Reports.Sites_Log.RowsPerPage1(Sites_Log.java:91)
at Test.Ancera.Reports.Sites_Log.RowsPerPage1(Sites_Log.java:91)
at Test.Ancera.Reports.Sites_Log.RowsPerPage1(Sites_Log.java:91)
at Test.Ancera.Reports.Sites_Log.RowsPerPage1(Sites_Log.java:91)
at Test.Ancera.Reports.Sites_Log.RowsPerPage1(Sites_Log.java:91)
at Test.Ancera.Reports.Sites_Log.RowsPerPage1(Sites_Log.java:91)
at Test.Ancera.Reports.Sites_Log.RowsPerPage1(Sites_Log.java:91)
at Test.Ancera.Reports.Sites_Log.RowsPerPage1(Sites_Log.java:91)
at Test.Ancera.Reports.Sites_Log.RowsPerPage1(Sites_Log.java:91)
at Test.Ancera.Reports.Sites_Log.RowsPerPage1(Sites_Log.java:91)
at Test.Ancera.Reports.Sites_Log.RowsPerPage1(Sites_Log.java:91)
at Test.Ancera.Reports.Sites_Log.RowsPerPage1(Sites_Log.java:91)
at Test.Ancera.Reports.Sites_Log.RowsPerPage1(Sites_Log.java:91)
at Test.Ancera.Reports.Sites_Log.RowsPerPage1(Sites_Log.java:91)
at Test.Ancera.Reports.Sites_Log.RowsPerPage1(Sites_Log.java:91)
at Test.Ancera.Reports.Sites_Log.RowsPerPage1(Sites_Log.java:91)
at Test.Ancera.Reports.Sites_Log.RowsPerPage1(Sites_Log.java:91)
at Test.Ancera.Reports.Sites_Log.RowsPerPage1(Sites_Log.java:91)
at Test.Ancera.Reports.Sites_Log.RowsPerPage1(Sites_Log.java:91)
at Test.Ancera.Reports.Sites_Log.RowsPerPage1(Sites_Log.java:91)
at Test.Ancera.Reports.Sites_Log.RowsPerPage1(Sites_Log.java:91)
at Test.Ancera.Reports.Sites_Log.RowsPerPage1(Sites_Log.java:91)
at Test.Ancera.Reports.Sites_Log.RowsPerPage1(Sites_Log.java:91)
at Test.Ancera.Reports.Sites_Log.RowsPerPage1(Sites_Log.java:91)
at Test.Ancera.Reports.Sites_Log.RowsPerPage1(Sites_Log.java:91)
at Test.Ancera.Reports.Sites_Log.RowsPerPage1(Sites_Log.java:91)
at Test.Ancera.Reports.Sites_Log.RowsPerPage1(Sites_Log.java:91)
at Test.Ancera.Reports.Sites_Log.RowsPerPage1(Sites_Log.java:91)
at Test.Ancera.Reports.Sites_Log.RowsPerPage1(Sites_Log.java:91)
at Test.Ancera.Reports.Sites_Log.RowsPerPage1(Sites_Log.java:91)
at Test.Ancera.Reports.Sites_Log.RowsPerPage1(Sites_Log.java:91)
at Test.Ancera.Reports.Sites_Log.RowsPerPage1(Sites_Log.java:91)
at Test.Ancera.Reports.Sites_Log.RowsPerPage1(Sites_Log.java:91)
at Test.Ancera.Reports.Sites_Log.RowsPerPage1(Sites_Log.java:91)
at Test.Ancera.Reports.Sites_Log.RowsPerPage1(Sites_Log.java:91)
at Test.Ancera.Reports.Sites_Log.RowsPerPage1(Sites_Log.java:91)
at Test.Ancera.Reports.Sites_Log.RowsPerPage1(Sites_Log.java:91)
at Test.Ancera.Reports.Sites_Log.RowsPerPage1(Sites_Log.java:91)
at Test.Ancera.Reports.Sites_Log.RowsPerPage1(Sites_Log.java:91)
at Test.Ancera.Reports.Sites_Log.RowsPerPage1(Sites_Log.java:91)
at Test.Ancera.Reports.Sites_Log.RowsPerPage1(Sites_Log.java:91)
at Test.Ancera.Reports.Sites_Log.RowsPerPage1(Sites_Log.java:91)
at Test.Ancera.Reports.Sites_Log.RowsPerPage1(Sites_Log.java:91)
at Test.Ancera.Reports.Sites_Log.RowsPerPage1(Sites_Log.java:91)
at Test.Ancera.Reports.Sites_Log.RowsPerPage1(Sites_Log.java:91)
at Test.Ancera.Reports.Sites_Log.RowsPerPage1(Sites_Log.java:91)
at Test.Ancera.Reports.Sites_Log.RowsPerPage1(Sites_Log.java:91)
at Test.Ancera.Reports.Sites_Log.RowsPerPage1(Sites_Log.java:91)
at Test.Ancera.Reports.Sites_Log.RowsPerPage1(Sites_Log.java:91)
at Test.Ancera.Reports.Sites_Log.RowsPerPage1(Sites_Log.java:91)
at Test.Ancera.Reports.Sites_Log.RowsPerPage1(Sites_Log.java:91)
at Test.Ancera.Reports.Sites_Log.RowsPerPage1(Sites_Log.java:91)
at Test.Ancera.Reports.Sites_Log.RowsPerPage1(Sites_Log.java:91)
at Test.Ancera.Reports.Sites_Log.RowsPerPage1(Sites_Log.java:91)
at Test.Ancera.Reports.Sites_Log.RowsPerPage1(Sites_Log.java:91)
at Test.Ancera.Reports.Sites_Log.RowsPerPage1(Sites_Log.java:91)
at Test.Ancera.Reports.Sites_Log.RowsPerPage1(Sites_Log.java:91)
at Test.Ancera.Reports.Sites_Log.RowsPerPage1(Sites_Log.java:91)
at Test.Ancera.Reports.Sites_Log.RowsPerPage1(Sites_Log.java:91)
at Test.Ancera.Reports.Sites_Log.RowsPerPage1(Sites_Log.java:91)
at Test.Ancera.Reports.Sites_Log.RowsPerPage1(Sites_Log.java:91)
at Test.Ancera.Reports.Sites_Log.RowsPerPage1(Sites_Log.java:91)
at Test.Ancera.Reports.Sites_Log.RowsPerPage1(Sites_Log.java:91)
at Test.Ancera.Reports.Sites_Log.RowsPerPage1(Sites_Log.java:91)
at Test.Ancera.Reports.Sites_Log.RowsPerPage1(Sites_Log.java:91)
at Test.Ancera.Reports.Sites_Log.RowsPerPage1(Sites_Log.java:91)
at Test.Ancera.Reports.Sites_Log.RowsPerPage1(Sites_Log.java:91)
at Test.Ancera.Reports.Sites_Log.RowsPerPage1(Sites_Log.java:91)
at Test.Ancera.Reports.Sites_Log.RowsPerPage1(Sites_Log.java:91)
at Test.Ancera.Reports.Sites_Log.RowsPerPage1(Sites_Log.java:91)
at Test.Ancera.Reports.Sites_Log.RowsPerPage1(Sites_Log.java:91)
at Test.Ancera.Reports.Sites_Log.RowsPerPage1(Sites_Log.java:91)
at Test.Ancera.Reports.Sites_Log.RowsPerPage1(Sites_Log.java:91)
at Test.Ancera.Reports.Sites_Log.RowsPerPage1(Sites_Log.java:91)
at Test.Ancera.Reports.Sites_Log.RowsPerPage1(Sites_Log.java:91)
at Test.Ancera.Reports.Sites_Log.RowsPerPage1(Sites_Log.java:91)
at Test.Ancera.Reports.Sites_Log.RowsPerPage1(Sites_Log.java:91)
at Test.Ancera.Reports.Sites_Log.RowsPerPage1(Sites_Log.java:91)
at Test.Ancera.Reports.Sites_Log.RowsPerPage1(Sites_Log.java:91)
at Test.Ancera.Reports.Sites_Log.RowsPerPage1(Sites_Log.java:91)
at Test.Ancera.Reports.Sites_Log.RowsPerPage1(Sites_Log.java:91)
at Test.Ancera.Reports.Sites_Log.RowsPerPage1(Sites_Log.java:91)
at Test.Ancera.Reports.Sites_Log.RowsPerPage1(Sites_Log.java:91)
at Test.Ancera.Reports.Sites_Log.RowsPerPage1(Sites_Log.java:91)
at Test.Ancera.Reports.Sites_Log.RowsPerPage1(Sites_Log.java:91)
at Test.Ancera.Reports.Sites_Log.RowsPerPage1(Sites_Log.java:91)
at Test.Ancera.Reports.Sites_Log.RowsPerPage1(Sites_Log.java:91)
at Test.Ancera.Reports.Sites_Log.RowsPerPage1(Sites_Log.java:91)
at Test.Ancera.Reports.Sites_Log.RowsPerPage1(Sites_Log.java:91)
at Test.Ancera.Reports.Sites_Log.RowsPerPage1(Sites_Log.java:91)
at Test.Ancera.Reports.Sites_Log.RowsPerPage1(Sites_Log.java:91)
at Test.Ancera.Reports.Sites_Log.RowsPerPage1(Sites_Log.java:91)
at Test.Ancera.Reports.Sites_Log.RowsPerPage1(Sites_Log.java:91)
at Test.Ancera.Reports.Sites_Log.RowsPerPage1(Sites_Log.java:91)
at Test.Ancera.Reports.Sites_Log.RowsPerPage1(Sites_Log.java:91)
at Test.Ancera.Reports.Sites_Log.RowsPerPage1(Sites_Log.java:91)
at Test.Ancera.Reports.Sites_Log.RowsPerPage1(Sites_Log.java:91)
at Test.Ancera.Reports.Sites_Log.RowsPerPage1(Sites_Log.java:91)
at Test.Ancera.Reports.Sites_Log.RowsPerPage1(Sites_Log.java:91)
at Test.Ancera.Reports.Sites_Log.RowsPerPage1(Sites_Log.java:91)
at Test.Ancera.Reports.Sites_Log.RowsPerPage1(Sites_Log.java:91)
at Test.Ancera.Reports.Sites_Log.RowsPerPage1(Sites_Log.java:91)
at Test.Ancera.Reports.Sites_Log.RowsPerPage1(Sites_Log.java:91)
at Test.Ancera.Reports.Sites_Log.RowsPerPage1(Sites_Log.java:91)
at Test.Ancera.Reports.Sites_Log.RowsPerPage1(Sites_Log.java:91)
at Test.Ancera.Reports.Sites_Log.RowsPerPage1(Sites_Log.java:91)
at Test.Ancera.Reports.Sites_Log.RowsPerPage1(Sites_Log.java:91)
at Test.Ancera.Reports.Sites_Log.RowsPerPage1(Sites_Log.java:91)
at Test.Ancera.Reports.Sites_Log.RowsPerPage1(Sites_Log.java:91)
at Test.Ancera.Reports.Sites_Log.RowsPerPage1(Sites_Log.java:91)
at Test.Ancera.Reports.Sites_Log.RowsPerPage1(Sites_Log.java:91)
at Test.Ancera.Reports.Sites_Log.RowsPerPage1(Sites_Log.java:91)
at Test.Ancera.Reports.Sites_Log.RowsPerPage1(Sites_Log.java:91)
at Test.Ancera.Reports.Sites_Log.RowsPerPage1(Sites_Log.java:91)
at Test.Ancera.Reports.Sites_Log.RowsPerPage1(Sites_Log.java:91)
at Test.Ancera.Reports.Sites_Log.RowsPerPage1(Sites_Log.java:91)
at Test.Ancera.Reports.Sites_Log.RowsPerPage1(Sites_Log.java:91)
at Test.Ancera.Reports.Sites_Log.RowsPerPage1(Sites_Log.java:91)
at Test.Ancera.Reports.Sites_Log.RowsPerPage1(Sites_Log.java:91)
at Test.Ancera.Reports.Sites_Log.RowsPerPage1(Sites_Log.java:91)
at Test.Ancera.Reports.Sites_Log.RowsPerPage1(Sites_Log.java:91)
at Test.Ancera.Reports.Sites_Log.RowsPerPage1(Sites_Log.java:91)
at Test.Ancera.Reports.Sites_Log.RowsPerPage1(Sites_Log.java:91)
at Test.Ancera.Reports.Sites_Log.RowsPerPage1(Sites_Log.java:91)
at Test.Ancera.Reports.Sites_Log.RowsPerPage1(Sites_Log.java:91)
at Test.Ancera.Reports.Sites_Log.RowsPerPage1(Sites_Log.java:91)
at Test.Ancera.Reports.Sites_Log.RowsPerPage1(Sites_Log.java:91)
at Test.Ancera.Reports.Sites_Log.RowsPerPage1(Sites_Log.java:91)
at Test.Ancera.Reports.Sites_Log.RowsPerPage1(Sites_Log.java:91)
at Test.Ancera.Reports.Sites_Log.RowsPerPage1(Sites_Log.java:91)
at Test.Ancera.Reports.Sites_Log.RowsPerPage1(Sites_Log.java:91)
at Test.Ancera.Reports.Sites_Log.RowsPerPage1(Sites_Log.java:91)
at Test.Ancera.Reports.Sites_Log.RowsPerPage1(Sites_Log.java:91)
at Test.Ancera.Reports.Sites_Log.RowsPerPage1(Sites_Log.java:91)
at Test.Ancera.Reports.Sites_Log.RowsPerPage1(Sites_Log.java:91)
at Test.Ancera.Reports.Sites_Log.RowsPerPage1(Sites_Log.java:91)
at Test.Ancera.Reports.Sites_Log.RowsPerPage1(Sites_Log.java:91)
at Test.Ancera.Reports.Sites_Log.RowsPerPage1(Sites_Log.java:91)
at Test.Ancera.Reports.Sites_Log.RowsPerPage1(Sites_Log.java:91)
at Test.Ancera.Reports.Sites_Log.RowsPerPage1(Sites_Log.java:91)
at Test.Ancera.Reports.Sites_Log.RowsPerPage1(Sites_Log.java:91)
at Test.Ancera.Reports.Sites_Log.RowsPerPage1(Sites_Log.java:91)
at Test.Ancera.Reports.Sites_Log.RowsPerPage1(Sites_Log.java:91)
at Test.Ancera.Reports.Sites_Log.RowsPerPage1(Sites_Log.java:91)
at Test.Ancera.Reports.Sites_Log.RowsPerPage1(Sites_Log.java:91)
at Test.Ancera.Reports.Sites_Log.RowsPerPage1(Sites_Log.java:91)
at Test.Ancera.Reports.Sites_Log.RowsPerPage1(Sites_Log.java:91)
at Test.Ancera.Reports.Sites_Log.RowsPerPage1(Sites_Log.java:91)
at Test.Ancera.Reports.Sites_Log.RowsPerPage1(Sites_Log.java:91)
at Test.Ancera.Reports.Sites_Log.RowsPerPage1(Sites_Log.java:91)
at Test.Ancera.Reports.Sites_Log.RowsPerPage1(Sites_Log.java:91)
at Test.Ancera.Reports.Sites_Log.RowsPerPage1(Sites_Log.java:91)
at Test.Ancera.Reports.Sites_Log.RowsPerPage1(Sites_Log.java:91)
at Test.Ancera.Reports.Sites_Log.RowsPerPage1(Sites_Log.java:91)
at Test.Ancera.Reports.Sites_Log.RowsPerPage1(Sites_Log.java:91)
at Test.Ancera.Reports.Sites_Log.RowsPerPage1(Sites_Log.java:91)
at Test.Ancera.Reports.Sites_Log.RowsPerPage1(Sites_Log.java:91)
at Test.Ancera.Reports.Sites_Log.RowsPerPage1(Sites_Log.java:91)
at Test.Ancera.Reports.Sites_Log.RowsPerPage1(Sites_Log.java:91)
at Test.Ancera.Reports.Sites_Log.RowsPerPage1(Sites_Log.java:91)
at Test.Ancera.Reports.Sites_Log.RowsPerPage1(Sites_Log.java:91)
at Test.Ancera.Reports.Sites_Log.RowsPerPage1(Sites_Log.java:91)
at Test.Ancera.Reports.Sites_Log.RowsPerPage1(Sites_Log.java:91)
at Test.Ancera.Reports.Sites_Log.RowsPerPage1(Sites_Log.java:91)
at Test.Ancera.Reports.Sites_Log.RowsPerPage1(Sites_Log.java:91)
at Test.Ancera.Reports.Sites_Log.RowsPerPage1(Sites_Log.java:91)
at Test.Ancera.Reports.Sites_Log.RowsPerPage1(Sites_Log.java:91)
at Test.Ancera.Reports.Sites_Log.RowsPerPage1(Sites_Log.java:91)
at Test.Ancera.Reports.Sites_Log.RowsPerPage1(Sites_Log.java:91)
at Test.Ancera.Reports.Sites_Log.RowsPerPage1(Sites_Log.java:91)
at Test.Ancera.Reports.Sites_Log.RowsPerPage1(Sites_Log.java:91)
at Test.Ancera.Reports.Sites_Log.RowsPerPage1(Sites_Log.java:91)
at Test.Ancera.Reports.Sites_Log.RowsPerPage1(Sites_Log.java:91)
at Test.Ancera.Reports.Sites_Log.RowsPerPage1(Sites_Log.java:91)
at Test.Ancera.Reports.Sites_Log.RowsPerPage1(Sites_Log.java:91)
at Test.Ancera.Reports.Sites_Log.RowsPerPage1(Sites_Log.java:91)
at Test.Ancera.Reports.Sites_Log.RowsPerPage1(Sites_Log.java:91)
at Test.Ancera.Reports.Sites_Log.RowsPerPage1(Sites_Log.java:91)
at Test.Ancera.Reports.Sites_Log.RowsPerPage1(Sites_Log.java:91)
at Test.Ancera.Reports.Sites_Log.RowsPerPage1(Sites_Log.java:91)
at Test.Ancera.Reports.Sites_Log.RowsPerPage1(Sites_Log.java:91)
at Test.Ancera.Reports.Sites_Log.RowsPerPage1(Sites_Log.java:91)
at Test.Ancera.Reports.Sites_Log.RowsPerPage1(Sites_Log.java:91)
at Test.Ancera.Reports.Sites_Log.RowsPerPage1(Sites_Log.java:91)
at Test.Ancera.Reports.Sites_Log.RowsPerPage1(Sites_Log.java:91)
at Test.Ancera.Reports.Sites_Log.RowsPerPage1(Sites_Log.java:91)
at Test.Ancera.Reports.Sites_Log.RowsPerPage1(Sites_Log.java:91)
at Test.Ancera.Reports.Sites_Log.RowsPerPage1(Sites_Log.java:91)
at Test.Ancera.Reports.Sites_Log.RowsPerPage1(Sites_Log.java:91)
at Test.Ancera.Reports.Sites_Log.RowsPerPage1(Sites_Log.java:91)
at Test.Ancera.Reports.Sites_Log.RowsPerPage1(Sites_Log.java:91)
at Test.Ancera.Reports.Sites_Log.RowsPerPage1(Sites_Log.java:91)
at Test.Ancera.Reports.Sites_Log.RowsPerPage1(Sites_Log.java:91)
at Test.Ancera.Reports.Sites_Log.RowsPerPage1(Sites_Log.java:91)
at Test.Ancera.Reports.Sites_Log.RowsPerPage1(Sites_Log.java:91)
at Test.Ancera.Reports.Sites_Log.RowsPerPage1(Sites_Log.java:91)
at Test.Ancera.Reports.Sites_Log.RowsPerPage1(Sites_Log.java:91)
at Test.Ancera.Reports.Sites_Log.RowsPerPage1(Sites_Log.java:91)
at Test.Ancera.Reports.Sites_Log.RowsPerPage1(Sites_Log.java:91)
at Test.Ancera.Reports.Sites_Log.RowsPerPage1(Sites_Log.java:91)
at Test.Ancera.Reports.Sites_Log.RowsPerPage1(Sites_Log.java:91)
at Test.Ancera.Reports.Sites_Log.RowsPerPage1(Sites_Log.java:91)
at Test.Ancera.Reports.Sites_Log.RowsPerPage1(Sites_Log.java:91)
at Test.Ancera.Reports.Sites_Log.RowsPerPage1(Sites_Log.java:91)
at Test.Ancera.Reports.Sites_Log.RowsPerPage1(Sites_Log.java:91)
at Test.Ancera.Reports.Sites_Log.RowsPerPage1(Sites_Log.java:91)
at Test.Ancera.Reports.Sites_Log.RowsPerPage1(Sites_Log.java:91)
at Test.Ancera.Reports.Sites_Log.RowsPerPage1(Sites_Log.java:91)
at Test.Ancera.Reports.Sites_Log.RowsPerPage1(Sites_Log.java:91)
at Test.Ancera.Reports.Sites_Log.RowsPerPage1(Sites_Log.java:91)
at Test.Ancera.Reports.Sites_Log.RowsPerPage1(Sites_Log.java:91)
at Test.Ancera.Reports.Sites_Log.RowsPerPage1(Sites_Log.java:91)
at Test.Ancera.Reports.Sites_Log.RowsPerPage1(Sites_Log.java:91)
at Test.Ancera.Reports.Sites_Log.RowsPerPage1(Sites_Log.java:91)
at Test.Ancera.Reports.Sites_Log.RowsPerPage1(Sites_Log.java:91)
at Test.Ancera.Reports.Sites_Log.RowsPerPage1(Sites_Log.java:91)
at Test.Ancera.Reports.Sites_Log.RowsPerPage1(Sites_Log.java:91)
at Test.Ancera.Reports.Sites_Log.RowsPerPage1(Sites_Log.java:91)
at Test.Ancera.Reports.Sites_Log.RowsPerPage1(Sites_Log.java:91)
at Test.Ancera.Reports.Sites_Log.RowsPerPage1(Sites_Log.java:91)
at Test.Ancera.Reports.Sites_Log.RowsPerPage1(Sites_Log.java:91)
at Test.Ancera.Reports.Sites_Log.RowsPerPage1(Sites_Log.java:91)
at Test.Ancera.Reports.Sites_Log.RowsPerPage1(Sites_Log.java:91)
at Test.Ancera.Reports.Sites_Log.RowsPerPage1(Sites_Log.java:91)
at Test.Ancera.Reports.Sites_Log.RowsPerPage1(Sites_Log.java:91)
at Test.Ancera.Reports.Sites_Log.RowsPerPage1(Sites_Log.java:91)
at Test.Ancera.Reports.Sites_Log.RowsPerPage1(Sites_Log.java:91)
at Test.Ancera.Reports.Sites_Log.RowsPerPage1(Sites_Log.java:91)
at Test.Ancera.Reports.Sites_Log.RowsPerPage1(Sites_Log.java:91)
at Test.Ancera.Reports.Sites_Log.RowsPerPage1(Sites_Log.java:91)
at Test.Ancera.Reports.Sites_Log.RowsPerPage1(Sites_Log.java:91)
at Test.Ancera.Reports.Sites_Log.RowsPerPage1(Sites_Log.java:91)
at Test.Ancera.Reports.Sites_Log.RowsPerPage1(Sites_Log.java:91)
at Test.Ancera.Reports.Sites_Log.RowsPerPage1(Sites_Log.java:91)
at Test.Ancera.Reports.Sites_Log.RowsPerPage1(Sites_Log.java:91)
at Test.Ancera.Reports.Sites_Log.RowsPerPage1(Sites_Log.java:91)
at Test.Ancera.Reports.Sites_Log.RowsPerPage1(Sites_Log.java:91)
at Test.Ancera.Reports.Sites_Log.RowsPerPage1(Sites_Log.java:91)
at Test.Ancera.Reports.Sites_Log.RowsPerPage1(Sites_Log.java:91)
at Test.Ancera.Reports.Sites_Log.RowsPerPage1(Sites_Log.java:91)
at Test.Ancera.Reports.Sites_Log.RowsPerPage1(Sites_Log.java:91)
at Test.Ancera.Reports.Sites_Log.RowsPerPage1(Sites_Log.java:91)
at Test.Ancera.Reports.Sites_Log.RowsPerPage1(Sites_Log.java:91)
at Test.Ancera.Reports.Sites_Log.RowsPerPage1(Sites_Log.java:91)
at Test.Ancera.Reports.Sites_Log.RowsPerPage1(Sites_Log.java:91)
at Test.Ancera.Reports.Sites_Log.RowsPerPage1(Sites_Log.java:91)
at Test.Ancera.Reports.Sites_Log.RowsPerPage1(Sites_Log.java:91)
at Test.Ancera.Reports.Sites_Log.RowsPerPage1(Sites_Log.java:91)
at Test.Ancera.Reports.Sites_Log.RowsPerPage1(Sites_Log.java:91)
at Test.Ancera.Reports.Sites_Log.RowsPerPage1(Sites_Log.java:91)
at Test.Ancera.Reports.Sites_Log.RowsPerPage1(Sites_Log.java:91)
at Test.Ancera.Reports.Sites_Log.RowsPerPage1(Sites_Log.java:91)
at Test.Ancera.Reports.Sites_Log.RowsPerPage1(Sites_Log.java:91)
at Test.Ancera.Reports.Sites_Log.RowsPerPage1(Sites_Log.java:91)
at Test.Ancera.Reports.Sites_Log.RowsPerPage1(Sites_Log.java:91)
at Test.Ancera.Reports.Sites_Log.RowsPerPage1(Sites_Log.java:91)
at Test.Ancera.Reports.Sites_Log.RowsPerPage1(Sites_Log.java:91)
at Test.Ancera.Reports.Sites_Log.RowsPerPage1(Sites_Log.java:91)
at Test.Ancera.Reports.Sites_Log.RowsPerPage1(Sites_Log.java:91)
at Test.Ancera.Reports.Sites_Log.RowsPerPage1(Sites_Log.java:91)
at Test.Ancera.Reports.Sites_Log.RowsPerPage1(Sites_Log.java:91)
at Test.Ancera.Reports.Sites_Log.RowsPerPage1(Sites_Log.java:91)
at Test.Ancera.Reports.Sites_Log.RowsPerPage1(Sites_Log.java:91)
at Test.Ancera.Reports.Sites_Log.RowsPerPage1(Sites_Log.java:91)
at Test.Ancera.Reports.Sites_Log.RowsPerPage1(Sites_Log.java:91)
at Test.Ancera.Reports.Sites_Log.RowsPerPage1(Sites_Log.java:91)
at Test.Ancera.Reports.Sites_Log.RowsPerPage1(Sites_Log.java:91)
at Test.Ancera.Reports.Sites_Log.RowsPerPage1(Sites_Log.java:91)
at Test.Ancera.Reports.Sites_Log.RowsPerPage1(Sites_Log.java:91)
at Test.Ancera.Reports.Sites_Log.RowsPerPage1(Sites_Log.java:91)
at Test.Ancera.Reports.Sites_Log.RowsPerPage1(Sites_Log.java:91)
at Test.Ancera.Reports.Sites_Log.RowsPerPage1(Sites_Log.java:91)
at Test.Ancera.Reports.Sites_Log.RowsPerPage1(Sites_Log.java:91)
at Test.Ancera.Reports.Sites_Log.RowsPerPage1(Sites_Log.java:91)
at Test.Ancera.Reports.Sites_Log.RowsPerPage1(Sites_Log.java:91)
at Test.Ancera.Reports.Sites_Log.RowsPerPage1(Sites_Log.java:91)
at Test.Ancera.Reports.Sites_Log.RowsPerPage1(Sites_Log.java:91)
at Test.Ancera.Reports.Sites_Log.RowsPerPage1(Sites_Log.java:91)
at Test.Ancera.Reports.Sites_Log.RowsPerPage1(Sites_Log.java:91)
at Test.Ancera.Reports.Sites_Log.RowsPerPage1(Sites_Log.java:91)
at Test.Ancera.Reports.Sites_Log.RowsPerPage1(Sites_Log.java:91)
at Test.Ancera.Reports.Sites_Log.RowsPerPage1(Sites_Log.java:91)
at Test.Ancera.Reports.Sites_Log.RowsPerPage1(Sites_Log.java:91)
at Test.Ancera.Reports.Sites_Log.RowsPerPage1(Sites_Log.java:91)
at Test.Ancera.Reports.Sites_Log.RowsPerPage1(Sites_Log.java:91)
at Test.Ancera.Reports.Sites_Log.RowsPerPage1(Sites_Log.java:91)
at Test.Ancera.Reports.Sites_Log.RowsPerPage1(Sites_Log.java:91)
at Test.Ancera.Reports.Sites_Log.RowsPerPage1(Sites_Log.java:91)
at Test.Ancera.Reports.Sites_Log.RowsPerPage1(Sites_Log.java:91)
at Test.Ancera.Reports.Sites_Log.RowsPerPage1(Sites_Log.java:91)
at Test.Ancera.Reports.Sites_Log.RowsPerPage1(Sites_Log.java:91)
at Test.Ancera.Reports.Sites_Log.RowsPerPage1(Sites_Log.java:91)
at Test.Ancera.Reports.Sites_Log.RowsPerPage1(Sites_Log.java:91)
at Test.Ancera.Reports.Sites_Log.RowsPerPage1(Sites_Log.java:91)
at Test.Ancera.Reports.Sites_Log.RowsPerPage1(Sites_Log.java:91)
at Test.Ancera.Reports.Sites_Log.RowsPerPage1(Sites_Log.java:91)
at Test.Ancera.Reports.Sites_Log.RowsPerPage1(Sites_Log.java:91)
at Test.Ancera.Reports.Sites_Log.RowsPerPage1(Sites_Log.java:91)
at Test.Ancera.Reports.Sites_Log.RowsPerPage1(Sites_Log.java:91)
at Test.Ancera.Reports.Sites_Log.RowsPerPage1(Sites_Log.java:91)
at Test.Ancera.Reports.Sites_Log.RowsPerPage1(Sites_Log.java:91)
at Test.Ancera.Reports.Sites_Log.RowsPerPage1(Sites_Log.java:91)
at Test.Ancera.Reports.Sites_Log.RowsPerPage1(Sites_Log.java:91)
at Test.Ancera.Reports.Sites_Log.RowsPerPage1(Sites_Log.java:91)
at Test.Ancera.Reports.Sites_Log.RowsPerPage1(Sites_Log.java:91)
at Test.Ancera.Reports.Sites_Log.RowsPerPage1(Sites_Log.java:91)
at Test.Ancera.Reports.Sites_Log.RowsPerPage1(Sites_Log.java:91)
at Test.Ancera.Reports.Sites_Log.RowsPerPage1(Sites_Log.java:91)
at Test.Ancera.Reports.Sites_Log.RowsPerPage1(Sites_Log.java:91)
at Test.Ancera.Reports.Sites_Log.RowsPerPage1(Sites_Log.java:91)
at Test.Ancera.Reports.Sites_Log.RowsPerPage1(Sites_Log.java:91)
at Test.Ancera.Reports.Sites_Log.RowsPerPage1(Sites_Log.java:91)
at Test.Ancera.Reports.Sites_Log.RowsPerPage1(Sites_Log.java:91)
at Test.Ancera.Reports.Sites_Log.RowsPerPage1(Sites_Log.java:91)
at Test.Ancera.Reports.Sites_Log.RowsPerPage1(Sites_Log.java:91)
at Test.Ancera.Reports.Sites_Log.RowsPerPage1(Sites_Log.java:91)
at Test.Ancera.Reports.Sites_Log.RowsPerPage1(Sites_Log.java:91)
at Test.Ancera.Reports.Sites_Log.RowsPerPage1(Sites_Log.java:91)
at Test.Ancera.Reports.Sites_Log.RowsPerPage1(Sites_Log.java:91)
at Test.Ancera.Reports.Sites_Log.RowsPerPage1(Sites_Log.java:91)
at Test.Ancera.Reports.Sites_Log.RowsPerPage1(Sites_Log.java:91)
at Test.Ancera.Reports.Sites_Log.RowsPerPage1(Sites_Log.java:91)
at Test.Ancera.Reports.Sites_Log.RowsPerPage1(Sites_Log.java:91)
at Test.Ancera.Reports.Sites_Log.RowsPerPage1(Sites_Log.java:91)
at Test.Ancera.Reports.Sites_Log.RowsPerPage1(Sites_Log.java:91)
at Test.Ancera.Reports.Sites_Log.RowsPerPage1(Sites_Log.java:91)
at Test.Ancera.Reports.Sites_Log.RowsPerPage1(Sites_Log.java:91)
at Test.Ancera.Reports.Sites_Log.RowsPerPage1(Sites_Log.java:91)
at Test.Ancera.Reports.Sites_Log.RowsPerPage1(Sites_Log.java:91)
at Test.Ancera.Reports.Sites_Log.RowsPerPage1(Sites_Log.java:91)
at Test.Ancera.Reports.Sites_Log.RowsPerPage1(Sites_Log.java:91)
at Test.Ancera.Reports.Sites_Log.RowsPerPage1(Sites_Log.java:91)
at Test.Ancera.Reports.Sites_Log.RowsPerPage1(Sites_Log.java:91)
at Test.Ancera.Reports.Sites_Log.RowsPerPage1(Sites_Log.java:91)
at Test.Ancera.Reports.Sites_Log.RowsPerPage1(Sites_Log.java:91)
at Test.Ancera.Reports.Sites_Log.RowsPerPage1(Sites_Log.java:91)
at Test.Ancera.Reports.Sites_Log.RowsPerPage1(Sites_Log.java:91)
at Test.Ancera.Reports.Sites_Log.RowsPerPage1(Sites_Log.java:91)
at Test.Ancera.Reports.Sites_Log.RowsPerPage1(Sites_Log.java:91)
at Test.Ancera.Reports.Sites_Log.RowsPerPage1(Sites_Log.java:91)
at Test.Ancera.Reports.Sites_Log.RowsPerPage1(Sites_Log.java:91)
at Test.Ancera.Reports.Sites_Log.RowsPerPage1(Sites_Log.java:91)
at Test.Ancera.Reports.Sites_Log.RowsPerPage1(Sites_Log.java:91)
at Test.Ancera.Reports.Sites_Log.RowsPerPage1(Sites_Log.java:91)
at Test.Ancera.Reports.Sites_Log.RowsPerPage1(Sites_Log.java:91)
at Test.Ancera.Reports.Sites_Log.RowsPerPage1(Sites_Log.java:91)
at Test.Ancera.Reports.Sites_Log.RowsPerPage1(Sites_Log.java:91)
at Test.Ancera.Reports.Sites_Log.RowsPerPage1(Sites_Log.java:91)
at Test.Ancera.Reports.Sites_Log.RowsPerPage1(Sites_Log.java:91)
at Test.Ancera.Reports.Sites_Log.RowsPerPage1(Sites_Log.java:91)
at Test.Ancera.Reports.Sites_Log.RowsPerPage1(Sites_Log.java:91)
at Test.Ancera.Reports.Sites_Log.RowsPerPage1(Sites_Log.java:91)
at Test.Ancera.Reports.Sites_Log.RowsPerPage1(Sites_Log.java:91)
at Test.Ancera.Reports.Sites_Log.RowsPerPage1(Sites_Log.java:91)
at Test.Ancera.Reports.Sites_Log.RowsPerPage1(Sites_Log.java:91)
at Test.Ancera.Reports.Sites_Log.RowsPerPage1(Sites_Log.java:91)
at Test.Ancera.Reports.Sites_Log.RowsPerPage1(Sites_Log.java:91)
at Test.Ancera.Reports.Sites_Log.RowsPerPage1(Sites_Log.java:91)
at Test.Ancera.Reports.Sites_Log.RowsPerPage1(Sites_Log.java:91)
at Test.Ancera.Reports.Sites_Log.RowsPerPage1(Sites_Log.java:91)
at Test.Ancera.Reports.Sites_Log.RowsPerPage1(Sites_Log.java:91)
at Test.Ancera.Reports.Sites_Log.RowsPerPage1(Sites_Log.java:91)
at Test.Ancera.Reports.Sites_Log.RowsPerPage1(Sites_Log.java:91)
at Test.Ancera.Reports.Sites_Log.RowsPerPage1(Sites_Log.java:91)
at Test.Ancera.Reports.Sites_Log.RowsPerPage1(Sites_Log.java:91)
at Test.Ancera.Reports.Sites_Log.RowsPerPage1(Sites_Log.java:91)
at Test.Ancera.Reports.Sites_Log.RowsPerPage1(Sites_Log.java:91)
at Test.Ancera.Reports.Sites_Log.RowsPerPage1(Sites_Log.java:91)
at Test.Ancera.Reports.Sites_Log.RowsPerPage1(Sites_Log.java:91)
at Test.Ancera.Reports.Sites_Log.RowsPerPage1(Sites_Log.java:91)
at Test.Ancera.Reports.Sites_Log.RowsPerPage1(Sites_Log.java:91)
at Test.Ancera.Reports.Sites_Log.RowsPerPage1(Sites_Log.java:91)
at Test.Ancera.Reports.Sites_Log.RowsPerPage1(Sites_Log.java:91)
at Test.Ancera.Reports.Sites_Log.RowsPerPage1(Sites_Log.java:91)
at Test.Ancera.Reports.Sites_Log.RowsPerPage1(Sites_Log.java:91)
at Test.Ancera.Reports.Sites_Log.RowsPerPage1(Sites_Log.java:91)
at Test.Ancera.Reports.Sites_Log.RowsPerPage1(Sites_Log.java:91)
at Test.Ancera.Reports.Sites_Log.RowsPerPage1(Sites_Log.java:91)
at Test.Ancera.Reports.Sites_Log.RowsPerPage1(Sites_Log.java:91)
at Test.Ancera.Reports.Sites_Log.RowsPerPage1(Sites_Log.java:91)
at Test.Ancera.Reports.Sites_Log.RowsPerPage1(Sites_Log.java:91)
at Test.Ancera.Reports.Sites_Log.RowsPerPage1(Sites_Log.java:91)
at Test.Ancera.Reports.Sites_Log.RowsPerPage1(Sites_Log.java:91)
at Test.Ancera.Reports.Sites_Log.RowsPerPage1(Sites_Log.java:91)
at Test.Ancera.Reports.Sites_Log.RowsPerPage1(Sites_Log.java:91)
at Test.Ancera.Reports.Sites_Log.RowsPerPage1(Sites_Log.java:91)
at Test.Ancera.Reports.Sites_Log.RowsPerPage1(Sites_Log.java:91)
at Test.Ancera.Reports.Sites_Log.RowsPerPage1(Sites_Log.java:91)
at Test.Ancera.Reports.Sites_Log.RowsPerPage1(Sites_Log.java:91)
at Test.Ancera.Reports.Sites_Log.RowsPerPage1(Sites_Log.java:91)
at Test.Ancera.Reports.Sites_Log.RowsPerPage1(Sites_Log.java:91)
at Test.Ancera.Reports.Sites_Log.RowsPerPage1(Sites_Log.java:91)
at Test.Ancera.Reports.Sites_Log.RowsPerPage1(Sites_Log.java:91)
at Test.Ancera.Reports.Sites_Log.RowsPerPage1(Sites_Log.java:91)
at Test.Ancera.Reports.Sites_Log.RowsPerPage1(Sites_Log.java:91)
at Test.Ancera.Reports.Sites_Log.RowsPerPage1(Sites_Log.java:91)
at Test.Ancera.Reports.Sites_Log.RowsPerPage1(Sites_Log.java:91)
at Test.Ancera.Reports.Sites_Log.RowsPerPage1(Sites_Log.java:91)
at Test.Ancera.Reports.Sites_Log.RowsPerPage1(Sites_Log.java:91)
at Test.Ancera.Reports.Sites_Log.RowsPerPage1(Sites_Log.java:91)
at Test.Ancera.Reports.Sites_Log.RowsPerPage1(Sites_Log.java:91)
at Test.Ancera.Reports.Sites_Log.RowsPerPage1(Sites_Log.java:91)
at Test.Ancera.Reports.Sites_Log.RowsPerPage1(Sites_Log.java:91)
at Test.Ancera.Reports.Sites_Log.RowsPerPage1(Sites_Log.java:91)
at Test.Ancera.Reports.Sites_Log.RowsPerPage1(Sites_Log.java:91)
at Test.Ancera.Reports.Sites_Log.RowsPerPage1(Sites_Log.java:91)
at Test.Ancera.Reports.Sites_Log.RowsPerPage1(Sites_Log.java:91)
at Test.Ancera.Reports.Sites_Log.RowsPerPage1(Sites_Log.java:91)
at Test.Ancera.Reports.Sites_Log.RowsPerPage1(Sites_Log.java:91)
at Test.Ancera.Reports.Sites_Log.RowsPerPage1(Sites_Log.java:91)
at Test.Ancera.Reports.Sites_Log.RowsPerPage1(Sites_Log.java:91)
at Test.Ancera.Reports.Sites_Log.RowsPerPage1(Sites_Log.java:91)
at Test.Ancera.Reports.Sites_Log.RowsPerPage1(Sites_Log.java:91)
at Test.Ancera.Reports.Sites_Log.RowsPerPage1(Sites_Log.java:91)
at Test.Ancera.Reports.Sites_Log.RowsPerPage1(Sites_Log.java:91)
at Test.Ancera.Reports.Sites_Log.RowsPerPage1(Sites_Log.java:91)
at Test.Ancera.Reports.Sites_Log.RowsPerPage1(Sites_Log.java:91)
at Test.Ancera.Reports.Sites_Log.RowsPerPage1(Sites_Log.java:91)
at Test.Ancera.Reports.Sites_Log.RowsPerPage1(Sites_Log.java:91)
at Test.Ancera.Reports.Sites_Log.RowsPerPage1(Sites_Log.java:91)
at Test.Ancera.Reports.Sites_Log.RowsPerPage1(Sites_Log.java:91)
at Test.Ancera.Reports.Sites_Log.RowsPerPage1(Sites_Log.java:91)
at Test.Ancera.Reports.Sites_Log.RowsPerPage1(Sites_Log.java:91)
at Test.Ancera.Reports.Sites_Log.RowsPerPage1(Sites_Log.java:91)
at Test.Ancera.Reports.Sites_Log.RowsPerPage1(Sites_Log.java:91)
at Test.Ancera.Reports.Sites_Log.RowsPerPage1(Sites_Log.java:91)
at Test.Ancera.Reports.Sites_Log.RowsPerPage1(Sites_Log.java:91)
at Test.Ancera.Reports.Sites_Log.RowsPerPage1(Sites_Log.java:91)
at Test.Ancera.Reports.Sites_Log.RowsPerPage1(Sites_Log.java:91)
at Test.Ancera.Reports.Sites_Log.RowsPerPage1(Sites_Log.java:91)
at Test.Ancera.Reports.Sites_Log.RowsPerPage1(Sites_Log.java:91)
at Test.Ancera.Reports.Sites_Log.RowsPerPage1(Sites_Log.java:91)
at Test.Ancera.Reports.Sites_Log.RowsPerPage1(Sites_Log.java:91)
at Test.Ancera.Reports.Sites_Log.RowsPerPage1(Sites_Log.java:91)
at Test.Ancera.Reports.Sites_Log.RowsPerPage1(Sites_Log.java:91)
at Test.Ancera.Reports.Sites_Log.RowsPerPage1(Sites_Log.java:91)
at Test.Ancera.Reports.Sites_Log.RowsPerPage1(Sites_Log.java:91)
at Test.Ancera.Reports.Sites_Log.RowsPerPage1(Sites_Log.java:91)
at Test.Ancera.Reports.Sites_Log.RowsPerPage1(Sites_Log.java:91)
at Test.Ancera.Reports.Sites_Log.RowsPerPage1(Sites_Log.java:91)
at Test.Ancera.Reports.Sites_Log.RowsPerPage1(Sites_Log.java:91)
at Test.Ancera.Reports.Sites_Log.RowsPerPage1(Sites_Log.java:91)
at Test.Ancera.Reports.Sites_Log.RowsPerPage1(Sites_Log.java:91)
at Test.Ancera.Reports.Sites_Log.RowsPerPage1(Sites_Log.java:91)
at Test.Ancera.Reports.Sites_Log.RowsPerPage1(Sites_Log.java:91)
at Test.Ancera.Reports.Sites_Log.RowsPerPage1(Sites_Log.java:91)
at Test.Ancera.Reports.Sites_Log.RowsPerPage1(Sites_Log.java:91)
at Test.Ancera.Reports.Sites_Log.RowsPerPage1(Sites_Log.java:91)
at Test.Ancera.Reports.Sites_Log.RowsPerPage1(Sites_Log.java:91)
at Test.Ancera.Reports.Sites_Log.RowsPerPage1(Sites_Log.java:91)
at Test.Ancera.Reports.Sites_Log.RowsPerPage1(Sites_Log.java:91)
at Test.Ancera.Reports.Sites_Log.RowsPerPage1(Sites_Log.java:91)
at Test.Ancera.Reports.Sites_Log.RowsPerPage1(Sites_Log.java:91)
at Test.Ancera.Reports.Sites_Log.RowsPerPage1(Sites_Log.java:91)
at Test.Ancera.Reports.Sites_Log.RowsPerPage1(Sites_Log.java:91)
at Test.Ancera.Reports.Sites_Log.RowsPerPage1(Sites_Log.java:91)
at Test.Ancera.Reports.Sites_Log.RowsPerPage1(Sites_Log.java:91)
at Test.Ancera.Reports.Sites_Log.RowsPerPage1(Sites_Log.java:91)
at Test.Ancera.Reports.Sites_Log.RowsPerPage1(Sites_Log.java:91)
at Test.Ancera.Reports.Sites_Log.RowsPerPage1(Sites_Log.java:91)
at Test.Ancera.Reports.Sites_Log.RowsPerPage1(Sites_Log.java:91)
at Test.Ancera.Reports.Sites_Log.RowsPerPage1(Sites_Log.java:91)
at Test.Ancera.Reports.Sites_Log.RowsPerPage1(Sites_Log.java:91)
at Test.Ancera.Reports.Sites_Log.RowsPerPage1(Sites_Log.java:91)
at Test.Ancera.Reports.Sites_Log.RowsPerPage1(Sites_Log.java:91)
at Test.Ancera.Reports.Sites_Log.RowsPerPage1(Sites_Log.java:91)
at Test.Ancera.Reports.Sites_Log.RowsPerPage1(Sites_Log.java:91)
at Test.Ancera.Reports.Sites_Log.RowsPerPage1(Sites_Log.java:91)
at Test.Ancera.Reports.Sites_Log.RowsPerPage1(Sites_Log.java:91)
at Test.Ancera.Reports.Sites_Log.RowsPerPage1(Sites_Log.java:91)
at Test.Ancera.Reports.Sites_Log.RowsPerPage1(Sites_Log.java:91)
at Test.Ancera.Reports.Sites_Log.RowsPerPage1(Sites_Log.java:91)
at Test.Ancera.Reports.Sites_Log.RowsPerPage1(Sites_Log.java:91)
at Test.Ancera.Reports.Sites_Log.RowsPerPage1(Sites_Log.java:91)
at Test.Ancera.Reports.Sites_Log.RowsPerPage1(Sites_Log.java:91)
at Test.Ancera.Reports.Sites_Log.RowsPerPage1(Sites_Log.java:91)
at Test.Ancera.Reports.Sites_Log.RowsPerPage1(Sites_Log.java:91)
at Test.Ancera.Reports.Sites_Log.RowsPerPage1(Sites_Log.java:91)
at Test.Ancera.Reports.Sites_Log.RowsPerPage1(Sites_Log.java:91)
at Test.Ancera.Reports.Sites_Log.RowsPerPage1(Sites_Log.java:91)
at Test.Ancera.Reports.Sites_Log.RowsPerPage1(Sites_Log.java:91)
at Test.Ancera.Reports.Sites_Log.RowsPerPage1(Sites_Log.java:91)
at Test.Ancera.Reports.Sites_Log.RowsPerPage1(Sites_Log.java:91)
at Test.Ancera.Reports.Sites_Log.RowsPerPage1(Sites_Log.java:91)
at Test.Ancera.Reports.Sites_Log.RowsPerPage1(Sites_Log.java:91)
at Test.Ancera.Reports.Sites_Log.RowsPerPage1(Sites_Log.java:91)
at Test.Ancera.Reports.Sites_Log.RowsPerPage1(Sites_Log.java:91)
at Test.Ancera.Reports.Sites_Log.RowsPerPage1(Sites_Log.java:91)
at Test.Ancera.Reports.Sites_Log.RowsPerPage1(Sites_Log.java:91)
at Test.Ancera.Reports.Sites_Log.RowsPerPage1(Sites_Log.java:91)
at Test.Ancera.Reports.Sites_Log.RowsPerPage1(Sites_Log.java:91)
at Test.Ancera.Reports.Sites_Log.RowsPerPage1(Sites_Log.java:91)
at Test.Ancera.Reports.Sites_Log.RowsPerPage1(Sites_Log.java:91)
at Test.Ancera.Reports.Sites_Log.RowsPerPage1(Sites_Log.java:91)
at Test.Ancera.Reports.Sites_Log.RowsPerPage1(Sites_Log.java:91)
at Test.Ancera.Reports.Sites_Log.RowsPerPage1(Sites_Log.java:91)
at Test.Ancera.Reports.Sites_Log.RowsPerPage1(Sites_Log.java:91)
at Test.Ancera.Reports.Sites_Log.RowsPerPage1(Sites_Log.java:91)
at Test.Ancera.Reports.Sites_Log.RowsPerPage1(Sites_Log.java:91)
at Test.Ancera.Reports.Sites_Log.RowsPerPage1(Sites_Log.java:91)
at Test.Ancera.Reports.Sites_Log.RowsPerPage1(Sites_Log.java:91)
at Test.Ancera.Reports.Sites_Log.RowsPerPage1(Sites_Log.java:91)
at Test.Ancera.Reports.Sites_Log.RowsPerPage1(Sites_Log.java:91)
at Test.Ancera.Reports.Sites_Log.RowsPerPage1(Sites_Log.java:91)
at Test.Ancera.Reports.Sites_Log.RowsPerPage1(Sites_Log.java:91)
at Test.Ancera.Reports.Sites_Log.RowsPerPage1(Sites_Log.java:91)
at Test.Ancera.Reports.Sites_Log.RowsPerPage1(Sites_Log.java:91)
at Test.Ancera.Reports.Sites_Log.RowsPerPage1(Sites_Log.java:91)
at Test.Ancera.Reports.Sites_Log.RowsPerPage1(Sites_Log.java:91)
at Test.Ancera.Reports.Sites_Log.RowsPerPage1(Sites_Log.java:91)
at Test.Ancera.Reports.Sites_Log.RowsPerPage1(Sites_Log.java:91)
at Test.Ancera.Reports.Sites_Log.RowsPerPage1(Sites_Log.java:91)
at Test.Ancera.Reports.Sites_Log.RowsPerPage1(Sites_Log.java:91)
at Test.Ancera.Reports.Sites_Log.RowsPerPage1(Sites_Log.java:91)
at Test.Ancera.Reports.Sites_Log.RowsPerPage1(Sites_Log.java:91)
at Test.Ancera.Reports.Sites_Log.RowsPerPage1(Sites_Log.java:91)
at Test.Ancera.Reports.Sites_Log.RowsPerPage1(Sites_Log.java:91)
at Test.Ancera.Reports.Sites_Log.RowsPerPage1(Sites_Log.java:91)
at Test.Ancera.Reports.Sites_Log.RowsPerPage1(Sites_Log.java:91)
at Test.Ancera.Reports.Sites_Log.RowsPerPage1(Sites_Log.java:91)
at Test.Ancera.Reports.Sites_Log.RowsPerPage1(Sites_Log.java:91)
at Test.Ancera.Reports.Sites_Log.RowsPerPage1(Sites_Log.java:91)
at Test.Ancera.Reports.Sites_Log.RowsPerPage1(Sites_Log.java:91)
at Test.Ancera.Reports.Sites_Log.RowsPerPage1(Sites_Log.java:91)
at Test.Ancera.Reports.Sites_Log.RowsPerPage1(Sites_Log.java:91)
at Test.Ancera.Reports.Sites_Log.RowsPerPage1(Sites_Log.java:91)
at Test.Ancera.Reports.Sites_Log.RowsPerPage1(Sites_Log.java:91)
at Test.Ancera.Reports.Sites_Log.RowsPerPage1(Sites_Log.java:91)
at Test.Ancera.Reports.Sites_Log.RowsPerPage1(Sites_Log.java:91)
at Test.Ancera.Reports.Sites_Log.RowsPerPage1(Sites_Log.java:91)
at Test.Ancera.Reports.Sites_Log.RowsPerPage1(Sites_Log.java:91)
at Test.Ancera.Reports.Sites_Log.RowsPerPage1(Sites_Log.java:91)
at Test.Ancera.Reports.Sites_Log.RowsPerPage1(Sites_Log.java:91)
at Test.Ancera.Reports.Sites_Log.RowsPerPage1(Sites_Log.java:91)
at Test.Ancera.Reports.Sites_Log.RowsPerPage1(Sites_Log.java:91)
at Test.Ancera.Reports.Sites_Log.RowsPerPage1(Sites_Log.java:91)
at Test.Ancera.Reports.Sites_Log.RowsPerPage1(Sites_Log.java:91)
at Test.Ancera.Reports.Sites_Log.RowsPerPage1(Sites_Log.java:91)
at Test.Ancera.Reports.Sites_Log.RowsPerPage1(Sites_Log.java:91)
at Test.Ancera.Reports.Sites_Log.RowsPerPage1(Sites_Log.java:91)
at Test.Ancera.Reports.Sites_Log.RowsPerPage1(Sites_Log.java:91)
at Test.Ancera.Reports.Sites_Log.RowsPerPage1(Sites_Log.java:91)
at Test.Ancera.Reports.Sites_Log.RowsPerPage1(Sites_Log.java:91)
at Test.Ancera.Reports.Sites_Log.RowsPerPage1(Sites_Log.java:91)
at Test.Ancera.Reports.Sites_Log.RowsPerPage1(Sites_Log.java:91)
at Test.Ancera.Reports.Sites_Log.RowsPerPage1(Sites_Log.java:91)
at Test.Ancera.Reports.Sites_Log.RowsPerPage1(Sites_Log.java:91)
at Test.Ancera.Reports.Sites_Log.RowsPerPage1(Sites_Log.java:91)
at Test.Ancera.Reports.Sites_Log.RowsPerPage1(Sites_Log.java:91)
at Test.Ancera.Reports.Sites_Log.RowsPerPage1(Sites_Log.java:91)
at Test.Ancera.Reports.Sites_Log.RowsPerPage1(Sites_Log.java:91)
at Test.Ancera.Reports.Sites_Log.RowsPerPage1(Sites_Log.java:91)
at Test.Ancera.Reports.Sites_Log.RowsPerPage1(Sites_Log.java:91)
at Test.Ancera.Reports.Sites_Log.RowsPerPage1(Sites_Log.java:91)
at Test.Ancera.Reports.Sites_Log.RowsPerPage1(Sites_Log.java:91)
at Test.Ancera.Reports.Sites_Log.RowsPerPage1(Sites_Log.java:91)
at Test.Ancera.Reports.Sites_Log.RowsPerPage1(Sites_Log.java:91)
at Test.Ancera.Reports.Sites_Log.RowsPerPage1(Sites_Log.java:91)
at Test.Ancera.Reports.Sites_Log.RowsPerPage1(Sites_Log.java:91)
at Test.Ancera.Reports.Sites_Log.RowsPerPage1(Sites_Log.java:91)
at Test.Ancera.Reports.Sites_Log.RowsPerPage1(Sites_Log.java:91)
at Test.Ancera.Reports.Sites_Log.RowsPerPage1(Sites_Log.java:91)
at Test.Ancera.Reports.Sites_Log.RowsPerPage1(Sites_Log.java:91)
at Test.Ancera.Reports.Sites_Log.RowsPerPage1(Sites_Log.java:91)
at Test.Ancera.Reports.Sites_Log.RowsPerPage1(Sites_Log.java:91)
at Test.Ancera.Reports.Sites_Log.RowsPerPage1(Sites_Log.java:91)
at Test.Ancera.Reports.Sites_Log.RowsPerPage1(Sites_Log.java:91)
at Test.Ancera.Reports.Sites_Log.RowsPerPage1(Sites_Log.java:91)
at Test.Ancera.Reports.Sites_Log.RowsPerPage1(Sites_Log.java:91)
at Test.Ancera.Reports.Sites_Log.RowsPerPage1(Sites_Log.java:91)
at Test.Ancera.Reports.Sites_Log.RowsPerPage1(Sites_Log.java:91)
at Test.Ancera.Reports.Sites_Log.RowsPerPage1(Sites_Log.java:91)
at Test.Ancera.Reports.Sites_Log.RowsPerPage1(Sites_Log.java:91)
at Test.Ancera.Reports.Sites_Log.RowsPerPage1(Sites_Log.java:91)
at Test.Ancera.Reports.Sites_Log.RowsPerPage1(Sites_Log.java:91)
at Test.Ancera.Reports.Sites_Log.RowsPerPage1(Sites_Log.java:91)
at Test.Ancera.Reports.Sites_Log.RowsPerPage1(Sites_Log.java:91)
at Test.Ancera.Reports.Sites_Log.RowsPerPage1(Sites_Log.java:91)
at Test.Ancera.Reports.Sites_Log.RowsPerPage1(Sites_Log.java:91)
at Test.Ancera.Reports.Sites_Log.RowsPerPage1(Sites_Log.java:91)
at Test.Ancera.Reports.Sites_Log.RowsPerPage1(Sites_Log.java:91)
at Test.Ancera.Reports.Sites_Log.RowsPerPage1(Sites_Log.java:91)
at Test.Ancera.Reports.Sites_Log.RowsPerPage1(Sites_Log.java:91)
at Test.Ancera.Reports.Sites_Log.RowsPerPage1(Sites_Log.java:91)
at Test.Ancera.Reports.Sites_Log.RowsPerPage1(Sites_Log.java:91)
at Test.Ancera.Reports.Sites_Log.RowsPerPage1(Sites_Log.java:91)
at Test.Ancera.Reports.Sites_Log.RowsPerPage1(Sites_Log.java:91)
at Test.Ancera.Reports.Sites_Log.RowsPerPage1(Sites_Log.java:91)
at Test.Ancera.Reports.Sites_Log.RowsPerPage1(Sites_Log.java:91)
at Test.Ancera.Reports.Sites_Log.RowsPerPage1(Sites_Log.java:91)
at Test.Ancera.Reports.Sites_Log.RowsPerPage1(Sites_Log.java:91)
at Test.Ancera.Reports.Sites_Log.RowsPerPage1(Sites_Log.java:91)
at Test.Ancera.Reports.Sites_Log.RowsPerPage1(Sites_Log.java:91)
at Test.Ancera.Reports.Sites_Log.RowsPerPage1(Sites_Log.java:91)
at Test.Ancera.Reports.Sites_Log.RowsPerPage1(Sites_Log.java:91)
at Test.Ancera.Reports.Sites_Log.RowsPerPage1(Sites_Log.java:91)
at Test.Ancera.Reports.Sites_Log.RowsPerPage1(Sites_Log.java:91)
at Test.Ancera.Reports.Sites_Log.RowsPerPage1(Sites_Log.java:91)
at Test.Ancera.Reports.Sites_Log.RowsPerPage1(Sites_Log.java:91)
at Test.Ancera.Reports.Sites_Log.RowsPerPage1(Sites_Log.java:91)
at Test.Ancera.Reports.Sites_Log.RowsPerPage1(Sites_Log.java:91)
at Test.Ancera.Reports.Sites_Log.RowsPerPage1(Sites_Log.java:91)
at Test.Ancera.Reports.Sites_Log.RowsPerPage1(Sites_Log.java:91)
at Test.Ancera.Reports.Sites_Log.RowsPerPage1(Sites_Log.java:91)
at Test.Ancera.Reports.Sites_Log.RowsPerPage1(Sites_Log.java:91)
at Test.Ancera.Reports.Sites_Log.RowsPerPage1(Sites_Log.java:91)
at Test.Ancera.Reports.Sites_Log.RowsPerPage1(Sites_Log.java:91)
at Test.Ancera.Reports.Sites_Log.RowsPerPage1(Sites_Log.java:91)
at Test.Ancera.Reports.Sites_Log.RowsPerPage1(Sites_Log.java:91)
at Test.Ancera.Reports.Sites_Log.RowsPerPage1(Sites_Log.java:91)
at Test.Ancera.Reports.Sites_Log.RowsPerPage1(Sites_Log.java:91)
at Test.Ancera.Reports.Sites_Log.RowsPerPage1(Sites_Log.java:91)
at Test.Ancera.Reports.Sites_Log.RowsPerPage1(Sites_Log.java:91)
at Test.Ancera.Reports.Sites_Log.RowsPerPage1(Sites_Log.java:91)
at Test.Ancera.Reports.Sites_Log.RowsPerPage1(Sites_Log.java:91)
at Test.Ancera.Reports.Sites_Log.RowsPerPage1(Sites_Log.java:91)
at Test.Ancera.Reports.Sites_Log.RowsPerPage1(Sites_Log.java:91)
at Test.Ancera.Reports.Sites_Log.RowsPerPage1(Sites_Log.java:91)
at Test.Ancera.Reports.Sites_Log.RowsPerPage1(Sites_Log.java:91)
at Test.Ancera.Reports.Sites_Log.RowsPerPage1(Sites_Log.java:91)
at Test.Ancera.Reports.Sites_Log.RowsPerPage1(Sites_Log.java:91)
at Test.Ancera.Reports.Sites_Log.RowsPerPage1(Sites_Log.java:91)
at Test.Ancera.Reports.Sites_Log.RowsPerPage1(Sites_Log.java:91)
at Test.Ancera.Reports.Sites_Log.RowsPerPage1(Sites_Log.java:91)
at Test.Ancera.Reports.Sites_Log.RowsPerPage1(Sites_Log.java:91)
at Test.Ancera.Reports.Sites_Log.RowsPerPage1(Sites_Log.java:91)
at Test.Ancera.Reports.Sites_Log.RowsPerPage1(Sites_Log.java:91)
at Test.Ancera.Reports.Sites_Log.RowsPerPage1(Sites_Log.java:91)
at Test.Ancera.Reports.Sites_Log.RowsPerPage1(Sites_Log.java:91)
at Test.Ancera.Reports.Sites_Log.RowsPerPage1(Sites_Log.java:91)
at Test.Ancera.Reports.Sites_Log.RowsPerPage1(Sites_Log.java:91)
at Test.Ancera.Reports.Sites_Log.RowsPerPage1(Sites_Log.java:91)
at Test.Ancera.Reports.Sites_Log.RowsPerPage1(Sites_Log.java:91)
at Test.Ancera.Reports.Sites_Log.RowsPerPage1(Sites_Log.java:91)
at Test.Ancera.Reports.Sites_Log.RowsPerPage1(Sites_Log.java:91)
at Test.Ancera.Reports.Sites_Log.RowsPerPage1(Sites_Log.java:91)
at Test.Ancera.Reports.Sites_Log.RowsPerPage1(Sites_Log.java:91)
at Test.Ancera.Reports.Sites_Log.RowsPerPage1(Sites_Log.java:91)
at Test.Ancera.Reports.Sites_Log.RowsPerPage1(Sites_Log.java:91)
at Test.Ancera.Reports.Sites_Log.RowsPerPage1(Sites_Log.java:91)
at Test.Ancera.Reports.Sites_Log.RowsPerPage1(Sites_Log.java:91)
at Test.Ancera.Reports.Sites_Log.RowsPerPage1(Sites_Log.java:91)
at Test.Ancera.Reports.Sites_Log.RowsPerPage1(Sites_Log.java:91)
at Test.Ancera.Reports.Sites_Log.RowsPerPage1(Sites_Log.java:91)
at Test.Ancera.Reports.Sites_Log.RowsPerPage1(Sites_Log.java:91)
at Test.Ancera.Reports.Sites_Log.RowsPerPage1(Sites_Log.java:91)
at Test.Ancera.Reports.Sites_Log.RowsPerPage1(Sites_Log.java:91)
at Test.Ancera.Reports.Sites_Log.RowsPerPage1(Sites_Log.java:91)
at Test.Ancera.Reports.Sites_Log.RowsPerPage1(Sites_Log.java:91)
at Test.Ancera.Reports.Sites_Log.RowsPerPage1(Sites_Log.java:91)
at Test.Ancera.Reports.Sites_Log.RowsPerPage1(Sites_Log.java:91)
at Test.Ancera.Reports.Sites_Log.RowsPerPage1(Sites_Log.java:91)
at Test.Ancera.Reports.Sites_Log.RowsPerPage1(Sites_Log.java:91)
at Test.Ancera.Reports.Sites_Log.RowsPerPage1(Sites_Log.java:91)
at Test.Ancera.Reports.Sites_Log.RowsPerPage1(Sites_Log.java:91)
at Test.Ancera.Reports.Sites_Log.RowsPerPage1(Sites_Log.java:91)
at Test.Ancera.Reports.Sites_Log.RowsPerPage1(Sites_Log.java:91)
at Test.Ancera.Reports.Sites_Log.RowsPerPage1(Sites_Log.java:91)
at Test.Ancera.Reports.Sites_Log.RowsPerPage1(Sites_Log.java:91)
at Test.Ancera.Reports.Sites_Log.RowsPerPage1(Sites_Log.java:91)
at Test.Ancera.Reports.Sites_Log.RowsPerPage1(Sites_Log.java:91)
at Test.Ancera.Reports.Sites_Log.RowsPerPage1(Sites_Log.java:91)
at Test.Ancera.Reports.Sites_Log.RowsPerPage1(Sites_Log.java:91)
at Test.Ancera.Reports.Sites_Log.RowsPerPage1(Sites_Log.java:91)
at Test.Ancera.Reports.Sites_Log.RowsPerPage1(Sites_Log.java:91)
at Test.Ancera.Reports.Sites_Log.RowsPerPage1(Sites_Log.java:91)
at Test.Ancera.Reports.Sites_Log.RowsPerPage1(Sites_Log.java:91)
at Test.Ancera.Reports.Sites_Log.RowsPerPage1(Sites_Log.java:91)
at Test.Ancera.Reports.Sites_Log.RowsPerPage1(Sites_Log.java:91)
at Test.Ancera.Reports.Sites_Log.RowsPerPage1(Sites_Log.java:91)
at Test.Ancera.Reports.Sites_Log.RowsPerPage1(Sites_Log.java:91)
at Test.Ancera.Reports.Sites_Log.RowsPerPage1(Sites_Log.java:91)
at Test.Ancera.Reports.Sites_Log.RowsPerPage1(Sites_Log.java:91)
at Test.Ancera.Reports.Sites_Log.RowsPerPage1(Sites_Log.java:91)
at Test.Ancera.Reports.Sites_Log.RowsPerPage1(Sites_Log.java:91)
at Test.Ancera.Reports.Sites_Log.RowsPerPage1(Sites_Log.java:91)
at Test.Ancera.Reports.Sites_Log.RowsPerPage1(Sites_Log.java:91)
at Test.Ancera.Reports.Sites_Log.RowsPerPage1(Sites_Log.java:91)
at Test.Ancera.Reports.Sites_Log.RowsPerPage1(Sites_Log.java:91)
at Test.Ancera.Reports.Sites_Log.RowsPerPage1(Sites_Log.java:91)
at Test.Ancera.Reports.Sites_Log.RowsPerPage1(Sites_Log.java:91)
at Test.Ancera.Reports.Sites_Log.RowsPerPage1(Sites_Log.java:91)
at Test.Ancera.Reports.Sites_Log.RowsPerPage1(Sites_Log.java:91)
at Test.Ancera.Reports.Sites_Log.RowsPerPage1(Sites_Log.java:91)
at Test.Ancera.Reports.Sites_Log.RowsPerPage1(Sites_Log.java:91)
at Test.Ancera.Reports.Sites_Log.RowsPerPage1(Sites_Log.java:91)
at Test.Ancera.Reports.Sites_Log.RowsPerPage1(Sites_Log.java:91)
at Test.Ancera.Reports.Sites_Log.RowsPerPage1(Sites_Log.java:91)
at Test.Ancera.Reports.Sites_Log.RowsPerPage1(Sites_Log.java:91)
at Test.Ancera.Reports.Sites_Log.RowsPerPage1(Sites_Log.java:91)
at Test.Ancera.Reports.Sites_Log.RowsPerPage1(Sites_Log.java:91)
at Test.Ancera.Reports.Sites_Log.RowsPerPage1(Sites_Log.java:91)
at Test.Ancera.Reports.Sites_Log.RowsPerPage1(Sites_Log.java:91)
at Test.Ancera.Reports.Sites_Log.RowsPerPage1(Sites_Log.java:91)
at Test.Ancera.Reports.Sites_Log.RowsPerPage1(Sites_Log.java:91)
at Test.Ancera.Reports.Sites_Log.RowsPerPage1(Sites_Log.java:91)
at Test.Ancera.Reports.Sites_Log.RowsPerPage1(Sites_Log.java:91)
at Test.Ancera.Reports.Sites_Log.RowsPerPage1(Sites_Log.java:91)
at Test.Ancera.Reports.Sites_Log.RowsPerPage1(Sites_Log.java:91)
at Test.Ancera.Reports.Sites_Log.RowsPerPage1(Sites_Log.java:91)
at Test.Ancera.Reports.Sites_Log.RowsPerPage1(Sites_Log.java:91)
at Test.Ancera.Reports.Sites_Log.RowsPerPage1(Sites_Log.java:91)
at Test.Ancera.Reports.Sites_Log.RowsPerPage1(Sites_Log.java:91)
at Test.Ancera.Reports.Sites_Log.RowsPerPage1(Sites_Log.java:91)
at Test.Ancera.Reports.Sites_Log.RowsPerPage1(Sites_Log.java:91)
at Test.Ancera.Reports.Sites_Log.RowsPerPage1(Sites_Log.java:91)
at Test.Ancera.Reports.Sites_Log.RowsPerPage1(Sites_Log.java:91)
at Test.Ancera.Reports.Sites_Log.RowsPerPage1(Sites_Log.java:91)
at Test.Ancera.Reports.Sites_Log.RowsPerPage1(Sites_Log.java:91)
at Test.Ancera.Reports.Sites_Log.RowsPerPage1(Sites_Log.java:91)
at Test.Ancera.Reports.Sites_Log.RowsPerPage1(Sites_Log.java:91)
at Test.Ancera.Reports.Sites_Log.RowsPerPage1(Sites_Log.java:91)
at Test.Ancera.Reports.Sites_Log.RowsPerPage1(Sites_Log.java:91)
at Test.Ancera.Reports.Sites_Log.RowsPerPage1(Sites_Log.java:91)
at Test.Ancera.Reports.Sites_Log.RowsPerPage1(Sites_Log.java:91)
at Test.Ancera.Reports.Sites_Log.RowsPerPage1(Sites_Log.java:91)
at Test.Ancera.Reports.Sites_Log.RowsPerPage1(Sites_Log.java:91)
at Test.Ancera.Reports.Sites_Log.RowsPerPage1(Sites_Log.java:91)
at Test.Ancera.Reports.Sites_Log.RowsPerPage1(Sites_Log.java:91)
at Test.Ancera.Reports.Sites_Log.RowsPerPage1(Sites_Log.java:91)
at Test.Ancera.Reports.Sites_Log.RowsPerPage1(Sites_Log.java:91)
at Test.Ancera.Reports.Sites_Log.RowsPerPage1(Sites_Log.java:91)
at Test.Ancera.Reports.Sites_Log.RowsPerPage1(Sites_Log.java:91)
at Test.Ancera.Reports.Sites_Log.RowsPerPage1(Sites_Log.java:91)
at Test.Ancera.Reports.Sites_Log.RowsPerPage1(Sites_Log.java:91)
at Test.Ancera.Reports.Sites_Log.RowsPerPage1(Sites_Log.java:91)
at Test.Ancera.Reports.Sites_Log.RowsPerPage1(Sites_Log.java:91)
at Test.Ancera.Reports.Sites_Log.RowsPerPage1(Sites_Log.java:91)
at Test.Ancera.Reports.Sites_Log.RowsPerPage1(Sites_Log.java:91)
at Test.Ancera.Reports.Sites_Log.RowsPerPage1(Sites_Log.java:91)
at Test.Ancera.Reports.Sites_Log.RowsPerPage1(Sites_Log.java:91)
at Test.Ancera.Reports.Sites_Log.RowsPerPage1(Sites_Log.java:91)
at Test.Ancera.Reports.Sites_Log.RowsPerPage1(Sites_Log.java:91)
at Test.Ancera.Reports.Sites_Log.RowsPerPage1(Sites_Log.java:91)
at Test.Ancera.Reports.Sites_Log.RowsPerPage1(Sites_Log.java:91)
at Test.Ancera.Reports.Sites_Log.RowsPerPage1(Sites_Log.java:91)
at Test.Ancera.Reports.Sites_Log.RowsPerPage1(Sites_Log.java:91)
at Test.Ancera.Reports.Sites_Log.RowsPerPage1(Sites_Log.java:91)
at Test.Ancera.Reports.Sites_Log.RowsPerPage1(Sites_Log.java:91)
at Test.Ancera.Reports.Sites_Log.RowsPerPage1(Sites_Log.java:91)
at Test.Ancera.Reports.Sites_Log.RowsPerPage1(Sites_Log.java:91)
at Test.Ancera.Reports.Sites_Log.RowsPerPage1(Sites_Log.java:91)
at Test.Ancera.Reports.Sites_Log.RowsPerPage1(Sites_Log.java:91)
at Test.Ancera.Reports.Sites_Log.RowsPerPage1(Sites_Log.java:91)
at Test.Ancera.Reports.Sites_Log.RowsPerPage1(Sites_Log.java:91)
at Test.Ancera.Reports.Sites_Log.RowsPerPage1(Sites_Log.java:91)
at Test.Ancera.Reports.Sites_Log.RowsPerPage1(Sites_Log.java:91)
at Test.Ancera.Reports.Sites_Log.RowsPerPage1(Sites_Log.java:91)
at Test.Ancera.Reports.Sites_Log.RowsPerPage1(Sites_Log.java:91)
at Test.Ancera.Reports.Sites_Log.RowsPerPage1(Sites_Log.java:91)
at Test.Ancera.Reports.Sites_Log.RowsPerPage1(Sites_Log.java:91)
at Test.Ancera.Reports.Sites_Log.RowsPerPage1(Sites_Log.java:91)
at Test.Ancera.Reports.Sites_Log.RowsPerPage1(Sites_Log.java:91)
at Test.Ancera.Reports.Sites_Log.RowsPerPage1(Sites_Log.java:91)
at Test.Ancera.Reports.Sites_Log.RowsPerPage1(Sites_Log.java:91)
at Test.Ancera.Reports.Sites_Log.RowsPerPage1(Sites_Log.java:91)
at Test.Ancera.Reports.Sites_Log.RowsPerPage1(Sites_Log.java:91)
at Test.Ancera.Reports.Sites_Log.RowsPerPage1(Sites_Log.java:91)
at Test.Ancera.Reports.Sites_Log.RowsPerPage1(Sites_Log.java:91)
at Test.Ancera.Reports.Sites_Log.RowsPerPage1(Sites_Log.java:91)
at Test.Ancera.Reports.Sites_Log.RowsPerPage1(Sites_Log.java:91)
at Test.Ancera.Reports.Sites_Log.RowsPerPage1(Sites_Log.java:91)
at Test.Ancera.Reports.Sites_Log.RowsPerPage1(Sites_Log.java:91)
at Test.Ancera.Reports.Sites_Log.RowsPerPage1(Sites_Log.java:91)
at Test.Ancera.Reports.Sites_Log.RowsPerPage1(Sites_Log.java:91)
at Test.Ancera.Reports.Sites_Log.RowsPerPage1(Sites_Log.java:91)
at Test.Ancera.Reports.Sites_Log.RowsPerPage1(Sites_Log.java:91)
at Test.Ancera.Reports.Sites_Log.RowsPerPage1(Sites_Log.java:91)
at Test.Ancera.Reports.Sites_Log.RowsPerPage1(Sites_Log.java:91)
at Test.Ancera.Reports.Sites_Log.RowsPerPage1(Sites_Log.java:91)
at Test.Ancera.Reports.Sites_Log.RowsPerPage1(Sites_Log.java:91)
at Test.Ancera.Reports.Sites_Log.RowsPerPage1(Sites_Log.java:91)
at Test.Ancera.Reports.Sites_Log.RowsPerPage1(Sites_Log.java:91)
at Test.Ancera.Reports.Sites_Log.RowsPerPage1(Sites_Log.java:91)
at Test.Ancera.Reports.Sites_Log.RowsPerPage1(Sites_Log.java:91)
at Test.Ancera.Reports.Sites_Log.RowsPerPage1(Sites_Log.java:91)
at Test.Ancera.Reports.Sites_Log.RowsPerPage1(Sites_Log.java:91)
at Test.Ancera.Reports.Sites_Log.RowsPerPage1(Sites_Log.java:91)
at Test.Ancera.Reports.Sites_Log.RowsPerPage1(Sites_Log.java:91)
at Test.Ancera.Reports.Sites_Log.RowsPerPage1(Sites_Log.java:91)
at Test.Ancera.Reports.Sites_Log.RowsPerPage1(Sites_Log.java:91)
at Test.Ancera.Reports.Sites_Log.RowsPerPage1(Sites_Log.java:91)
at Test.Ancera.Reports.Sites_Log.RowsPerPage1(Sites_Log.java:91)
at Test.Ancera.Reports.Sites_Log.RowsPerPage1(Sites_Log.java:91)
at Test.Ancera.Reports.Sites_Log.RowsPerPage1(Sites_Log.java:91)
at Test.Ancera.Reports.Sites_Log.RowsPerPage1(Sites_Log.java:91)
at Test.Ancera.Reports.Sites_Log.RowsPerPage1(Sites_Log.java:91)
at Test.Ancera.Reports.Sites_Log.RowsPerPage1(Sites_Log.java:91)
at Test.Ancera.Reports.Sites_Log.RowsPerPage1(Sites_Log.java:91)
at Test.Ancera.Reports.Sites_Log.RowsPerPage1(Sites_Log.java:91)
at Test.Ancera.Reports.Sites_Log.RowsPerPage1(Sites_Log.java:91)
at Test.Ancera.Reports.Sites_Log.RowsPerPage1(Sites_Log.java:91)
at Test.Ancera.Reports.Sites_Log.RowsPerPage1(Sites_Log.java:91)
at Test.Ancera.Reports.Sites_Log.RowsPerPage1(Sites_Log.java:91)
at Test.Ancera.Reports.Sites_Log.RowsPerPage1(Sites_Log.java:91)
at Test.Ancera.Reports.Sites_Log.RowsPerPage1(Sites_Log.java:91)
at Test.Ancera.Reports.Sites_Log.RowsPerPage1(Sites_Log.java:91)
at Test.Ancera.Reports.Sites_Log.RowsPerPage1(Sites_Log.java:91)
at Test.Ancera.Reports.Sites_Log.RowsPerPage1(Sites_Log.java:91)
at Test.Ancera.Reports.Sites_Log.RowsPerPage1(Sites_Log.java:91)
at Test.Ancera.Reports.Sites_Log.RowsPerPage1(Sites_Log.java:91)
at Test.Ancera.Reports.Sites_Log.RowsPerPage1(Sites_Log.java:91)
at Test.Ancera.Reports.Sites_Log.RowsPerPage1(Sites_Log.java:91)
at Test.Ancera.Reports.Sites_Log.RowsPerPage1(Sites_Log.java:91)
at Test.Ancera.Reports.Sites_Log.RowsPerPage1(Sites_Log.java:91)
at Test.Ancera.Reports.Sites_Log.RowsPerPage1(Sites_Log.java:91)
at Test.Ancera.Reports.Sites_Log.RowsPerPage1(Sites_Log.java:91)
at Test.Ancera.Reports.Sites_Log.RowsPerPage1(Sites_Log.java:91)
at Test.Ancera.Reports.Sites_Log.RowsPerPage1(Sites_Log.java:91)
at Test.Ancera.Reports.Sites_Log.RowsPerPage1(Sites_Log.java:91)
at Test.Ancera.Reports.Sites_Log.RowsPerPage1(Sites_Log.java:91)
at Test.Ancera.Reports.Sites_Log.RowsPerPage1(Sites_Log.java:91)
at Test.Ancera.Reports.Sites_Log.RowsPerPage1(Sites_Log.java:91)
at Test.Ancera.Reports.Sites_Log.RowsPerPage1(Sites_Log.java:91)
at Test.Ancera.Reports.Sites_Log.RowsPerPage1(Sites_Log.java:91)
at Test.Ancera.Reports.Sites_Log.RowsPerPage1(Sites_Log.java:91)
at Test.Ancera.Reports.Sites_Log.RowsPerPage1(Sites_Log.java:91)
at Test.Ancera.Reports.Sites_Log.RowsPerPage1(Sites_Log.java:91)
at Test.Ancera.Reports.Sites_Log.RowsPerPage1(Sites_Log.java:91)
at Test.Ancera.Reports.Sites_Log.RowsPerPage1(Sites_Log.java:91)
at Test.Ancera.Reports.Sites_Log.RowsPerPage1(Sites_Log.java:91)
at Test.Ancera.Reports.Sites_Log.RowsPerPage1(Sites_Log.java:91)
at Test.Ancera.Reports.Sites_Log.RowsPerPage1(Sites_Log.java:91)
at Test.Ancera.Reports.Sites_Log.RowsPerPage1(Sites_Log.java:91)
at Test.Ancera.Reports.Sites_Log.RowsPerPage1(Sites_Log.java:91)
at Test.Ancera.Reports.Sites_Log.RowsPerPage1(Sites_Log.java:91)
at Test.Ancera.Reports.Sites_Log.RowsPerPage1(Sites_Log.java:91)
at Test.Ancera.Reports.Sites_Log.RowsPerPage1(Sites_Log.java:91)
at Test.Ancera.Reports.Sites_Log.RowsPerPage1(Sites_Log.java:91)
at Test.Ancera.Reports.Sites_Log.RowsPerPage1(Sites_Log.java:91)
at Test.Ancera.Reports.Sites_Log.RowsPerPage1(Sites_Log.java:91)
at Test.Ancera.Reports.Sites_Log.RowsPerPage1(Sites_Log.java:91)
at Test.Ancera.Reports.Sites_Log.RowsPerPage1(Sites_Log.java:91)
at Test.Ancera.Reports.Sites_Log.RowsPerPage1(Sites_Log.java:91)
at Test.Ancera.Reports.Sites_Log.RowsPerPage1(Sites_Log.java:91)
at Test.Ancera.Reports.Sites_Log.RowsPerPage1(Sites_Log.java:91)
at Test.Ancera.Reports.Sites_Log.RowsPerPage1(Sites_Log.java:91)
at Test.Ancera.Reports.Sites_Log.RowsPerPage1(Sites_Log.java:91)
at Test.Ancera.Reports.Sites_Log.RowsPerPage1(Sites_Log.java:91)
at Test.Ancera.Reports.Sites_Log.RowsPerPage1(Sites_Log.java:91)
at Test.Ancera.Reports.Sites_Log.RowsPerPage1(Sites_Log.java:91)
at Test.Ancera.Reports.Sites_Log.RowsPerPage1(Sites_Log.java:91)
at Test.Ancera.Reports.Sites_Log.RowsPerPage1(Sites_Log.java:91)
at Test.Ancera.Reports.Sites_Log.RowsPerPage1(Sites_Log.java:91)
at Test.Ancera.Reports.Sites_Log.RowsPerPage1(Sites_Log.java:91)
at Test.Ancera.Reports.Sites_Log.RowsPerPage1(Sites_Log.java:91)
at Test.Ancera.Reports.Sites_Log.RowsPerPage1(Sites_Log.java:91)
at Test.Ancera.Reports.Sites_Log.RowsPerPage1(Sites_Log.java:91)
at Test.Ancera.Reports.Sites_Log.RowsPerPage1(Sites_Log.java:91)
at Test.Ancera.Reports.Sites_Log.RowsPerPage1(Sites_Log.java:91)
at Test.Ancera.Reports.Sites_Log.RowsPerPage1(Sites_Log.java:91)
at Test.Ancera.Reports.Sites_Log.RowsPerPage1(Sites_Log.java:91)
at Test.Ancera.Reports.Sites_Log.RowsPerPage1(Sites_Log.java:91)
at Test.Ancera.Reports.Sites_Log.RowsPerPage1(Sites_Log.java:91)
at Test.Ancera.Reports.Sites_Log.RowsPerPage1(Sites_Log.java:91)
at Test.Ancera.Reports.Sites_Log.RowsPerPage1(Sites_Log.java:91)
at Test.Ancera.Reports.Sites_Log.RowsPerPage1(Sites_Log.java:91)
at Test.Ancera.Reports.Sites_Log.RowsPerPage1(Sites_Log.java:91)
at Test.Ancera.Reports.Sites_Log.RowsPerPage1(Sites_Log.java:91)
at Test.Ancera.Reports.Sites_Log.RowsPerPage1(Sites_Log.java:91)
at Test.Ancera.Reports.Sites_Log.RowsPerPage1(Sites_Log.java:91)
at Test.Ancera.Reports.Sites_Log.RowsPerPage1(Sites_Log.java:91)
at Test.Ancera.Reports.Sites_Log.RowsPerPage1(Sites_Log.java:91)
at Test.Ancera.Reports.Sites_Log.RowsPerPage1(Sites_Log.java:91)
at Test.Ancera.Reports.Sites_Log.RowsPerPage1(Sites_Log.java:91)
at Test.Ancera.Reports.Sites_Log.RowsPerPage1(Sites_Log.java:91)
at Test.Ancera.Reports.Sites_Log.RowsPerPage1(Sites_Log.java:91)
at Test.Ancera.Reports.Sites_Log.RowsPerPage1(Sites_Log.java:91)
at Test.Ancera.Reports.Sites_Log.RowsPerPage1(Sites_Log.java:91)
at Test.Ancera.Reports.Sites_Log.RowsPerPage1(Sites_Log.java:91)
at Test.Ancera.Reports.Sites_Log.RowsPerPage1(Sites_Log.java:91)
at Test.Ancera.Reports.Sites_Log.RowsPerPage1(Sites_Log.java:91)
at Test.Ancera.Reports.Sites_Log.RowsPerPage1(Sites_Log.java:91)
at Test.Ancera.Reports.Sites_Log.RowsPerPage1(Sites_Log.java:91)
at Test.Ancera.Reports.Sites_Log.RowsPerPage1(Sites_Log.java:91)
at Test.Ancera.Reports.Sites_Log.RowsPerPage1(Sites_Log.java:91)
at Test.Ancera.Reports.Sites_Log.RowsPerPage1(Sites_Log.java:91)
at Test.Ancera.Reports.Sites_Log.RowsPerPage1(Sites_Log.java:91)
at Test.Ancera.Reports.Sites_Log.RowsPerPage1(Sites_Log.java:91)
at Test.Ancera.Reports.Sites_Log.RowsPerPage1(Sites_Log.java:91)
at Test.Ancera.Reports.Sites_Log.RowsPerPage1(Sites_Log.java:91)
at Test.Ancera.Reports.Sites_Log.RowsPerPage1(Sites_Log.java:91)
at Test.Ancera.Reports.Sites_Log.RowsPerPage1(Sites_Log.java:91)
at Test.Ancera.Reports.Sites_Log.RowsPerPage1(Sites_Log.java:91)
at Test.Ancera.Reports.Sites_Log.RowsPerPage1(Sites_Log.java:91)
at Test.Ancera.Reports.Sites_Log.RowsPerPage1(Sites_Log.java:91)
at Test.Ancera.Reports.Sites_Log.RowsPerPage1(Sites_Log.java:91)
at Test.Ancera.Reports.Sites_Log.RowsPerPage1(Sites_Log.java:91)
at Test.Ancera.Reports.Sites_Log.RowsPerPage1(Sites_Log.java:91)
at Test.Ancera.Reports.Sites_Log.RowsPerPage1(Sites_Log.java:91)
at Test.Ancera.Reports.Sites_Log.RowsPerPage1(Sites_Log.java:91)
at Test.Ancera.Reports.Sites_Log.RowsPerPage1(Sites_Log.java:91)
at Test.Ancera.Reports.Sites_Log.RowsPerPage1(Sites_Log.java:91)
at Test.Ancera.Reports.Sites_Log.RowsPerPage1(Sites_Log.java:91)
at Test.Ancera.Reports.Sites_Log.RowsPerPage1(Sites_Log.java:91)
at Test.Ancera.Reports.Sites_Log.RowsPerPage1(Sites_Log.java:91)
at Test.Ancera.Reports.Sites_Log.RowsPerPage1(Sites_Log.java:91)
at Test.Ancera.Reports.Sites_Log.RowsPerPage1(Sites_Log.java:91)
at Test.Ancera.Reports.Sites_Log.RowsPerPage1(Sites_Log.java:91)
at Test.Ancera.Reports.Sites_Log.RowsPerPage1(Sites_Log.java:91)
at Test.Ancera.Reports.Sites_Log.RowsPerPage1(Sites_Log.java:91)
at Test.Ancera.Reports.Sites_Log.RowsPerPage1(Sites_Log.java:91)
at Test.Ancera.Reports.Sites_Log.RowsPerPage1(Sites_Log.java:91)
at Test.Ancera.Reports.Sites_Log.RowsPerPage1(Sites_Log.java:91)
at Test.Ancera.Reports.Sites_Log.RowsPerPage1(Sites_Log.java:91)
at Test.Ancera.Reports.Sites_Log.RowsPerPage1(Sites_Log.java:91)
at Test.Ancera.Reports.Sites_Log.RowsPerPage1(Sites_Log.java:91)
at Test.Ancera.Reports.Sites_Log.RowsPerPage1(Sites_Log.java:91)
at Test.Ancera.Reports.Sites_Log.RowsPerPage1(Sites_Log.java:91)
at Test.Ancera.Reports.Sites_Log.RowsPerPage1(Sites_Log.java:91)
at Test.Ancera.Reports.Sites_Log.RowsPerPage1(Sites_Log.java:91)
at Test.Ancera.Reports.Sites_Log.RowsPerPage1(Sites_Log.java:91)
at Test.Ancera.Reports.Sites_Log.RowsPerPage1(Sites_Log.java:91)
at Test.Ancera.Reports.Sites_Log.RowsPerPage1(Sites_Log.java:91)
at Test.Ancera.Reports.Sites_Log.RowsPerPage1(Sites_Log.java:91)
at Test.Ancera.Reports.Sites_Log.RowsPerPage1(Sites_Log.java:91)
at Test.Ancera.Reports.Sites_Log.RowsPerPage1(Sites_Log.java:91)
at Test.Ancera.Reports.Sites_Log.RowsPerPage1(Sites_Log.java:91)
at Test.Ancera.Reports.Sites_Log.RowsPerPage1(Sites_Log.java:91)
at Test.Ancera.Reports.Sites_Log.RowsPerPage1(Sites_Log.java:91)
at Test.Ancera.Reports.Sites_Log.RowsPerPage1(Sites_Log.java:91)
at Test.Ancera.Reports.Sites_Log.RowsPerPage1(Sites_Log.java:91)
at Test.Ancera.Reports.Sites_Log.RowsPerPage1(Sites_Log.java:91)
at Test.Ancera.Reports.Sites_Log.RowsPerPage1(Sites_Log.java:91)
at Test.Ancera.Reports.Sites_Log.RowsPerPage1(Sites_Log.java:91)
at Test.Ancera.Reports.Sites_Log.RowsPerPage1(Sites_Log.java:91)
at Test.Ancera.Reports.Sites_Log.RowsPerPage1(Sites_Log.java:91)
at Test.Ancera.Reports.Sites_Log.RowsPerPage1(Sites_Log.java:91)
at Test.Ancera.Reports.Sites_Log.RowsPerPage1(Sites_Log.java:91)
at Test.Ancera.Reports.Sites_Log.RowsPerPage1(Sites_Log.java:91)
at Test.Ancera.Reports.Sites_Log.RowsPerPage1(Sites_Log.java:91)
at Test.Ancera.Reports.Sites_Log.RowsPerPage1(Sites_Log.java:91)
at Test.Ancera.Reports.Sites_Log.RowsPerPage1(Sites_Log.java:91)
at Test.Ancera.Reports.Sites_Log.RowsPerPage1(Sites_Log.java:91)
at Test.Ancera.Reports.Sites_Log.RowsPerPage1(Sites_Log.java:91)
at Test.Ancera.Reports.Sites_Log.RowsPerPage1(Sites_Log.java:91)
at Test.Ancera.Reports.Sites_Log.RowsPerPage1(Sites_Log.java:91)
at Test.Ancera.Reports.Sites_Log.RowsPerPage1(Sites_Log.java:91)
at Test.Ancera.Reports.Sites_Log.RowsPerPage1(Sites_Log.java:91)
at Test.Ancera.Reports.Sites_Log.RowsPerPage1(Sites_Log.java:91)
at Test.Ancera.Reports.Sites_Log.RowsPerPage1(Sites_Log.java:91)
at Test.Ancera.Reports.Sites_Log.RowsPerPage1(Sites_Log.java:91)
at Test.Ancera.Reports.Sites_Log.RowsPerPage1(Sites_Log.java:91)
at Test.Ancera.Reports.Sites_Log.RowsPerPage1(Sites_Log.java:91)
at Test.Ancera.Reports.Sites_Log.RowsPerPage1(Sites_Log.java:91)
at Test.Ancera.Reports.Sites_Log.RowsPerPage1(Sites_Log.java:91)
at Test.Ancera.Reports.Sites_Log.RowsPerPage1(Sites_Log.java:91)
at Test.Ancera.Reports.Sites_Log.RowsPerPage1(Sites_Log.java:91)
at Test.Ancera.Reports.Sites_Log.RowsPerPage1(Sites_Log.java:91)
at Test.Ancera.Reports.Sites_Log.RowsPerPage1(Sites_Log.java:91)
at Test.Ancera.Reports.Sites_Log.RowsPerPage1(Sites_Log.java:91)
at Test.Ancera.Reports.Sites_Log.RowsPerPage1(Sites_Log.java:91)
at Test.Ancera.Reports.Sites_Log.RowsPerPage1(Sites_Log.java:91)
at Test.Ancera.Reports.Sites_Log.RowsPerPage1(Sites_Log.java:91)
at Test.Ancera.Reports.Sites_Log.RowsPerPage1(Sites_Log.java:91)
at Test.Ancera.Reports.Sites_Log.RowsPerPage1(Sites_Log.java:91)
at Test.Ancera.Reports.Sites_Log.RowsPerPage1(Sites_Log.java:91)
at Test.Ancera.Reports.Sites_Log.RowsPerPage1(Sites_Log.java:91)
at Test.Ancera.Reports.Sites_Log.RowsPerPage1(Sites_Log.java:91)
at Test.Ancera.Reports.Sites_Log.RowsPerPage1(Sites_Log.java:91)
at Test.Ancera.Reports.Sites_Log.RowsPerPage1(Sites_Log.java:91)
at Test.Ancera.Reports.Sites_Log.RowsPerPage1(Sites_Log.java:91)
at Test.Ancera.Reports.Sites_Log.RowsPerPage1(Sites_Log.java:91)
at Test.Ancera.Reports.Sites_Log.RowsPerPage1(Sites_Log.java:91)
at Test.Ancera.Reports.Sites_Log.RowsPerPage1(Sites_Log.java:91)
at Test.Ancera.Reports.Sites_Log.RowsPerPage1(Sites_Log.java:91)
at Test.Ancera.Reports.Sites_Log.RowsPerPage1(Sites_Log.java:91)
at Test.Ancera.Reports.Sites_Log.RowsPerPage1(Sites_Log.java:91)
at Test.Ancera.Reports.Sites_Log.RowsPerPage1(Sites_Log.java:91)
at Test.Ancera.Reports.Sites_Log.RowsPerPage1(Sites_Log.java:91)
at Test.Ancera.Reports.Sites_Log.RowsPerPage1(Sites_Log.java:91)
at Test.Ancera.Reports.Sites_Log.RowsPerPage1(Sites_Log.java:91)
at Test.Ancera.Reports.Sites_Log.RowsPerPage1(Sites_Log.java:91)
at Test.Ancera.Reports.Sites_Log.RowsPerPage1(Sites_Log.java:91)
at Test.Ancera.Reports.Sites_Log.RowsPerPage1(Sites_Log.java:91)
at Test.Ancera.Reports.Sites_Log.RowsPerPage1(Sites_Log.java:91)
at Test.Ancera.Reports.Sites_Log.RowsPerPage1(Sites_Log.java:91)
at Test.Ancera.Reports.Sites_Log.RowsPerPage1(Sites_Log.java:91)
]]>
    </error>
  </testcase> <!-- RowsPerPage1 -->
  <system-out/>
  <testcase classname="Test.Ancera.Reports.Sites_Log" name="PaginationSites" time="33.382"/>
  <system-out/>
  <testcase classname="Test.Ancera.Reports.Sites_Log" name="AllignmentTest" time="0.254"/>
  <system-out/>
  <testcase classname="Test.Ancera.Reports.Sites_Log" name="FieldAccess" time="135.399"/>
  <system-out/>
  <testcase classname="Test.Ancera.Reports.Sites_Log" name="CSVAuditExport" time="10.088"/>
  <system-out/>
  <testcase classname="Test.Ancera.Reports.Sites_Log" name="CSVExportNew" time="36.219"/>
  <system-out/>
  <testcase classname="Test.Ancera.Reports.Sites_Log" name="CSVExport">
    <skipped/>
  </testcase> <!-- CSVExport -->
  <system-out/>
</testsuite> <!-- Test.Ancera.Reports.Sites_Log -->
