<?xml version="1.0" encoding="UTF-8"?>
<!-- Generated by org.testng.reporters.JUnitReportReporter -->
<testsuite hostname="DESKTOP-K0SFL7M" failures="0" tests="10" name="Test.Ancera.Administration.AccessManagement" time="97.663" errors="0" timestamp="2021-08-23T16:46:22 PKT" skipped="9">
  <testcase classname="Test.Ancera.Administration.AccessManagement" name="OrganizationManagementAccess" time="97.663"/>
  <system-out/>
  <testcase classname="Test.Ancera.Administration.AccessManagement" name="EditRightsScreen">
    <skipped/>
  </testcase> <!-- EditRightsScreen -->
  <system-out/>
  <testcase classname="Test.Ancera.Administration.AccessManagement" name="RoleAssignScreen">
    <skipped/>
  </testcase> <!-- RoleAssignScreen -->
  <system-out/>
  <testcase classname="Test.Ancera.Administration.AccessManagement" name="RoleAssignScfreen">
    <skipped/>
  </testcase> <!-- RoleAssignScfreen -->
  <system-out/>
  <testcase classname="Test.Ancera.Administration.AccessManagement" name="UpdateRole">
    <skipped/>
  </testcase> <!-- UpdateRole -->
  <system-out/>
  <testcase classname="Test.Ancera.Administration.AccessManagement" name="InActivateRole">
    <skipped/>
  </testcase> <!-- InActivateRole -->
  <system-out/>
  <testcase classname="Test.Ancera.Administration.AccessManagement" name="CreateAccess">
    <skipped/>
  </testcase> <!-- CreateAccess -->
  <system-out/>
  <testcase classname="Test.Ancera.Administration.AccessManagement" name="VerifyUpdateRole">
    <skipped/>
  </testcase> <!-- VerifyUpdateRole -->
  <system-out/>
  <testcase classname="Test.Ancera.Administration.AccessManagement" name="NavigateAM">
    <skipped/>
  </testcase> <!-- NavigateAM -->
  <system-out/>
  <testcase classname="Test.Ancera.Administration.AccessManagement" name="UserManagementAccess">
    <skipped/>
  </testcase> <!-- UserManagementAccess -->
  <system-out/>
</testsuite> <!-- Test.Ancera.Administration.AccessManagement -->
