<?xml version="1.0" encoding="UTF-8"?>
<!-- Generated by org.testng.reporters.JUnitReportReporter -->
<testsuite hostname="DESKTOP-K0SFL7M" failures="0" tests="1" name="Test.Ancera.Administration.PreFlutterMobile" time="188.913" errors="0" timestamp="2022-07-20T14:51:08 PKT" skipped="0">
  <testcase classname="Test.Ancera.Administration.PreFlutterMobile" name="Ingestion_Flock" time="188.913"/>
  <system-out/>
</testsuite> <!-- Test.Ancera.Administration.PreFlutterMobile -->
