<?xml version="1.0" encoding="UTF-8"?>
<!-- Generated by org.testng.reporters.JUnitReportReporter -->
<testsuite hostname="APL-LHR-JA0201" failures="0" tests="2" name="Test.Ancera.Reports.SalmonellaLog" time="58.570" errors="1" timestamp="2022-09-21T17:03:30 PKT" skipped="1">
  <testcase classname="Test.Ancera.Reports.SalmonellaLog" name="ExportCSV" time="58.570">
    <error message="java.lang.AssertionError: The following asserts failed:
	data not matched expected [07/26/2022] but found [07-26-2022],
	data not matched expected [3:45 PM] but found [03:45 PM],
	data not matched expected [1,000] but found [1000],
	data not matched expected [] but found [2],
	data not matched expected [2] but found [],
	data not matched expected [0220726-and-011] but found [Completed],
	data not matched expected [Completed] but found [Salmonella],
	data not matched expected [] but found [A1483202],
	data not matched expected [Salmonella] but found [07-26-2022],
	data not matched expected [A1483202] but found [03:45 PM],
	data not matched expected [07/26/2022] but found [n house],
	data not matched expected [3:45 PM] but found [2287006],
	data not matched expected [n house] but found [House],
	data not matched expected [2287006] but found [sprint32],
	data not matched expected [House] but found [0.01],
	data not matched expected [sprint32] but found [],
	data not matched expected [0.01] but found [],
	data not matched expected [] but found [0220726-and-011],
	data not matched expected [] but found [PSN0009],
	data not matched expected [0220726-and-011] but found [0],
	data not matched expected [PSN0009] but found [0],
	data not matched expected [0] but found [],
	data not matched expected [0] but found [1000],
	data not matched expected [] but found [0],
	data not matched expected [1,000] but found [],
	data not matched expected [0] but found [NArif],
	data not matched expected [NArif] but found [6.8.0.7],
	data not matched expected [] but found [1001200],
	data not matched expected [6.8.0.7] but found [userlist1],
	data not matched expected [1001200] but found [],
	data not matched expected [userlist1] but found [],
	data not matched expected [] but found [Verification],
	data not matched expected [Verification] but found [n farm],
	data not matched expected [] but found [n complex],
	data not matched expected [n farm] but found [3],
	data not matched expected [n complex] but found [0220726-and-011],
	data not matched expected [3] but found [],
	data not matched expected [0220726-and-011] but found [Salmonella],
	data not matched expected [] but found [A1483203],
	data not matched expected [Completed] but found [07-26-2022],
	data not matched expected [] but found [03:45 PM],
	data not matched expected [Salmonella] but found [n house],
	data not matched expected [A1483203] but found [2287006],
	data not matched expected [07/26/2022] but found [House],
	data not matched expected [3:45 PM] but found [sprint32],
	data not matched expected [n house] but found [0.01],
	data not matched expected [2287006] but found [],
	data not matched expected [House] but found [],
	data not matched expected [sprint32] but found [0220726-and-011],
	data not matched expected [0.01] but found [PSN0009],
	data not matched expected [] but found [0],
	data not matched expected [] but found [0],
	data not matched expected [0220726-and-011] but found [],
	data not matched expected [PSN0009] but found [1000],
	data not matched expected [0] but found [],
	data not matched expected [] but found [NArif],
	data not matched expected [1,000] but found [],
	data not matched expected [0] but found [6.8.0.7],
	data not matched expected [] but found [1001200],
	data not matched expected [NArif] but found [userlist1],
	data not matched expected [6.8.0.7] but found [],
	data not matched expected [1001200] but found [Verification],
	data not matched expected [userlist1] but found [],
	data not matched expected [] but found [n farm],
	data not matched expected [] but found [n complex],
	data not matched expected [Verification] but found [4],
	data not matched expected [] but found [0220726-and-011],
	data not matched expected [n farm] but found [],
	data not matched expected [n complex] but found [Completed],
	data not matched expected [4] but found [A1483204],
	data not matched expected [0220726-and-011] but found [07-26-2022],
	data not matched expected [] but found [03:45 PM],
	data not matched expected [Completed] but found [n house],
	data not matched expected [] but found [2287006],
	data not matched expected [Salmonella] but found [House],
	data not matched expected [A1483204] but found [sprint32],
	data not matched expected [07/26/2022] but found [0.01],
	data not matched expected [3:45 PM] but found [],
	data not matched expected [n house] but found [],
	data not matched expected [2287006] but found [0220726-and-011],
	data not matched expected [House] but found [PSN0009],
	data not matched expected [sprint32] but found [0],
	data not matched expected [0.01] but found [0],
	data not matched expected [] but found [1000],
	data not matched expected [0220726-and-011] but found [0],
	data not matched expected [PSN0009] but found [],
	data not matched expected [0] but found [NArif],
	data not matched expected [0] but found [],
	data not matched expected [] but found [9.9.9.9],
	data not matched expected [1,000] but found [1001200],
	data not matched expected [0] but found [userlist1],
	data not matched expected [NArif] but found [],
	data not matched expected [] but found [Verification],
	data not matched expected [9.9.9.9] but found [],
	data not matched expected [1001200] but found [n farm],
	data not matched expected [userlist1] but found [n complex],
	data not matched expected [] but found [5],
	data not matched expected [] but found [0220726-and-011],
	data not matched expected [Verification] but found [],
	data not matched expected [] but found [Completed],
	data not matched expected [n farm] but found [],
	data not matched expected [n complex] but found [Salmonella],
	data not matched expected [] but found [A1483205],
	data not matched expected [5] but found [03:45 PM],
	data not matched expected [0220726-and-011] but found [n house],
	data not matched expected [] but found [2287006],
	data not matched expected [Completed] but found [House],
	data not matched expected [] but found [sprint32],
	data not matched expected [Salmonella] but found [0.01],
	data not matched expected [A1483205] but found [],
	data not matched expected [07/26/2022] but found [],
	data not matched expected [3:45 PM] but found [0220726-and-011],
	data not matched expected [n house] but found [PSN0009],
	data not matched expected [2287006] but found [0],
	data not matched expected [House] but found [0],
	data not matched expected [sprint32] but found [],
	data not matched expected [0.01] but found [1000],
	data not matched expected [] but found [0],
	data not matched expected [0220726-and-011] but found [NArif],
	data not matched expected [PSN0009] but found [],
	data not matched expected [0] but found [9.9.9.9],
	data not matched expected [0] but found [1001200],
	data not matched expected [] but found [userlist1],
	data not matched expected [1,000] but found [],
	data not matched expected [0] but found [],
	data not matched expected [] but found [Verification],
	data not matched expected [NArif] but found [],
	data not matched expected [] but found [n farm],
	data not matched expected [9.9.9.9] but found [n complex],
	data not matched expected [1001200] but found [6],
	data not matched expected [userlist1] but found [0220726-and-011],
	data not matched expected [] but found [Completed],
	data not matched expected [Verification] but found [],
	data not matched expected [] but found [Salmonella],
	data not matched expected [n farm] but found [A1483206],
	data not matched expected [n complex] but found [07-26-2022],
	data not matched expected [] but found [03:45 PM],
	data not matched expected [6] but found [2287006],
	data not matched expected [0220726-and-011] but found [House],
	data not matched expected [] but found [sprint32],
	data not matched expected [Completed] but found [0.01],
	data not matched expected [Salmonella] but found [],
	data not matched expected [A1483206] but found [0220726-and-011],
	data not matched expected [07/26/2022] but found [PSN0009],
	data not matched expected [3:45 PM] but found [0],
	data not matched expected [n house] but found [0],
	data not matched expected [2287006] but found [],
	data not matched expected [House] but found [1000],
	data not matched expected [sprint32] but found [0],
	data not matched expected [0.01] but found [],
	data not matched expected [] but found [NArif],
	data not matched expected [0220726-and-011] but found [9.9.9.9],
	data not matched expected [PSN0009] but found [1001200],
	data not matched expected [0] but found [userlist1],
	data not matched expected [0] but found [],
	data not matched expected [1,000] but found [Verification],
	data not matched expected [0] but found [],
	data not matched expected [] but found [n farm],
	data not matched expected [NArif] but found [n complex],
	data not matched expected [] but found [7],
	data not matched expected [9.9.9.9] but found [0220726-and-011],
	data not matched expected [1001200] but found [],
	data not matched expected [userlist1] but found [Completed],
	data not matched expected [] but found [Salmonella],
	data not matched expected [Verification] but found [A1483207],
	data not matched expected [] but found [07-26-2022],
	data not matched expected [n farm] but found [03:45 PM],
	data not matched expected [n complex] but found [n house],
	data not matched expected [] but found [2287006],
	data not matched expected [7] but found [sprint32],
	data not matched expected [0220726-and-011] but found [0.01],
	data not matched expected [Completed] but found [],
	data not matched expected [] but found [0220726-and-011],
	data not matched expected [Salmonella] but found [PSN0009],
	data not matched expected [A1483207] but found [0],
	data not matched expected [07/26/2022] but found [0],
	data not matched expected [3:45 PM] but found [],
	data not matched expected [n house] but found [1000],
	data not matched expected [2287006] but found [0],
	data not matched expected [House] but found [],
	data not matched expected [sprint32] but found [NArif],
	data not matched expected [0.01] but found [],
	data not matched expected [] but found [9.9.9.9],
	data not matched expected [] but found [1001200],
	data not matched expected [0220726-and-011] but found [userlist1],
	data not matched expected [PSN0009] but found [],
	data not matched expected [0] but found [],
	data not matched expected [0] but found [Verification],
	data not matched expected [1,000] but found [n farm],
	data not matched expected [0] but found [n complex],
	data not matched expected [] but found [8],
	data not matched expected [NArif] but found [0220726-and-011],
	data not matched expected [9.9.9.9] but found [Completed],
	data not matched expected [1001200] but found [],
	data not matched expected [userlist1] but found [Salmonella],
	data not matched expected [] but found [A1483208],
	data not matched expected [] but found [07-26-2022],
	data not matched expected [Verification] but found [03:45 PM],
	data not matched expected [] but found [n house],
	data not matched expected [n farm] but found [2287006],
	data not matched expected [n complex] but found [House],
	data not matched expected [] but found [sprint32],
	data not matched expected [8] but found [],
	data not matched expected [0220726-and-011] but found [],
	data not matched expected [] but found [0220726-and-011],
	data not matched expected [Completed] but found [PSN0009],
	data not matched expected [] but found [0],
	data not matched expected [Salmonella] but found [0],
	data not matched expected [A1483208] but found [],
	data not matched expected [07/26/2022] but found [1000],
	data not matched expected [3:45 PM] but found [0],
	data not matched expected [n house] but found [],
	data not matched expected [2287006] but found [NArif],
	data not matched expected [House] but found [],
	data not matched expected [sprint32] but found [9.9.9.9],
	data not matched expected [0.01] but found [1001200],
	data not matched expected [] but found [userlist1],
	data not matched expected [0220726-and-011] but found [],
	data not matched expected [PSN0009] but found [Verification],
	data not matched expected [0] but found [],
	data not matched expected [0] but found [n farm],
	data not matched expected [] but found [n complex]" type="java.lang.Exception">
      <![CDATA[java.lang.Exception: java.lang.AssertionError: The following asserts failed:
data not matched expected [07/26/2022] but found [07-26-2022],
data not matched expected [3:45 PM] but found [03:45 PM],
data not matched expected [1,000] but found [1000],
data not matched expected [] but found [2],
data not matched expected [2] but found [],
data not matched expected [0220726-and-011] but found [Completed],
data not matched expected [Completed] but found [Salmonella],
data not matched expected [] but found [A1483202],
data not matched expected [Salmonella] but found [07-26-2022],
data not matched expected [A1483202] but found [03:45 PM],
data not matched expected [07/26/2022] but found [n house],
data not matched expected [3:45 PM] but found [2287006],
data not matched expected [n house] but found [House],
data not matched expected [2287006] but found [sprint32],
data not matched expected [House] but found [0.01],
data not matched expected [sprint32] but found [],
data not matched expected [0.01] but found [],
data not matched expected [] but found [0220726-and-011],
data not matched expected [] but found [PSN0009],
data not matched expected [0220726-and-011] but found [0],
data not matched expected [PSN0009] but found [0],
data not matched expected [0] but found [],
data not matched expected [0] but found [1000],
data not matched expected [] but found [0],
data not matched expected [1,000] but found [],
data not matched expected [0] but found [NArif],
data not matched expected [NArif] but found [6.8.0.7],
data not matched expected [] but found [1001200],
data not matched expected [6.8.0.7] but found [userlist1],
data not matched expected [1001200] but found [],
data not matched expected [userlist1] but found [],
data not matched expected [] but found [Verification],
data not matched expected [Verification] but found [n farm],
data not matched expected [] but found [n complex],
data not matched expected [n farm] but found [3],
data not matched expected [n complex] but found [0220726-and-011],
data not matched expected [3] but found [],
data not matched expected [0220726-and-011] but found [Salmonella],
data not matched expected [] but found [A1483203],
data not matched expected [Completed] but found [07-26-2022],
data not matched expected [] but found [03:45 PM],
data not matched expected [Salmonella] but found [n house],
data not matched expected [A1483203] but found [2287006],
data not matched expected [07/26/2022] but found [House],
data not matched expected [3:45 PM] but found [sprint32],
data not matched expected [n house] but found [0.01],
data not matched expected [2287006] but found [],
data not matched expected [House] but found [],
data not matched expected [sprint32] but found [0220726-and-011],
data not matched expected [0.01] but found [PSN0009],
data not matched expected [] but found [0],
data not matched expected [] but found [0],
data not matched expected [0220726-and-011] but found [],
data not matched expected [PSN0009] but found [1000],
data not matched expected [0] but found [],
data not matched expected [] but found [NArif],
data not matched expected [1,000] but found [],
data not matched expected [0] but found [6.8.0.7],
data not matched expected [] but found [1001200],
data not matched expected [NArif] but found [userlist1],
data not matched expected [6.8.0.7] but found [],
data not matched expected [1001200] but found [Verification],
data not matched expected [userlist1] but found [],
data not matched expected [] but found [n farm],
data not matched expected [] but found [n complex],
data not matched expected [Verification] but found [4],
data not matched expected [] but found [0220726-and-011],
data not matched expected [n farm] but found [],
data not matched expected [n complex] but found [Completed],
data not matched expected [4] but found [A1483204],
data not matched expected [0220726-and-011] but found [07-26-2022],
data not matched expected [] but found [03:45 PM],
data not matched expected [Completed] but found [n house],
data not matched expected [] but found [2287006],
data not matched expected [Salmonella] but found [House],
data not matched expected [A1483204] but found [sprint32],
data not matched expected [07/26/2022] but found [0.01],
data not matched expected [3:45 PM] but found [],
data not matched expected [n house] but found [],
data not matched expected [2287006] but found [0220726-and-011],
data not matched expected [House] but found [PSN0009],
data not matched expected [sprint32] but found [0],
data not matched expected [0.01] but found [0],
data not matched expected [] but found [1000],
data not matched expected [0220726-and-011] but found [0],
data not matched expected [PSN0009] but found [],
data not matched expected [0] but found [NArif],
data not matched expected [0] but found [],
data not matched expected [] but found [9.9.9.9],
data not matched expected [1,000] but found [1001200],
data not matched expected [0] but found [userlist1],
data not matched expected [NArif] but found [],
data not matched expected [] but found [Verification],
data not matched expected [9.9.9.9] but found [],
data not matched expected [1001200] but found [n farm],
data not matched expected [userlist1] but found [n complex],
data not matched expected [] but found [5],
data not matched expected [] but found [0220726-and-011],
data not matched expected [Verification] but found [],
data not matched expected [] but found [Completed],
data not matched expected [n farm] but found [],
data not matched expected [n complex] but found [Salmonella],
data not matched expected [] but found [A1483205],
data not matched expected [5] but found [03:45 PM],
data not matched expected [0220726-and-011] but found [n house],
data not matched expected [] but found [2287006],
data not matched expected [Completed] but found [House],
data not matched expected [] but found [sprint32],
data not matched expected [Salmonella] but found [0.01],
data not matched expected [A1483205] but found [],
data not matched expected [07/26/2022] but found [],
data not matched expected [3:45 PM] but found [0220726-and-011],
data not matched expected [n house] but found [PSN0009],
data not matched expected [2287006] but found [0],
data not matched expected [House] but found [0],
data not matched expected [sprint32] but found [],
data not matched expected [0.01] but found [1000],
data not matched expected [] but found [0],
data not matched expected [0220726-and-011] but found [NArif],
data not matched expected [PSN0009] but found [],
data not matched expected [0] but found [9.9.9.9],
data not matched expected [0] but found [1001200],
data not matched expected [] but found [userlist1],
data not matched expected [1,000] but found [],
data not matched expected [0] but found [],
data not matched expected [] but found [Verification],
data not matched expected [NArif] but found [],
data not matched expected [] but found [n farm],
data not matched expected [9.9.9.9] but found [n complex],
data not matched expected [1001200] but found [6],
data not matched expected [userlist1] but found [0220726-and-011],
data not matched expected [] but found [Completed],
data not matched expected [Verification] but found [],
data not matched expected [] but found [Salmonella],
data not matched expected [n farm] but found [A1483206],
data not matched expected [n complex] but found [07-26-2022],
data not matched expected [] but found [03:45 PM],
data not matched expected [6] but found [2287006],
data not matched expected [0220726-and-011] but found [House],
data not matched expected [] but found [sprint32],
data not matched expected [Completed] but found [0.01],
data not matched expected [Salmonella] but found [],
data not matched expected [A1483206] but found [0220726-and-011],
data not matched expected [07/26/2022] but found [PSN0009],
data not matched expected [3:45 PM] but found [0],
data not matched expected [n house] but found [0],
data not matched expected [2287006] but found [],
data not matched expected [House] but found [1000],
data not matched expected [sprint32] but found [0],
data not matched expected [0.01] but found [],
data not matched expected [] but found [NArif],
data not matched expected [0220726-and-011] but found [9.9.9.9],
data not matched expected [PSN0009] but found [1001200],
data not matched expected [0] but found [userlist1],
data not matched expected [0] but found [],
data not matched expected [1,000] but found [Verification],
data not matched expected [0] but found [],
data not matched expected [] but found [n farm],
data not matched expected [NArif] but found [n complex],
data not matched expected [] but found [7],
data not matched expected [9.9.9.9] but found [0220726-and-011],
data not matched expected [1001200] but found [],
data not matched expected [userlist1] but found [Completed],
data not matched expected [] but found [Salmonella],
data not matched expected [Verification] but found [A1483207],
data not matched expected [] but found [07-26-2022],
data not matched expected [n farm] but found [03:45 PM],
data not matched expected [n complex] but found [n house],
data not matched expected [] but found [2287006],
data not matched expected [7] but found [sprint32],
data not matched expected [0220726-and-011] but found [0.01],
data not matched expected [Completed] but found [],
data not matched expected [] but found [0220726-and-011],
data not matched expected [Salmonella] but found [PSN0009],
data not matched expected [A1483207] but found [0],
data not matched expected [07/26/2022] but found [0],
data not matched expected [3:45 PM] but found [],
data not matched expected [n house] but found [1000],
data not matched expected [2287006] but found [0],
data not matched expected [House] but found [],
data not matched expected [sprint32] but found [NArif],
data not matched expected [0.01] but found [],
data not matched expected [] but found [9.9.9.9],
data not matched expected [] but found [1001200],
data not matched expected [0220726-and-011] but found [userlist1],
data not matched expected [PSN0009] but found [],
data not matched expected [0] but found [],
data not matched expected [0] but found [Verification],
data not matched expected [1,000] but found [n farm],
data not matched expected [0] but found [n complex],
data not matched expected [] but found [8],
data not matched expected [NArif] but found [0220726-and-011],
data not matched expected [9.9.9.9] but found [Completed],
data not matched expected [1001200] but found [],
data not matched expected [userlist1] but found [Salmonella],
data not matched expected [] but found [A1483208],
data not matched expected [] but found [07-26-2022],
data not matched expected [Verification] but found [03:45 PM],
data not matched expected [] but found [n house],
data not matched expected [n farm] but found [2287006],
data not matched expected [n complex] but found [House],
data not matched expected [] but found [sprint32],
data not matched expected [8] but found [],
data not matched expected [0220726-and-011] but found [],
data not matched expected [] but found [0220726-and-011],
data not matched expected [Completed] but found [PSN0009],
data not matched expected [] but found [0],
data not matched expected [Salmonella] but found [0],
data not matched expected [A1483208] but found [],
data not matched expected [07/26/2022] but found [1000],
data not matched expected [3:45 PM] but found [0],
data not matched expected [n house] but found [],
data not matched expected [2287006] but found [NArif],
data not matched expected [House] but found [],
data not matched expected [sprint32] but found [9.9.9.9],
data not matched expected [0.01] but found [1001200],
data not matched expected [] but found [userlist1],
data not matched expected [0220726-and-011] but found [],
data not matched expected [PSN0009] but found [Verification],
data not matched expected [0] but found [],
data not matched expected [0] but found [n farm],
data not matched expected [] but found [n complex]
at Test.Ancera.Test_Functions.CSVExport1(Test_Functions.java:1094)
at Test.Ancera.Reports.SalmonellaLog.ExportCSV(SalmonellaLog.java:860)
at java.base/jdk.internal.reflect.NativeMethodAccessorImpl.invoke0(Native Method)
at java.base/jdk.internal.reflect.NativeMethodAccessorImpl.invoke(NativeMethodAccessorImpl.java:64)
at java.base/jdk.internal.reflect.DelegatingMethodAccessorImpl.invoke(DelegatingMethodAccessorImpl.java:43)
at java.base/java.lang.reflect.Method.invoke(Method.java:564)
at org.testng.internal.MethodInvocationHelper.invokeMethod(MethodInvocationHelper.java:132)
at org.testng.internal.TestInvoker.invokeMethod(TestInvoker.java:599)
at org.testng.internal.TestInvoker.invokeTestMethod(TestInvoker.java:174)
at org.testng.internal.MethodRunner.runInSequence(MethodRunner.java:46)
at org.testng.internal.TestInvoker$MethodInvocationAgent.invoke(TestInvoker.java:822)
at org.testng.internal.TestInvoker.invokeTestMethods(TestInvoker.java:147)
at org.testng.internal.TestMethodWorker.invokeTestMethods(TestMethodWorker.java:146)
at org.testng.internal.TestMethodWorker.run(TestMethodWorker.java:128)
at java.base/java.util.ArrayList.forEach(ArrayList.java:1511)
at org.testng.TestRunner.privateRun(TestRunner.java:764)
at org.testng.TestRunner.run(TestRunner.java:585)
at org.testng.SuiteRunner.runTest(SuiteRunner.java:384)
at org.testng.SuiteRunner.runSequentially(SuiteRunner.java:378)
at org.testng.SuiteRunner.privateRun(SuiteRunner.java:337)
at org.testng.SuiteRunner.run(SuiteRunner.java:286)
at org.testng.SuiteRunnerWorker.runSuite(SuiteRunnerWorker.java:53)
at org.testng.SuiteRunnerWorker.run(SuiteRunnerWorker.java:96)
at org.testng.TestNG.runSuitesSequentially(TestNG.java:1218)
at org.testng.TestNG.runSuitesLocally(TestNG.java:1140)
at org.testng.TestNG.runSuites(TestNG.java:1069)
at org.testng.TestNG.run(TestNG.java:1037)
at org.testng.remote.AbstractRemoteTestNG.run(AbstractRemoteTestNG.java:115)
at org.testng.remote.RemoteTestNG.initAndRun(RemoteTestNG.java:251)
at org.testng.remote.RemoteTestNG.main(RemoteTestNG.java:77)
Caused by: java.lang.AssertionError: The following asserts failed:
data not matched expected [07/26/2022] but found [07-26-2022],
data not matched expected [3:45 PM] but found [03:45 PM],
data not matched expected [1,000] but found [1000],
data not matched expected [] but found [2],
data not matched expected [2] but found [],
data not matched expected [0220726-and-011] but found [Completed],
data not matched expected [Completed] but found [Salmonella],
data not matched expected [] but found [A1483202],
data not matched expected [Salmonella] but found [07-26-2022],
data not matched expected [A1483202] but found [03:45 PM],
data not matched expected [07/26/2022] but found [n house],
data not matched expected [3:45 PM] but found [2287006],
data not matched expected [n house] but found [House],
data not matched expected [2287006] but found [sprint32],
data not matched expected [House] but found [0.01],
data not matched expected [sprint32] but found [],
data not matched expected [0.01] but found [],
data not matched expected [] but found [0220726-and-011],
data not matched expected [] but found [PSN0009],
data not matched expected [0220726-and-011] but found [0],
data not matched expected [PSN0009] but found [0],
data not matched expected [0] but found [],
data not matched expected [0] but found [1000],
data not matched expected [] but found [0],
data not matched expected [1,000] but found [],
data not matched expected [0] but found [NArif],
data not matched expected [NArif] but found [6.8.0.7],
data not matched expected [] but found [1001200],
data not matched expected [6.8.0.7] but found [userlist1],
data not matched expected [1001200] but found [],
data not matched expected [userlist1] but found [],
data not matched expected [] but found [Verification],
data not matched expected [Verification] but found [n farm],
data not matched expected [] but found [n complex],
data not matched expected [n farm] but found [3],
data not matched expected [n complex] but found [0220726-and-011],
data not matched expected [3] but found [],
data not matched expected [0220726-and-011] but found [Salmonella],
data not matched expected [] but found [A1483203],
data not matched expected [Completed] but found [07-26-2022],
data not matched expected [] but found [03:45 PM],
data not matched expected [Salmonella] but found [n house],
data not matched expected [A1483203] but found [2287006],
data not matched expected [07/26/2022] but found [House],
data not matched expected [3:45 PM] but found [sprint32],
data not matched expected [n house] but found [0.01],
data not matched expected [2287006] but found [],
data not matched expected [House] but found [],
data not matched expected [sprint32] but found [0220726-and-011],
data not matched expected [0.01] but found [PSN0009],
data not matched expected [] but found [0],
data not matched expected [] but found [0],
data not matched expected [0220726-and-011] but found [],
data not matched expected [PSN0009] but found [1000],
data not matched expected [0] but found [],
data not matched expected [] but found [NArif],
data not matched expected [1,000] but found [],
data not matched expected [0] but found [6.8.0.7],
data not matched expected [] but found [1001200],
data not matched expected [NArif] but found [userlist1],
data not matched expected [6.8.0.7] but found [],
data not matched expected [1001200] but found [Verification],
data not matched expected [userlist1] but found [],
data not matched expected [] but found [n farm],
data not matched expected [] but found [n complex],
data not matched expected [Verification] but found [4],
data not matched expected [] but found [0220726-and-011],
data not matched expected [n farm] but found [],
data not matched expected [n complex] but found [Completed],
data not matched expected [4] but found [A1483204],
data not matched expected [0220726-and-011] but found [07-26-2022],
data not matched expected [] but found [03:45 PM],
data not matched expected [Completed] but found [n house],
data not matched expected [] but found [2287006],
data not matched expected [Salmonella] but found [House],
data not matched expected [A1483204] but found [sprint32],
data not matched expected [07/26/2022] but found [0.01],
data not matched expected [3:45 PM] but found [],
data not matched expected [n house] but found [],
data not matched expected [2287006] but found [0220726-and-011],
data not matched expected [House] but found [PSN0009],
data not matched expected [sprint32] but found [0],
data not matched expected [0.01] but found [0],
data not matched expected [] but found [1000],
data not matched expected [0220726-and-011] but found [0],
data not matched expected [PSN0009] but found [],
data not matched expected [0] but found [NArif],
data not matched expected [0] but found [],
data not matched expected [] but found [9.9.9.9],
data not matched expected [1,000] but found [1001200],
data not matched expected [0] but found [userlist1],
data not matched expected [NArif] but found [],
data not matched expected [] but found [Verification],
data not matched expected [9.9.9.9] but found [],
data not matched expected [1001200] but found [n farm],
data not matched expected [userlist1] but found [n complex],
data not matched expected [] but found [5],
data not matched expected [] but found [0220726-and-011],
data not matched expected [Verification] but found [],
data not matched expected [] but found [Completed],
data not matched expected [n farm] but found [],
data not matched expected [n complex] but found [Salmonella],
data not matched expected [] but found [A1483205],
data not matched expected [5] but found [03:45 PM],
data not matched expected [0220726-and-011] but found [n house],
data not matched expected [] but found [2287006],
data not matched expected [Completed] but found [House],
data not matched expected [] but found [sprint32],
data not matched expected [Salmonella] but found [0.01],
data not matched expected [A1483205] but found [],
data not matched expected [07/26/2022] but found [],
data not matched expected [3:45 PM] but found [0220726-and-011],
data not matched expected [n house] but found [PSN0009],
data not matched expected [2287006] but found [0],
data not matched expected [House] but found [0],
data not matched expected [sprint32] but found [],
data not matched expected [0.01] but found [1000],
data not matched expected [] but found [0],
data not matched expected [0220726-and-011] but found [NArif],
data not matched expected [PSN0009] but found [],
data not matched expected [0] but found [9.9.9.9],
data not matched expected [0] but found [1001200],
data not matched expected [] but found [userlist1],
data not matched expected [1,000] but found [],
data not matched expected [0] but found [],
data not matched expected [] but found [Verification],
data not matched expected [NArif] but found [],
data not matched expected [] but found [n farm],
data not matched expected [9.9.9.9] but found [n complex],
data not matched expected [1001200] but found [6],
data not matched expected [userlist1] but found [0220726-and-011],
data not matched expected [] but found [Completed],
data not matched expected [Verification] but found [],
data not matched expected [] but found [Salmonella],
data not matched expected [n farm] but found [A1483206],
data not matched expected [n complex] but found [07-26-2022],
data not matched expected [] but found [03:45 PM],
data not matched expected [6] but found [2287006],
data not matched expected [0220726-and-011] but found [House],
data not matched expected [] but found [sprint32],
data not matched expected [Completed] but found [0.01],
data not matched expected [Salmonella] but found [],
data not matched expected [A1483206] but found [0220726-and-011],
data not matched expected [07/26/2022] but found [PSN0009],
data not matched expected [3:45 PM] but found [0],
data not matched expected [n house] but found [0],
data not matched expected [2287006] but found [],
data not matched expected [House] but found [1000],
data not matched expected [sprint32] but found [0],
data not matched expected [0.01] but found [],
data not matched expected [] but found [NArif],
data not matched expected [0220726-and-011] but found [9.9.9.9],
data not matched expected [PSN0009] but found [1001200],
data not matched expected [0] but found [userlist1],
data not matched expected [0] but found [],
data not matched expected [1,000] but found [Verification],
data not matched expected [0] but found [],
data not matched expected [] but found [n farm],
data not matched expected [NArif] but found [n complex],
data not matched expected [] but found [7],
data not matched expected [9.9.9.9] but found [0220726-and-011],
data not matched expected [1001200] but found [],
data not matched expected [userlist1] but found [Completed],
data not matched expected [] but found [Salmonella],
data not matched expected [Verification] but found [A1483207],
data not matched expected [] but found [07-26-2022],
data not matched expected [n farm] but found [03:45 PM],
data not matched expected [n complex] but found [n house],
data not matched expected [] but found [2287006],
data not matched expected [7] but found [sprint32],
data not matched expected [0220726-and-011] but found [0.01],
data not matched expected [Completed] but found [],
data not matched expected [] but found [0220726-and-011],
data not matched expected [Salmonella] but found [PSN0009],
data not matched expected [A1483207] but found [0],
data not matched expected [07/26/2022] but found [0],
data not matched expected [3:45 PM] but found [],
data not matched expected [n house] but found [1000],
data not matched expected [2287006] but found [0],
data not matched expected [House] but found [],
data not matched expected [sprint32] but found [NArif],
data not matched expected [0.01] but found [],
data not matched expected [] but found [9.9.9.9],
data not matched expected [] but found [1001200],
data not matched expected [0220726-and-011] but found [userlist1],
data not matched expected [PSN0009] but found [],
data not matched expected [0] but found [],
data not matched expected [0] but found [Verification],
data not matched expected [1,000] but found [n farm],
data not matched expected [0] but found [n complex],
data not matched expected [] but found [8],
data not matched expected [NArif] but found [0220726-and-011],
data not matched expected [9.9.9.9] but found [Completed],
data not matched expected [1001200] but found [],
data not matched expected [userlist1] but found [Salmonella],
data not matched expected [] but found [A1483208],
data not matched expected [] but found [07-26-2022],
data not matched expected [Verification] but found [03:45 PM],
data not matched expected [] but found [n house],
data not matched expected [n farm] but found [2287006],
data not matched expected [n complex] but found [House],
data not matched expected [] but found [sprint32],
data not matched expected [8] but found [],
data not matched expected [0220726-and-011] but found [],
data not matched expected [] but found [0220726-and-011],
data not matched expected [Completed] but found [PSN0009],
data not matched expected [] but found [0],
data not matched expected [Salmonella] but found [0],
data not matched expected [A1483208] but found [],
data not matched expected [07/26/2022] but found [1000],
data not matched expected [3:45 PM] but found [0],
data not matched expected [n house] but found [],
data not matched expected [2287006] but found [NArif],
data not matched expected [House] but found [],
data not matched expected [sprint32] but found [9.9.9.9],
data not matched expected [0.01] but found [1001200],
data not matched expected [] but found [userlist1],
data not matched expected [0220726-and-011] but found [],
data not matched expected [PSN0009] but found [Verification],
data not matched expected [0] but found [],
data not matched expected [0] but found [n farm],
data not matched expected [] but found [n complex]
at org.testng.asserts.SoftAssert.assertAll(SoftAssert.java:47)
at org.testng.asserts.SoftAssert.assertAll(SoftAssert.java:31)
at Test.Ancera.Test_Functions.CSVExport1(Test_Functions.java:1086)
... 29 more
]]>
    </error>
  </testcase> <!-- ExportCSV -->
  <system-out/>
  <testcase classname="Test.Ancera.Reports.SalmonellaLog" name="PNGExport">
    <skipped/>
  </testcase> <!-- PNGExport -->
  <system-out/>
</testsuite> <!-- Test.Ancera.Reports.SalmonellaLog -->
