<?xml version="1.0" encoding="UTF-8"?>
<!-- Generated by org.testng.reporters.JUnitReportReporter -->
<testsuite hostname="DESKTOP-K0SFL7M" failures="0" tests="7" name="Test.Ancera.Administration.AccessManagement" time="137.559" errors="0" timestamp="2021-02-26T16:46:08 PKT" skipped="0">
  <testcase classname="Test.Ancera.Administration.AccessManagement" name="NavigateAM" time="10.174"/>
  <system-out/>
  <testcase classname="Test.Ancera.Administration.AccessManagement" name="CreateAccess" time="18.274"/>
  <system-out/>
  <testcase classname="Test.Ancera.Administration.AccessManagement" name="UpdateRole" time="26.859"/>
  <system-out/>
  <testcase classname="Test.Ancera.Administration.AccessManagement" name="VerifyUpdateRole" time="21.354"/>
  <system-out/>
  <testcase classname="Test.Ancera.Administration.AccessManagement" name="InActivateRole" time="6.085"/>
  <system-out/>
  <testcase classname="Test.Ancera.Administration.AccessManagement" name="EditRightsScreen" time="30.192"/>
  <system-out/>
  <testcase classname="Test.Ancera.Administration.AccessManagement" name="RoleAssignScreen" time="24.621"/>
  <system-out/>
</testsuite> <!-- Test.Ancera.Administration.AccessManagement -->
