<?xml version="1.0" encoding="UTF-8"?>
<!-- Generated by org.testng.reporters.JUnitReportReporter -->
<testsuite hostname="DESKTOP-K0SFL7M" failures="0" tests="12" name="Test.Ancera.Administration.UserManagement" time="177.457" errors="0" timestamp="2021-08-09T16:52:16 PKT" skipped="4">
  <testcase classname="Test.Ancera.Administration.UserManagement" name="NavigateUM" time="3.453"/>
  <system-out/>
  <testcase classname="Test.Ancera.Administration.UserManagement" name="CreateUser" time="33.993"/>
  <system-out/>
  <testcase classname="Test.Ancera.Administration.UserManagement" name="VerifyEmail" time="43.557"/>
  <system-out/>
  <testcase classname="Test.Ancera.Administration.UserManagement" name="ResetPassword" time="18.601"/>
  <system-out/>
  <testcase classname="Test.Ancera.Administration.UserManagement" name="SearchUser" time="23.263"/>
  <system-out/>
  <testcase classname="Test.Ancera.Administration.UserManagement" name="UpdateUser" time="20.379"/>
  <system-out/>
  <testcase classname="Test.Ancera.Administration.UserManagement" name="DeleteUser" time="30.967"/>
  <system-out/>
  <testcase classname="Test.Ancera.Administration.UserManagement" name="VerifyDeleteUser" time="3.244"/>
  <system-out/>
  <testcase classname="Test.Ancera.Administration.UserManagement" name="VerifyUpdateUser">
    <skipped/>
  </testcase> <!-- VerifyUpdateUser -->
  <system-out/>
  <testcase classname="Test.Ancera.Administration.UserManagement" name="MandatoryFieldCheck">
    <skipped/>
  </testcase> <!-- MandatoryFieldCheck -->
  <system-out/>
  <testcase classname="Test.Ancera.Administration.UserManagement" name="Sorting">
    <skipped/>
  </testcase> <!-- Sorting -->
  <system-out/>
  <testcase classname="Test.Ancera.Administration.UserManagement" name="ResetButton">
    <skipped/>
  </testcase> <!-- ResetButton -->
  <system-out/>
</testsuite> <!-- Test.Ancera.Administration.UserManagement -->
