<?xml version="1.0" encoding="UTF-8"?>
<!-- Generated by org.testng.reporters.JUnitReportReporter -->
<testsuite hostname="APL-LHR-JA0201" failures="0" tests="1" name="Test.Ancera.PiperAdministration.PiperManagement" time="60.486" errors="0" timestamp="2022-09-19T17:13:47 PKT" skipped="0">
  <testcase classname="Test.Ancera.PiperAdministration.PiperManagement" name="WildcardPiper" time="60.486"/>
  <system-out/>
</testsuite> <!-- Test.Ancera.PiperAdministration.PiperManagement -->
