<?xml version="1.0" encoding="UTF-8"?>
<!-- Generated by org.testng.reporters.JUnitReportReporter -->
<testsuite hostname="DESKTOP-K0SFL7M" failures="0" tests="1" name="Test.Ancera.Reports.RawImagesCountCompare" time="5.471" errors="0" timestamp="2021-11-23T15:41:18 PKT" skipped="0">
  <testcase classname="Test.Ancera.Reports.RawImagesCountCompare" name="RawImageCountCompare" time="5.471"/>
  <system-out/>
</testsuite> <!-- Test.Ancera.Reports.RawImagesCountCompare -->
