<?xml version="1.0" encoding="UTF-8"?>
<!-- Generated by org.testng.reporters.JUnitReportReporter -->
<testsuite hostname="APL-LHR-JA0201" failures="0" tests="1" name="Test.Ancera.Reports.Normal_Ingestion" time="687.144" errors="0" timestamp="2022-09-15T18:42:27 PKT" skipped="0">
  <testcase classname="Test.Ancera.Reports.Normal_Ingestion" name="NormalIngestionSalmonella" time="687.144"/>
  <system-out/>
</testsuite> <!-- Test.Ancera.Reports.Normal_Ingestion -->
