<?xml version="1.0" encoding="UTF-8"?>
<!-- Generated by org.testng.reporters.JUnitReportReporter -->
<testsuite hostname="APL-LHR-JA0201" failures="0" tests="1" name="Test.Ancera.Administration.ReportsManagement" time="43.701" errors="0" timestamp="2022-09-19T16:11:26 PKT" skipped="0">
  <testcase classname="Test.Ancera.Administration.ReportsManagement" name="AuditTrail" time="43.701"/>
  <system-out/>
</testsuite> <!-- Test.Ancera.Administration.ReportsManagement -->
