<?xml version="1.0" encoding="UTF-8"?>
<!-- Generated by org.testng.reporters.JUnitReportReporter -->
<testsuite hostname="DESKTOP-K0SFL7M" failures="0" tests="9" name="Test.Ancera.MetaData.DataTemplateManagement" time="269.213" errors="0" timestamp="2021-06-07T10:39:01 PKT" skipped="0">
  <testcase classname="Test.Ancera.MetaData.DataTemplateManagement" name="Navigate" time="6.015"/>
  <system-out/>
  <testcase classname="Test.Ancera.MetaData.DataTemplateManagement" name="ResetFieldCheck" time="7.159"/>
  <system-out/>
  <testcase classname="Test.Ancera.MetaData.DataTemplateManagement" name="ClmResetFieldCheck" time="6.108"/>
  <system-out/>
  <testcase classname="Test.Ancera.MetaData.DataTemplateManagement" name="MandatoryFieldCheck" time="178.888"/>
  <system-out/>
  <testcase classname="Test.Ancera.MetaData.DataTemplateManagement" name="UpdateTemplateColumn" time="17.705"/>
  <system-out/>
  <testcase classname="Test.Ancera.MetaData.DataTemplateManagement" name="DeleteColumnTemplate" time="14.877"/>
  <system-out/>
  <testcase classname="Test.Ancera.MetaData.DataTemplateManagement" name="UpdateTemplate" time="10.341"/>
  <system-out/>
  <testcase classname="Test.Ancera.MetaData.DataTemplateManagement" name="ExportTemplate" time="16.373"/>
  <system-out/>
  <testcase classname="Test.Ancera.MetaData.DataTemplateManagement" name="DeleteTemplate" time="11.747"/>
  <system-out/>
</testsuite> <!-- Test.Ancera.MetaData.DataTemplateManagement -->
