<?xml version="1.0" encoding="UTF-8"?>
<!-- Generated by org.testng.reporters.JUnitReportReporter -->
<testsuite hostname="DESKTOP-K0SFL7M" failures="0" tests="22" name="Test.Ancera.Administration.ReportsManagement" time="175.607" errors="0" timestamp="2021-09-17T17:32:23 PKT" skipped="5">
  <testcase classname="Test.Ancera.Administration.ReportsManagement" name="NavigateRM" time="5.573"/>
  <system-out/>
  <testcase classname="Test.Ancera.Administration.ReportsManagement" name="OpenPopup" time="3.432"/>
  <system-out/>
  <testcase classname="Test.Ancera.Administration.ReportsManagement" name="ResetFieldCheck" time="2.851"/>
  <system-out/>
  <testcase classname="Test.Ancera.Administration.ReportsManagement" name="MandatoryFieldCheck" time="27.345"/>
  <system-out/>
  <testcase classname="Test.Ancera.Administration.ReportsManagement" name="UpdateRole" time="7.480"/>
  <system-out/>
  <testcase classname="Test.Ancera.Administration.ReportsManagement" name="VerifyUpdateRole" time="5.120"/>
  <system-out/>
  <testcase classname="Test.Ancera.Administration.ReportsManagement" name="InActiveRole" time="4.346"/>
  <system-out/>
  <testcase classname="Test.Ancera.Administration.ReportsManagement" name="VerifyInActiveRoleUsers" time="37.768"/>
  <system-out/>
  <testcase classname="Test.Ancera.Administration.ReportsManagement" name="OpenReportGroupsPopup" time="5.064"/>
  <system-out/>
  <testcase classname="Test.Ancera.Administration.ReportsManagement" name="OpenReportDetails" time="2.668"/>
  <system-out/>
  <testcase classname="Test.Ancera.Administration.ReportsManagement" name="ResetGroupReportsFieldCheck" time="3.551"/>
  <system-out/>
  <testcase classname="Test.Ancera.Administration.ReportsManagement" name="MandatoryReportGroupFieldCheck" time="32.672"/>
  <system-out/>
  <testcase classname="Test.Ancera.Administration.ReportsManagement" name="UpdateReportDetails" time="10.394"/>
  <system-out/>
  <testcase classname="Test.Ancera.Administration.ReportsManagement" name="OpenEditRightsPopup" time="7.585"/>
  <system-out/>
  <testcase classname="Test.Ancera.Administration.ReportsManagement" name="VerifyReportOnEditRights" time="4.624"/>
  <system-out/>
  <testcase classname="Test.Ancera.Administration.ReportsManagement" name="VerifyReportDetails" time="5.402"/>
  <system-out/>
  <testcase classname="Test.Ancera.Administration.ReportsManagement" name="SaveAccessRights" time="9.732"/>
  <system-out/>
  <testcase classname="Test.Ancera.Administration.ReportsManagement" name="HideColumn">
    <skipped/>
  </testcase> <!-- HideColumn -->
  <system-out/>
  <testcase classname="Test.Ancera.Administration.ReportsManagement" name="InActivateReportGroup">
    <skipped/>
  </testcase> <!-- InActivateReportGroup -->
  <system-out/>
  <testcase classname="Test.Ancera.Administration.ReportsManagement" name="DeleteReportGroup">
    <skipped/>
  </testcase> <!-- DeleteReportGroup -->
  <system-out/>
  <testcase classname="Test.Ancera.Administration.ReportsManagement" name="VerifyInactivatedReportGroup">
    <skipped/>
  </testcase> <!-- VerifyInactivatedReportGroup -->
  <system-out/>
  <testcase classname="Test.Ancera.Administration.ReportsManagement" name="DeleteReportGroupConfigurations">
    <skipped/>
  </testcase> <!-- DeleteReportGroupConfigurations -->
  <system-out/>
</testsuite> <!-- Test.Ancera.Administration.ReportsManagement -->
