<?xml version="1.0" encoding="UTF-8"?>
<!-- Generated by org.testng.reporters.JUnitReportReporter -->
<testsuite hostname="DESKTOP-K0SFL7M" failures="0" tests="2" name="Test.Ancera.Administration.UserManagement" time="48.184" errors="0" timestamp="2022-02-16T17:13:00 PKT" skipped="1">
  <testcase classname="Test.Ancera.Administration.UserManagement" name="EditAssignRolePopup" time="48.184"/>
  <system-out/>
  <testcase classname="Test.Ancera.Administration.UserManagement" name="VerifyCollectionSitesAccess">
    <skipped/>
  </testcase> <!-- VerifyCollectionSitesAccess -->
  <system-out/>
</testsuite> <!-- Test.Ancera.Administration.UserManagement -->
