<?xml version="1.0" encoding="UTF-8"?>
<!-- Generated by org.testng.reporters.JUnitReportReporter -->
<testsuite hostname="DESKTOP-K0SFL7M" failures="0" tests="12" name="Test.Ancera.Administration.UserManagement" time="38.924" errors="0" timestamp="2021-07-14T15:56:14 PKT" skipped="10">
  <testcase classname="Test.Ancera.Administration.UserManagement" name="NavigateUM" time="18.042"/>
  <system-out/>
  <testcase classname="Test.Ancera.Administration.UserManagement" name="CreateUser" time="20.882"/>
  <system-out/>
  <testcase classname="Test.Ancera.Administration.UserManagement" name="VerifyEmail">
    <skipped/>
  </testcase> <!-- VerifyEmail -->
  <system-out/>
  <testcase classname="Test.Ancera.Administration.UserManagement" name="VerifyUpdateUser">
    <skipped/>
  </testcase> <!-- VerifyUpdateUser -->
  <system-out/>
  <testcase classname="Test.Ancera.Administration.UserManagement" name="ResetPassword">
    <skipped/>
  </testcase> <!-- ResetPassword -->
  <system-out/>
  <testcase classname="Test.Ancera.Administration.UserManagement" name="MandatoryFieldCheck">
    <skipped/>
  </testcase> <!-- MandatoryFieldCheck -->
  <system-out/>
  <testcase classname="Test.Ancera.Administration.UserManagement" name="Sorting">
    <skipped/>
  </testcase> <!-- Sorting -->
  <system-out/>
  <testcase classname="Test.Ancera.Administration.UserManagement" name="ResetButton">
    <skipped/>
  </testcase> <!-- ResetButton -->
  <system-out/>
  <testcase classname="Test.Ancera.Administration.UserManagement" name="VerifyDeleteUser">
    <skipped/>
  </testcase> <!-- VerifyDeleteUser -->
  <system-out/>
  <testcase classname="Test.Ancera.Administration.UserManagement" name="DeleteUser">
    <skipped/>
  </testcase> <!-- DeleteUser -->
  <system-out/>
  <testcase classname="Test.Ancera.Administration.UserManagement" name="SearchUser">
    <skipped/>
  </testcase> <!-- SearchUser -->
  <system-out/>
  <testcase classname="Test.Ancera.Administration.UserManagement" name="UpdateUser">
    <skipped/>
  </testcase> <!-- UpdateUser -->
  <system-out/>
</testsuite> <!-- Test.Ancera.Administration.UserManagement -->
