<?xml version="1.0" encoding="UTF-8"?>
<!-- Generated by org.testng.reporters.JUnitReportReporter -->
<testsuite skipped="15" hostname="LAPTOP-O6K4VQH7" name="Test.Ancera.Administration.AgreementManagement" tests="17" failures="0" timestamp="2021-01-11T15:55:43 PKT" time="85.053" errors="0">
  <testcase name="NavigateAgreementManagement" time="15.301" classname="Test.Ancera.Administration.AgreementManagement"/>
  <system-out/>
  <testcase name="DeactivateAssignAgreement" time="69.752" classname="Test.Ancera.Administration.AgreementManagement"/>
  <system-out/>
  <testcase name="VerifyReactivateFile" classname="Test.Ancera.Administration.AgreementManagement">
    <skipped/>
  </testcase> <!-- VerifyReactivateFile -->
  <system-out/>
  <testcase name="LicenseUpload" classname="Test.Ancera.Administration.AgreementManagement">
    <skipped/>
  </testcase> <!-- LicenseUpload -->
  <system-out/>
  <testcase name="ReactivateFile" classname="Test.Ancera.Administration.AgreementManagement">
    <skipped/>
  </testcase> <!-- ReactivateFile -->
  <system-out/>
  <testcase name="ViewFile" classname="Test.Ancera.Administration.AgreementManagement">
    <skipped/>
  </testcase> <!-- ViewFile -->
  <system-out/>
  <testcase name="VerifyUploadFile" classname="Test.Ancera.Administration.AgreementManagement">
    <skipped/>
  </testcase> <!-- VerifyUploadFile -->
  <system-out/>
  <testcase name="Organization" classname="Test.Ancera.Administration.AgreementManagement">
    <skipped/>
  </testcase> <!-- Organization -->
  <system-out/>
  <testcase name="User" classname="Test.Ancera.Administration.AgreementManagement">
    <skipped/>
  </testcase> <!-- User -->
  <system-out/>
  <testcase name="DeleteFromFile" classname="Test.Ancera.Administration.AgreementManagement">
    <skipped/>
  </testcase> <!-- DeleteFromFile -->
  <system-out/>
  <testcase name="VerifyDeactivateFile" classname="Test.Ancera.Administration.AgreementManagement">
    <skipped/>
  </testcase> <!-- VerifyDeactivateFile -->
  <system-out/>
  <testcase name="InvalidSelection" classname="Test.Ancera.Administration.AgreementManagement">
    <skipped/>
  </testcase> <!-- InvalidSelection -->
  <system-out/>
  <testcase name="DeactivateFile" classname="Test.Ancera.Administration.AgreementManagement">
    <skipped/>
  </testcase> <!-- DeactivateFile -->
  <system-out/>
  <testcase name="VerifyAssignAgreement" classname="Test.Ancera.Administration.AgreementManagement">
    <skipped/>
  </testcase> <!-- VerifyAssignAgreement -->
  <system-out/>
  <testcase name="SearchUser" classname="Test.Ancera.Administration.AgreementManagement">
    <skipped/>
  </testcase> <!-- SearchUser -->
  <system-out/>
  <testcase name="DeleteFromGrid" classname="Test.Ancera.Administration.AgreementManagement">
    <skipped/>
  </testcase> <!-- DeleteFromGrid -->
  <system-out/>
  <testcase name="RenameFile" classname="Test.Ancera.Administration.AgreementManagement">
    <skipped/>
  </testcase> <!-- RenameFile -->
  <system-out/>
</testsuite> <!-- Test.Ancera.Administration.AgreementManagement -->
