<?xml version="1.0" encoding="UTF-8"?>
<!-- Generated by org.testng.reporters.JUnitReportReporter -->
<testsuite hostname="DESKTOP-K0SFL7M" failures="0" tests="1" name="Test.Ancera.Reports.Normal_Ingestion" time="260299.266" errors="0" timestamp="2022-08-19T13:26:50 PKT" skipped="0">
  <testcase classname="Test.Ancera.Reports.Normal_Ingestion" name="NormalIngestionCoccidia" time="260299.266"/>
  <system-out/>
</testsuite> <!-- Test.Ancera.Reports.Normal_Ingestion -->
