<?xml version="1.0" encoding="UTF-8"?>
<!-- Generated by org.testng.reporters.JUnitReportReporter -->
<testsuite hostname="DESKTOP-K0SFL7M" failures="0" tests="19" name="Test.Ancera.Reports.SalmonellaLog" time="962.139" errors="0" timestamp="2021-06-07T16:17:57 PKT" skipped="17">
  <testcase classname="Test.Ancera.Reports.SalmonellaLog" name="NavigateSalmonella" time="34.206"/>
  <system-out/>
  <testcase classname="Test.Ancera.Reports.SalmonellaLog" name="TestFilters111" time="927.933"/>
  <system-out/>
  <testcase classname="Test.Ancera.Reports.SalmonellaLog" name="RunAPI">
    <skipped/>
  </testcase> <!-- RunAPI -->
  <system-out/>
  <testcase classname="Test.Ancera.Reports.SalmonellaLog" name="DateFilter">
    <skipped/>
  </testcase> <!-- DateFilter -->
  <system-out/>
  <testcase classname="Test.Ancera.Reports.SalmonellaLog" name="AuditLog1">
    <skipped/>
  </testcase> <!-- AuditLog1 -->
  <system-out/>
  <testcase classname="Test.Ancera.Reports.SalmonellaLog" name="RowsPerPage">
    <skipped/>
  </testcase> <!-- RowsPerPage -->
  <system-out/>
  <testcase classname="Test.Ancera.Reports.SalmonellaLog" name="PNGExport">
    <skipped/>
  </testcase> <!-- PNGExport -->
  <system-out/>
  <testcase classname="Test.Ancera.Reports.SalmonellaLog" name="FieldAccessDrag">
    <skipped/>
  </testcase> <!-- FieldAccessDrag -->
  <system-out/>
  <testcase classname="Test.Ancera.Reports.SalmonellaLog" name="ResetFilter">
    <skipped/>
  </testcase> <!-- ResetFilter -->
  <system-out/>
  <testcase classname="Test.Ancera.Reports.SalmonellaLog" name="FieldAccessUnview">
    <skipped/>
  </testcase> <!-- FieldAccessUnview -->
  <system-out/>
  <testcase classname="Test.Ancera.Reports.SalmonellaLog" name="TemplateExport">
    <skipped/>
  </testcase> <!-- TemplateExport -->
  <system-out/>
  <testcase classname="Test.Ancera.Reports.SalmonellaLog" name="Pagination">
    <skipped/>
  </testcase> <!-- Pagination -->
  <system-out/>
  <testcase classname="Test.Ancera.Reports.SalmonellaLog" name="FieldAccessView">
    <skipped/>
  </testcase> <!-- FieldAccessView -->
  <system-out/>
  <testcase classname="Test.Ancera.Reports.SalmonellaLog" name="DateLockFilter">
    <skipped/>
  </testcase> <!-- DateLockFilter -->
  <system-out/>
  <testcase classname="Test.Ancera.Reports.SalmonellaLog" name="AuditLog">
    <skipped/>
  </testcase> <!-- AuditLog -->
  <system-out/>
  <testcase classname="Test.Ancera.Reports.SalmonellaLog" name="SalmonellaLock">
    <skipped/>
  </testcase> <!-- SalmonellaLock -->
  <system-out/>
  <testcase classname="Test.Ancera.Reports.SalmonellaLog" name="CSVExport">
    <skipped/>
  </testcase> <!-- CSVExport -->
  <system-out/>
  <testcase classname="Test.Ancera.Reports.SalmonellaLog" name="Sorting">
    <skipped/>
  </testcase> <!-- Sorting -->
  <system-out/>
  <testcase classname="Test.Ancera.Reports.SalmonellaLog" name="EnterDate">
    <skipped/>
  </testcase> <!-- EnterDate -->
  <system-out/>
</testsuite> <!-- Test.Ancera.Reports.SalmonellaLog -->
