<?xml version="1.0" encoding="UTF-8"?>
<!-- Generated by org.testng.reporters.JUnitReportReporter -->
<testsuite hostname="DESKTOP-K0SFL7M" failures="0" tests="4" name="PiperAdminstration.Piper_Configuration" time="51.142" errors="0" timestamp="2021-12-10T17:11:45 PKT" skipped="0">
  <testcase classname="PiperAdminstration.Piper_Configuration" name="NavigatePiperConfig" time="14.021"/>
  <system-out/>
  <testcase classname="PiperAdminstration.Piper_Configuration" name="CreatePiperConfig" time="21.881"/>
  <system-out/>
  <testcase classname="PiperAdminstration.Piper_Configuration" name="UpdatePiperConfig" time="12.342"/>
  <system-out/>
  <testcase classname="PiperAdminstration.Piper_Configuration" name="DeletePiperConfig" time="2.898"/>
  <system-out/>
</testsuite> <!-- PiperAdminstration.Piper_Configuration -->
