<?xml version="1.0" encoding="UTF-8"?>
<!-- Generated by org.testng.reporters.JUnitReportReporter -->
<testsuite hostname="DESKTOP-K0SFL7M" failures="0" tests="3" name="PiperAdminstration.PiperManagement" time="73.382" errors="0" timestamp="2022-06-14T12:17:05 PKT" skipped="0">
  <testcase classname="PiperAdminstration.PiperManagement" name="NavigatePM" time="10.654"/>
  <system-out/>
  <testcase classname="PiperAdminstration.PiperManagement" name="BasicScenarios" time="11.054"/>
  <system-out/>
  <testcase classname="PiperAdminstration.PiperManagement" name="AlertSetting" time="51.674"/>
  <system-out/>
</testsuite> <!-- PiperAdminstration.PiperManagement -->
