<?xml version="1.0" encoding="UTF-8"?>
<!-- Generated by org.testng.reporters.JUnitReportReporter -->
<testsuite hostname="DESKTOP-K0SFL7M" failures="0" tests="23" name="Test.Ancera.Administration.AccessManagement" time="50.079" errors="0" timestamp="2022-04-22T15:00:58 PKT" skipped="14">
  <testcase classname="Test.Ancera.Administration.AccessManagement" name="NavigateAM" time="6.960"/>
  <system-out/>
  <testcase classname="Test.Ancera.Administration.AccessManagement" name="OpenPopup" time="1.577"/>
  <system-out/>
  <testcase classname="Test.Ancera.Administration.AccessManagement" name="MandatoryCheck" time="0.433"/>
  <system-out/>
  <testcase classname="Test.Ancera.Administration.AccessManagement" name="ResetAccess" time="2.083"/>
  <system-out/>
  <testcase classname="Test.Ancera.Administration.AccessManagement" name="CreateAccess" time="11.486"/>
  <system-out/>
  <testcase classname="Test.Ancera.Administration.AccessManagement" name="UpdateRole" time="12.433"/>
  <system-out/>
  <testcase classname="Test.Ancera.Administration.AccessManagement" name="VerifyUpdateRole" time="4.571"/>
  <system-out/>
  <testcase classname="Test.Ancera.Administration.AccessManagement" name="InActivateRole" time="4.246"/>
  <system-out/>
  <testcase classname="Test.Ancera.Administration.AccessManagement" name="RoleAssignScreen" time="6.290"/>
  <system-out/>
  <testcase classname="Test.Ancera.Administration.AccessManagement" name="BarcodeRoleAccess">
    <skipped/>
  </testcase> <!-- BarcodeRoleAccess -->
  <system-out/>
  <testcase classname="Test.Ancera.Administration.AccessManagement" name="AgreeemntRoleAccess">
    <skipped/>
  </testcase> <!-- AgreeemntRoleAccess -->
  <system-out/>
  <testcase classname="Test.Ancera.Administration.AccessManagement" name="ReportHelpContactUsAccess">
    <skipped/>
  </testcase> <!-- ReportHelpContactUsAccess -->
  <system-out/>
  <testcase classname="Test.Ancera.Administration.AccessManagement" name="PoultryManagementAccess">
    <skipped/>
  </testcase> <!-- PoultryManagementAccess -->
  <system-out/>
  <testcase classname="Test.Ancera.Administration.AccessManagement" name="ReportRoleAccess">
    <skipped/>
  </testcase> <!-- ReportRoleAccess -->
  <system-out/>
  <testcase classname="Test.Ancera.Administration.AccessManagement" name="UserManagementAccess">
    <skipped/>
  </testcase> <!-- UserManagementAccess -->
  <system-out/>
  <testcase classname="Test.Ancera.Administration.AccessManagement" name="DataTemplateAccess">
    <skipped/>
  </testcase> <!-- DataTemplateAccess -->
  <system-out/>
  <testcase classname="Test.Ancera.Administration.AccessManagement" name="PiperManagementRoleAccess">
    <skipped/>
  </testcase> <!-- PiperManagementRoleAccess -->
  <system-out/>
  <testcase classname="Test.Ancera.Administration.AccessManagement" name="OrganizationSitesManagementAccess">
    <skipped/>
  </testcase> <!-- OrganizationSitesManagementAccess -->
  <system-out/>
  <testcase classname="Test.Ancera.Administration.AccessManagement" name="AlertConfigurationAccess">
    <skipped/>
  </testcase> <!-- AlertConfigurationAccess -->
  <system-out/>
  <testcase classname="Test.Ancera.Administration.AccessManagement" name="PiperSoftwareManagementRoleAccess">
    <skipped/>
  </testcase> <!-- PiperSoftwareManagementRoleAccess -->
  <system-out/>
  <testcase classname="Test.Ancera.Administration.AccessManagement" name="PiperConfigManagementRoleAccess">
    <skipped/>
  </testcase> <!-- PiperConfigManagementRoleAccess -->
  <system-out/>
  <testcase classname="Test.Ancera.Administration.AccessManagement" name="OrganizationManagementAccess">
    <skipped/>
  </testcase> <!-- OrganizationManagementAccess -->
  <system-out/>
  <testcase classname="Test.Ancera.Administration.AccessManagement" name="DataUploadAccess">
    <skipped/>
  </testcase> <!-- DataUploadAccess -->
  <system-out/>
</testsuite> <!-- Test.Ancera.Administration.AccessManagement -->
