<?xml version="1.0" encoding="UTF-8"?>
<!-- Generated by org.testng.reporters.JUnitReportReporter -->
<testsuite hostname="DESKTOP-K0SFL7M" failures="0" tests="3" name="Test.Ancera.Login.TestLogin" time="32.584" errors="0" timestamp="2021-02-16T12:10:50 PKT" skipped="0">
  <testcase classname="Test.Ancera.Login.TestLogin" name="login" time="27.093"/>
  <system-out/>
  <testcase classname="Test.Ancera.Login.TestLogin" name="logout" time="2.799"/>
  <system-out/>
  <testcase classname="Test.Ancera.Login.TestLogin" name="VerifyLogout" time="2.692"/>
  <system-out/>
</testsuite> <!-- Test.Ancera.Login.TestLogin -->
