<?xml version="1.0" encoding="UTF-8"?>
<!-- Generated by org.testng.reporters.JUnitReportReporter -->
<testsuite hostname="DESKTOP-K0SFL7M" failures="0" tests="19" name="Test.Ancera.Reports.SalmonellaLog" time="200.899" errors="0" timestamp="2021-07-28T17:37:35 PKT" skipped="17">
  <testcase classname="Test.Ancera.Reports.SalmonellaLog" name="NavigateSalmonella" time="26.362"/>
  <system-out/>
  <testcase classname="Test.Ancera.Reports.SalmonellaLog" name="Contexual" time="174.537"/>
  <system-out/>
  <testcase classname="Test.Ancera.Reports.SalmonellaLog" name="Contexualw">
    <skipped/>
  </testcase> <!-- Contexualw -->
  <system-out/>
  <testcase classname="Test.Ancera.Reports.SalmonellaLog" name="RunAPI">
    <skipped/>
  </testcase> <!-- RunAPI -->
  <system-out/>
  <testcase classname="Test.Ancera.Reports.SalmonellaLog" name="DateFilter">
    <skipped/>
  </testcase> <!-- DateFilter -->
  <system-out/>
  <testcase classname="Test.Ancera.Reports.SalmonellaLog" name="RowsPerPage">
    <skipped/>
  </testcase> <!-- RowsPerPage -->
  <system-out/>
  <testcase classname="Test.Ancera.Reports.SalmonellaLog" name="PNGExport">
    <skipped/>
  </testcase> <!-- PNGExport -->
  <system-out/>
  <testcase classname="Test.Ancera.Reports.SalmonellaLog" name="FieldAccessUnview">
    <skipped/>
  </testcase> <!-- FieldAccessUnview -->
  <system-out/>
  <testcase classname="Test.Ancera.Reports.SalmonellaLog" name="TemplateExport">
    <skipped/>
  </testcase> <!-- TemplateExport -->
  <system-out/>
  <testcase classname="Test.Ancera.Reports.SalmonellaLog" name="Pagination">
    <skipped/>
  </testcase> <!-- Pagination -->
  <system-out/>
  <testcase classname="Test.Ancera.Reports.SalmonellaLog" name="FieldAccessView">
    <skipped/>
  </testcase> <!-- FieldAccessView -->
  <system-out/>
  <testcase classname="Test.Ancera.Reports.SalmonellaLog" name="DateLockFilter">
    <skipped/>
  </testcase> <!-- DateLockFilter -->
  <system-out/>
  <testcase classname="Test.Ancera.Reports.SalmonellaLog" name="wildcard">
    <skipped/>
  </testcase> <!-- wildcard -->
  <system-out/>
  <testcase classname="Test.Ancera.Reports.SalmonellaLog" name="SalmonellaLock">
    <skipped/>
  </testcase> <!-- SalmonellaLock -->
  <system-out/>
  <testcase classname="Test.Ancera.Reports.SalmonellaLog" name="TestFilter">
    <skipped/>
  </testcase> <!-- TestFilter -->
  <system-out/>
  <testcase classname="Test.Ancera.Reports.SalmonellaLog" name="CSVExport">
    <skipped/>
  </testcase> <!-- CSVExport -->
  <system-out/>
  <testcase classname="Test.Ancera.Reports.SalmonellaLog" name="Sorting">
    <skipped/>
  </testcase> <!-- Sorting -->
  <system-out/>
  <testcase classname="Test.Ancera.Reports.SalmonellaLog" name="CSVAuditExport">
    <skipped/>
  </testcase> <!-- CSVAuditExport -->
  <system-out/>
  <testcase classname="Test.Ancera.Reports.SalmonellaLog" name="AllignmentTest">
    <skipped/>
  </testcase> <!-- AllignmentTest -->
  <system-out/>
</testsuite> <!-- Test.Ancera.Reports.SalmonellaLog -->
