<?xml version="1.0" encoding="UTF-8"?>
<!-- Generated by org.testng.reporters.JUnitReportReporter -->
<testsuite skipped="11" hostname="LAPTOP-O6K4VQH7" name="Test.Ancera.Reports.SalmonellaLog" tests="13" failures="0" timestamp="2021-01-27T13:39:44 PKT" time="117.481" errors="0">
  <testcase name="NavigateSalmonella" time="31.536" classname="Test.Ancera.Reports.SalmonellaLog"/>
  <system-out/>
  <testcase name="TestFilters" time="85.945" classname="Test.Ancera.Reports.SalmonellaLog"/>
  <system-out/>
  <testcase name="DateLockFilter" classname="Test.Ancera.Reports.SalmonellaLog">
    <skipped/>
  </testcase> <!-- DateLockFilter -->
  <system-out/>
  <testcase name="RunAPI" classname="Test.Ancera.Reports.SalmonellaLog">
    <skipped/>
  </testcase> <!-- RunAPI -->
  <system-out/>
  <testcase name="DateFilter" classname="Test.Ancera.Reports.SalmonellaLog">
    <skipped/>
  </testcase> <!-- DateFilter -->
  <system-out/>
  <testcase name="PNGExport" classname="Test.Ancera.Reports.SalmonellaLog">
    <skipped/>
  </testcase> <!-- PNGExport -->
  <system-out/>
  <testcase name="RowsPerPage" classname="Test.Ancera.Reports.SalmonellaLog">
    <skipped/>
  </testcase> <!-- RowsPerPage -->
  <system-out/>
  <testcase name="SalmonellaLock" classname="Test.Ancera.Reports.SalmonellaLog">
    <skipped/>
  </testcase> <!-- SalmonellaLock -->
  <system-out/>
  <testcase name="CSVExport" classname="Test.Ancera.Reports.SalmonellaLog">
    <skipped/>
  </testcase> <!-- CSVExport -->
  <system-out/>
  <testcase name="SearchFilter" classname="Test.Ancera.Reports.SalmonellaLog">
    <skipped/>
  </testcase> <!-- SearchFilter -->
  <system-out/>
  <testcase name="EnterDate" classname="Test.Ancera.Reports.SalmonellaLog">
    <skipped/>
  </testcase> <!-- EnterDate -->
  <system-out/>
  <testcase name="TemplateExport" classname="Test.Ancera.Reports.SalmonellaLog">
    <skipped/>
  </testcase> <!-- TemplateExport -->
  <system-out/>
  <testcase name="Pagination" classname="Test.Ancera.Reports.SalmonellaLog">
    <skipped/>
  </testcase> <!-- Pagination -->
  <system-out/>
</testsuite> <!-- Test.Ancera.Reports.SalmonellaLog -->
