<?xml version="1.0" encoding="UTF-8"?>
<!-- Generated by org.testng.reporters.JUnitReportReporter -->
<testsuite hostname="DESKTOP-K0SFL7M" failures="0" tests="19" name="Test.Ancera.Administration.ReportsManagement" time="245.205" errors="1" timestamp="2021-05-20T12:16:09 PKT" skipped="1">
  <testcase classname="Test.Ancera.Administration.ReportsManagement" name="NavigateRM" time="4.664"/>
  <system-out/>
  <testcase classname="Test.Ancera.Administration.ReportsManagement" name="OpenPopup" time="3.820"/>
  <system-out/>
  <testcase classname="Test.Ancera.Administration.ReportsManagement" name="ResetFieldCheck" time="3.707"/>
  <system-out/>
  <testcase classname="Test.Ancera.Administration.ReportsManagement" name="MandatoryFieldCheck" time="28.912"/>
  <system-out/>
  <testcase classname="Test.Ancera.Administration.ReportsManagement" name="UpdateRole" time="8.662"/>
  <system-out/>
  <testcase classname="Test.Ancera.Administration.ReportsManagement" name="VerifyUpdateRole" time="6.290"/>
  <system-out/>
  <testcase classname="Test.Ancera.Administration.ReportsManagement" name="InActiveRole" time="4.866"/>
  <system-out/>
  <testcase classname="Test.Ancera.Administration.ReportsManagement" name="VerifyInActiveRoleUsers" time="11.488"/>
  <system-out/>
  <testcase classname="Test.Ancera.Administration.ReportsManagement" name="OpenReportGroupsPopup" time="4.799"/>
  <system-out/>
  <testcase classname="Test.Ancera.Administration.ReportsManagement" name="OpenReportDetails" time="3.124"/>
  <system-out/>
  <testcase classname="Test.Ancera.Administration.ReportsManagement" name="ResetGroupReportsFieldCheck" time="4.034"/>
  <system-out/>
  <testcase classname="Test.Ancera.Administration.ReportsManagement" name="MandatoryReportGroupFieldCheck" time="33.158"/>
  <system-out/>
  <testcase classname="Test.Ancera.Administration.ReportsManagement" name="UpdateReportDetails" time="72.049">
    <error message="Expected condition failed: waiting for visibility of element located by By.id: nameId (tried for 60 second(s) with 500 milliseconds interval)" type="org.openqa.selenium.TimeoutException">
      <![CDATA[org.openqa.selenium.TimeoutException: Expected condition failed: waiting for visibility of element located by By.id: nameId (tried for 60 second(s) with 500 milliseconds interval)
at org.openqa.selenium.support.ui.WebDriverWait.timeoutException(WebDriverWait.java:95)
at org.openqa.selenium.support.ui.FluentWait.until(FluentWait.java:272)
at Test.Ancera.Administration.ReportsManagement.UpdateReportDetails(ReportsManagement.java:769)
at java.base/jdk.internal.reflect.NativeMethodAccessorImpl.invoke0(Native Method)
at java.base/jdk.internal.reflect.NativeMethodAccessorImpl.invoke(NativeMethodAccessorImpl.java:64)
at java.base/jdk.internal.reflect.DelegatingMethodAccessorImpl.invoke(DelegatingMethodAccessorImpl.java:43)
at java.base/java.lang.reflect.Method.invoke(Method.java:564)
at org.testng.internal.MethodInvocationHelper.invokeMethod(MethodInvocationHelper.java:132)
at org.testng.internal.TestInvoker.invokeMethod(TestInvoker.java:599)
at org.testng.internal.TestInvoker.invokeTestMethod(TestInvoker.java:174)
at org.testng.internal.MethodRunner.runInSequence(MethodRunner.java:46)
at org.testng.internal.TestInvoker$MethodInvocationAgent.invoke(TestInvoker.java:822)
at org.testng.internal.TestInvoker.invokeTestMethods(TestInvoker.java:147)
at org.testng.internal.TestMethodWorker.invokeTestMethods(TestMethodWorker.java:146)
at org.testng.internal.TestMethodWorker.run(TestMethodWorker.java:128)
at java.base/java.util.ArrayList.forEach(ArrayList.java:1511)
at org.testng.TestRunner.privateRun(TestRunner.java:764)
at org.testng.TestRunner.run(TestRunner.java:585)
at org.testng.SuiteRunner.runTest(SuiteRunner.java:384)
at org.testng.SuiteRunner.runSequentially(SuiteRunner.java:378)
at org.testng.SuiteRunner.privateRun(SuiteRunner.java:337)
at org.testng.SuiteRunner.run(SuiteRunner.java:286)
at org.testng.SuiteRunnerWorker.runSuite(SuiteRunnerWorker.java:53)
at org.testng.SuiteRunnerWorker.run(SuiteRunnerWorker.java:96)
at org.testng.TestNG.runSuitesSequentially(TestNG.java:1218)
at org.testng.TestNG.runSuitesLocally(TestNG.java:1140)
at org.testng.TestNG.runSuites(TestNG.java:1069)
at org.testng.TestNG.run(TestNG.java:1037)
at org.testng.remote.AbstractRemoteTestNG.run(AbstractRemoteTestNG.java:115)
at org.testng.remote.RemoteTestNG.initAndRun(RemoteTestNG.java:251)
at org.testng.remote.RemoteTestNG.main(RemoteTestNG.java:77)
Caused by: org.openqa.selenium.NoSuchElementException: no such element: Unable to locate element: {"method":"css selector","selector":"#nameId"}
  (Session info: chrome=89.0.4389.128)
For documentation on this error, please visit: https://www.seleniumhq.org/exceptions/no_such_element.html
Build info: version: '3.141.59', revision: 'e82be7d358', time: '2018-11-14T08:17:03'
System info: host: 'DESKTOP-K0SFL7M', ip: '192.168.10.10', os.name: 'Windows 10', os.arch: 'amd64', os.version: '10.0', java.version: '15.0.2'
Driver info: org.openqa.selenium.chrome.ChromeDriver
Capabilities {acceptInsecureCerts: false, browserName: chrome, browserVersion: 89.0.4389.128, chrome: {chromedriverVersion: 89.0.4389.23 (61b08ee2c5002..., userDataDir: C:\Users\User\AppData\Local...}, goog:chromeOptions: {debuggerAddress: localhost:61234}, javascriptEnabled: true, networkConnectionEnabled: false, pageLoadStrategy: normal, platform: WINDOWS, platformName: WINDOWS, proxy: Proxy(), setWindowRect: true, strictFileInteractability: false, timeouts: {implicit: 0, pageLoad: 300000, script: 30000}, unhandledPromptBehavior: dismiss and notify, webauthn:extension:largeBlob: true, webauthn:virtualAuthenticators: true}
Session ID: f8699fbb012d583f9c6c7c1e6551c799
*** Element info: {Using=id, value=nameId}
at java.base/jdk.internal.reflect.NativeConstructorAccessorImpl.newInstance0(Native Method)
at java.base/jdk.internal.reflect.NativeConstructorAccessorImpl.newInstance(NativeConstructorAccessorImpl.java:64)
at java.base/jdk.internal.reflect.DelegatingConstructorAccessorImpl.newInstance(DelegatingConstructorAccessorImpl.java:45)
at java.base/java.lang.reflect.Constructor.newInstanceWithCaller(Constructor.java:500)
at java.base/java.lang.reflect.Constructor.newInstance(Constructor.java:481)
at org.openqa.selenium.remote.http.W3CHttpResponseCodec.createException(W3CHttpResponseCodec.java:187)
at org.openqa.selenium.remote.http.W3CHttpResponseCodec.decode(W3CHttpResponseCodec.java:122)
at org.openqa.selenium.remote.http.W3CHttpResponseCodec.decode(W3CHttpResponseCodec.java:49)
at org.openqa.selenium.remote.HttpCommandExecutor.execute(HttpCommandExecutor.java:158)
at org.openqa.selenium.remote.service.DriverCommandExecutor.execute(DriverCommandExecutor.java:83)
at org.openqa.selenium.remote.RemoteWebDriver.execute(RemoteWebDriver.java:552)
at org.openqa.selenium.remote.RemoteWebDriver.findElement(RemoteWebDriver.java:323)
at org.openqa.selenium.remote.RemoteWebDriver.findElementById(RemoteWebDriver.java:372)
at org.openqa.selenium.By$ById.findElement(By.java:188)
at org.openqa.selenium.remote.RemoteWebDriver.findElement(RemoteWebDriver.java:315)
at jdk.internal.reflect.GeneratedMethodAccessor1.invoke(Unknown Source)
at java.base/jdk.internal.reflect.DelegatingMethodAccessorImpl.invoke(DelegatingMethodAccessorImpl.java:43)
at java.base/java.lang.reflect.Method.invoke(Method.java:564)
at org.openqa.selenium.support.events.EventFiringWebDriver.lambda$new$1(EventFiringWebDriver.java:105)
at com.sun.proxy.$Proxy10.findElement(Unknown Source)
at org.openqa.selenium.support.events.EventFiringWebDriver.findElement(EventFiringWebDriver.java:194)
at org.openqa.selenium.support.ui.ExpectedConditions$7.apply(ExpectedConditions.java:205)
at org.openqa.selenium.support.ui.ExpectedConditions$7.apply(ExpectedConditions.java:201)
at org.openqa.selenium.support.ui.FluentWait.until(FluentWait.java:249)
... 29 more
]]>
    </error>
  </testcase> <!-- UpdateReportDetails -->
  <system-out/>
  <testcase classname="Test.Ancera.Administration.ReportsManagement" name="OpenEditRightsPopup" time="7.378"/>
  <system-out/>
  <testcase classname="Test.Ancera.Administration.ReportsManagement" name="VerifyReportOnEditRights" time="4.933"/>
  <system-out/>
  <testcase classname="Test.Ancera.Administration.ReportsManagement" name="VerifyReportDetails" time="5.669"/>
  <system-out/>
  <testcase classname="Test.Ancera.Administration.ReportsManagement" name="SaveAccessRights" time="12.957"/>
  <system-out/>
  <testcase classname="Test.Ancera.Administration.ReportsManagement" name="DeleteReportGroup" time="24.695"/>
  <system-out/>
  <testcase classname="Test.Ancera.Administration.ReportsManagement" name="DeleteReportGroupConfigurations">
    <skipped/>
  </testcase> <!-- DeleteReportGroupConfigurations -->
  <system-out/>
</testsuite> <!-- Test.Ancera.Administration.ReportsManagement -->
