<?xml version="1.0" encoding="UTF-8"?>
<!-- Generated by org.testng.reporters.JUnitReportReporter -->
<testsuite hostname="DESKTOP-K0SFL7M" failures="0" tests="13" name="Test.Ancera.Administration.UserManagement" time="280.521" errors="0" timestamp="2021-09-08T14:16:15 PKT" skipped="2">
  <testcase classname="Test.Ancera.Administration.UserManagement" name="NavigateUM" time="9.239"/>
  <system-out/>
  <testcase classname="Test.Ancera.Administration.UserManagement" name="MandatoryFieldCheck" time="22.270"/>
  <system-out/>
  <testcase classname="Test.Ancera.Administration.UserManagement" name="ResetButton" time="5.240"/>
  <system-out/>
  <testcase classname="Test.Ancera.Administration.UserManagement" name="CreateUser" time="33.915"/>
  <system-out/>
  <testcase classname="Test.Ancera.Administration.UserManagement" name="VerifyEmail" time="42.533"/>
  <system-out/>
  <testcase classname="Test.Ancera.Administration.UserManagement" name="ResetPassword" time="40.487"/>
  <system-out/>
  <testcase classname="Test.Ancera.Administration.UserManagement" name="VerifyReportRole" time="24.935"/>
  <system-out/>
  <testcase classname="Test.Ancera.Administration.UserManagement" name="SearchUser" time="38.674"/>
  <system-out/>
  <testcase classname="Test.Ancera.Administration.UserManagement" name="UpdateUser" time="19.380"/>
  <system-out/>
  <testcase classname="Test.Ancera.Administration.UserManagement" name="DeleteUser" time="41.008"/>
  <system-out/>
  <testcase classname="Test.Ancera.Administration.UserManagement" name="VerifyDeleteUser" time="2.840"/>
  <system-out/>
  <testcase classname="Test.Ancera.Administration.UserManagement" name="VerifyUpdateUser">
    <skipped/>
  </testcase> <!-- VerifyUpdateUser -->
  <system-out/>
  <testcase classname="Test.Ancera.Administration.UserManagement" name="Sorting">
    <skipped/>
  </testcase> <!-- Sorting -->
  <system-out/>
</testsuite> <!-- Test.Ancera.Administration.UserManagement -->
