<?xml version="1.0" encoding="UTF-8"?>
<!-- Generated by org.testng.reporters.JUnitReportReporter -->
<testsuite hostname="DESKTOP-K0SFL7M" failures="0" tests="3" name="Test.Ancera.Login.ForgotPassword" time="61.971" errors="0" timestamp="2021-10-29T14:17:42 PKT" skipped="0">
  <testcase classname="Test.Ancera.Login.ForgotPassword" name="SendEmailLink" time="11.613"/>
  <system-out/>
  <testcase classname="Test.Ancera.Login.ForgotPassword" name="VerifyEmailReceived" time="41.337"/>
  <system-out/>
  <testcase classname="Test.Ancera.Login.ForgotPassword" name="VerifyLogin" time="9.021"/>
  <system-out/>
</testsuite> <!-- Test.Ancera.Login.ForgotPassword -->
