<?xml version="1.0" encoding="UTF-8"?>
<!-- Generated by org.testng.reporters.JUnitReportReporter -->
<testsuite hostname="DESKTOP-K0SFL7M" failures="0" tests="16" name="Test.Ancera.Administration.AgreementManagement" time="224.778" errors="0" timestamp="2021-09-08T16:40:55 PKT" skipped="0">
  <testcase classname="Test.Ancera.Administration.AgreementManagement" name="NavigateAgreementManagement" time="18.527"/>
  <system-out/>
  <testcase classname="Test.Ancera.Administration.AgreementManagement" name="LicenseUpload" time="21.055"/>
  <system-out/>
  <testcase classname="Test.Ancera.Administration.AgreementManagement" name="VerifyUploadFile" time="3.466"/>
  <system-out/>
  <testcase classname="Test.Ancera.Administration.AgreementManagement" name="ViewFile" time="3.011"/>
  <system-out/>
  <testcase classname="Test.Ancera.Administration.AgreementManagement" name="DeleteFromFile" time="7.318"/>
  <system-out/>
  <testcase classname="Test.Ancera.Administration.AgreementManagement" name="DeleteFromGrid" time="7.416"/>
  <system-out/>
  <testcase classname="Test.Ancera.Administration.AgreementManagement" name="RenameFile" time="9.583"/>
  <system-out/>
  <testcase classname="Test.Ancera.Administration.AgreementManagement" name="DeactivateFile" time="3.979"/>
  <system-out/>
  <testcase classname="Test.Ancera.Administration.AgreementManagement" name="VerifyDeactivateFile" time="3.500"/>
  <system-out/>
  <testcase classname="Test.Ancera.Administration.AgreementManagement" name="ReactivateFile" time="4.751"/>
  <system-out/>
  <testcase classname="Test.Ancera.Administration.AgreementManagement" name="VerifyReactivateFile" time="4.021"/>
  <system-out/>
  <testcase classname="Test.Ancera.Administration.AgreementManagement" name="SearchUser" time="3.783"/>
  <system-out/>
  <testcase classname="Test.Ancera.Administration.AgreementManagement" name="InvalidSelection" time="5.838"/>
  <system-out/>
  <testcase classname="Test.Ancera.Administration.AgreementManagement" name="DeactivateAssignAgreement" time="121.818"/>
  <system-out/>
  <testcase classname="Test.Ancera.Administration.AgreementManagement" name="DeleteAssignFile" time="4.306"/>
  <system-out/>
  <testcase classname="Test.Ancera.Administration.AgreementManagement" name="DeleteFile" time="2.406"/>
  <system-out/>
</testsuite> <!-- Test.Ancera.Administration.AgreementManagement -->
