<?xml version="1.0" encoding="UTF-8"?>
<!-- Generated by org.testng.reporters.JUnitReportReporter -->
<testsuite hostname="DESKTOP-K0SFL7M" failures="0" tests="17" name="Test.Ancera.Reports.SalmonellaLog" time="3843.101" errors="0" timestamp="2021-09-27T12:54:38 PKT" skipped="0">
  <testcase classname="Test.Ancera.Reports.SalmonellaLog" name="NavigateSalmonella" time="14.418"/>
  <system-out/>
  <testcase classname="Test.Ancera.Reports.SalmonellaLog" name="DateFilter" time="79.705"/>
  <system-out/>
  <testcase classname="Test.Ancera.Reports.SalmonellaLog" name="DateLockFilter" time="19.423"/>
  <system-out/>
  <testcase classname="Test.Ancera.Reports.SalmonellaLog" name="TestFilter" time="742.510"/>
  <system-out/>
  <testcase classname="Test.Ancera.Reports.SalmonellaLog" name="SiteName" time="27.033"/>
  <system-out/>
  <testcase classname="Test.Ancera.Reports.SalmonellaLog" name="wildcard" time="1086.009"/>
  <system-out/>
  <testcase classname="Test.Ancera.Reports.SalmonellaLog" name="Contexual" time="485.882"/>
  <system-out/>
  <testcase classname="Test.Ancera.Reports.SalmonellaLog" name="SalmonellaLock" time="644.708"/>
  <system-out/>
  <testcase classname="Test.Ancera.Reports.SalmonellaLog" name="Pagination" time="15.666"/>
  <system-out/>
  <testcase classname="Test.Ancera.Reports.SalmonellaLog" name="RowsPerPage" time="43.109"/>
  <system-out/>
  <testcase classname="Test.Ancera.Reports.SalmonellaLog" name="Sorting" time="125.494"/>
  <system-out/>
  <testcase classname="Test.Ancera.Reports.SalmonellaLog" name="AllignmentTest" time="0.487"/>
  <system-out/>
  <testcase classname="Test.Ancera.Reports.SalmonellaLog" name="FieldAccess" time="470.922"/>
  <system-out/>
  <testcase classname="Test.Ancera.Reports.SalmonellaLog" name="PNGExport" time="35.836"/>
  <system-out/>
  <testcase classname="Test.Ancera.Reports.SalmonellaLog" name="CSVExport" time="16.311"/>
  <system-out/>
  <testcase classname="Test.Ancera.Reports.SalmonellaLog" name="CSVAuditExport" time="11.189"/>
  <system-out/>
  <testcase classname="Test.Ancera.Reports.SalmonellaLog" name="TemplateExport" time="24.399"/>
  <system-out/>
</testsuite> <!-- Test.Ancera.Reports.SalmonellaLog -->
