<?xml version="1.0" encoding="UTF-8"?>
<!-- Generated by org.testng.reporters.JUnitReportReporter -->
<testsuite hostname="DESKTOP-K0SFL7M" failures="0" tests="3" name="Test.Ancera.Administration.AlertManagement" time="110.468" errors="0" timestamp="2021-09-13T17:01:55 PKT" skipped="1">
  <testcase classname="Test.Ancera.Administration.AlertManagement" name="NavigateAlertManagement" time="6.094"/>
  <system-out/>
  <testcase classname="Test.Ancera.Administration.AlertManagement" name="CreateAlert" time="104.374"/>
  <system-out/>
  <testcase classname="Test.Ancera.Administration.AlertManagement" name="NavigateAlertsdManagement">
    <skipped/>
  </testcase> <!-- NavigateAlertsdManagement -->
  <system-out/>
</testsuite> <!-- Test.Ancera.Administration.AlertManagement -->
