<?xml version="1.0" encoding="UTF-8"?>
<!-- Generated by org.testng.reporters.JUnitReportReporter -->
<testsuite hostname="DESKTOP-K0SFL7M" failures="0" tests="13" name="Test.Ancera.Reports.CoccidiaLog" time="628.144" errors="1" timestamp="2021-06-07T11:17:01 PKT" skipped="3">
  <testcase classname="Test.Ancera.Reports.CoccidiaLog" name="RunAPI" time="53.063">
    <error message="java.lang.AssertionError: expected [12] but found [10]" type="java.lang.Exception">
      <![CDATA[java.lang.Exception: java.lang.AssertionError: expected [12] but found [10]
at Test.Ancera.Reports.CoccidiaLog.RunAPI(CoccidiaLog.java:264)
at java.base/jdk.internal.reflect.NativeMethodAccessorImpl.invoke0(Native Method)
at java.base/jdk.internal.reflect.NativeMethodAccessorImpl.invoke(NativeMethodAccessorImpl.java:64)
at java.base/jdk.internal.reflect.DelegatingMethodAccessorImpl.invoke(DelegatingMethodAccessorImpl.java:43)
at java.base/java.lang.reflect.Method.invoke(Method.java:564)
at org.testng.internal.MethodInvocationHelper.invokeMethod(MethodInvocationHelper.java:132)
at org.testng.internal.TestInvoker.invokeMethod(TestInvoker.java:599)
at org.testng.internal.TestInvoker.invokeTestMethod(TestInvoker.java:174)
at org.testng.internal.MethodRunner.runInSequence(MethodRunner.java:46)
at org.testng.internal.TestInvoker$MethodInvocationAgent.invoke(TestInvoker.java:822)
at org.testng.internal.TestInvoker.invokeTestMethods(TestInvoker.java:147)
at org.testng.internal.TestMethodWorker.invokeTestMethods(TestMethodWorker.java:146)
at org.testng.internal.TestMethodWorker.run(TestMethodWorker.java:128)
at java.base/java.util.ArrayList.forEach(ArrayList.java:1511)
at org.testng.TestRunner.privateRun(TestRunner.java:764)
at org.testng.TestRunner.run(TestRunner.java:585)
at org.testng.SuiteRunner.runTest(SuiteRunner.java:384)
at org.testng.SuiteRunner.runSequentially(SuiteRunner.java:378)
at org.testng.SuiteRunner.privateRun(SuiteRunner.java:337)
at org.testng.SuiteRunner.run(SuiteRunner.java:286)
at org.testng.SuiteRunnerWorker.runSuite(SuiteRunnerWorker.java:53)
at org.testng.SuiteRunnerWorker.run(SuiteRunnerWorker.java:96)
at org.testng.TestNG.runSuitesSequentially(TestNG.java:1218)
at org.testng.TestNG.runSuitesLocally(TestNG.java:1140)
at org.testng.TestNG.runSuites(TestNG.java:1069)
at org.testng.TestNG.run(TestNG.java:1037)
at org.testng.remote.AbstractRemoteTestNG.run(AbstractRemoteTestNG.java:115)
at org.testng.remote.RemoteTestNG.initAndRun(RemoteTestNG.java:251)
at org.testng.remote.RemoteTestNG.main(RemoteTestNG.java:77)
Caused by: java.lang.AssertionError: expected [12] but found [10]
at org.testng.Assert.fail(Assert.java:99)
at org.testng.Assert.failNotEquals(Assert.java:1037)
at org.testng.Assert.assertEqualsImpl(Assert.java:140)
at org.testng.Assert.assertEquals(Assert.java:122)
at org.testng.Assert.assertEquals(Assert.java:629)
at org.testng.Assert.assertEquals(Assert.java:639)
at Test.Ancera.Reports.CoccidiaLog.RunAPI(CoccidiaLog.java:256)
... 28 more
]]>
    </error>
  </testcase> <!-- RunAPI -->
  <system-out/>
  <testcase classname="Test.Ancera.Reports.CoccidiaLog" name="NavigateCoccidia" time="11.817"/>
  <system-out/>
  <testcase classname="Test.Ancera.Reports.CoccidiaLog" name="DateFilter" time="46.901"/>
  <system-out/>
  <testcase classname="Test.Ancera.Reports.CoccidiaLog" name="EnterDate" time="28.537"/>
  <system-out/>
  <testcase classname="Test.Ancera.Reports.CoccidiaLog" name="DateLockFilter" time="33.043"/>
  <system-out/>
  <testcase classname="Test.Ancera.Reports.CoccidiaLog" name="ResetFilter" time="6.778"/>
  <system-out/>
  <testcase classname="Test.Ancera.Reports.CoccidiaLog" name="TestFilters" time="365.205"/>
  <system-out/>
  <testcase classname="Test.Ancera.Reports.CoccidiaLog" name="CoccidiaLock" time="19.367"/>
  <system-out/>
  <testcase classname="Test.Ancera.Reports.CoccidiaLog" name="Pagination" time="23.200"/>
  <system-out/>
  <testcase classname="Test.Ancera.Reports.CoccidiaLog" name="RowsPerPage" time="40.233"/>
  <system-out/>
  <testcase classname="Test.Ancera.Reports.CoccidiaLog" name="TemplateExport">
    <skipped/>
  </testcase> <!-- TemplateExport -->
  <system-out/>
  <testcase classname="Test.Ancera.Reports.CoccidiaLog" name="PNGExport">
    <skipped/>
  </testcase> <!-- PNGExport -->
  <system-out/>
  <testcase classname="Test.Ancera.Reports.CoccidiaLog" name="CSVExport">
    <skipped/>
  </testcase> <!-- CSVExport -->
  <system-out/>
</testsuite> <!-- Test.Ancera.Reports.CoccidiaLog -->
