<?xml version="1.0" encoding="UTF-8"?>
<!-- Generated by org.testng.reporters.JUnitReportReporter -->
<testsuite hostname="APL-LHR-JA0201" failures="0" tests="1" name="Test.Ancera.PiperAdministration.PiperManagement" time="20.845" errors="0" timestamp="2022-10-19T12:03:38 PKT" skipped="0">
  <testcase classname="Test.Ancera.PiperAdministration.PiperManagement" name="ViewSites" time="20.845"/>
  <system-out/>
</testsuite> <!-- Test.Ancera.PiperAdministration.PiperManagement -->
