<?xml version="1.0" encoding="UTF-8"?>
<!-- Generated by org.testng.reporters.JUnitReportReporter -->
<testsuite hostname="DESKTOP-K0SFL7M" failures="0" tests="3" name="Test.Ancera.Login.TestLogin" time="33.220" errors="0" timestamp="2021-07-19T11:01:30 PKT" skipped="0">
  <testcase classname="Test.Ancera.Login.TestLogin" name="login" time="28.023"/>
  <system-out/>
  <testcase classname="Test.Ancera.Login.TestLogin" name="logout" time="2.707"/>
  <system-out/>
  <testcase classname="Test.Ancera.Login.TestLogin" name="VerifyLogout" time="2.490"/>
  <system-out/>
</testsuite> <!-- Test.Ancera.Login.TestLogin -->
