<?xml version="1.0" encoding="UTF-8"?>
<!-- Generated by org.testng.reporters.JUnitReportReporter -->
<testsuite hostname="APL-LHR-JA0201" failures="0" tests="5" name="Test.Ancera.Administration.BarcodeManagement" time="134.817" errors="0" timestamp="2022-09-22T11:41:52 PKT" skipped="0">
  <testcase classname="Test.Ancera.Administration.BarcodeManagement" name="NavigateBarcodeManagement" time="16.685"/>
  <system-out/>
  <testcase classname="Test.Ancera.Administration.BarcodeManagement" name="AssignedSiteAppearance" time="72.738"/>
  <system-out/>
  <testcase classname="Test.Ancera.Administration.BarcodeManagement" name="FilterFunctionality" time="34.296"/>
  <system-out/>
  <testcase classname="Test.Ancera.Administration.BarcodeManagement" name="ErrorOpeningPrintScreen" time="1.602"/>
  <system-out/>
  <testcase classname="Test.Ancera.Administration.BarcodeManagement" name="OpenPrintScreen" time="9.496"/>
  <system-out/>
</testsuite> <!-- Test.Ancera.Administration.BarcodeManagement -->
