<?xml version="1.0" encoding="UTF-8"?>
<!-- Generated by org.testng.reporters.JUnitReportReporter -->
<testsuite skipped="0" hostname="LAPTOP-O6K4VQH7" name="Test.Ancera.Login.ForgotPassword" tests="3" failures="0" timestamp="2021-01-04T15:56:02 PKT" time="84.944" errors="0">
  <testcase name="SendEmailLink" time="15.537" classname="Test.Ancera.Login.ForgotPassword"/>
  <system-out/>
  <testcase name="VerifyEmailReceived" time="43.211" classname="Test.Ancera.Login.ForgotPassword"/>
  <system-out/>
  <testcase name="VerifyLogin" time="26.196" classname="Test.Ancera.Login.ForgotPassword"/>
  <system-out/>
</testsuite> <!-- Test.Ancera.Login.ForgotPassword -->
