<?xml version="1.0" encoding="UTF-8"?>
<!-- Generated by org.testng.reporters.JUnitReportReporter -->
<testsuite hostname="DESKTOP-K0SFL7M" failures="0" tests="17" name="Test.Ancera.Administration.OrganizationManagement" time="387.712" errors="0" timestamp="2021-02-26T16:49:21 PKT" skipped="0">
  <testcase classname="Test.Ancera.Administration.OrganizationManagement" name="NavigateOM" time="5.781"/>
  <system-out/>
  <testcase classname="Test.Ancera.Administration.OrganizationManagement" name="MandatoryFieldCheck" time="150.753"/>
  <system-out/>
  <testcase classname="Test.Ancera.Administration.OrganizationManagement" name="ClosePopup" time="10.772"/>
  <system-out/>
  <testcase classname="Test.Ancera.Administration.OrganizationManagement" name="ResetButton" time="9.553"/>
  <system-out/>
  <testcase classname="Test.Ancera.Administration.OrganizationManagement" name="CreateOrganization" time="21.861"/>
  <system-out/>
  <testcase classname="Test.Ancera.Administration.OrganizationManagement" name="SearchOrganization" time="23.987"/>
  <system-out/>
  <testcase classname="Test.Ancera.Administration.OrganizationManagement" name="UpdateOrganization" time="19.524"/>
  <system-out/>
  <testcase classname="Test.Ancera.Administration.OrganizationManagement" name="SearchUpdateOrganization" time="15.054"/>
  <system-out/>
  <testcase classname="Test.Ancera.Administration.OrganizationManagement" name="OrganizationSiteMandatoryCheck" time="15.373"/>
  <system-out/>
  <testcase classname="Test.Ancera.Administration.OrganizationManagement" name="SiteResetButton" time="4.570"/>
  <system-out/>
  <testcase classname="Test.Ancera.Administration.OrganizationManagement" name="CreateOrganizationSite" time="26.142"/>
  <system-out/>
  <testcase classname="Test.Ancera.Administration.OrganizationManagement" name="UpdateOrganizationSites" time="12.963"/>
  <system-out/>
  <testcase classname="Test.Ancera.Administration.OrganizationManagement" name="VerifyUpdateOrganizationSites" time="6.085"/>
  <system-out/>
  <testcase classname="Test.Ancera.Administration.OrganizationManagement" name="DeleteOrganizationSites" time="7.063"/>
  <system-out/>
  <testcase classname="Test.Ancera.Administration.OrganizationManagement" name="InActiveOrganization" time="30.572"/>
  <system-out/>
  <testcase classname="Test.Ancera.Administration.OrganizationManagement" name="VerifyInActiveOrganization" time="11.093"/>
  <system-out/>
  <testcase classname="Test.Ancera.Administration.OrganizationManagement" name="DeleteOrganization" time="16.566"/>
  <system-out/>
</testsuite> <!-- Test.Ancera.Administration.OrganizationManagement -->
