<?xml version="1.0" encoding="UTF-8"?>
<!-- Generated by org.testng.reporters.JUnitReportReporter -->
<testsuite skipped="1" hostname="LAPTOP-O6K4VQH7" name="Test.Ancera.Administration.ReportsManagement" tests="20" failures="0" timestamp="2021-01-18T17:39:36 PKT" time="311.721" errors="0">
  <testcase name="NavigateRM" time="30.137" classname="Test.Ancera.Administration.ReportsManagement"/>
  <system-out/>
  <testcase name="OpenPopup" time="5.726" classname="Test.Ancera.Administration.ReportsManagement"/>
  <system-out/>
  <testcase name="ResetFieldCheck" time="5.230" classname="Test.Ancera.Administration.ReportsManagement"/>
  <system-out/>
  <testcase name="MandatoryFieldCheck" time="27.660" classname="Test.Ancera.Administration.ReportsManagement"/>
  <system-out/>
  <testcase name="UpdateRole" time="26.250" classname="Test.Ancera.Administration.ReportsManagement"/>
  <system-out/>
  <testcase name="VerifyUpdateRole" time="20.674" classname="Test.Ancera.Administration.ReportsManagement"/>
  <system-out/>
  <testcase name="InActiveRole" time="7.573" classname="Test.Ancera.Administration.ReportsManagement"/>
  <system-out/>
  <testcase name="VerifyInActiveRoleUsers" time="24.200" classname="Test.Ancera.Administration.ReportsManagement"/>
  <system-out/>
  <testcase name="VerifyInActiveRoleOrg" time="27.952" classname="Test.Ancera.Administration.ReportsManagement"/>
  <system-out/>
  <testcase name="OpenReportGroupsPopup" time="18.476" classname="Test.Ancera.Administration.ReportsManagement"/>
  <system-out/>
  <testcase name="OpenReportDetails" time="3.429" classname="Test.Ancera.Administration.ReportsManagement"/>
  <system-out/>
  <testcase name="ResetGroupReportsFieldCheck" time="5.523" classname="Test.Ancera.Administration.ReportsManagement"/>
  <system-out/>
  <testcase name="MandatoryReportGroupFieldCheck" time="33.205" classname="Test.Ancera.Administration.ReportsManagement"/>
  <system-out/>
  <testcase name="UpdateReportDetails" time="14.668" classname="Test.Ancera.Administration.ReportsManagement"/>
  <system-out/>
  <testcase name="OpenEditRightsPopup" time="21.316" classname="Test.Ancera.Administration.ReportsManagement"/>
  <system-out/>
  <testcase name="VerifyReportOnEditRights" time="4.712" classname="Test.Ancera.Administration.ReportsManagement"/>
  <system-out/>
  <testcase name="VerifyReportDetails" time="5.486" classname="Test.Ancera.Administration.ReportsManagement"/>
  <system-out/>
  <testcase name="SaveAccessRights" time="5.949" classname="Test.Ancera.Administration.ReportsManagement"/>
  <system-out/>
  <testcase name="DeleteReportGroup" time="23.555" classname="Test.Ancera.Administration.ReportsManagement"/>
  <system-out/>
  <testcase name="DeleteReportGroupConfigurations" classname="Test.Ancera.Administration.ReportsManagement">
    <skipped/>
  </testcase> <!-- DeleteReportGroupConfigurations -->
  <system-out/>
</testsuite> <!-- Test.Ancera.Administration.ReportsManagement -->
