<?xml version="1.0" encoding="UTF-8"?>
<!-- Generated by org.testng.reporters.JUnitReportReporter -->
<testsuite hostname="DESKTOP-K0SFL7M" failures="0" tests="13" name="Test.Ancera.MetaData.PoultryManagement" time="167.784" errors="0" timestamp="2022-08-10T20:09:17 PKT" skipped="1">
  <testcase classname="Test.Ancera.MetaData.PoultryManagement" name="NavigatePoultryManagement" time="22.427"/>
  <system-out/>
  <testcase classname="Test.Ancera.MetaData.PoultryManagement" name="VerifyTableContent" time="1.275"/>
  <system-out/>
  <testcase classname="Test.Ancera.MetaData.PoultryManagement" name="CreateFeed" time="31.047"/>
  <system-out/>
  <testcase classname="Test.Ancera.MetaData.PoultryManagement" name="HeartbeatFeed" time="0.536"/>
  <system-out/>
  <testcase classname="Test.Ancera.MetaData.PoultryManagement" name="EndIconFeed" time="0.415"/>
  <system-out/>
  <testcase classname="Test.Ancera.MetaData.PoultryManagement" name="UpdateFeed" time="7.468"/>
  <system-out/>
  <testcase classname="Test.Ancera.MetaData.PoultryManagement" name="CreateTreatment" time="61.407"/>
  <system-out/>
  <testcase classname="Test.Ancera.MetaData.PoultryManagement" name="HeartbeatTreatment" time="0.362"/>
  <system-out/>
  <testcase classname="Test.Ancera.MetaData.PoultryManagement" name="UpdateTreatment" time="11.230"/>
  <system-out/>
  <testcase classname="Test.Ancera.MetaData.PoultryManagement" name="VerifyFilter" time="2.020"/>
  <system-out/>
  <testcase classname="Test.Ancera.MetaData.PoultryManagement" name="DeleteTreatment" time="15.532"/>
  <system-out/>
  <testcase classname="Test.Ancera.MetaData.PoultryManagement" name="DeleteFeed" time="14.065"/>
  <system-out/>
  <testcase classname="Test.Ancera.MetaData.PoultryManagement" name="CreateVaccine">
    <skipped/>
  </testcase> <!-- CreateVaccine -->
  <system-out/>
</testsuite> <!-- Test.Ancera.MetaData.PoultryManagement -->
