<?xml version="1.0" encoding="UTF-8"?>
<!-- Generated by org.testng.reporters.JUnitReportReporter -->
<testsuite hostname="DESKTOP-K0SFL7M" failures="0" tests="14" name="Test.Ancera.Administration.UserManagement" time="276.979" errors="0" timestamp="2021-10-07T12:08:11 PKT" skipped="3">
  <testcase classname="Test.Ancera.Administration.UserManagement" name="NavigateUM" time="4.277"/>
  <system-out/>
  <testcase classname="Test.Ancera.Administration.UserManagement" name="MandatoryFieldCheck" time="48.854"/>
  <system-out/>
  <testcase classname="Test.Ancera.Administration.UserManagement" name="ResetButton" time="11.652"/>
  <system-out/>
  <testcase classname="Test.Ancera.Administration.UserManagement" name="CreateUser" time="47.970"/>
  <system-out/>
  <testcase classname="Test.Ancera.Administration.UserManagement" name="VerifyEmail" time="45.029"/>
  <system-out/>
  <testcase classname="Test.Ancera.Administration.UserManagement" name="VerifyEmail" time="23.349">
    <skipped/>
  </testcase> <!-- VerifyEmail -->
  <system-out/>
  <testcase classname="Test.Ancera.Administration.UserManagement" name="ResetPassword" time="11.032"/>
  <system-out/>
  <testcase classname="Test.Ancera.Administration.UserManagement" name="VerifyReportRole" time="9.763"/>
  <system-out/>
  <testcase classname="Test.Ancera.Administration.UserManagement" name="SearchUser" time="14.471"/>
  <system-out/>
  <testcase classname="Test.Ancera.Administration.UserManagement" name="UpdateUser" time="26.064"/>
  <system-out/>
  <testcase classname="Test.Ancera.Administration.UserManagement" name="DeleteUser" time="31.420"/>
  <system-out/>
  <testcase classname="Test.Ancera.Administration.UserManagement" name="VerifyDeleteUser" time="3.098"/>
  <system-out/>
  <testcase classname="Test.Ancera.Administration.UserManagement" name="VerifyUpdateUser">
    <skipped/>
  </testcase> <!-- VerifyUpdateUser -->
  <system-out/>
  <testcase classname="Test.Ancera.Administration.UserManagement" name="Sorting">
    <skipped/>
  </testcase> <!-- Sorting -->
  <system-out/>
</testsuite> <!-- Test.Ancera.Administration.UserManagement -->
