<?xml version="1.0" encoding="UTF-8"?>
<!-- Generated by org.testng.reporters.JUnitReportReporter -->
<testsuite skipped="0" hostname="LAPTOP-O6K4VQH7" name="Test.Ancera.Administration.AccessManagement" tests="7" failures="0" timestamp="2021-01-18T17:39:04 PKT" time="172.675" errors="0">
  <testcase name="NavigateAM" time="16.455" classname="Test.Ancera.Administration.AccessManagement"/>
  <system-out/>
  <testcase name="CreateAccess" time="20.974" classname="Test.Ancera.Administration.AccessManagement"/>
  <system-out/>
  <testcase name="UpdateRole" time="37.962" classname="Test.Ancera.Administration.AccessManagement"/>
  <system-out/>
  <testcase name="VerifyUpdateRole" time="19.824" classname="Test.Ancera.Administration.AccessManagement"/>
  <system-out/>
  <testcase name="InActivateRole" time="6.160" classname="Test.Ancera.Administration.AccessManagement"/>
  <system-out/>
  <testcase name="EditRightsScreen" time="39.968" classname="Test.Ancera.Administration.AccessManagement"/>
  <system-out/>
  <testcase name="RoleAssignScreen" time="31.332" classname="Test.Ancera.Administration.AccessManagement"/>
  <system-out/>
</testsuite> <!-- Test.Ancera.Administration.AccessManagement -->
