<?xml version="1.0" encoding="UTF-8"?>
<!-- Generated by org.testng.reporters.JUnitReportReporter -->
<testsuite hostname="DESKTOP-K0SFL7M" failures="0" tests="7" name="Test.Ancera.MetaData.DataUpload" time="283.071" errors="0" timestamp="2021-10-28T14:11:21 PKT" skipped="2">
  <testcase classname="Test.Ancera.MetaData.DataUpload" name="NavigateDataUpload" time="4.305"/>
  <system-out/>
  <testcase classname="Test.Ancera.MetaData.DataUpload" name="FlockMetadata" time="120.256"/>
  <system-out/>
  <testcase classname="Test.Ancera.MetaData.DataUpload" name="SitePerformance" time="60.644"/>
  <system-out/>
  <testcase classname="Test.Ancera.MetaData.DataUpload" name="SampleMetaData" time="54.272"/>
  <system-out/>
  <testcase classname="Test.Ancera.MetaData.DataUpload" name="saveTemplates" time="43.594"/>
  <system-out/>
  <testcase classname="Test.Ancera.MetaData.DataUpload" name="ClientList">
    <skipped/>
  </testcase> <!-- ClientList -->
  <system-out/>
  <testcase classname="Test.Ancera.MetaData.DataUpload" name="ClientListRemove">
    <skipped/>
  </testcase> <!-- ClientListRemove -->
  <system-out/>
</testsuite> <!-- Test.Ancera.MetaData.DataUpload -->
