<?xml version="1.0" encoding="UTF-8"?>
<!-- Generated by org.testng.reporters.JUnitReportReporter -->
<testsuite hostname="APL-LHR-JA0201" failures="0" tests="23" name="Test.Ancera.Administration.UserManagement" time="1699.808" errors="4" timestamp="2022-12-30T18:04:57 PKT" skipped="4">
  <testcase classname="Test.Ancera.Administration.UserManagement" name="LockFilter" time="370.151"/>
  <system-out/>
  <testcase classname="Test.Ancera.Administration.UserManagement" name="WildcardUser" time="301.205"/>
  <system-out/>
  <testcase classname="Test.Ancera.Administration.UserManagement" name="sorting" time="230.370"/>
  <system-out/>
  <testcase classname="Test.Ancera.Administration.UserManagement" name="pagination" time="0.003">
    <error message="Unresolved compilation problems: 
	The method saveResult(int, null) is undefined for the type Pagination
	The method saveResult(int, null) is undefined for the type Pagination
	The method saveResult(int, Exception) is undefined for the type Pagination
	The method saveResult(int, Exception) is undefined for the type Pagination
" type="java.lang.Error">
      <![CDATA[java.lang.Error: Unresolved compilation problems: 
The method saveResult(int, null) is undefined for the type Pagination
The method saveResult(int, null) is undefined for the type Pagination
The method saveResult(int, Exception) is undefined for the type Pagination
The method saveResult(int, Exception) is undefined for the type Pagination

at LogViewFunctions.Pagination.Pagination(Pagination.java:102)
at Test.Ancera.Administration.UserManagement.pagination(UserManagement.java:101)
at java.base/jdk.internal.reflect.NativeMethodAccessorImpl.invoke0(Native Method)
at java.base/jdk.internal.reflect.NativeMethodAccessorImpl.invoke(NativeMethodAccessorImpl.java:64)
at java.base/jdk.internal.reflect.DelegatingMethodAccessorImpl.invoke(DelegatingMethodAccessorImpl.java:43)
at java.base/java.lang.reflect.Method.invoke(Method.java:564)
at org.testng.internal.MethodInvocationHelper.invokeMethod(MethodInvocationHelper.java:132)
at org.testng.internal.TestInvoker.invokeMethod(TestInvoker.java:599)
at org.testng.internal.TestInvoker.invokeTestMethod(TestInvoker.java:174)
at org.testng.internal.MethodRunner.runInSequence(MethodRunner.java:46)
at org.testng.internal.TestInvoker$MethodInvocationAgent.invoke(TestInvoker.java:822)
at org.testng.internal.TestInvoker.invokeTestMethods(TestInvoker.java:147)
at org.testng.internal.TestMethodWorker.invokeTestMethods(TestMethodWorker.java:146)
at org.testng.internal.TestMethodWorker.run(TestMethodWorker.java:128)
at java.base/java.util.ArrayList.forEach(ArrayList.java:1511)
at org.testng.TestRunner.privateRun(TestRunner.java:764)
at org.testng.TestRunner.run(TestRunner.java:585)
at org.testng.SuiteRunner.runTest(SuiteRunner.java:384)
at org.testng.SuiteRunner.runSequentially(SuiteRunner.java:378)
at org.testng.SuiteRunner.privateRun(SuiteRunner.java:337)
at org.testng.SuiteRunner.run(SuiteRunner.java:286)
at org.testng.SuiteRunnerWorker.runSuite(SuiteRunnerWorker.java:53)
at org.testng.SuiteRunnerWorker.run(SuiteRunnerWorker.java:96)
at org.testng.TestNG.runSuitesSequentially(TestNG.java:1218)
at org.testng.TestNG.runSuitesLocally(TestNG.java:1140)
at org.testng.TestNG.runSuites(TestNG.java:1069)
at org.testng.TestNG.run(TestNG.java:1037)
at org.testng.remote.AbstractRemoteTestNG.run(AbstractRemoteTestNG.java:115)
at org.testng.remote.RemoteTestNG.initAndRun(RemoteTestNG.java:251)
at org.testng.remote.RemoteTestNG.main(RemoteTestNG.java:77)
]]>
    </error>
  </testcase> <!-- pagination -->
  <system-out/>
  <testcase classname="Test.Ancera.Administration.UserManagement" name="rowsperPage" time="17.642">
    <error message="Unresolved compilation problems: 
	The method saveResult(int, null) is undefined for the type RowsPerPage
	The method saveResult(int, null) is undefined for the type RowsPerPage
	The method saveResult(int, null) is undefined for the type RowsPerPage
	The method saveResult(int, null) is undefined for the type RowsPerPage
	The method saveResult(int, Exception) is undefined for the type RowsPerPage
	The method saveResult(int, Exception) is undefined for the type RowsPerPage
" type="java.lang.Error">
      <![CDATA[java.lang.Error: Unresolved compilation problems: 
The method saveResult(int, null) is undefined for the type RowsPerPage
The method saveResult(int, null) is undefined for the type RowsPerPage
The method saveResult(int, null) is undefined for the type RowsPerPage
The method saveResult(int, null) is undefined for the type RowsPerPage
The method saveResult(int, Exception) is undefined for the type RowsPerPage
The method saveResult(int, Exception) is undefined for the type RowsPerPage

at LogViewFunctions.RowsPerPage.RowsPerPage(RowsPerPage.java:75)
at Test.Ancera.Administration.UserManagement.rowsperPage(UserManagement.java:110)
at java.base/jdk.internal.reflect.NativeMethodAccessorImpl.invoke0(Native Method)
at java.base/jdk.internal.reflect.NativeMethodAccessorImpl.invoke(NativeMethodAccessorImpl.java:64)
at java.base/jdk.internal.reflect.DelegatingMethodAccessorImpl.invoke(DelegatingMethodAccessorImpl.java:43)
at java.base/java.lang.reflect.Method.invoke(Method.java:564)
at org.testng.internal.MethodInvocationHelper.invokeMethod(MethodInvocationHelper.java:132)
at org.testng.internal.TestInvoker.invokeMethod(TestInvoker.java:599)
at org.testng.internal.TestInvoker.invokeTestMethod(TestInvoker.java:174)
at org.testng.internal.MethodRunner.runInSequence(MethodRunner.java:46)
at org.testng.internal.TestInvoker$MethodInvocationAgent.invoke(TestInvoker.java:822)
at org.testng.internal.TestInvoker.invokeTestMethods(TestInvoker.java:147)
at org.testng.internal.TestMethodWorker.invokeTestMethods(TestMethodWorker.java:146)
at org.testng.internal.TestMethodWorker.run(TestMethodWorker.java:128)
at java.base/java.util.ArrayList.forEach(ArrayList.java:1511)
at org.testng.TestRunner.privateRun(TestRunner.java:764)
at org.testng.TestRunner.run(TestRunner.java:585)
at org.testng.SuiteRunner.runTest(SuiteRunner.java:384)
at org.testng.SuiteRunner.runSequentially(SuiteRunner.java:378)
at org.testng.SuiteRunner.privateRun(SuiteRunner.java:337)
at org.testng.SuiteRunner.run(SuiteRunner.java:286)
at org.testng.SuiteRunnerWorker.runSuite(SuiteRunnerWorker.java:53)
at org.testng.SuiteRunnerWorker.run(SuiteRunnerWorker.java:96)
at org.testng.TestNG.runSuitesSequentially(TestNG.java:1218)
at org.testng.TestNG.runSuitesLocally(TestNG.java:1140)
at org.testng.TestNG.runSuites(TestNG.java:1069)
at org.testng.TestNG.run(TestNG.java:1037)
at org.testng.remote.AbstractRemoteTestNG.run(AbstractRemoteTestNG.java:115)
at org.testng.remote.RemoteTestNG.initAndRun(RemoteTestNG.java:251)
at org.testng.remote.RemoteTestNG.main(RemoteTestNG.java:77)
]]>
    </error>
  </testcase> <!-- rowsperPage -->
  <system-out/>
  <testcase classname="Test.Ancera.Administration.UserManagement" name="ExportCSV" time="20.177"/>
  <system-out/>
  <testcase classname="Test.Ancera.Administration.UserManagement" name="CreateUser" time="101.737"/>
  <system-out/>
  <testcase classname="Test.Ancera.Administration.UserManagement" name="VerifyEmail" time="55.574"/>
  <system-out/>
  <testcase classname="Test.Ancera.Administration.UserManagement" name="ResetPassword" time="27.155"/>
  <system-out/>
  <testcase classname="Test.Ancera.Administration.UserManagement" name="VerifyReportRole" time="84.067"/>
  <system-out/>
  <testcase classname="Test.Ancera.Administration.UserManagement" name="VerifyTestingSitesAccess" time="83.558"/>
  <system-out/>
  <testcase classname="Test.Ancera.Administration.UserManagement" name="VerifyCollectionSitesAccess" time="33.516"/>
  <system-out/>
  <testcase classname="Test.Ancera.Administration.UserManagement" name="UpdateUser" time="102.964"/>
  <system-out/>
  <testcase classname="Test.Ancera.Administration.UserManagement" name="SiteAdminNewUserCreate" time="60.601">
    <error message="element click intercepted: Element &lt;span _ngcontent-jgg-c4=&quot;&quot; title=&quot;Delete user&quot; id=&quot;delete-user-1&quot;&gt;...&lt;/span&gt; is not clickable at point (1493, 249). Other element would receive the click: &lt;label _ngcontent-jgg-c4=&quot;&quot; class=&quot;mb-0&quot;&gt;...&lt;/label&gt;
  (Session info: chrome=108.0.5359.124)
Build info: version: &#039;4.1.2&#039;, revision: &#039;9a5a329c5a&#039;
System info: host: &#039;APL-LHR-JA0201&#039;, ip: &#039;172.26.0.1&#039;, os.name: &#039;Windows 10&#039;, os.arch: &#039;amd64&#039;, os.version: &#039;10.0&#039;, java.version: &#039;15.0.2&#039;
Driver info: org.openqa.selenium.chrome.ChromeDriver
Command: [c48d59965b804abe29a6e31f7914506d, clickElement {id=716ca1da-0dd7-45f9-b5f7-802f41989550}]
Capabilities {acceptInsecureCerts: false, browserName: chrome, browserVersion: 108.0.5359.124, chrome: {chromedriverVersion: 108.0.5359.71 (1e0e3868ee06..., userDataDir: C:\Users\JUNAID~1.ALA\AppDa...}, goog:chromeOptions: {debuggerAddress: localhost:55039}, javascriptEnabled: true, networkConnectionEnabled: false, pageLoadStrategy: normal, platform: WINDOWS, platformName: WINDOWS, proxy: Proxy(), se:cdp: ws://localhost:55039/devtoo..., se:cdpVersion: 108.0.5359.124, setWindowRect: true, strictFileInteractability: false, timeouts: {implicit: 0, pageLoad: 300000, script: 30000}, unhandledPromptBehavior: dismiss and notify, webauthn:extension:credBlob: true, webauthn:extension:largeBlob: true, webauthn:virtualAuthenticators: true}
Element: [[ChromeDriver: chrome on WINDOWS (c48d59965b804abe29a6e31f7914506d)] -&gt; id: delete-user-1]
Session ID: c48d59965b804abe29a6e31f7914506d" type="org.openqa.selenium.ElementClickInterceptedException">
      <![CDATA[org.openqa.selenium.ElementClickInterceptedException: element click intercepted: Element <span _ngcontent-jgg-c4="" title="Delete user" id="delete-user-1">...</span> is not clickable at point (1493, 249). Other element would receive the click: <label _ngcontent-jgg-c4="" class="mb-0">...</label>
  (Session info: chrome=108.0.5359.124)
Build info: version: '4.1.2', revision: '9a5a329c5a'
System info: host: 'APL-LHR-JA0201', ip: '172.26.0.1', os.name: 'Windows 10', os.arch: 'amd64', os.version: '10.0', java.version: '15.0.2'
Driver info: org.openqa.selenium.chrome.ChromeDriver
Command: [c48d59965b804abe29a6e31f7914506d, clickElement {id=716ca1da-0dd7-45f9-b5f7-802f41989550}]
Capabilities {acceptInsecureCerts: false, browserName: chrome, browserVersion: 108.0.5359.124, chrome: {chromedriverVersion: 108.0.5359.71 (1e0e3868ee06..., userDataDir: C:\Users\JUNAID~1.ALA\AppDa...}, goog:chromeOptions: {debuggerAddress: localhost:55039}, javascriptEnabled: true, networkConnectionEnabled: false, pageLoadStrategy: normal, platform: WINDOWS, platformName: WINDOWS, proxy: Proxy(), se:cdp: ws://localhost:55039/devtoo..., se:cdpVersion: 108.0.5359.124, setWindowRect: true, strictFileInteractability: false, timeouts: {implicit: 0, pageLoad: 300000, script: 30000}, unhandledPromptBehavior: dismiss and notify, webauthn:extension:credBlob: true, webauthn:extension:largeBlob: true, webauthn:virtualAuthenticators: true}
Element: [[ChromeDriver: chrome on WINDOWS (c48d59965b804abe29a6e31f7914506d)] -> id: delete-user-1]
Session ID: c48d59965b804abe29a6e31f7914506d
at java.base/jdk.internal.reflect.NativeConstructorAccessorImpl.newInstance0(Native Method)
at java.base/jdk.internal.reflect.NativeConstructorAccessorImpl.newInstance(NativeConstructorAccessorImpl.java:64)
at java.base/jdk.internal.reflect.DelegatingConstructorAccessorImpl.newInstance(DelegatingConstructorAccessorImpl.java:45)
at java.base/java.lang.reflect.Constructor.newInstanceWithCaller(Constructor.java:500)
at java.base/java.lang.reflect.Constructor.newInstance(Constructor.java:481)
at org.openqa.selenium.remote.codec.w3c.W3CHttpResponseCodec.createException(W3CHttpResponseCodec.java:200)
at org.openqa.selenium.remote.codec.w3c.W3CHttpResponseCodec.decode(W3CHttpResponseCodec.java:133)
at org.openqa.selenium.remote.codec.w3c.W3CHttpResponseCodec.decode(W3CHttpResponseCodec.java:53)
at org.openqa.selenium.remote.HttpCommandExecutor.execute(HttpCommandExecutor.java:184)
at org.openqa.selenium.remote.service.DriverCommandExecutor.invokeExecute(DriverCommandExecutor.java:167)
at org.openqa.selenium.remote.service.DriverCommandExecutor.execute(DriverCommandExecutor.java:142)
at org.openqa.selenium.remote.RemoteWebDriver.execute(RemoteWebDriver.java:558)
at org.openqa.selenium.remote.RemoteWebElement.execute(RemoteWebElement.java:251)
at org.openqa.selenium.remote.RemoteWebElement.click(RemoteWebElement.java:77)
at MiscFunctions.Methods.click(Methods.java:29)
at Test.Ancera.Administration.UserManagement.SiteAdminNewUserCreate(UserManagement.java:762)
at java.base/jdk.internal.reflect.NativeMethodAccessorImpl.invoke0(Native Method)
at java.base/jdk.internal.reflect.NativeMethodAccessorImpl.invoke(NativeMethodAccessorImpl.java:64)
at java.base/jdk.internal.reflect.DelegatingMethodAccessorImpl.invoke(DelegatingMethodAccessorImpl.java:43)
at java.base/java.lang.reflect.Method.invoke(Method.java:564)
at org.testng.internal.MethodInvocationHelper.invokeMethod(MethodInvocationHelper.java:132)
at org.testng.internal.TestInvoker.invokeMethod(TestInvoker.java:599)
at org.testng.internal.TestInvoker.invokeTestMethod(TestInvoker.java:174)
at org.testng.internal.MethodRunner.runInSequence(MethodRunner.java:46)
at org.testng.internal.TestInvoker$MethodInvocationAgent.invoke(TestInvoker.java:822)
at org.testng.internal.TestInvoker.invokeTestMethods(TestInvoker.java:147)
at org.testng.internal.TestMethodWorker.invokeTestMethods(TestMethodWorker.java:146)
at org.testng.internal.TestMethodWorker.run(TestMethodWorker.java:128)
at java.base/java.util.ArrayList.forEach(ArrayList.java:1511)
at org.testng.TestRunner.privateRun(TestRunner.java:764)
at org.testng.TestRunner.run(TestRunner.java:585)
at org.testng.SuiteRunner.runTest(SuiteRunner.java:384)
at org.testng.SuiteRunner.runSequentially(SuiteRunner.java:378)
at org.testng.SuiteRunner.privateRun(SuiteRunner.java:337)
at org.testng.SuiteRunner.run(SuiteRunner.java:286)
at org.testng.SuiteRunnerWorker.runSuite(SuiteRunnerWorker.java:53)
at org.testng.SuiteRunnerWorker.run(SuiteRunnerWorker.java:96)
at org.testng.TestNG.runSuitesSequentially(TestNG.java:1218)
at org.testng.TestNG.runSuitesLocally(TestNG.java:1140)
at org.testng.TestNG.runSuites(TestNG.java:1069)
at org.testng.TestNG.run(TestNG.java:1037)
at org.testng.remote.AbstractRemoteTestNG.run(AbstractRemoteTestNG.java:115)
at org.testng.remote.RemoteTestNG.initAndRun(RemoteTestNG.java:251)
at org.testng.remote.RemoteTestNG.main(RemoteTestNG.java:77)
]]>
    </error>
  </testcase> <!-- SiteAdminNewUserCreate -->
  <system-out/>
  <testcase classname="Test.Ancera.Administration.UserManagement" name="SiteAdminSitesAssigned" time="126.172">
    <error message="element not interactable
  (Session info: chrome=108.0.5359.124)
Build info: version: &#039;4.1.2&#039;, revision: &#039;9a5a329c5a&#039;
System info: host: &#039;APL-LHR-JA0201&#039;, ip: &#039;172.26.0.1&#039;, os.name: &#039;Windows 10&#039;, os.arch: &#039;amd64&#039;, os.version: &#039;10.0&#039;, java.version: &#039;15.0.2&#039;
Driver info: org.openqa.selenium.chrome.ChromeDriver
Command: [c48d59965b804abe29a6e31f7914506d, clickElement {id=bcd51b00-70c0-49e4-a9b6-65f74fbe3df9}]
Capabilities {acceptInsecureCerts: false, browserName: chrome, browserVersion: 108.0.5359.124, chrome: {chromedriverVersion: 108.0.5359.71 (1e0e3868ee06..., userDataDir: C:\Users\JUNAID~1.ALA\AppDa...}, goog:chromeOptions: {debuggerAddress: localhost:55039}, javascriptEnabled: true, networkConnectionEnabled: false, pageLoadStrategy: normal, platform: WINDOWS, platformName: WINDOWS, proxy: Proxy(), se:cdp: ws://localhost:55039/devtoo..., se:cdpVersion: 108.0.5359.124, setWindowRect: true, strictFileInteractability: false, timeouts: {implicit: 0, pageLoad: 300000, script: 30000}, unhandledPromptBehavior: dismiss and notify, webauthn:extension:credBlob: true, webauthn:extension:largeBlob: true, webauthn:virtualAuthenticators: true}
Element: [[ChromeDriver: chrome on WINDOWS (c48d59965b804abe29a6e31f7914506d)] -&gt; id: orgnTypeName_show-filter]
Session ID: c48d59965b804abe29a6e31f7914506d" type="org.openqa.selenium.ElementNotInteractableException">
      <![CDATA[org.openqa.selenium.ElementNotInteractableException: element not interactable
  (Session info: chrome=108.0.5359.124)
Build info: version: '4.1.2', revision: '9a5a329c5a'
System info: host: 'APL-LHR-JA0201', ip: '172.26.0.1', os.name: 'Windows 10', os.arch: 'amd64', os.version: '10.0', java.version: '15.0.2'
Driver info: org.openqa.selenium.chrome.ChromeDriver
Command: [c48d59965b804abe29a6e31f7914506d, clickElement {id=bcd51b00-70c0-49e4-a9b6-65f74fbe3df9}]
Capabilities {acceptInsecureCerts: false, browserName: chrome, browserVersion: 108.0.5359.124, chrome: {chromedriverVersion: 108.0.5359.71 (1e0e3868ee06..., userDataDir: C:\Users\JUNAID~1.ALA\AppDa...}, goog:chromeOptions: {debuggerAddress: localhost:55039}, javascriptEnabled: true, networkConnectionEnabled: false, pageLoadStrategy: normal, platform: WINDOWS, platformName: WINDOWS, proxy: Proxy(), se:cdp: ws://localhost:55039/devtoo..., se:cdpVersion: 108.0.5359.124, setWindowRect: true, strictFileInteractability: false, timeouts: {implicit: 0, pageLoad: 300000, script: 30000}, unhandledPromptBehavior: dismiss and notify, webauthn:extension:credBlob: true, webauthn:extension:largeBlob: true, webauthn:virtualAuthenticators: true}
Element: [[ChromeDriver: chrome on WINDOWS (c48d59965b804abe29a6e31f7914506d)] -> id: orgnTypeName_show-filter]
Session ID: c48d59965b804abe29a6e31f7914506d
at java.base/jdk.internal.reflect.NativeConstructorAccessorImpl.newInstance0(Native Method)
at java.base/jdk.internal.reflect.NativeConstructorAccessorImpl.newInstance(NativeConstructorAccessorImpl.java:64)
at java.base/jdk.internal.reflect.DelegatingConstructorAccessorImpl.newInstance(DelegatingConstructorAccessorImpl.java:45)
at java.base/java.lang.reflect.Constructor.newInstanceWithCaller(Constructor.java:500)
at java.base/java.lang.reflect.Constructor.newInstance(Constructor.java:481)
at org.openqa.selenium.remote.codec.w3c.W3CHttpResponseCodec.createException(W3CHttpResponseCodec.java:200)
at org.openqa.selenium.remote.codec.w3c.W3CHttpResponseCodec.decode(W3CHttpResponseCodec.java:133)
at org.openqa.selenium.remote.codec.w3c.W3CHttpResponseCodec.decode(W3CHttpResponseCodec.java:53)
at org.openqa.selenium.remote.HttpCommandExecutor.execute(HttpCommandExecutor.java:184)
at org.openqa.selenium.remote.service.DriverCommandExecutor.invokeExecute(DriverCommandExecutor.java:167)
at org.openqa.selenium.remote.service.DriverCommandExecutor.execute(DriverCommandExecutor.java:142)
at org.openqa.selenium.remote.RemoteWebDriver.execute(RemoteWebDriver.java:558)
at org.openqa.selenium.remote.RemoteWebElement.execute(RemoteWebElement.java:251)
at org.openqa.selenium.remote.RemoteWebElement.click(RemoteWebElement.java:77)
at Test.Ancera.Administration.UserManagement.SiteAdminSitesAssigned(UserManagement.java:831)
at java.base/jdk.internal.reflect.NativeMethodAccessorImpl.invoke0(Native Method)
at java.base/jdk.internal.reflect.NativeMethodAccessorImpl.invoke(NativeMethodAccessorImpl.java:64)
at java.base/jdk.internal.reflect.DelegatingMethodAccessorImpl.invoke(DelegatingMethodAccessorImpl.java:43)
at java.base/java.lang.reflect.Method.invoke(Method.java:564)
at org.testng.internal.MethodInvocationHelper.invokeMethod(MethodInvocationHelper.java:132)
at org.testng.internal.TestInvoker.invokeMethod(TestInvoker.java:599)
at org.testng.internal.TestInvoker.invokeTestMethod(TestInvoker.java:174)
at org.testng.internal.MethodRunner.runInSequence(MethodRunner.java:46)
at org.testng.internal.TestInvoker$MethodInvocationAgent.invoke(TestInvoker.java:822)
at org.testng.internal.TestInvoker.invokeTestMethods(TestInvoker.java:147)
at org.testng.internal.TestMethodWorker.invokeTestMethods(TestMethodWorker.java:146)
at org.testng.internal.TestMethodWorker.run(TestMethodWorker.java:128)
at java.base/java.util.ArrayList.forEach(ArrayList.java:1511)
at org.testng.TestRunner.privateRun(TestRunner.java:764)
at org.testng.TestRunner.run(TestRunner.java:585)
at org.testng.SuiteRunner.runTest(SuiteRunner.java:384)
at org.testng.SuiteRunner.runSequentially(SuiteRunner.java:378)
at org.testng.SuiteRunner.privateRun(SuiteRunner.java:337)
at org.testng.SuiteRunner.run(SuiteRunner.java:286)
at org.testng.SuiteRunnerWorker.runSuite(SuiteRunnerWorker.java:53)
at org.testng.SuiteRunnerWorker.run(SuiteRunnerWorker.java:96)
at org.testng.TestNG.runSuitesSequentially(TestNG.java:1218)
at org.testng.TestNG.runSuitesLocally(TestNG.java:1140)
at org.testng.TestNG.runSuites(TestNG.java:1069)
at org.testng.TestNG.run(TestNG.java:1037)
at org.testng.remote.AbstractRemoteTestNG.run(AbstractRemoteTestNG.java:115)
at org.testng.remote.RemoteTestNG.initAndRun(RemoteTestNG.java:251)
at org.testng.remote.RemoteTestNG.main(RemoteTestNG.java:77)
]]>
    </error>
  </testcase> <!-- SiteAdminSitesAssigned -->
  <system-out/>
  <testcase classname="Test.Ancera.Administration.UserManagement" name="OrgTypeColumn" time="26.480"/>
  <system-out/>
  <testcase classname="Test.Ancera.Administration.UserManagement" name="ClientMappingSiteAdmin" time="9.908"/>
  <system-out/>
  <testcase classname="Test.Ancera.Administration.UserManagement" name="DataUploadSiteAdmin" time="9.011"/>
  <system-out/>
  <testcase classname="Test.Ancera.Administration.UserManagement" name="DeleteUser" time="39.517"/>
  <system-out/>
  <testcase classname="Test.Ancera.Administration.UserManagement" name="OpenClosePopup">
    <skipped/>
  </testcase> <!-- OpenClosePopup -->
  <system-out/>
  <testcase classname="Test.Ancera.Administration.UserManagement" name="EditAssignRolePopup">
    <skipped/>
  </testcase> <!-- EditAssignRolePopup -->
  <system-out/>
  <testcase classname="Test.Ancera.Administration.UserManagement" name="SiteAdminEditSites">
    <skipped/>
  </testcase> <!-- SiteAdminEditSites -->
  <system-out/>
  <testcase classname="Test.Ancera.Administration.UserManagement" name="AccessRoleCount">
    <skipped/>
  </testcase> <!-- AccessRoleCount -->
  <system-out/>
</testsuite> <!-- Test.Ancera.Administration.UserManagement -->
