<?xml version="1.0" encoding="UTF-8"?>
<!-- Generated by org.testng.reporters.JUnitReportReporter -->
<testsuite hostname="DESKTOP-K0SFL7M" failures="0" tests="2" name="Test.Ancera.Login.AutoLogin" time="39.099" errors="0" timestamp="2021-05-21T11:43:38 PKT" skipped="1">
  <testcase classname="Test.Ancera.Login.AutoLogin" name="DateFilter" time="39.099"/>
  <system-out/>
  <testcase classname="Test.Ancera.Login.AutoLogin" name="CSVExport">
    <skipped/>
  </testcase> <!-- CSVExport -->
  <system-out/>
</testsuite> <!-- Test.Ancera.Login.AutoLogin -->
