<?xml version="1.0" encoding="UTF-8"?>
<!-- Generated by org.testng.reporters.JUnitReportReporter -->
<testsuite hostname="APL-LHR-JA0201" failures="0" tests="24" name="Test.Ancera.Administration.UserManagement" time="1739.668" errors="0" timestamp="2022-12-27T11:31:47 PKT" skipped="4">
  <testcase classname="Test.Ancera.Administration.UserManagement" name="Login" time="5.764"/>
  <system-out/>
  <testcase classname="Test.Ancera.Administration.UserManagement" name="LockFilter" time="332.279"/>
  <system-out/>
  <testcase classname="Test.Ancera.Administration.UserManagement" name="WildcardUser" time="250.860"/>
  <system-out/>
  <testcase classname="Test.Ancera.Administration.UserManagement" name="sorting" time="248.501"/>
  <system-out/>
  <testcase classname="Test.Ancera.Administration.UserManagement" name="pagination" time="41.446"/>
  <system-out/>
  <testcase classname="Test.Ancera.Administration.UserManagement" name="rowsperPage" time="66.389"/>
  <system-out/>
  <testcase classname="Test.Ancera.Administration.UserManagement" name="ExportCSV" time="18.756"/>
  <system-out/>
  <testcase classname="Test.Ancera.Administration.UserManagement" name="CreateUser" time="70.842"/>
  <system-out/>
  <testcase classname="Test.Ancera.Administration.UserManagement" name="VerifyEmail" time="50.780"/>
  <system-out/>
  <testcase classname="Test.Ancera.Administration.UserManagement" name="ResetPassword" time="23.460"/>
  <system-out/>
  <testcase classname="Test.Ancera.Administration.UserManagement" name="VerifyReportRole" time="100.994"/>
  <system-out/>
  <testcase classname="Test.Ancera.Administration.UserManagement" name="VerifyTestingSitesAccess" time="99.769"/>
  <system-out/>
  <testcase classname="Test.Ancera.Administration.UserManagement" name="VerifyCollectionSitesAccess" time="27.159"/>
  <system-out/>
  <testcase classname="Test.Ancera.Administration.UserManagement" name="UpdateUser" time="93.572"/>
  <system-out/>
  <testcase classname="Test.Ancera.Administration.UserManagement" name="SiteAdminNewUserCreate" time="76.648"/>
  <system-out/>
  <testcase classname="Test.Ancera.Administration.UserManagement" name="SiteAdminSitesAssigned" time="94.486"/>
  <system-out/>
  <testcase classname="Test.Ancera.Administration.UserManagement" name="OrgTypeColumn" time="44.986"/>
  <system-out/>
  <testcase classname="Test.Ancera.Administration.UserManagement" name="ClientMappingSiteAdmin" time="19.414"/>
  <system-out/>
  <testcase classname="Test.Ancera.Administration.UserManagement" name="DataUploadSiteAdmin" time="24.457"/>
  <system-out/>
  <testcase classname="Test.Ancera.Administration.UserManagement" name="DeleteUser" time="49.106"/>
  <system-out/>
  <testcase classname="Test.Ancera.Administration.UserManagement" name="OpenClosePopup">
    <skipped/>
  </testcase> <!-- OpenClosePopup -->
  <system-out/>
  <testcase classname="Test.Ancera.Administration.UserManagement" name="EditAssignRolePopup">
    <skipped/>
  </testcase> <!-- EditAssignRolePopup -->
  <system-out/>
  <testcase classname="Test.Ancera.Administration.UserManagement" name="SiteAdminEditSites">
    <skipped/>
  </testcase> <!-- SiteAdminEditSites -->
  <system-out/>
  <testcase classname="Test.Ancera.Administration.UserManagement" name="AccessRoleCount">
    <skipped/>
  </testcase> <!-- AccessRoleCount -->
  <system-out/>
</testsuite> <!-- Test.Ancera.Administration.UserManagement -->
