<?xml version="1.0" encoding="UTF-8"?>
<!-- Generated by org.testng.reporters.JUnitReportReporter -->
<testsuite hostname="DESKTOP-K0SFL7M" failures="0" tests="3" name="Test.Ancera.Login.ForgotPassword" time="71.706" errors="0" timestamp="2021-09-17T17:29:00 PKT" skipped="0">
  <testcase classname="Test.Ancera.Login.ForgotPassword" name="SendEmailLink" time="12.997"/>
  <system-out/>
  <testcase classname="Test.Ancera.Login.ForgotPassword" name="VerifyEmailReceived" time="49.331"/>
  <system-out/>
  <testcase classname="Test.Ancera.Login.ForgotPassword" name="VerifyLogin" time="9.378"/>
  <system-out/>
</testsuite> <!-- Test.Ancera.Login.ForgotPassword -->
