<?xml version="1.0" encoding="UTF-8"?>
<!-- Generated by org.testng.reporters.JUnitReportReporter -->
<testsuite hostname="DESKTOP-K0SFL7M" failures="0" tests="2" name="Test.Ancera.Administration.BarcodeManagement" time="5.724" errors="0" timestamp="2021-12-14T14:17:40 PKT" skipped="1">
  <testcase classname="Test.Ancera.Administration.BarcodeManagement" name="SearchFunctionality" time="5.724"/>
  <system-out/>
  <testcase classname="Test.Ancera.Administration.BarcodeManagement" name="OpenPrintScreen">
    <skipped/>
  </testcase> <!-- OpenPrintScreen -->
  <system-out/>
</testsuite> <!-- Test.Ancera.Administration.BarcodeManagement -->
