<?xml version="1.0" encoding="UTF-8"?>
<!-- Generated by org.testng.reporters.JUnitReportReporter -->
<testsuite hostname="DESKTOP-K0SFL7M" failures="0" tests="1" name="Test.Ancera.Login.AutoLogin" time="85.372" errors="0" timestamp="2021-06-29T14:03:09 PKT" skipped="0">
  <testcase classname="Test.Ancera.Login.AutoLogin" name="AutoLoginTest" time="85.372"/>
  <system-out/>
</testsuite> <!-- Test.Ancera.Login.AutoLogin -->
