<?xml version="1.0" encoding="UTF-8"?>
<!-- Generated by org.testng.reporters.JUnitReportReporter -->
<testsuite hostname="DESKTOP-K0SFL7M" failures="0" tests="9" name="Test.Ancera.MetaData.DataTemplateManagement" time="273.323" errors="0" timestamp="2021-02-26T16:46:28 PKT" skipped="0">
  <testcase classname="Test.Ancera.MetaData.DataTemplateManagement" name="Navigate" time="6.088"/>
  <system-out/>
  <testcase classname="Test.Ancera.MetaData.DataTemplateManagement" name="ResetFieldCheck" time="7.583"/>
  <system-out/>
  <testcase classname="Test.Ancera.MetaData.DataTemplateManagement" name="ClmResetFieldCheck" time="6.974"/>
  <system-out/>
  <testcase classname="Test.Ancera.MetaData.DataTemplateManagement" name="MandatoryFieldCheck" time="183.178"/>
  <system-out/>
  <testcase classname="Test.Ancera.MetaData.DataTemplateManagement" name="UpdateTemplateColumn" time="15.969"/>
  <system-out/>
  <testcase classname="Test.Ancera.MetaData.DataTemplateManagement" name="DeleteColumnTemplate" time="14.955"/>
  <system-out/>
  <testcase classname="Test.Ancera.MetaData.DataTemplateManagement" name="UpdateTemplate" time="8.184"/>
  <system-out/>
  <testcase classname="Test.Ancera.MetaData.DataTemplateManagement" name="ExportTemplate" time="17.979"/>
  <system-out/>
  <testcase classname="Test.Ancera.MetaData.DataTemplateManagement" name="DeleteTemplate" time="12.413"/>
  <system-out/>
</testsuite> <!-- Test.Ancera.MetaData.DataTemplateManagement -->
