<?xml version="1.0" encoding="UTF-8"?>
<!-- Generated by org.testng.reporters.JUnitReportReporter -->
<testsuite hostname="DESKTOP-K0SFL7M" failures="0" tests="2" name="PiperAdminstration.PiperManagement" time="9.872" errors="0" timestamp="2021-08-06T18:14:27 PKT" skipped="0">
  <testcase classname="PiperAdminstration.PiperManagement" name="NavigateePM" time="4.900"/>
  <system-out/>
  <testcase classname="PiperAdminstration.PiperManagement" name="NavigatePM" time="4.972"/>
  <system-out/>
</testsuite> <!-- PiperAdminstration.PiperManagement -->
