<?xml version="1.0" encoding="UTF-8"?>
<!-- Generated by org.testng.reporters.JUnitReportReporter -->
<testsuite hostname="DESKTOP-K0SFL7M" failures="0" tests="1" name="Test.Ancera.Login.dbTest" time="0.404" errors="0" timestamp="2021-09-15T16:07:57 PKT" skipped="0">
  <testcase classname="Test.Ancera.Login.dbTest" name="test1" time="0.404"/>
  <system-out/>
</testsuite> <!-- Test.Ancera.Login.dbTest -->
