<?xml version="1.0" encoding="UTF-8"?>
<!-- Generated by org.testng.reporters.JUnitReportReporter -->
<testsuite hostname="APL-LHR-JA0201" failures="0" tests="11" name="Test.Ancera.PiperAdministration.Piper_Configuration" time="403.841" errors="0" timestamp="2022-10-19T11:54:01 PKT" skipped="0">
  <testcase classname="Test.Ancera.PiperAdministration.Piper_Configuration" name="Navigate" time="21.451"/>
  <system-out/>
  <testcase classname="Test.Ancera.PiperAdministration.Piper_Configuration" name="CreatePiperConfigSalm" time="37.997"/>
  <system-out/>
  <testcase classname="Test.Ancera.PiperAdministration.Piper_Configuration" name="CreatePiperConfigCocci" time="27.682"/>
  <system-out/>
  <testcase classname="Test.Ancera.PiperAdministration.Piper_Configuration" name="UpdatePiperConfig" time="134.279"/>
  <system-out/>
  <testcase classname="Test.Ancera.PiperAdministration.Piper_Configuration" name="DeletePiperConfigSalm" time="9.375"/>
  <system-out/>
  <testcase classname="Test.Ancera.PiperAdministration.Piper_Configuration" name="DeletePiperConfigCocci" time="38.627"/>
  <system-out/>
  <testcase classname="Test.Ancera.PiperAdministration.Piper_Configuration" name="PAConnfigImprocCheck" time="16.866"/>
  <system-out/>
  <testcase classname="Test.Ancera.PiperAdministration.Piper_Configuration" name="CreatePAConfigSalm" time="41.325"/>
  <system-out/>
  <testcase classname="Test.Ancera.PiperAdministration.Piper_Configuration" name="DeletePAConfigSalm" time="12.185"/>
  <system-out/>
  <testcase classname="Test.Ancera.PiperAdministration.Piper_Configuration" name="CreatePAConfigList" time="43.830"/>
  <system-out/>
  <testcase classname="Test.Ancera.PiperAdministration.Piper_Configuration" name="DeletePAConfigList" time="20.224"/>
  <system-out/>
</testsuite> <!-- Test.Ancera.PiperAdministration.Piper_Configuration -->
