<?xml version="1.0" encoding="UTF-8"?>
<!-- Generated by org.testng.reporters.JUnitReportReporter -->
<testsuite hostname="DESKTOP-K0SFL7M" failures="0" tests="2" name="Test.Ancera.Administration.DataSecurity" time="357.963" errors="0" timestamp="2022-04-13T16:08:52 PKT" skipped="0">
  <testcase classname="Test.Ancera.Administration.DataSecurity" name="turnonDataSecurity" time="15.093"/>
  <system-out/>
  <testcase classname="Test.Ancera.Administration.DataSecurity" name="positive" time="342.870"/>
  <system-out/>
</testsuite> <!-- Test.Ancera.Administration.DataSecurity -->
