<?xml version="1.0" encoding="UTF-8"?>
<!-- Generated by org.testng.reporters.JUnitReportReporter -->
<testsuite hostname="DESKTOP-K0SFL7M" failures="0" tests="1" name="Test.Ancera.DB_Config" time="0.425" errors="0" timestamp="2021-11-29T12:48:38 PKT" skipped="0">
  <testcase classname="Test.Ancera.DB_Config" name="test1" time="0.425"/>
  <system-out/>
</testsuite> <!-- Test.Ancera.DB_Config -->
