<?xml version="1.0" encoding="UTF-8"?>
<!-- Generated by org.testng.reporters.JUnitReportReporter -->
<testsuite hostname="DESKTOP-K0SFL7M" failures="0" tests="3" name="Test.Ancera.Login.TestLogin" time="34.486" errors="0" timestamp="2022-06-14T11:57:55 PKT" skipped="0">
  <testcase classname="Test.Ancera.Login.TestLogin" name="login" time="27.831"/>
  <system-out/>
  <testcase classname="Test.Ancera.Login.TestLogin" name="logout" time="4.066"/>
  <system-out/>
  <testcase classname="Test.Ancera.Login.TestLogin" name="verifyLogout" time="2.589"/>
  <system-out/>
</testsuite> <!-- Test.Ancera.Login.TestLogin -->
