<?xml version="1.0" encoding="UTF-8"?>
<!-- Generated by org.testng.reporters.JUnitReportReporter -->
<testsuite hostname="DESKTOP-K0SFL7M" failures="0" tests="14" name="Test.Ancera.Reports.SalmonellaLog" time="318.457" errors="0" timestamp="2021-05-25T13:51:45 PKT" skipped="12">
  <testcase classname="Test.Ancera.Reports.SalmonellaLog" name="NavigateSalmonella" time="28.317"/>
  <system-out/>
  <testcase classname="Test.Ancera.Reports.SalmonellaLog" name="Sorting" time="290.140"/>
  <system-out/>
  <testcase classname="Test.Ancera.Reports.SalmonellaLog" name="DateLockFilter">
    <skipped/>
  </testcase> <!-- DateLockFilter -->
  <system-out/>
  <testcase classname="Test.Ancera.Reports.SalmonellaLog" name="RunAPI">
    <skipped/>
  </testcase> <!-- RunAPI -->
  <system-out/>
  <testcase classname="Test.Ancera.Reports.SalmonellaLog" name="DateFilter">
    <skipped/>
  </testcase> <!-- DateFilter -->
  <system-out/>
  <testcase classname="Test.Ancera.Reports.SalmonellaLog" name="RowsPerPage">
    <skipped/>
  </testcase> <!-- RowsPerPage -->
  <system-out/>
  <testcase classname="Test.Ancera.Reports.SalmonellaLog" name="PNGExport">
    <skipped/>
  </testcase> <!-- PNGExport -->
  <system-out/>
  <testcase classname="Test.Ancera.Reports.SalmonellaLog" name="SalmonellaLock">
    <skipped/>
  </testcase> <!-- SalmonellaLock -->
  <system-out/>
  <testcase classname="Test.Ancera.Reports.SalmonellaLog" name="CSVExport">
    <skipped/>
  </testcase> <!-- CSVExport -->
  <system-out/>
  <testcase classname="Test.Ancera.Reports.SalmonellaLog" name="ResetFilter">
    <skipped/>
  </testcase> <!-- ResetFilter -->
  <system-out/>
  <testcase classname="Test.Ancera.Reports.SalmonellaLog" name="TestFilters111">
    <skipped/>
  </testcase> <!-- TestFilters111 -->
  <system-out/>
  <testcase classname="Test.Ancera.Reports.SalmonellaLog" name="EnterDate">
    <skipped/>
  </testcase> <!-- EnterDate -->
  <system-out/>
  <testcase classname="Test.Ancera.Reports.SalmonellaLog" name="TemplateExport">
    <skipped/>
  </testcase> <!-- TemplateExport -->
  <system-out/>
  <testcase classname="Test.Ancera.Reports.SalmonellaLog" name="Pagination">
    <skipped/>
  </testcase> <!-- Pagination -->
  <system-out/>
</testsuite> <!-- Test.Ancera.Reports.SalmonellaLog -->
