<?xml version="1.0" encoding="UTF-8"?>
<!-- Generated by org.testng.reporters.JUnitReportReporter -->
<testsuite hostname="DESKTOP-K0SFL7M" failures="0" tests="9" name="Test.Ancera.MetaData.DataTemplateManagement" time="305.267" errors="0" timestamp="2021-09-08T13:54:43 PKT" skipped="0">
  <testcase classname="Test.Ancera.MetaData.DataTemplateManagement" name="Navigate" time="26.351"/>
  <system-out/>
  <testcase classname="Test.Ancera.MetaData.DataTemplateManagement" name="ResetFieldCheck" time="7.006"/>
  <system-out/>
  <testcase classname="Test.Ancera.MetaData.DataTemplateManagement" name="ClmResetFieldCheck" time="5.854"/>
  <system-out/>
  <testcase classname="Test.Ancera.MetaData.DataTemplateManagement" name="MandatoryFieldCheck" time="182.060"/>
  <system-out/>
  <testcase classname="Test.Ancera.MetaData.DataTemplateManagement" name="UpdateTemplateColumn" time="21.605"/>
  <system-out/>
  <testcase classname="Test.Ancera.MetaData.DataTemplateManagement" name="DeleteColumnTemplate" time="14.634"/>
  <system-out/>
  <testcase classname="Test.Ancera.MetaData.DataTemplateManagement" name="UpdateTemplate" time="10.045"/>
  <system-out/>
  <testcase classname="Test.Ancera.MetaData.DataTemplateManagement" name="ExportTemplate" time="20.600"/>
  <system-out/>
  <testcase classname="Test.Ancera.MetaData.DataTemplateManagement" name="DeleteTemplate" time="17.112"/>
  <system-out/>
</testsuite> <!-- Test.Ancera.MetaData.DataTemplateManagement -->
