<?xml version="1.0" encoding="UTF-8"?>
<!-- Generated by org.testng.reporters.JUnitReportReporter -->
<testsuite hostname="DESKTOP-K0SFL7M" failures="0" tests="3" name="Test.Ancera.Profile.ProfileSetting" time="273.208" errors="0" timestamp="2021-09-08T13:55:20 PKT" skipped="1">
  <testcase classname="Test.Ancera.Profile.ProfileSetting" name="NavigateProfile" time="263.980"/>
  <system-out/>
  <testcase classname="Test.Ancera.Profile.ProfileSetting" name="ExitProfile" time="9.228"/>
  <system-out/>
  <testcase classname="Test.Ancera.Profile.ProfileSetting" name="ValidationCheck">
    <skipped/>
  </testcase> <!-- ValidationCheck -->
  <system-out/>
</testsuite> <!-- Test.Ancera.Profile.ProfileSetting -->
