<?xml version="1.0" encoding="UTF-8"?>
<!-- Generated by org.testng.reporters.JUnitReportReporter -->
<testsuite hostname="DESKTOP-K0SFL7M" failures="0" tests="22" name="Test.Ancera.Administration.ReportsManagement" time="257.649" errors="0" timestamp="2021-12-10T17:26:30 PKT" skipped="5">
  <testcase classname="Test.Ancera.Administration.ReportsManagement" name="NavigateRM" time="8.584"/>
  <system-out/>
  <testcase classname="Test.Ancera.Administration.ReportsManagement" name="OpenPopup" time="3.316"/>
  <system-out/>
  <testcase classname="Test.Ancera.Administration.ReportsManagement" name="ResetFieldCheck" time="2.909"/>
  <system-out/>
  <testcase classname="Test.Ancera.Administration.ReportsManagement" name="MandatoryFieldCheck" time="27.655"/>
  <system-out/>
  <testcase classname="Test.Ancera.Administration.ReportsManagement" name="UpdateRole" time="8.073"/>
  <system-out/>
  <testcase classname="Test.Ancera.Administration.ReportsManagement" name="VerifyUpdateRole" time="5.118"/>
  <system-out/>
  <testcase classname="Test.Ancera.Administration.ReportsManagement" name="InActiveRole" time="5.434"/>
  <system-out/>
  <testcase classname="Test.Ancera.Administration.ReportsManagement" name="VerifyInActiveRoleUsers" time="54.807"/>
  <system-out/>
  <testcase classname="Test.Ancera.Administration.ReportsManagement" name="OpenReportGroupsPopup" time="10.273"/>
  <system-out/>
  <testcase classname="Test.Ancera.Administration.ReportsManagement" name="OpenReportDetails" time="2.772"/>
  <system-out/>
  <testcase classname="Test.Ancera.Administration.ReportsManagement" name="ResetGroupReportsFieldCheck" time="4.343"/>
  <system-out/>
  <testcase classname="Test.Ancera.Administration.ReportsManagement" name="MandatoryReportGroupFieldCheck" time="34.866"/>
  <system-out/>
  <testcase classname="Test.Ancera.Administration.ReportsManagement" name="UpdateReportDetails" time="11.841"/>
  <system-out/>
  <testcase classname="Test.Ancera.Administration.ReportsManagement" name="OpenEditRightsPopup" time="30.729"/>
  <system-out/>
  <testcase classname="Test.Ancera.Administration.ReportsManagement" name="VerifyReportOnEditRights" time="4.893"/>
  <system-out/>
  <testcase classname="Test.Ancera.Administration.ReportsManagement" name="VerifyReportDetails" time="5.477"/>
  <system-out/>
  <testcase classname="Test.Ancera.Administration.ReportsManagement" name="SaveAccessRights" time="36.559"/>
  <system-out/>
  <testcase classname="Test.Ancera.Administration.ReportsManagement" name="HideColumn">
    <skipped/>
  </testcase> <!-- HideColumn -->
  <system-out/>
  <testcase classname="Test.Ancera.Administration.ReportsManagement" name="InActivateReportGroup">
    <skipped/>
  </testcase> <!-- InActivateReportGroup -->
  <system-out/>
  <testcase classname="Test.Ancera.Administration.ReportsManagement" name="DeleteReportGroup">
    <skipped/>
  </testcase> <!-- DeleteReportGroup -->
  <system-out/>
  <testcase classname="Test.Ancera.Administration.ReportsManagement" name="VerifyInactivatedReportGroup">
    <skipped/>
  </testcase> <!-- VerifyInactivatedReportGroup -->
  <system-out/>
  <testcase classname="Test.Ancera.Administration.ReportsManagement" name="DeleteReportGroupConfigurations">
    <skipped/>
  </testcase> <!-- DeleteReportGroupConfigurations -->
  <system-out/>
</testsuite> <!-- Test.Ancera.Administration.ReportsManagement -->
