<?xml version="1.0" encoding="UTF-8"?>
<!-- Generated by org.testng.reporters.JUnitReportReporter -->
<testsuite hostname="DESKTOP-K0SFL7M" failures="0" tests="3" name="Test.Ancera.Login.TestLogin" time="39.973" errors="0" timestamp="2022-04-18T14:51:44 PKT" skipped="0">
  <testcase classname="Test.Ancera.Login.TestLogin" name="login" time="32.711"/>
  <system-out/>
  <testcase classname="Test.Ancera.Login.TestLogin" name="logout" time="4.713"/>
  <system-out/>
  <testcase classname="Test.Ancera.Login.TestLogin" name="verifyLogout" time="2.549"/>
  <system-out/>
</testsuite> <!-- Test.Ancera.Login.TestLogin -->
