<?xml version="1.0" encoding="UTF-8"?>
<!-- Generated by org.testng.reporters.JUnitReportReporter -->
<testsuite hostname="APL-LHR-JA0201" failures="0" tests="17" name="Test.Ancera.Administration.UserManagement" time="536.865" errors="1" timestamp="2022-09-22T11:16:56 PKT" skipped="3">
  <testcase classname="Test.Ancera.Administration.UserManagement" name="OpenClosePopup" time="27.148"/>
  <system-out/>
  <testcase classname="Test.Ancera.Administration.UserManagement" name="CreateUser" time="44.178"/>
  <system-out/>
  <testcase classname="Test.Ancera.Administration.UserManagement" name="VerifyEmail" time="26.423"/>
  <system-out/>
  <testcase classname="Test.Ancera.Administration.UserManagement" name="ResetPassword" time="38.353"/>
  <system-out/>
  <testcase classname="Test.Ancera.Administration.UserManagement" name="VerifyReportRole" time="57.239"/>
  <system-out/>
  <testcase classname="Test.Ancera.Administration.UserManagement" name="VerifyTestingSitesAccess" time="55.578">
    <error message="java.lang.AssertionError: The following asserts failed:
	expected [Active] but found [Inactive]" type="java.lang.Exception">
      <![CDATA[java.lang.Exception: java.lang.AssertionError: The following asserts failed:
expected [Active] but found [Inactive]
at Test.Ancera.Administration.UserManagement.VerifyTestingSitesAccess(UserManagement.java:461)
at java.base/jdk.internal.reflect.NativeMethodAccessorImpl.invoke0(Native Method)
at java.base/jdk.internal.reflect.NativeMethodAccessorImpl.invoke(NativeMethodAccessorImpl.java:64)
at java.base/jdk.internal.reflect.DelegatingMethodAccessorImpl.invoke(DelegatingMethodAccessorImpl.java:43)
at java.base/java.lang.reflect.Method.invoke(Method.java:564)
at org.testng.internal.MethodInvocationHelper.invokeMethod(MethodInvocationHelper.java:132)
at org.testng.internal.TestInvoker.invokeMethod(TestInvoker.java:599)
at org.testng.internal.TestInvoker.invokeTestMethod(TestInvoker.java:174)
at org.testng.internal.MethodRunner.runInSequence(MethodRunner.java:46)
at org.testng.internal.TestInvoker$MethodInvocationAgent.invoke(TestInvoker.java:822)
at org.testng.internal.TestInvoker.invokeTestMethods(TestInvoker.java:147)
at org.testng.internal.TestMethodWorker.invokeTestMethods(TestMethodWorker.java:146)
at org.testng.internal.TestMethodWorker.run(TestMethodWorker.java:128)
at java.base/java.util.ArrayList.forEach(ArrayList.java:1511)
at org.testng.TestRunner.privateRun(TestRunner.java:764)
at org.testng.TestRunner.run(TestRunner.java:585)
at org.testng.SuiteRunner.runTest(SuiteRunner.java:384)
at org.testng.SuiteRunner.runSequentially(SuiteRunner.java:378)
at org.testng.SuiteRunner.privateRun(SuiteRunner.java:337)
at org.testng.SuiteRunner.run(SuiteRunner.java:286)
at org.testng.SuiteRunnerWorker.runSuite(SuiteRunnerWorker.java:53)
at org.testng.SuiteRunnerWorker.run(SuiteRunnerWorker.java:96)
at org.testng.TestNG.runSuitesSequentially(TestNG.java:1218)
at org.testng.TestNG.runSuitesLocally(TestNG.java:1140)
at org.testng.TestNG.runSuites(TestNG.java:1069)
at org.testng.TestNG.run(TestNG.java:1037)
at org.testng.remote.AbstractRemoteTestNG.run(AbstractRemoteTestNG.java:115)
at org.testng.remote.RemoteTestNG.initAndRun(RemoteTestNG.java:251)
at org.testng.remote.RemoteTestNG.main(RemoteTestNG.java:77)
Caused by: java.lang.AssertionError: The following asserts failed:
expected [Active] but found [Inactive]
at org.testng.asserts.SoftAssert.assertAll(SoftAssert.java:47)
at org.testng.asserts.SoftAssert.assertAll(SoftAssert.java:31)
at Test.Ancera.Administration.UserManagement.VerifyTestingSitesAccess(UserManagement.java:456)
... 28 more
]]>
    </error>
  </testcase> <!-- VerifyTestingSitesAccess -->
  <system-out/>
  <testcase classname="Test.Ancera.Administration.UserManagement" name="VerifyCollectionSitesAccess" time="0.000">
    <skipped/>
  </testcase> <!-- VerifyCollectionSitesAccess -->
  <system-out/>
  <testcase classname="Test.Ancera.Administration.UserManagement" name="UpdateUser" time="85.423"/>
  <system-out/>
  <testcase classname="Test.Ancera.Administration.UserManagement" name="EditAssignRolePopup" time="31.329"/>
  <system-out/>
  <testcase classname="Test.Ancera.Administration.UserManagement" name="SiteAdminNewUserCreate" time="47.945"/>
  <system-out/>
  <testcase classname="Test.Ancera.Administration.UserManagement" name="SiteAdminSitesAssigned" time="52.441"/>
  <system-out/>
  <testcase classname="Test.Ancera.Administration.UserManagement" name="OrgTypeColumn" time="23.148"/>
  <system-out/>
  <testcase classname="Test.Ancera.Administration.UserManagement" name="ClientMappingSiteAdmin" time="8.904"/>
  <system-out/>
  <testcase classname="Test.Ancera.Administration.UserManagement" name="DataUploadSiteAdmin" time="8.160"/>
  <system-out/>
  <testcase classname="Test.Ancera.Administration.UserManagement" name="DeleteUser" time="30.596"/>
  <system-out/>
  <testcase classname="Test.Ancera.Administration.UserManagement" name="SiteAdminEditSites">
    <skipped/>
  </testcase> <!-- SiteAdminEditSites -->
  <system-out/>
  <testcase classname="Test.Ancera.Administration.UserManagement" name="AccessRoleCount">
    <skipped/>
  </testcase> <!-- AccessRoleCount -->
  <system-out/>
</testsuite> <!-- Test.Ancera.Administration.UserManagement -->
