<?xml version="1.0" encoding="UTF-8"?>
<!-- Generated by org.testng.reporters.JUnitReportReporter -->
<testsuite hostname="DESKTOP-K0SFL7M" failures="0" tests="3" name="PiperAdminstration.PiperManagement" time="60.155" errors="0" timestamp="2021-09-08T14:25:20 PKT" skipped="0">
  <testcase classname="PiperAdminstration.PiperManagement" name="NavigatePM" time="9.311"/>
  <system-out/>
  <testcase classname="PiperAdminstration.PiperManagement" name="AlertSetting" time="45.440"/>
  <system-out/>
  <testcase classname="PiperAdminstration.PiperManagement" name="BasicScenarios" time="5.404"/>
  <system-out/>
</testsuite> <!-- PiperAdminstration.PiperManagement -->
