<?xml version="1.0" encoding="UTF-8"?>
<!-- Generated by org.testng.reporters.JUnitReportReporter -->
<testsuite hostname="DESKTOP-K0SFL7M" failures="0" tests="6" name="Test.Ancera.Administration.ProgramManagement" time="45.781" errors="0" timestamp="2022-08-30T16:06:33 PKT" skipped="5">
  <testcase classname="Test.Ancera.Administration.ProgramManagement" name="CreateProgramVaccine" time="45.781"/>
  <system-out/>
  <testcase classname="Test.Ancera.Administration.ProgramManagement" name="UpdateProgramFeed">
    <skipped/>
  </testcase> <!-- UpdateProgramFeed -->
  <system-out/>
  <testcase classname="Test.Ancera.Administration.ProgramManagement" name="VerifyColumns">
    <skipped/>
  </testcase> <!-- VerifyColumns -->
  <system-out/>
  <testcase classname="Test.Ancera.Administration.ProgramManagement" name="DeleteProgramVaccine">
    <skipped/>
  </testcase> <!-- DeleteProgramVaccine -->
  <system-out/>
  <testcase classname="Test.Ancera.Administration.ProgramManagement" name="DeleteProgramFeed">
    <skipped/>
  </testcase> <!-- DeleteProgramFeed -->
  <system-out/>
  <testcase classname="Test.Ancera.Administration.ProgramManagement" name="CreateProgramFeed">
    <skipped/>
  </testcase> <!-- CreateProgramFeed -->
  <system-out/>
</testsuite> <!-- Test.Ancera.Administration.ProgramManagement -->
