<?xml version="1.0" encoding="UTF-8"?>
<!-- Generated by org.testng.reporters.JUnitReportReporter -->
<testsuite skipped="0" hostname="LAPTOP-O6K4VQH7" name="Test.Ancera.Administration.OrganizationManagement" tests="17" failures="0" timestamp="2021-01-18T17:31:34 PKT" time="526.401" errors="1">
  <testcase name="NavigateOM" time="20.180" classname="Test.Ancera.Administration.OrganizationManagement"/>
  <system-out/>
  <testcase name="MandatoryFieldCheck" time="154.768" classname="Test.Ancera.Administration.OrganizationManagement"/>
  <system-out/>
  <testcase name="ClosePopup" time="19.663" classname="Test.Ancera.Administration.OrganizationManagement"/>
  <system-out/>
  <testcase name="ResetButton" time="16.866" classname="Test.Ancera.Administration.OrganizationManagement"/>
  <system-out/>
  <testcase name="CreateOrganization" time="38.144" classname="Test.Ancera.Administration.OrganizationManagement"/>
  <system-out/>
  <testcase name="SearchOrganization" time="35.507" classname="Test.Ancera.Administration.OrganizationManagement"/>
  <system-out/>
  <testcase name="UpdateOrganization" time="32.842" classname="Test.Ancera.Administration.OrganizationManagement">
    <error type="org.openqa.selenium.ElementClickInterceptedException" message="element click intercepted: Element &lt;button class=&quot;apl-btn b-md btn-ok m-l-10px ng-star-inserted&quot; id=&quot;btn-next&quot; type=&quot;button&quot;&gt;...&lt;/button&gt; is not clickable at point (457, 547). Other element would receive the click: &lt;div _ngcontent-mvd-c2=&quot;&quot; class=&quot;overlay overlay-loader waiting&quot;&gt;...&lt;/div&gt;
  (Session info: chrome=87.0.4280.88)
Build info: version: &#039;3.141.59&#039;, revision: &#039;e82be7d358&#039;, time: &#039;2018-11-14T08:17:03&#039;
System info: host: &#039;LAPTOP-O6K4VQH7&#039;, ip: &#039;192.168.19.53&#039;, os.name: &#039;Windows 10&#039;, os.arch: &#039;amd64&#039;, os.version: &#039;10.0&#039;, java.version: &#039;1.8.0_231&#039;
Driver info: org.openqa.selenium.chrome.ChromeDriver
Capabilities {acceptInsecureCerts: false, browserName: chrome, browserVersion: 87.0.4280.88, chrome: {chromedriverVersion: 87.0.4280.88 (89e2380a3e36c..., userDataDir: C:\Users\MUHAMM~1\AppData\L...}, goog:chromeOptions: {debuggerAddress: localhost:52486}, javascriptEnabled: true, networkConnectionEnabled: false, pageLoadStrategy: normal, platform: WINDOWS, platformName: WINDOWS, proxy: Proxy(), setWindowRect: true, strictFileInteractability: false, timeouts: {implicit: 0, pageLoad: 300000, script: 30000}, unhandledPromptBehavior: dismiss and notify, webauthn:virtualAuthenticators: true}
Session ID: 4e3e973410200a180f985d7b82a84f7b">
      <![CDATA[org.openqa.selenium.ElementClickInterceptedException: element click intercepted: Element <button class="apl-btn b-md btn-ok m-l-10px ng-star-inserted" id="btn-next" type="button">...</button> is not clickable at point (457, 547). Other element would receive the click: <div _ngcontent-mvd-c2="" class="overlay overlay-loader waiting">...</div>
  (Session info: chrome=87.0.4280.88)
Build info: version: '3.141.59', revision: 'e82be7d358', time: '2018-11-14T08:17:03'
System info: host: 'LAPTOP-O6K4VQH7', ip: '192.168.19.53', os.name: 'Windows 10', os.arch: 'amd64', os.version: '10.0', java.version: '1.8.0_231'
Driver info: org.openqa.selenium.chrome.ChromeDriver
Capabilities {acceptInsecureCerts: false, browserName: chrome, browserVersion: 87.0.4280.88, chrome: {chromedriverVersion: 87.0.4280.88 (89e2380a3e36c..., userDataDir: C:\Users\MUHAMM~1\AppData\L...}, goog:chromeOptions: {debuggerAddress: localhost:52486}, javascriptEnabled: true, networkConnectionEnabled: false, pageLoadStrategy: normal, platform: WINDOWS, platformName: WINDOWS, proxy: Proxy(), setWindowRect: true, strictFileInteractability: false, timeouts: {implicit: 0, pageLoad: 300000, script: 30000}, unhandledPromptBehavior: dismiss and notify, webauthn:virtualAuthenticators: true}
Session ID: 4e3e973410200a180f985d7b82a84f7b
at sun.reflect.NativeConstructorAccessorImpl.newInstance0(Native Method)
at sun.reflect.NativeConstructorAccessorImpl.newInstance(NativeConstructorAccessorImpl.java:62)
at sun.reflect.DelegatingConstructorAccessorImpl.newInstance(DelegatingConstructorAccessorImpl.java:45)
at java.lang.reflect.Constructor.newInstance(Constructor.java:423)
at org.openqa.selenium.remote.http.W3CHttpResponseCodec.createException(W3CHttpResponseCodec.java:187)
at org.openqa.selenium.remote.http.W3CHttpResponseCodec.decode(W3CHttpResponseCodec.java:122)
at org.openqa.selenium.remote.http.W3CHttpResponseCodec.decode(W3CHttpResponseCodec.java:49)
at org.openqa.selenium.remote.HttpCommandExecutor.execute(HttpCommandExecutor.java:158)
at org.openqa.selenium.remote.service.DriverCommandExecutor.execute(DriverCommandExecutor.java:83)
at org.openqa.selenium.remote.RemoteWebDriver.execute(RemoteWebDriver.java:552)
at org.openqa.selenium.remote.RemoteWebElement.execute(RemoteWebElement.java:285)
at org.openqa.selenium.remote.RemoteWebElement.click(RemoteWebElement.java:84)
at Test.Ancera.Administration.OrganizationManagement.UpdateOrganization(OrganizationManagement.java:560)
at sun.reflect.NativeMethodAccessorImpl.invoke0(Native Method)
at sun.reflect.NativeMethodAccessorImpl.invoke(NativeMethodAccessorImpl.java:62)
at sun.reflect.DelegatingMethodAccessorImpl.invoke(DelegatingMethodAccessorImpl.java:43)
at java.lang.reflect.Method.invoke(Method.java:498)
at org.testng.internal.MethodInvocationHelper.invokeMethod(MethodInvocationHelper.java:135)
at org.testng.internal.TestInvoker.invokeMethod(TestInvoker.java:598)
at org.testng.internal.TestInvoker.invokeTestMethod(TestInvoker.java:174)
at org.testng.internal.MethodRunner.runInSequence(MethodRunner.java:46)
at org.testng.internal.TestInvoker$MethodInvocationAgent.invoke(TestInvoker.java:821)
at org.testng.internal.TestInvoker.invokeTestMethods(TestInvoker.java:147)
at org.testng.internal.TestMethodWorker.invokeTestMethods(TestMethodWorker.java:146)
at org.testng.internal.TestMethodWorker.run(TestMethodWorker.java:128)
at java.util.ArrayList.forEach(ArrayList.java:1257)
at org.testng.TestRunner.privateRun(TestRunner.java:767)
at org.testng.TestRunner.run(TestRunner.java:588)
at org.testng.SuiteRunner.runTest(SuiteRunner.java:384)
at org.testng.SuiteRunner.runSequentially(SuiteRunner.java:378)
at org.testng.SuiteRunner.privateRun(SuiteRunner.java:337)
at org.testng.SuiteRunner.run(SuiteRunner.java:286)
at org.testng.SuiteRunnerWorker.runSuite(SuiteRunnerWorker.java:53)
at org.testng.SuiteRunnerWorker.run(SuiteRunnerWorker.java:96)
at org.testng.TestNG.runSuitesSequentially(TestNG.java:1214)
at org.testng.TestNG.runSuitesLocally(TestNG.java:1136)
at org.testng.TestNG.runSuites(TestNG.java:1066)
at org.testng.TestNG.run(TestNG.java:1034)
at org.testng.remote.AbstractRemoteTestNG.run(AbstractRemoteTestNG.java:115)
at org.testng.remote.RemoteTestNG.initAndRun(RemoteTestNG.java:251)
at org.testng.remote.RemoteTestNG.main(RemoteTestNG.java:77)
]]>
    </error>
  </testcase> <!-- UpdateOrganization -->
  <system-out/>
  <testcase name="SearchUpdateOrganization" time="27.963" classname="Test.Ancera.Administration.OrganizationManagement"/>
  <system-out/>
  <testcase name="OrganizationSiteMandatoryCheck" time="34.769" classname="Test.Ancera.Administration.OrganizationManagement"/>
  <system-out/>
  <testcase name="SiteResetButton" time="4.435" classname="Test.Ancera.Administration.OrganizationManagement"/>
  <system-out/>
  <testcase name="CreateOrganizationSite" time="35.461" classname="Test.Ancera.Administration.OrganizationManagement"/>
  <system-out/>
  <testcase name="UpdateOrganizationSites" time="12.571" classname="Test.Ancera.Administration.OrganizationManagement"/>
  <system-out/>
  <testcase name="VerifyUpdateOrganizationSites" time="6.418" classname="Test.Ancera.Administration.OrganizationManagement"/>
  <system-out/>
  <testcase name="DeleteOrganizationSites" time="5.656" classname="Test.Ancera.Administration.OrganizationManagement"/>
  <system-out/>
  <testcase name="InActiveOrganization" time="32.596" classname="Test.Ancera.Administration.OrganizationManagement"/>
  <system-out/>
  <testcase name="VerifyInActiveOrganization" time="19.864" classname="Test.Ancera.Administration.OrganizationManagement"/>
  <system-out/>
  <testcase name="DeleteOrganization" time="28.698" classname="Test.Ancera.Administration.OrganizationManagement"/>
  <system-out/>
</testsuite> <!-- Test.Ancera.Administration.OrganizationManagement -->
