<?xml version="1.0" encoding="UTF-8"?>
<!-- Generated by org.testng.reporters.JUnitReportReporter -->
<testsuite hostname="APL-LHR-JA0201" failures="0" tests="11" name="Test.Ancera.Reports.Sites_Log" time="604.213" errors="0" timestamp="2022-10-12T13:10:00 PKT" skipped="1">
  <testcase classname="Test.Ancera.Reports.Sites_Log" name="NavigateSites" time="19.833"/>
  <system-out/>
  <testcase classname="Test.Ancera.Reports.Sites_Log" name="LockFilter" time="144.516"/>
  <system-out/>
  <testcase classname="Test.Ancera.Reports.Sites_Log" name="Wildcard" time="164.340"/>
  <system-out/>
  <testcase classname="Test.Ancera.Reports.Sites_Log" name="FilterSorting" time="59.337"/>
  <system-out/>
  <testcase classname="Test.Ancera.Reports.Sites_Log" name="RowsPerPage1" time="15.935"/>
  <system-out/>
  <testcase classname="Test.Ancera.Reports.Sites_Log" name="PaginationSites" time="29.196"/>
  <system-out/>
  <testcase classname="Test.Ancera.Reports.Sites_Log" name="AllignmentTest" time="0.215"/>
  <system-out/>
  <testcase classname="Test.Ancera.Reports.Sites_Log" name="FieldAccess" time="117.630"/>
  <system-out/>
  <testcase classname="Test.Ancera.Reports.Sites_Log" name="CSVAuditExport" time="9.386"/>
  <system-out/>
  <testcase classname="Test.Ancera.Reports.Sites_Log" name="CSVExportNew" time="43.825"/>
  <system-out/>
  <testcase classname="Test.Ancera.Reports.Sites_Log" name="CSVExport">
    <skipped/>
  </testcase> <!-- CSVExport -->
  <system-out/>
</testsuite> <!-- Test.Ancera.Reports.Sites_Log -->
