<?xml version="1.0" encoding="UTF-8"?>
<!-- Generated by org.testng.reporters.JUnitReportReporter -->
<testsuite hostname="DESKTOP-K0SFL7M" failures="0" tests="3" name="Test.Ancera.Login.TestLogin" time="29.884" errors="0" timestamp="2022-02-17T11:52:07 PKT" skipped="0">
  <testcase classname="Test.Ancera.Login.TestLogin" name="login" time="23.871"/>
  <system-out/>
  <testcase classname="Test.Ancera.Login.TestLogin" name="logout" time="3.647"/>
  <system-out/>
  <testcase classname="Test.Ancera.Login.TestLogin" name="VerifyLogout" time="2.366"/>
  <system-out/>
</testsuite> <!-- Test.Ancera.Login.TestLogin -->
