<?xml version="1.0" encoding="UTF-8"?>
<!-- Generated by org.testng.reporters.JUnitReportReporter -->
<testsuite hostname="DESKTOP-K0SFL7M" failures="0" tests="2" name="Test.Ancera.Reports.InstallationRun" time="615.755" errors="0" timestamp="2021-08-02T11:44:42 PKT" skipped="1">
  <testcase classname="Test.Ancera.Reports.InstallationRun" name="installationRunConfigCoccidia" time="615.755"/>
  <system-out/>
  <testcase classname="Test.Ancera.Reports.InstallationRun" name="installationRunConfigSalmonella">
    <skipped/>
  </testcase> <!-- installationRunConfigSalmonella -->
  <system-out/>
</testsuite> <!-- Test.Ancera.Reports.InstallationRun -->
