<?xml version="1.0" encoding="UTF-8"?>
<!-- Generated by org.testng.reporters.JUnitReportReporter -->
<testsuite hostname="DESKTOP-K0SFL7M" failures="0" tests="3" name="PiperAdminstration.PiperManagement" time="57.380" errors="0" timestamp="2022-01-26T12:06:42 PKT" skipped="0">
  <testcase classname="PiperAdminstration.PiperManagement" name="NavigatePM" time="8.065"/>
  <system-out/>
  <testcase classname="PiperAdminstration.PiperManagement" name="BasicScenarios" time="5.254"/>
  <system-out/>
  <testcase classname="PiperAdminstration.PiperManagement" name="AlertSetting" time="44.061"/>
  <system-out/>
</testsuite> <!-- PiperAdminstration.PiperManagement -->
