<?xml version="1.0" encoding="UTF-8"?>
<!-- Generated by org.testng.reporters.JUnitReportReporter -->
<testsuite skipped="14" hostname="LAPTOP-O6K4VQH7" name="Test.Ancera.Administration.AgreementManagement" tests="16" failures="0" timestamp="2021-01-08T11:49:33 PKT" time="25.422" errors="1">
  <testcase name="NavigateAgreementManagement" time="15.378" classname="Test.Ancera.Administration.AgreementManagement"/>
  <system-out/>
  <testcase name="AssignSelection" time="10.044" classname="Test.Ancera.Administration.AgreementManagement">
    <error type="org.openqa.selenium.NoSuchElementException" message="no such element: Unable to locate element: {&quot;method&quot;:&quot;xpath&quot;,&quot;selector&quot;:&quot;/html/body/app-root/div/app-manage-user-license-component/div[1]/div[3]/div/div[2]/div[1]/div[2]/div/div/ul/li/div/div[2]/label[1]&quot;}
  (Session info: chrome=87.0.4280.88)
For documentation on this error, please visit: https://www.seleniumhq.org/exceptions/no_such_element.html
Build info: version: &#039;3.141.59&#039;, revision: &#039;e82be7d358&#039;, time: &#039;2018-11-14T08:17:03&#039;
System info: host: &#039;LAPTOP-O6K4VQH7&#039;, ip: &#039;192.168.19.110&#039;, os.name: &#039;Windows 10&#039;, os.arch: &#039;amd64&#039;, os.version: &#039;10.0&#039;, java.version: &#039;1.8.0_231&#039;
Driver info: org.openqa.selenium.chrome.ChromeDriver
Capabilities {acceptInsecureCerts: false, browserName: chrome, browserVersion: 87.0.4280.88, chrome: {chromedriverVersion: 86.0.4240.22 (398b0743353ff..., userDataDir: C:\Users\MUHAMM~1\AppData\L...}, goog:chromeOptions: {debuggerAddress: localhost:50642}, javascriptEnabled: true, networkConnectionEnabled: false, pageLoadStrategy: normal, platform: WINDOWS, platformName: WINDOWS, proxy: Proxy(), setWindowRect: true, strictFileInteractability: false, timeouts: {implicit: 0, pageLoad: 300000, script: 30000}, unhandledPromptBehavior: dismiss and notify, webauthn:virtualAuthenticators: true}
Session ID: 1cf7289c97d5c70751ae94c374b9e5b8
*** Element info: {Using=xpath, value=/html/body/app-root/div/app-manage-user-license-component/div[1]/div[3]/div/div[2]/div[1]/div[2]/div/div/ul/li/div/div[2]/label[1]}">
      <![CDATA[org.openqa.selenium.NoSuchElementException: no such element: Unable to locate element: {"method":"xpath","selector":"/html/body/app-root/div/app-manage-user-license-component/div[1]/div[3]/div/div[2]/div[1]/div[2]/div/div/ul/li/div/div[2]/label[1]"}
  (Session info: chrome=87.0.4280.88)
For documentation on this error, please visit: https://www.seleniumhq.org/exceptions/no_such_element.html
Build info: version: '3.141.59', revision: 'e82be7d358', time: '2018-11-14T08:17:03'
System info: host: 'LAPTOP-O6K4VQH7', ip: '192.168.19.110', os.name: 'Windows 10', os.arch: 'amd64', os.version: '10.0', java.version: '1.8.0_231'
Driver info: org.openqa.selenium.chrome.ChromeDriver
Capabilities {acceptInsecureCerts: false, browserName: chrome, browserVersion: 87.0.4280.88, chrome: {chromedriverVersion: 86.0.4240.22 (398b0743353ff..., userDataDir: C:\Users\MUHAMM~1\AppData\L...}, goog:chromeOptions: {debuggerAddress: localhost:50642}, javascriptEnabled: true, networkConnectionEnabled: false, pageLoadStrategy: normal, platform: WINDOWS, platformName: WINDOWS, proxy: Proxy(), setWindowRect: true, strictFileInteractability: false, timeouts: {implicit: 0, pageLoad: 300000, script: 30000}, unhandledPromptBehavior: dismiss and notify, webauthn:virtualAuthenticators: true}
Session ID: 1cf7289c97d5c70751ae94c374b9e5b8
*** Element info: {Using=xpath, value=/html/body/app-root/div/app-manage-user-license-component/div[1]/div[3]/div/div[2]/div[1]/div[2]/div/div/ul/li/div/div[2]/label[1]}
at sun.reflect.NativeConstructorAccessorImpl.newInstance0(Native Method)
at sun.reflect.NativeConstructorAccessorImpl.newInstance(NativeConstructorAccessorImpl.java:62)
at sun.reflect.DelegatingConstructorAccessorImpl.newInstance(DelegatingConstructorAccessorImpl.java:45)
at java.lang.reflect.Constructor.newInstance(Constructor.java:423)
at org.openqa.selenium.remote.http.W3CHttpResponseCodec.createException(W3CHttpResponseCodec.java:187)
at org.openqa.selenium.remote.http.W3CHttpResponseCodec.decode(W3CHttpResponseCodec.java:122)
at org.openqa.selenium.remote.http.W3CHttpResponseCodec.decode(W3CHttpResponseCodec.java:49)
at org.openqa.selenium.remote.HttpCommandExecutor.execute(HttpCommandExecutor.java:158)
at org.openqa.selenium.remote.service.DriverCommandExecutor.execute(DriverCommandExecutor.java:83)
at org.openqa.selenium.remote.RemoteWebDriver.execute(RemoteWebDriver.java:552)
at org.openqa.selenium.remote.RemoteWebDriver.findElement(RemoteWebDriver.java:323)
at org.openqa.selenium.remote.RemoteWebDriver.findElementByXPath(RemoteWebDriver.java:428)
at org.openqa.selenium.By$ByXPath.findElement(By.java:353)
at org.openqa.selenium.remote.RemoteWebDriver.findElement(RemoteWebDriver.java:315)
at Test.Ancera.Administration.AgreementManagement.AssignSelection(AgreementManagement.java:602)
at sun.reflect.NativeMethodAccessorImpl.invoke0(Native Method)
at sun.reflect.NativeMethodAccessorImpl.invoke(NativeMethodAccessorImpl.java:62)
at sun.reflect.DelegatingMethodAccessorImpl.invoke(DelegatingMethodAccessorImpl.java:43)
at java.lang.reflect.Method.invoke(Method.java:498)
at org.testng.internal.MethodInvocationHelper.invokeMethod(MethodInvocationHelper.java:135)
at org.testng.internal.TestInvoker.invokeMethod(TestInvoker.java:598)
at org.testng.internal.TestInvoker.invokeTestMethod(TestInvoker.java:174)
at org.testng.internal.MethodRunner.runInSequence(MethodRunner.java:46)
at org.testng.internal.TestInvoker$MethodInvocationAgent.invoke(TestInvoker.java:821)
at org.testng.internal.TestInvoker.invokeTestMethods(TestInvoker.java:147)
at org.testng.internal.TestMethodWorker.invokeTestMethods(TestMethodWorker.java:146)
at org.testng.internal.TestMethodWorker.run(TestMethodWorker.java:128)
at java.util.ArrayList.forEach(ArrayList.java:1257)
at org.testng.TestRunner.privateRun(TestRunner.java:767)
at org.testng.TestRunner.run(TestRunner.java:588)
at org.testng.SuiteRunner.runTest(SuiteRunner.java:384)
at org.testng.SuiteRunner.runSequentially(SuiteRunner.java:378)
at org.testng.SuiteRunner.privateRun(SuiteRunner.java:337)
at org.testng.SuiteRunner.run(SuiteRunner.java:286)
at org.testng.SuiteRunnerWorker.runSuite(SuiteRunnerWorker.java:53)
at org.testng.SuiteRunnerWorker.run(SuiteRunnerWorker.java:96)
at org.testng.TestNG.runSuitesSequentially(TestNG.java:1214)
at org.testng.TestNG.runSuitesLocally(TestNG.java:1136)
at org.testng.TestNG.runSuites(TestNG.java:1066)
at org.testng.TestNG.run(TestNG.java:1034)
at org.testng.remote.AbstractRemoteTestNG.run(AbstractRemoteTestNG.java:115)
at org.testng.remote.RemoteTestNG.initAndRun(RemoteTestNG.java:251)
at org.testng.remote.RemoteTestNG.main(RemoteTestNG.java:77)
]]>
    </error>
  </testcase> <!-- AssignSelection -->
  <system-out/>
  <testcase name="VerifyReactivateFile" classname="Test.Ancera.Administration.AgreementManagement">
    <skipped/>
  </testcase> <!-- VerifyReactivateFile -->
  <system-out/>
  <testcase name="LicenseUpload" classname="Test.Ancera.Administration.AgreementManagement">
    <skipped/>
  </testcase> <!-- LicenseUpload -->
  <system-out/>
  <testcase name="ReactivateFile" classname="Test.Ancera.Administration.AgreementManagement">
    <skipped/>
  </testcase> <!-- ReactivateFile -->
  <system-out/>
  <testcase name="ViewFile" classname="Test.Ancera.Administration.AgreementManagement">
    <skipped/>
  </testcase> <!-- ViewFile -->
  <system-out/>
  <testcase name="VerifyUploadFile" classname="Test.Ancera.Administration.AgreementManagement">
    <skipped/>
  </testcase> <!-- VerifyUploadFile -->
  <system-out/>
  <testcase name="User" classname="Test.Ancera.Administration.AgreementManagement">
    <skipped/>
  </testcase> <!-- User -->
  <system-out/>
  <testcase name="Organization" classname="Test.Ancera.Administration.AgreementManagement">
    <skipped/>
  </testcase> <!-- Organization -->
  <system-out/>
  <testcase name="DeleteFromFile" classname="Test.Ancera.Administration.AgreementManagement">
    <skipped/>
  </testcase> <!-- DeleteFromFile -->
  <system-out/>
  <testcase name="VerifyDeactivateFile" classname="Test.Ancera.Administration.AgreementManagement">
    <skipped/>
  </testcase> <!-- VerifyDeactivateFile -->
  <system-out/>
  <testcase name="InvalidSelection" classname="Test.Ancera.Administration.AgreementManagement">
    <skipped/>
  </testcase> <!-- InvalidSelection -->
  <system-out/>
  <testcase name="DeactivateFile" classname="Test.Ancera.Administration.AgreementManagement">
    <skipped/>
  </testcase> <!-- DeactivateFile -->
  <system-out/>
  <testcase name="SearchUser" classname="Test.Ancera.Administration.AgreementManagement">
    <skipped/>
  </testcase> <!-- SearchUser -->
  <system-out/>
  <testcase name="DeleteFromGrid" classname="Test.Ancera.Administration.AgreementManagement">
    <skipped/>
  </testcase> <!-- DeleteFromGrid -->
  <system-out/>
  <testcase name="RenameFile" classname="Test.Ancera.Administration.AgreementManagement">
    <skipped/>
  </testcase> <!-- RenameFile -->
  <system-out/>
</testsuite> <!-- Test.Ancera.Administration.AgreementManagement -->
