<?xml version="1.0" encoding="UTF-8"?>
<!-- Generated by org.testng.reporters.JUnitReportReporter -->
<testsuite hostname="DESKTOP-K0SFL7M" failures="0" tests="3" name="Test.Ancera.Login.TestLogin" time="29.845" errors="0" timestamp="2022-06-03T18:24:05 PKT" skipped="0">
  <testcase classname="Test.Ancera.Login.TestLogin" name="login" time="23.297"/>
  <system-out/>
  <testcase classname="Test.Ancera.Login.TestLogin" name="logout" time="4.034"/>
  <system-out/>
  <testcase classname="Test.Ancera.Login.TestLogin" name="verifyLogout" time="2.514"/>
  <system-out/>
</testsuite> <!-- Test.Ancera.Login.TestLogin -->
