<?xml version="1.0" encoding="UTF-8"?>
<!-- Generated by org.testng.reporters.JUnitReportReporter -->
<testsuite hostname="DESKTOP-K0SFL7M" failures="0" tests="3" name="Test.Ancera.Login.TestLogin" time="25.489" errors="0" timestamp="2022-01-28T12:04:51 PKT" skipped="0">
  <testcase classname="Test.Ancera.Login.TestLogin" name="login" time="20.807"/>
  <system-out/>
  <testcase classname="Test.Ancera.Login.TestLogin" name="logout" time="2.411"/>
  <system-out/>
  <testcase classname="Test.Ancera.Login.TestLogin" name="VerifyLogout" time="2.271"/>
  <system-out/>
</testsuite> <!-- Test.Ancera.Login.TestLogin -->
