<?xml version="1.0" encoding="UTF-8"?>
<!-- Generated by org.testng.reporters.JUnitReportReporter -->
<testsuite hostname="DESKTOP-K0SFL7M" failures="0" tests="13" name="Test.Ancera.MetaData.PoultryManagement" time="130.703" errors="0" timestamp="2022-07-26T10:55:07 PKT" skipped="1">
  <testcase classname="Test.Ancera.MetaData.PoultryManagement" name="NavigatePoultryManagement" time="15.262"/>
  <system-out/>
  <testcase classname="Test.Ancera.MetaData.PoultryManagement" name="VerifyTableContent" time="1.526"/>
  <system-out/>
  <testcase classname="Test.Ancera.MetaData.PoultryManagement" name="CreateFeed" time="28.232"/>
  <system-out/>
  <testcase classname="Test.Ancera.MetaData.PoultryManagement" name="HeartbeatFeed" time="0.426"/>
  <system-out/>
  <testcase classname="Test.Ancera.MetaData.PoultryManagement" name="EndIconFeed" time="0.441"/>
  <system-out/>
  <testcase classname="Test.Ancera.MetaData.PoultryManagement" name="UpdateFeed" time="7.379"/>
  <system-out/>
  <testcase classname="Test.Ancera.MetaData.PoultryManagement" name="CreateTreatment" time="44.076"/>
  <system-out/>
  <testcase classname="Test.Ancera.MetaData.PoultryManagement" name="HeartbeatTreatment" time="0.388"/>
  <system-out/>
  <testcase classname="Test.Ancera.MetaData.PoultryManagement" name="UpdateTreatment" time="13.263"/>
  <system-out/>
  <testcase classname="Test.Ancera.MetaData.PoultryManagement" name="VerifyFilter" time="2.009"/>
  <system-out/>
  <testcase classname="Test.Ancera.MetaData.PoultryManagement" name="DeleteTreatment" time="9.310"/>
  <system-out/>
  <testcase classname="Test.Ancera.MetaData.PoultryManagement" name="DeleteFeed" time="8.391"/>
  <system-out/>
  <testcase classname="Test.Ancera.MetaData.PoultryManagement" name="CreateVaccine">
    <skipped/>
  </testcase> <!-- CreateVaccine -->
  <system-out/>
</testsuite> <!-- Test.Ancera.MetaData.PoultryManagement -->
