<?xml version="1.0" encoding="UTF-8"?>
<!-- Generated by org.testng.reporters.JUnitReportReporter -->
<testsuite hostname="DESKTOP-K0SFL7M" failures="0" tests="7" name="Test.Ancera.Administration.AccessManagement" time="137.528" errors="0" timestamp="2021-06-07T10:42:20 PKT" skipped="0">
  <testcase classname="Test.Ancera.Administration.AccessManagement" name="NavigateAM" time="9.021"/>
  <system-out/>
  <testcase classname="Test.Ancera.Administration.AccessManagement" name="CreateAccess" time="16.817"/>
  <system-out/>
  <testcase classname="Test.Ancera.Administration.AccessManagement" name="UpdateRole" time="24.757"/>
  <system-out/>
  <testcase classname="Test.Ancera.Administration.AccessManagement" name="VerifyUpdateRole" time="23.633"/>
  <system-out/>
  <testcase classname="Test.Ancera.Administration.AccessManagement" name="InActivateRole" time="6.698"/>
  <system-out/>
  <testcase classname="Test.Ancera.Administration.AccessManagement" name="EditRightsScreen" time="32.332"/>
  <system-out/>
  <testcase classname="Test.Ancera.Administration.AccessManagement" name="RoleAssignScreen" time="24.270"/>
  <system-out/>
</testsuite> <!-- Test.Ancera.Administration.AccessManagement -->
