<?xml version="1.0" encoding="UTF-8"?>
<!-- Generated by org.testng.reporters.JUnitReportReporter -->
<testsuite hostname="DESKTOP-K0SFL7M" failures="0" tests="11" name="PiperAdminstration.Piper_Configuration" time="219.297" errors="0" timestamp="2022-06-09T10:44:29 PKT" skipped="0">
  <testcase classname="PiperAdminstration.Piper_Configuration" name="NavigatePiperConfig" time="5.613"/>
  <system-out/>
  <testcase classname="PiperAdminstration.Piper_Configuration" name="CreatePiperConfigSalm" time="21.832"/>
  <system-out/>
  <testcase classname="PiperAdminstration.Piper_Configuration" name="CreatePiperConfigCocci" time="18.196"/>
  <system-out/>
  <testcase classname="PiperAdminstration.Piper_Configuration" name="UpdatePiperConfig" time="61.172"/>
  <system-out/>
  <testcase classname="PiperAdminstration.Piper_Configuration" name="DeletePiperConfig" time="5.882"/>
  <system-out/>
  <testcase classname="PiperAdminstration.Piper_Configuration" name="DeletePiperConfigCocci" time="11.289"/>
  <system-out/>
  <testcase classname="PiperAdminstration.Piper_Configuration" name="PAConnfigImprocCheck" time="18.319"/>
  <system-out/>
  <testcase classname="PiperAdminstration.Piper_Configuration" name="CreatePAConfigSalm" time="35.214"/>
  <system-out/>
  <testcase classname="PiperAdminstration.Piper_Configuration" name="DeletePAConfigSalm" time="4.538"/>
  <system-out/>
  <testcase classname="PiperAdminstration.Piper_Configuration" name="CreatePAConfigList" time="27.915"/>
  <system-out/>
  <testcase classname="PiperAdminstration.Piper_Configuration" name="DeletePAConfigList" time="9.327"/>
  <system-out/>
</testsuite> <!-- PiperAdminstration.Piper_Configuration -->
