<?xml version="1.0" encoding="UTF-8"?>
<!-- Generated by org.testng.reporters.JUnitReportReporter -->
<testsuite hostname="DESKTOP-K0SFL7M" failures="0" tests="3" name="Test.Ancera.Login.TestLogin" time="42.534" errors="0" timestamp="2021-06-07T10:27:30 PKT" skipped="0">
  <testcase classname="Test.Ancera.Login.TestLogin" name="login" time="36.215"/>
  <system-out/>
  <testcase classname="Test.Ancera.Login.TestLogin" name="logout" time="3.216"/>
  <system-out/>
  <testcase classname="Test.Ancera.Login.TestLogin" name="VerifyLogout" time="3.103"/>
  <system-out/>
</testsuite> <!-- Test.Ancera.Login.TestLogin -->
