<?xml version="1.0" encoding="UTF-8"?>
<!-- Generated by org.testng.reporters.JUnitReportReporter -->
<testsuite hostname="APL-LHR-JA0201" failures="0" tests="38" name="Test.Ancera.Administration.OrganizationManagement" time="1018.656" errors="0" timestamp="2022-09-21T14:06:14 PKT" skipped="1">
  <testcase classname="Test.Ancera.Administration.OrganizationManagement" name="Navigate" time="7.999"/>
  <system-out/>
  <testcase classname="Test.Ancera.Administration.OrganizationManagement" name="LockFilter" time="87.604"/>
  <system-out/>
  <testcase classname="Test.Ancera.Administration.OrganizationManagement" name="WildcardOrg" time="102.059"/>
  <system-out/>
  <testcase classname="Test.Ancera.Administration.OrganizationManagement" name="sorting" time="29.928"/>
  <system-out/>
  <testcase classname="Test.Ancera.Administration.OrganizationManagement" name="OpenClosePopup" time="11.526"/>
  <system-out/>
  <testcase classname="Test.Ancera.Administration.OrganizationManagement" name="ResetButton" time="1.182"/>
  <system-out/>
  <testcase classname="Test.Ancera.Administration.OrganizationManagement" name="testInvalidEmail" time="1.717"/>
  <system-out/>
  <testcase classname="Test.Ancera.Administration.OrganizationManagement" name="CreateOrganization" time="21.624"/>
  <system-out/>
  <testcase classname="Test.Ancera.Administration.OrganizationManagement" name="UpdateOrganization" time="18.952"/>
  <system-out/>
  <testcase classname="Test.Ancera.Administration.OrganizationManagement" name="VerifyUpdateOrganization" time="3.061"/>
  <system-out/>
  <testcase classname="Test.Ancera.Administration.OrganizationManagement" name="OrganizationSitesHierarchyCheck" time="78.456"/>
  <system-out/>
  <testcase classname="Test.Ancera.Administration.OrganizationManagement" name="OrganizationSiteMandatoryCheck" time="10.310"/>
  <system-out/>
  <testcase classname="Test.Ancera.Administration.OrganizationManagement" name="SiteResetButton" time="1.559"/>
  <system-out/>
  <testcase classname="Test.Ancera.Administration.OrganizationManagement" name="CreateOrganizationSite" time="23.126"/>
  <system-out/>
  <testcase classname="Test.Ancera.Administration.OrganizationManagement" name="UpdateOrganizationSites" time="18.150"/>
  <system-out/>
  <testcase classname="Test.Ancera.Administration.OrganizationManagement" name="VerifyUpdateOrganizationSites" time="13.082"/>
  <system-out/>
  <testcase classname="Test.Ancera.Administration.OrganizationManagement" name="DeleteOrganizationSites" time="5.965"/>
  <system-out/>
  <testcase classname="Test.Ancera.Administration.OrganizationManagement" name="BulkUploadEmpty" time="13.254"/>
  <system-out/>
  <testcase classname="Test.Ancera.Administration.OrganizationManagement" name="BulkUpload" time="217.002"/>
  <system-out/>
  <testcase classname="Test.Ancera.Administration.OrganizationManagement" name="InActiveOrganization" time="16.151"/>
  <system-out/>
  <testcase classname="Test.Ancera.Administration.OrganizationManagement" name="VerifyInActiveOrganization" time="23.829"/>
  <system-out/>
  <testcase classname="Test.Ancera.Administration.OrganizationManagement" name="DeleteOrganization" time="62.457"/>
  <system-out/>
  <testcase classname="Test.Ancera.Administration.OrganizationManagement" name="CreateAlliedPartnerOrganization" time="23.201"/>
  <system-out/>
  <testcase classname="Test.Ancera.Administration.OrganizationManagement" name="AddProductsAlliedPartnerOrganization" time="4.616"/>
  <system-out/>
  <testcase classname="Test.Ancera.Administration.OrganizationManagement" name="VerifyProductInCompanyProductsScreen" time="7.664"/>
  <system-out/>
  <testcase classname="Test.Ancera.Administration.OrganizationManagement" name="AddProductInCompanyProductsScreen" time="3.911"/>
  <system-out/>
  <testcase classname="Test.Ancera.Administration.OrganizationManagement" name="VerifyProductInOrganizationScreen" time="10.579"/>
  <system-out/>
  <testcase classname="Test.Ancera.Administration.OrganizationManagement" name="DeleteProductsAlliedPartnerOrganization" time="5.471"/>
  <system-out/>
  <testcase classname="Test.Ancera.Administration.OrganizationManagement" name="EditProductInCompanyProductsScreen" time="9.930"/>
  <system-out/>
  <testcase classname="Test.Ancera.Administration.OrganizationManagement" name="DeleteProductInCompanyProductsScreen" time="2.128"/>
  <system-out/>
  <testcase classname="Test.Ancera.Administration.OrganizationManagement" name="DeleteAlliedOrganization" time="16.735"/>
  <system-out/>
  <testcase classname="Test.Ancera.Administration.OrganizationManagement" name="TestFilterCompanyProducts" time="13.371"/>
  <system-out/>
  <testcase classname="Test.Ancera.Administration.OrganizationManagement" name="WildcardCP" time="51.341"/>
  <system-out/>
  <testcase classname="Test.Ancera.Administration.OrganizationManagement" name="sortingCP" time="19.364"/>
  <system-out/>
  <testcase classname="Test.Ancera.Administration.OrganizationManagement" name="PaginationCP" time="12.665"/>
  <system-out/>
  <testcase classname="Test.Ancera.Administration.OrganizationManagement" name="RowsPerPageCP" time="34.216"/>
  <system-out/>
  <testcase classname="Test.Ancera.Administration.OrganizationManagement" name="ExportCSV" time="34.471"/>
  <system-out/>
  <testcase classname="Test.Ancera.Administration.OrganizationManagement" name="AssignAgreement">
    <skipped/>
  </testcase> <!-- AssignAgreement -->
  <system-out/>
</testsuite> <!-- Test.Ancera.Administration.OrganizationManagement -->
