<?xml version="1.0" encoding="UTF-8"?>
<!-- Generated by org.testng.reporters.JUnitReportReporter -->
<testsuite skipped="1" hostname="LAPTOP-O6K4VQH7" name="Test.Ancera.Profile.ProfileSetting" tests="3" failures="0" timestamp="2021-01-28T12:38:11 PKT" time="385.923" errors="0">
  <testcase name="NavigateProfile" time="349.141" classname="Test.Ancera.Profile.ProfileSetting"/>
  <system-out/>
  <testcase name="ExitProfile" time="36.782" classname="Test.Ancera.Profile.ProfileSetting"/>
  <system-out/>
  <testcase name="ValidationCheck" classname="Test.Ancera.Profile.ProfileSetting">
    <skipped/>
  </testcase> <!-- ValidationCheck -->
  <system-out/>
</testsuite> <!-- Test.Ancera.Profile.ProfileSetting -->
