<?xml version="1.0" encoding="UTF-8"?>
<!-- Generated by org.testng.reporters.JUnitReportReporter -->
<testsuite hostname="DESKTOP-K0SFL7M" failures="0" tests="3" name="PiperAdminstration.PiperManagement" time="54.381" errors="0" timestamp="2021-09-17T17:33:59 PKT" skipped="0">
  <testcase classname="PiperAdminstration.PiperManagement" name="NavigatePM" time="6.649"/>
  <system-out/>
  <testcase classname="PiperAdminstration.PiperManagement" name="AlertSetting" time="42.350"/>
  <system-out/>
  <testcase classname="PiperAdminstration.PiperManagement" name="BasicScenarios" time="5.382"/>
  <system-out/>
</testsuite> <!-- PiperAdminstration.PiperManagement -->
