<?xml version="1.0" encoding="UTF-8"?>
<!-- Generated by org.testng.reporters.JUnitReportReporter -->
<testsuite hostname="DESKTOP-K0SFL7M" failures="0" tests="7" name="Test.Ancera.MetaData.DataUpload" time="289.504" errors="0" timestamp="2021-10-07T12:34:27 PKT" skipped="2">
  <testcase classname="Test.Ancera.MetaData.DataUpload" name="NavigateDataUpload" time="4.072"/>
  <system-out/>
  <testcase classname="Test.Ancera.MetaData.DataUpload" name="FlockMetadata" time="109.386"/>
  <system-out/>
  <testcase classname="Test.Ancera.MetaData.DataUpload" name="SitePerformance" time="58.892"/>
  <system-out/>
  <testcase classname="Test.Ancera.MetaData.DataUpload" name="SampleMetaData" time="46.862"/>
  <system-out/>
  <testcase classname="Test.Ancera.MetaData.DataUpload" name="saveTemplates" time="70.292"/>
  <system-out/>
  <testcase classname="Test.Ancera.MetaData.DataUpload" name="ClientList">
    <skipped/>
  </testcase> <!-- ClientList -->
  <system-out/>
  <testcase classname="Test.Ancera.MetaData.DataUpload" name="ClientListRemove">
    <skipped/>
  </testcase> <!-- ClientListRemove -->
  <system-out/>
</testsuite> <!-- Test.Ancera.MetaData.DataUpload -->
