<?xml version="1.0" encoding="UTF-8"?>
<!-- Generated by org.testng.reporters.JUnitReportReporter -->
<testsuite hostname="DESKTOP-K0SFL7M" failures="0" tests="2" name="Test.Ancera.Reports.InstallationRun" time="1881.090" errors="0" timestamp="2021-07-20T01:48:35 PKT" skipped="1">
  <testcase classname="Test.Ancera.Reports.InstallationRun" name="installationRunConfigCoccidia" time="1881.090"/>
  <system-out/>
  <testcase classname="Test.Ancera.Reports.InstallationRun" name="installationRunConfigSalmonella">
    <skipped/>
  </testcase> <!-- installationRunConfigSalmonella -->
  <system-out/>
</testsuite> <!-- Test.Ancera.Reports.InstallationRun -->
