<?xml version="1.0" encoding="UTF-8"?>
<!-- Generated by org.testng.reporters.JUnitReportReporter -->
<testsuite hostname="APL-LHR-JA0201" failures="0" tests="24" name="Test.Ancera.Administration.UserManagement" time="1005.963" errors="2" timestamp="2022-09-28T15:57:48 PKT" skipped="3">
  <testcase classname="Test.Ancera.Administration.UserManagement" name="LockFilter" time="82.162">
    <error message="org.openqa.selenium.ElementClickInterceptedException: element click intercepted: Element &lt;span _ngcontent-ciq-c4=&quot;&quot; class=&quot;log-header__filter-icon enableWhiteListing ng-star-inserted&quot; id=&quot;roleCategoryName_show-filter&quot;&gt;...&lt;/span&gt; is not clickable at point (1505, 252). Other element would receive the click: &lt;div _ngcontent-ciq-c4=&quot;&quot; class=&quot;d-flex align-center-center&quot;&gt;...&lt;/div&gt;
  (Session info: chrome=105.0.5195.125)
Build info: version: &#039;4.1.2&#039;, revision: &#039;9a5a329c5a&#039;
System info: host: &#039;APL-LHR-JA0201&#039;, ip: &#039;192.168.56.1&#039;, os.name: &#039;Windows 10&#039;, os.arch: &#039;amd64&#039;, os.version: &#039;10.0&#039;, java.version: &#039;15.0.2&#039;
Driver info: org.openqa.selenium.chrome.ChromeDriver
Command: [efaa9b6057be1890993b6969efb89abc, clickElement {id=2b2b095a-2465-4898-9415-14ce21d1149c}]
Capabilities {acceptInsecureCerts: false, browserName: chrome, browserVersion: 105.0.5195.125, chrome: {chromedriverVersion: 105.0.5195.52 (412c95e51883..., userDataDir: C:\Users\JUNAID~1.ALA\AppDa...}, goog:chromeOptions: {debuggerAddress: localhost:62322}, javascriptEnabled: true, networkConnectionEnabled: false, pageLoadStrategy: normal, platform: WINDOWS, platformName: WINDOWS, proxy: Proxy(), se:cdp: ws://localhost:62322/devtoo..., se:cdpVersion: 105.0.5195.125, setWindowRect: true, strictFileInteractability: false, timeouts: {implicit: 0, pageLoad: 300000, script: 30000}, unhandledPromptBehavior: dismiss and notify, webauthn:extension:credBlob: true, webauthn:extension:largeBlob: true, webauthn:virtualAuthenticators: true}
Element: [[ChromeDriver: chrome on WINDOWS (efaa9b6057be1890993b6969efb89abc)] -&gt; css selector: #manage-user th:nth-child(10)  .log-header__filter-icon]
Session ID: efaa9b6057be1890993b6969efb89abc" type="java.lang.Exception">
      <![CDATA[java.lang.Exception: org.openqa.selenium.ElementClickInterceptedException: element click intercepted: Element <span _ngcontent-ciq-c4="" class="log-header__filter-icon enableWhiteListing ng-star-inserted" id="roleCategoryName_show-filter">...</span> is not clickable at point (1505, 252). Other element would receive the click: <div _ngcontent-ciq-c4="" class="d-flex align-center-center">...</div>
  (Session info: chrome=105.0.5195.125)
Build info: version: '4.1.2', revision: '9a5a329c5a'
System info: host: 'APL-LHR-JA0201', ip: '192.168.56.1', os.name: 'Windows 10', os.arch: 'amd64', os.version: '10.0', java.version: '15.0.2'
Driver info: org.openqa.selenium.chrome.ChromeDriver
Command: [efaa9b6057be1890993b6969efb89abc, clickElement {id=2b2b095a-2465-4898-9415-14ce21d1149c}]
Capabilities {acceptInsecureCerts: false, browserName: chrome, browserVersion: 105.0.5195.125, chrome: {chromedriverVersion: 105.0.5195.52 (412c95e51883..., userDataDir: C:\Users\JUNAID~1.ALA\AppDa...}, goog:chromeOptions: {debuggerAddress: localhost:62322}, javascriptEnabled: true, networkConnectionEnabled: false, pageLoadStrategy: normal, platform: WINDOWS, platformName: WINDOWS, proxy: Proxy(), se:cdp: ws://localhost:62322/devtoo..., se:cdpVersion: 105.0.5195.125, setWindowRect: true, strictFileInteractability: false, timeouts: {implicit: 0, pageLoad: 300000, script: 30000}, unhandledPromptBehavior: dismiss and notify, webauthn:extension:credBlob: true, webauthn:extension:largeBlob: true, webauthn:virtualAuthenticators: true}
Element: [[ChromeDriver: chrome on WINDOWS (efaa9b6057be1890993b6969efb89abc)] -> css selector: #manage-user th:nth-child(10)  .log-header__filter-icon]
Session ID: efaa9b6057be1890993b6969efb89abc
at Test.Ancera.Test_Functions.Lock(Test_Functions.java:192)
at Test.Ancera.Administration.UserManagement.LockFilter(UserManagement.java:52)
at java.base/jdk.internal.reflect.NativeMethodAccessorImpl.invoke0(Native Method)
at java.base/jdk.internal.reflect.NativeMethodAccessorImpl.invoke(NativeMethodAccessorImpl.java:64)
at java.base/jdk.internal.reflect.DelegatingMethodAccessorImpl.invoke(DelegatingMethodAccessorImpl.java:43)
at java.base/java.lang.reflect.Method.invoke(Method.java:564)
at org.testng.internal.MethodInvocationHelper.invokeMethod(MethodInvocationHelper.java:132)
at org.testng.internal.TestInvoker.invokeMethod(TestInvoker.java:599)
at org.testng.internal.TestInvoker.invokeTestMethod(TestInvoker.java:174)
at org.testng.internal.MethodRunner.runInSequence(MethodRunner.java:46)
at org.testng.internal.TestInvoker$MethodInvocationAgent.invoke(TestInvoker.java:822)
at org.testng.internal.TestInvoker.invokeTestMethods(TestInvoker.java:147)
at org.testng.internal.TestMethodWorker.invokeTestMethods(TestMethodWorker.java:146)
at org.testng.internal.TestMethodWorker.run(TestMethodWorker.java:128)
at java.base/java.util.ArrayList.forEach(ArrayList.java:1511)
at org.testng.TestRunner.privateRun(TestRunner.java:764)
at org.testng.TestRunner.run(TestRunner.java:585)
at org.testng.SuiteRunner.runTest(SuiteRunner.java:384)
at org.testng.SuiteRunner.runSequentially(SuiteRunner.java:378)
at org.testng.SuiteRunner.privateRun(SuiteRunner.java:337)
at org.testng.SuiteRunner.run(SuiteRunner.java:286)
at org.testng.SuiteRunnerWorker.runSuite(SuiteRunnerWorker.java:53)
at org.testng.SuiteRunnerWorker.run(SuiteRunnerWorker.java:96)
at org.testng.TestNG.runSuitesSequentially(TestNG.java:1218)
at org.testng.TestNG.runSuitesLocally(TestNG.java:1140)
at org.testng.TestNG.runSuites(TestNG.java:1069)
at org.testng.TestNG.run(TestNG.java:1037)
at org.testng.remote.AbstractRemoteTestNG.run(AbstractRemoteTestNG.java:115)
at org.testng.remote.RemoteTestNG.initAndRun(RemoteTestNG.java:251)
at org.testng.remote.RemoteTestNG.main(RemoteTestNG.java:77)
Caused by: org.openqa.selenium.ElementClickInterceptedException: element click intercepted: Element <span _ngcontent-ciq-c4="" class="log-header__filter-icon enableWhiteListing ng-star-inserted" id="roleCategoryName_show-filter">...</span> is not clickable at point (1505, 252). Other element would receive the click: <div _ngcontent-ciq-c4="" class="d-flex align-center-center">...</div>
  (Session info: chrome=105.0.5195.125)
Build info: version: '4.1.2', revision: '9a5a329c5a'
System info: host: 'APL-LHR-JA0201', ip: '192.168.56.1', os.name: 'Windows 10', os.arch: 'amd64', os.version: '10.0', java.version: '15.0.2'
Driver info: org.openqa.selenium.chrome.ChromeDriver
Command: [efaa9b6057be1890993b6969efb89abc, clickElement {id=2b2b095a-2465-4898-9415-14ce21d1149c}]
Capabilities {acceptInsecureCerts: false, browserName: chrome, browserVersion: 105.0.5195.125, chrome: {chromedriverVersion: 105.0.5195.52 (412c95e51883..., userDataDir: C:\Users\JUNAID~1.ALA\AppDa...}, goog:chromeOptions: {debuggerAddress: localhost:62322}, javascriptEnabled: true, networkConnectionEnabled: false, pageLoadStrategy: normal, platform: WINDOWS, platformName: WINDOWS, proxy: Proxy(), se:cdp: ws://localhost:62322/devtoo..., se:cdpVersion: 105.0.5195.125, setWindowRect: true, strictFileInteractability: false, timeouts: {implicit: 0, pageLoad: 300000, script: 30000}, unhandledPromptBehavior: dismiss and notify, webauthn:extension:credBlob: true, webauthn:extension:largeBlob: true, webauthn:virtualAuthenticators: true}
Element: [[ChromeDriver: chrome on WINDOWS (efaa9b6057be1890993b6969efb89abc)] -> css selector: #manage-user th:nth-child(10)  .log-header__filter-icon]
Session ID: efaa9b6057be1890993b6969efb89abc
at java.base/jdk.internal.reflect.NativeConstructorAccessorImpl.newInstance0(Native Method)
at java.base/jdk.internal.reflect.NativeConstructorAccessorImpl.newInstance(NativeConstructorAccessorImpl.java:64)
at java.base/jdk.internal.reflect.DelegatingConstructorAccessorImpl.newInstance(DelegatingConstructorAccessorImpl.java:45)
at java.base/java.lang.reflect.Constructor.newInstanceWithCaller(Constructor.java:500)
at java.base/java.lang.reflect.Constructor.newInstance(Constructor.java:481)
at org.openqa.selenium.remote.codec.w3c.W3CHttpResponseCodec.createException(W3CHttpResponseCodec.java:200)
at org.openqa.selenium.remote.codec.w3c.W3CHttpResponseCodec.decode(W3CHttpResponseCodec.java:133)
at org.openqa.selenium.remote.codec.w3c.W3CHttpResponseCodec.decode(W3CHttpResponseCodec.java:53)
at org.openqa.selenium.remote.HttpCommandExecutor.execute(HttpCommandExecutor.java:184)
at org.openqa.selenium.remote.service.DriverCommandExecutor.invokeExecute(DriverCommandExecutor.java:167)
at org.openqa.selenium.remote.service.DriverCommandExecutor.execute(DriverCommandExecutor.java:142)
at org.openqa.selenium.remote.RemoteWebDriver.execute(RemoteWebDriver.java:558)
at org.openqa.selenium.remote.RemoteWebElement.execute(RemoteWebElement.java:251)
at org.openqa.selenium.remote.RemoteWebElement.click(RemoteWebElement.java:77)
at Test.Ancera.Test_Functions.Lock(Test_Functions.java:121)
... 29 more
]]>
    </error>
  </testcase> <!-- LockFilter -->
  <system-out/>
  <testcase classname="Test.Ancera.Administration.UserManagement" name="WildcardUser" time="154.464"/>
  <system-out/>
  <testcase classname="Test.Ancera.Administration.UserManagement" name="sorting" time="82.872"/>
  <system-out/>
  <testcase classname="Test.Ancera.Administration.UserManagement" name="pagination" time="12.628"/>
  <system-out/>
  <testcase classname="Test.Ancera.Administration.UserManagement" name="rowsperPage" time="39.357"/>
  <system-out/>
  <testcase classname="Test.Ancera.Administration.UserManagement" name="ExportCSV" time="11.842"/>
  <system-out/>
  <testcase classname="Test.Ancera.Administration.UserManagement" name="OpenClosePopup" time="17.767"/>
  <system-out/>
  <testcase classname="Test.Ancera.Administration.UserManagement" name="CreateUser" time="38.879"/>
  <system-out/>
  <testcase classname="Test.Ancera.Administration.UserManagement" name="VerifyEmail" time="167.705">
    <skipped/>
  </testcase> <!-- VerifyEmail -->
  <system-out/>
  <testcase classname="Test.Ancera.Administration.UserManagement" name="VerifyEmail" time="38.533"/>
  <system-out/>
  <testcase classname="Test.Ancera.Administration.UserManagement" name="ResetPassword" time="10.638"/>
  <system-out/>
  <testcase classname="Test.Ancera.Administration.UserManagement" name="VerifyReportRole" time="55.057"/>
  <system-out/>
  <testcase classname="Test.Ancera.Administration.UserManagement" name="VerifyTestingSitesAccess" time="56.569"/>
  <system-out/>
  <testcase classname="Test.Ancera.Administration.UserManagement" name="VerifyCollectionSitesAccess" time="21.844"/>
  <system-out/>
  <testcase classname="Test.Ancera.Administration.UserManagement" name="UpdateUser" time="43.981"/>
  <system-out/>
  <testcase classname="Test.Ancera.Administration.UserManagement" name="EditAssignRolePopup" time="32.037">
    <error message="java.lang.AssertionError: expected [] but found [Customer Bacterial Log]" type="java.lang.Exception">
      <![CDATA[java.lang.Exception: java.lang.AssertionError: expected [] but found [Customer Bacterial Log]
at Test.Ancera.Administration.UserManagement.EditAssignRolePopup(UserManagement.java:597)
at java.base/jdk.internal.reflect.NativeMethodAccessorImpl.invoke0(Native Method)
at java.base/jdk.internal.reflect.NativeMethodAccessorImpl.invoke(NativeMethodAccessorImpl.java:64)
at java.base/jdk.internal.reflect.DelegatingMethodAccessorImpl.invoke(DelegatingMethodAccessorImpl.java:43)
at java.base/java.lang.reflect.Method.invoke(Method.java:564)
at org.testng.internal.MethodInvocationHelper.invokeMethod(MethodInvocationHelper.java:132)
at org.testng.internal.TestInvoker.invokeMethod(TestInvoker.java:599)
at org.testng.internal.TestInvoker.invokeTestMethod(TestInvoker.java:174)
at org.testng.internal.MethodRunner.runInSequence(MethodRunner.java:46)
at org.testng.internal.TestInvoker$MethodInvocationAgent.invoke(TestInvoker.java:822)
at org.testng.internal.TestInvoker.invokeTestMethods(TestInvoker.java:147)
at org.testng.internal.TestMethodWorker.invokeTestMethods(TestMethodWorker.java:146)
at org.testng.internal.TestMethodWorker.run(TestMethodWorker.java:128)
at java.base/java.util.ArrayList.forEach(ArrayList.java:1511)
at org.testng.TestRunner.privateRun(TestRunner.java:764)
at org.testng.TestRunner.run(TestRunner.java:585)
at org.testng.SuiteRunner.runTest(SuiteRunner.java:384)
at org.testng.SuiteRunner.runSequentially(SuiteRunner.java:378)
at org.testng.SuiteRunner.privateRun(SuiteRunner.java:337)
at org.testng.SuiteRunner.run(SuiteRunner.java:286)
at org.testng.SuiteRunnerWorker.runSuite(SuiteRunnerWorker.java:53)
at org.testng.SuiteRunnerWorker.run(SuiteRunnerWorker.java:96)
at org.testng.TestNG.runSuitesSequentially(TestNG.java:1218)
at org.testng.TestNG.runSuitesLocally(TestNG.java:1140)
at org.testng.TestNG.runSuites(TestNG.java:1069)
at org.testng.TestNG.run(TestNG.java:1037)
at org.testng.remote.AbstractRemoteTestNG.run(AbstractRemoteTestNG.java:115)
at org.testng.remote.RemoteTestNG.initAndRun(RemoteTestNG.java:251)
at org.testng.remote.RemoteTestNG.main(RemoteTestNG.java:77)
Caused by: java.lang.AssertionError: expected [] but found [Customer Bacterial Log]
at org.testng.Assert.fail(Assert.java:99)
at org.testng.Assert.failNotEquals(Assert.java:1037)
at org.testng.Assert.assertEqualsImpl(Assert.java:140)
at org.testng.Assert.assertEquals(Assert.java:122)
at org.testng.Assert.assertEquals(Assert.java:629)
at org.testng.Assert.assertEquals(Assert.java:639)
at Test.Ancera.Administration.UserManagement.EditAssignRolePopup(UserManagement.java:587)
... 28 more
]]>
    </error>
  </testcase> <!-- EditAssignRolePopup -->
  <system-out/>
  <testcase classname="Test.Ancera.Administration.UserManagement" name="SiteAdminNewUserCreate" time="51.365"/>
  <system-out/>
  <testcase classname="Test.Ancera.Administration.UserManagement" name="SiteAdminSitesAssigned" time="34.518"/>
  <system-out/>
  <testcase classname="Test.Ancera.Administration.UserManagement" name="OrgTypeColumn" time="14.014"/>
  <system-out/>
  <testcase classname="Test.Ancera.Administration.UserManagement" name="ClientMappingSiteAdmin" time="6.713"/>
  <system-out/>
  <testcase classname="Test.Ancera.Administration.UserManagement" name="DataUploadSiteAdmin" time="4.868"/>
  <system-out/>
  <testcase classname="Test.Ancera.Administration.UserManagement" name="DeleteUser" time="28.150"/>
  <system-out/>
  <testcase classname="Test.Ancera.Administration.UserManagement" name="SiteAdminEditSites">
    <skipped/>
  </testcase> <!-- SiteAdminEditSites -->
  <system-out/>
  <testcase classname="Test.Ancera.Administration.UserManagement" name="AccessRoleCount">
    <skipped/>
  </testcase> <!-- AccessRoleCount -->
  <system-out/>
</testsuite> <!-- Test.Ancera.Administration.UserManagement -->
