<?xml version="1.0" encoding="UTF-8"?>
<!-- Generated by org.testng.reporters.JUnitReportReporter -->
<testsuite hostname="APL-LHR-JA0201" failures="0" tests="1" name="Test.Ancera.Reports.SalmonellaLog" time="26.857" errors="0" timestamp="2022-12-09T16:28:14 PKT" skipped="0">
  <testcase classname="Test.Ancera.Reports.SalmonellaLog" name="NavigateSalmonella1121" time="26.857"/>
  <system-out/>
</testsuite> <!-- Test.Ancera.Reports.SalmonellaLog -->
