<?xml version="1.0" encoding="UTF-8"?>
<!-- Generated by org.testng.reporters.JUnitReportReporter -->
<testsuite hostname="DESKTOP-K0SFL7M" failures="0" tests="3" name="PiperAdminstration.PiperSoftwareManagement" time="10.687" errors="0" timestamp="2021-08-03T10:52:28 PKT" skipped="1">
  <testcase classname="PiperAdminstration.PiperSoftwareManagement" name="NavigatePSM" time="5.943"/>
  <system-out/>
  <testcase classname="PiperAdminstration.PiperSoftwareManagement" name="FileUpload" time="4.744"/>
  <system-out/>
  <testcase classname="PiperAdminstration.PiperSoftwareManagement" name="InvalidFileUpload">
    <skipped/>
  </testcase> <!-- InvalidFileUpload -->
  <system-out/>
</testsuite> <!-- PiperAdminstration.PiperSoftwareManagement -->
