<?xml version="1.0" encoding="UTF-8"?>
<!-- Generated by org.testng.reporters.JUnitReportReporter -->
<testsuite hostname="DESKTOP-K0SFL7M" failures="0" tests="8" name="Test.Ancera.Administration.PreFlutterMobile" time="243.054" errors="0" timestamp="2022-06-23T16:19:29 PKT" skipped="6">
  <testcase classname="Test.Ancera.Administration.PreFlutterMobile" name="CreateFlock" time="29.777"/>
  <system-out/>
  <testcase classname="Test.Ancera.Administration.PreFlutterMobile" name="Ingestion" time="213.277"/>
  <system-out/>
  <testcase classname="Test.Ancera.Administration.PreFlutterMobile" name="OrganizationSitesHierarchyCheck">
    <skipped/>
  </testcase> <!-- OrganizationSitesHierarchyCheck -->
  <system-out/>
  <testcase classname="Test.Ancera.Administration.PreFlutterMobile" name="CreateOrg">
    <skipped/>
  </testcase> <!-- CreateOrg -->
  <system-out/>
  <testcase classname="Test.Ancera.Administration.PreFlutterMobile" name="VerifyTestingSitesAccess">
    <skipped/>
  </testcase> <!-- VerifyTestingSitesAccess -->
  <system-out/>
  <testcase classname="Test.Ancera.Administration.PreFlutterMobile" name="CreateProgramVaccine">
    <skipped/>
  </testcase> <!-- CreateProgramVaccine -->
  <system-out/>
  <testcase classname="Test.Ancera.Administration.PreFlutterMobile" name="CreateComplexConfig">
    <skipped/>
  </testcase> <!-- CreateComplexConfig -->
  <system-out/>
  <testcase classname="Test.Ancera.Administration.PreFlutterMobile" name="CreateProgramFeed">
    <skipped/>
  </testcase> <!-- CreateProgramFeed -->
  <system-out/>
</testsuite> <!-- Test.Ancera.Administration.PreFlutterMobile -->
