<?xml version="1.0" encoding="UTF-8"?>
<!-- Generated by org.testng.reporters.JUnitReportReporter -->
<testsuite hostname="DESKTOP-K0SFL7M" failures="0" tests="7" name="Test.Ancera.MetaData.DataUpload" time="55.998" errors="0" timestamp="2021-07-30T12:45:28 PKT" skipped="5">
  <testcase classname="Test.Ancera.MetaData.DataUpload" name="NavigateDataUpload" time="5.242"/>
  <system-out/>
  <testcase classname="Test.Ancera.MetaData.DataUpload" name="SitePerformance" time="50.756"/>
  <system-out/>
  <testcase classname="Test.Ancera.MetaData.DataUpload" name="SampleMetaData">
    <skipped/>
  </testcase> <!-- SampleMetaData -->
  <system-out/>
  <testcase classname="Test.Ancera.MetaData.DataUpload" name="ClientList">
    <skipped/>
  </testcase> <!-- ClientList -->
  <system-out/>
  <testcase classname="Test.Ancera.MetaData.DataUpload" name="ClientListRemove">
    <skipped/>
  </testcase> <!-- ClientListRemove -->
  <system-out/>
  <testcase classname="Test.Ancera.MetaData.DataUpload" name="saveTemplates">
    <skipped/>
  </testcase> <!-- saveTemplates -->
  <system-out/>
  <testcase classname="Test.Ancera.MetaData.DataUpload" name="FlockMetadata">
    <skipped/>
  </testcase> <!-- FlockMetadata -->
  <system-out/>
</testsuite> <!-- Test.Ancera.MetaData.DataUpload -->
