<?xml version="1.0" encoding="UTF-8"?>
<!-- Generated by org.testng.reporters.JUnitReportReporter -->
<testsuite hostname="APL-LHR-JA0201" failures="0" tests="1" name="Test.Ancera.Login.TestLogin" time="0.000" errors="0" timestamp="2022-12-14T11:45:26 PKT" skipped="1">
  <testcase classname="Test.Ancera.Login.TestLogin" name="TestLoginn" time="0.000">
    <skipped/>
  </testcase> <!-- TestLoginn -->
  <system-out/>
</testsuite> <!-- Test.Ancera.Login.TestLogin -->
