<?xml version="1.0" encoding="UTF-8"?>
<!-- Generated by org.testng.reporters.JUnitReportReporter -->
<testsuite hostname="DESKTOP-K0SFL7M" failures="0" tests="3" name="Test.Ancera.Login.ForgotPassword" time="72.165" errors="0" timestamp="2022-01-21T15:13:21 PKT" skipped="0">
  <testcase classname="Test.Ancera.Login.ForgotPassword" name="SendEmailLink" time="12.631"/>
  <system-out/>
  <testcase classname="Test.Ancera.Login.ForgotPassword" name="VerifyEmailReceived" time="40.887"/>
  <system-out/>
  <testcase classname="Test.Ancera.Login.ForgotPassword" name="VerifyLogin" time="18.647"/>
  <system-out/>
</testsuite> <!-- Test.Ancera.Login.ForgotPassword -->
