<?xml version="1.0" encoding="UTF-8"?>
<!-- Generated by org.testng.reporters.JUnitReportReporter -->
<testsuite skipped="1" hostname="LAPTOP-O6K4VQH7" name="Test.Ancera.Administration.ReportsManagement" tests="20" failures="0" timestamp="2021-01-04T16:33:09 PKT" time="372.794" errors="0">
  <testcase name="NavigateRM" time="20.292" classname="Test.Ancera.Administration.ReportsManagement"/>
  <system-out/>
  <testcase name="OpenPopup" time="4.474" classname="Test.Ancera.Administration.ReportsManagement"/>
  <system-out/>
  <testcase name="ResetFieldCheck" time="4.235" classname="Test.Ancera.Administration.ReportsManagement"/>
  <system-out/>
  <testcase name="MandatoryFieldCheck" time="28.286" classname="Test.Ancera.Administration.ReportsManagement"/>
  <system-out/>
  <testcase name="UpdateRole" time="24.893" classname="Test.Ancera.Administration.ReportsManagement"/>
  <system-out/>
  <testcase name="VerifyUpdateRole" time="19.129" classname="Test.Ancera.Administration.ReportsManagement"/>
  <system-out/>
  <testcase name="InActiveRole" time="7.437" classname="Test.Ancera.Administration.ReportsManagement"/>
  <system-out/>
  <testcase name="VerifyInActiveRoleUsers" time="34.597" classname="Test.Ancera.Administration.ReportsManagement"/>
  <system-out/>
  <testcase name="VerifyInActiveRoleOrg" time="35.766" classname="Test.Ancera.Administration.ReportsManagement"/>
  <system-out/>
  <testcase name="OpenReportGroupsPopup" time="24.526" classname="Test.Ancera.Administration.ReportsManagement"/>
  <system-out/>
  <testcase name="OpenReportDetails" time="2.901" classname="Test.Ancera.Administration.ReportsManagement"/>
  <system-out/>
  <testcase name="ResetGroupReportsFieldCheck" time="5.780" classname="Test.Ancera.Administration.ReportsManagement"/>
  <system-out/>
  <testcase name="MandatoryReportGroupFieldCheck" time="32.203" classname="Test.Ancera.Administration.ReportsManagement"/>
  <system-out/>
  <testcase name="UpdateReportDetails" time="14.775" classname="Test.Ancera.Administration.ReportsManagement"/>
  <system-out/>
  <testcase name="OpenEditRightsPopup" time="50.298" classname="Test.Ancera.Administration.ReportsManagement"/>
  <system-out/>
  <testcase name="VerifyReportOnEditRights" time="4.920" classname="Test.Ancera.Administration.ReportsManagement"/>
  <system-out/>
  <testcase name="VerifyReportDetails" time="5.634" classname="Test.Ancera.Administration.ReportsManagement"/>
  <system-out/>
  <testcase name="SaveAccessRights" time="6.582" classname="Test.Ancera.Administration.ReportsManagement"/>
  <system-out/>
  <testcase name="DeleteReportGroup" time="46.066" classname="Test.Ancera.Administration.ReportsManagement"/>
  <system-out/>
  <testcase name="DeleteReportGroupConfigurations" classname="Test.Ancera.Administration.ReportsManagement">
    <skipped/>
  </testcase> <!-- DeleteReportGroupConfigurations -->
  <system-out/>
</testsuite> <!-- Test.Ancera.Administration.ReportsManagement -->
