<?xml version="1.0" encoding="UTF-8"?>
<!-- Generated by org.testng.reporters.JUnitReportReporter -->
<testsuite skipped="0" hostname="LAPTOP-O6K4VQH7" name="Test.Ancera.Login.TestLogin" tests="3" failures="0" timestamp="2021-01-04T17:05:49 PKT" time="38.648" errors="0">
  <testcase name="login" time="33.077" classname="Test.Ancera.Login.TestLogin"/>
  <system-out/>
  <testcase name="logout" time="2.956" classname="Test.Ancera.Login.TestLogin"/>
  <system-out/>
  <testcase name="VerifyLogout" time="2.615" classname="Test.Ancera.Login.TestLogin"/>
  <system-out/>
</testsuite> <!-- Test.Ancera.Login.TestLogin -->
