<?xml version="1.0" encoding="UTF-8"?>
<!-- Generated by org.testng.reporters.JUnitReportReporter -->
<testsuite hostname="DESKTOP-K0SFL7M" failures="0" tests="1" name="Test.Ancera.Administration.ProgramManagement" time="44.957" errors="0" timestamp="2022-05-24T12:53:42 PKT" skipped="0">
  <testcase classname="Test.Ancera.Administration.ProgramManagement" name="WildcardVaccine" time="44.957"/>
  <system-out/>
</testsuite> <!-- Test.Ancera.Administration.ProgramManagement -->
