<?xml version="1.0" encoding="UTF-8"?>
<!-- Generated by org.testng.reporters.JUnitReportReporter -->
<testsuite hostname="APL-LHR-JA0201" failures="0" tests="3" name="Test.Ancera.Reports.Sites_Log" time="175.747" errors="0" timestamp="2022-12-29T16:51:38 PKT" skipped="1">
  <testcase classname="Test.Ancera.Reports.Sites_Log" name="Login" time="4.492"/>
  <system-out/>
  <testcase classname="Test.Ancera.Reports.Sites_Log" name="WildcardFilter" time="171.255"/>
  <system-out/>
  <testcase classname="Test.Ancera.Reports.Sites_Log" name="CSVExport">
    <skipped/>
  </testcase> <!-- CSVExport -->
  <system-out/>
</testsuite> <!-- Test.Ancera.Reports.Sites_Log -->
