<?xml version="1.0" encoding="UTF-8"?>
<!-- Generated by org.testng.reporters.JUnitReportReporter -->
<testsuite hostname="DESKTOP-K0SFL7M" failures="0" tests="1" name="APIs.TestVersion" time="21.588" errors="0" timestamp="2022-05-25T15:50:04 PKT" skipped="0">
  <testcase classname="APIs.TestVersion" name="APIVersion" time="21.588"/>
  <system-out/>
</testsuite> <!-- APIs.TestVersion -->
