<?xml version="1.0" encoding="UTF-8"?>
<!-- Generated by org.testng.reporters.JUnitReportReporter -->
<testsuite hostname="DESKTOP-K0SFL7M" failures="0" tests="2" name="Test.Ancera.Reports.InstallationRun" time="865.355" errors="0" timestamp="2021-09-23T13:39:58 PKT" skipped="1">
  <testcase classname="Test.Ancera.Reports.InstallationRun" name="installationRunConfigSalmList" time="865.355"/>
  <system-out/>
  <testcase classname="Test.Ancera.Reports.InstallationRun" name="installationRunConfigCoccidia">
    <skipped/>
  </testcase> <!-- installationRunConfigCoccidia -->
  <system-out/>
</testsuite> <!-- Test.Ancera.Reports.InstallationRun -->
