<?xml version="1.0" encoding="UTF-8"?>
<!-- Generated by org.testng.reporters.JUnitReportReporter -->
<testsuite hostname="DESKTOP-K0SFL7M" failures="0" tests="2" name="Test.Ancera.Reports.SalmonellaLog" time="33.842" errors="0" timestamp="2022-06-19T14:50:23 PKT" skipped="1">
  <testcase classname="Test.Ancera.Reports.SalmonellaLog" name="CSVExport1" time="33.842"/>
  <system-out/>
  <testcase classname="Test.Ancera.Reports.SalmonellaLog" name="RowsPerPage">
    <skipped/>
  </testcase> <!-- RowsPerPage -->
  <system-out/>
</testsuite> <!-- Test.Ancera.Reports.SalmonellaLog -->
