<?xml version="1.0" encoding="UTF-8"?>
<!-- Generated by org.testng.reporters.JUnitReportReporter -->
<testsuite skipped="10" hostname="LAPTOP-O6K4VQH7" name="Test.Ancera.Reports.ExternalSalmonella" tests="12" failures="0" timestamp="2021-02-03T23:40:42 PKT" time="303.305" errors="0">
  <testcase name="NavigateExternalSalmonella" time="38.455" classname="Test.Ancera.Reports.ExternalSalmonella"/>
  <system-out/>
  <testcase name="TestFilters111" time="264.850" classname="Test.Ancera.Reports.ExternalSalmonella"/>
  <system-out/>
  <testcase name="Pagination" classname="Test.Ancera.Reports.ExternalSalmonella">
    <skipped/>
  </testcase> <!-- Pagination -->
  <system-out/>
  <testcase name="EnterDate" classname="Test.Ancera.Reports.ExternalSalmonella">
    <skipped/>
  </testcase> <!-- EnterDate -->
  <system-out/>
  <testcase name="TemplateExport" classname="Test.Ancera.Reports.ExternalSalmonella">
    <skipped/>
  </testcase> <!-- TemplateExport -->
  <system-out/>
  <testcase name="RunAPI" classname="Test.Ancera.Reports.ExternalSalmonella">
    <skipped/>
  </testcase> <!-- RunAPI -->
  <system-out/>
  <testcase name="RowsPerPage" classname="Test.Ancera.Reports.ExternalSalmonella">
    <skipped/>
  </testcase> <!-- RowsPerPage -->
  <system-out/>
  <testcase name="DateFilter" classname="Test.Ancera.Reports.ExternalSalmonella">
    <skipped/>
  </testcase> <!-- DateFilter -->
  <system-out/>
  <testcase name="DateLockFilter" classname="Test.Ancera.Reports.ExternalSalmonella">
    <skipped/>
  </testcase> <!-- DateLockFilter -->
  <system-out/>
  <testcase name="SalmonellaLock" classname="Test.Ancera.Reports.ExternalSalmonella">
    <skipped/>
  </testcase> <!-- SalmonellaLock -->
  <system-out/>
  <testcase name="CSVExport" classname="Test.Ancera.Reports.ExternalSalmonella">
    <skipped/>
  </testcase> <!-- CSVExport -->
  <system-out/>
  <testcase name="PNGExport" classname="Test.Ancera.Reports.ExternalSalmonella">
    <skipped/>
  </testcase> <!-- PNGExport -->
  <system-out/>
</testsuite> <!-- Test.Ancera.Reports.ExternalSalmonella -->
