<?xml version="1.0" encoding="UTF-8"?>
<!-- Generated by org.testng.reporters.JUnitReportReporter -->
<testsuite skipped="10" hostname="LAPTOP-O6K4VQH7" name="Test.Ancera.Reports.CoccidiaLog" tests="13" failures="0" timestamp="2021-01-26T17:46:03 PKT" time="146.049" errors="0">
  <testcase name="RunAPI" time="75.694" classname="Test.Ancera.Reports.CoccidiaLog"/>
  <system-out/>
  <testcase name="NavigateCoccidia" time="44.108" classname="Test.Ancera.Reports.CoccidiaLog"/>
  <system-out/>
  <testcase name="TemplateExport" time="26.247" classname="Test.Ancera.Reports.CoccidiaLog"/>
  <system-out/>
  <testcase name="EnterDate" classname="Test.Ancera.Reports.CoccidiaLog">
    <skipped/>
  </testcase> <!-- EnterDate -->
  <system-out/>
  <testcase name="Pagination" classname="Test.Ancera.Reports.CoccidiaLog">
    <skipped/>
  </testcase> <!-- Pagination -->
  <system-out/>
  <testcase name="ResetFilter" classname="Test.Ancera.Reports.CoccidiaLog">
    <skipped/>
  </testcase> <!-- ResetFilter -->
  <system-out/>
  <testcase name="PNGExport" classname="Test.Ancera.Reports.CoccidiaLog">
    <skipped/>
  </testcase> <!-- PNGExport -->
  <system-out/>
  <testcase name="DateLockFilter" classname="Test.Ancera.Reports.CoccidiaLog">
    <skipped/>
  </testcase> <!-- DateLockFilter -->
  <system-out/>
  <testcase name="RowsPerPage" classname="Test.Ancera.Reports.CoccidiaLog">
    <skipped/>
  </testcase> <!-- RowsPerPage -->
  <system-out/>
  <testcase name="CSVExport" classname="Test.Ancera.Reports.CoccidiaLog">
    <skipped/>
  </testcase> <!-- CSVExport -->
  <system-out/>
  <testcase name="TestFilters" classname="Test.Ancera.Reports.CoccidiaLog">
    <skipped/>
  </testcase> <!-- TestFilters -->
  <system-out/>
  <testcase name="DateFilter" classname="Test.Ancera.Reports.CoccidiaLog">
    <skipped/>
  </testcase> <!-- DateFilter -->
  <system-out/>
  <testcase name="CoccidiaLock" classname="Test.Ancera.Reports.CoccidiaLog">
    <skipped/>
  </testcase> <!-- CoccidiaLock -->
  <system-out/>
</testsuite> <!-- Test.Ancera.Reports.CoccidiaLog -->
