<?xml version="1.0" encoding="UTF-8"?>
<!-- Generated by org.testng.reporters.JUnitReportReporter -->
<testsuite hostname="DESKTOP-K0SFL7M" failures="0" tests="2" name="PiperAdminstration.PiperManagement" time="86.746" errors="0" timestamp="2021-08-03T17:12:29 PKT" skipped="0">
  <testcase classname="PiperAdminstration.PiperManagement" name="NavigateePM" time="82.121"/>
  <system-out/>
  <testcase classname="PiperAdminstration.PiperManagement" name="NavigatePM" time="4.625"/>
  <system-out/>
</testsuite> <!-- PiperAdminstration.PiperManagement -->
