<?xml version="1.0" encoding="UTF-8"?>
<!-- Generated by org.testng.reporters.JUnitReportReporter -->
<testsuite skipped="0" hostname="LAPTOP-O6K4VQH7" name="Test.Ancera.Administration.UserManagement" tests="11" failures="0" timestamp="2021-01-04T16:32:18 PKT" time="347.905" errors="0">
  <testcase name="NavigateUM" time="16.021" classname="Test.Ancera.Administration.UserManagement"/>
  <system-out/>
  <testcase name="MandatoryFieldCheck" time="29.446" classname="Test.Ancera.Administration.UserManagement"/>
  <system-out/>
  <testcase name="ResetButton" time="4.247" classname="Test.Ancera.Administration.UserManagement"/>
  <system-out/>
  <testcase name="CreateUser" time="35.095" classname="Test.Ancera.Administration.UserManagement"/>
  <system-out/>
  <testcase name="VerifyEmail" time="72.874" classname="Test.Ancera.Administration.UserManagement"/>
  <system-out/>
  <testcase name="ResetPassword" time="23.562" classname="Test.Ancera.Administration.UserManagement"/>
  <system-out/>
  <testcase name="SearchUser" time="39.453" classname="Test.Ancera.Administration.UserManagement"/>
  <system-out/>
  <testcase name="UpdateUser" time="17.233" classname="Test.Ancera.Administration.UserManagement"/>
  <system-out/>
  <testcase name="VerifyUpdateUser" time="39.514" classname="Test.Ancera.Administration.UserManagement"/>
  <system-out/>
  <testcase name="DeleteUser" time="64.686" classname="Test.Ancera.Administration.UserManagement"/>
  <system-out/>
  <testcase name="VerifyDeleteUser" time="5.774" classname="Test.Ancera.Administration.UserManagement"/>
  <system-out/>
</testsuite> <!-- Test.Ancera.Administration.UserManagement -->
