<?xml version="1.0" encoding="UTF-8"?>
<!-- Generated by org.testng.reporters.JUnitReportReporter -->
<testsuite hostname="DESKTOP-K0SFL7M" failures="0" tests="1" name="Test.Ancera.Administration.PiperManagement" time="6.752" errors="0" timestamp="2021-02-26T16:42:20 PKT" skipped="0">
  <testcase classname="Test.Ancera.Administration.PiperManagement" name="NavigatePM" time="6.752"/>
  <system-out/>
</testsuite> <!-- Test.Ancera.Administration.PiperManagement -->
