<?xml version="1.0" encoding="UTF-8"?>
<!-- Generated by org.testng.reporters.JUnitReportReporter -->
<testsuite hostname="DESKTOP-K0SFL7M" failures="0" tests="4" name="Test.Ancera.Login.ForgotPassword" time="134.041" errors="0" timestamp="2021-07-19T11:06:26 PKT" skipped="1">
  <testcase classname="Test.Ancera.Login.ForgotPassword" name="SendEmailLink" time="11.862"/>
  <system-out/>
  <testcase classname="Test.Ancera.Login.ForgotPassword" name="VerifyEmailReceived" time="41.185"/>
  <system-out/>
  <testcase classname="Test.Ancera.Login.ForgotPassword" name="VerifyEmailReceived" time="71.466">
    <skipped/>
  </testcase> <!-- VerifyEmailReceived -->
  <system-out/>
  <testcase classname="Test.Ancera.Login.ForgotPassword" name="VerifyLogin" time="9.528"/>
  <system-out/>
</testsuite> <!-- Test.Ancera.Login.ForgotPassword -->
