<?xml version="1.0" encoding="UTF-8"?>
<!-- Generated by org.testng.reporters.JUnitReportReporter -->
<testsuite hostname="DESKTOP-K0SFL7M" failures="0" tests="11" name="Test.Ancera.Reports.Sites_Log" time="74.494" errors="0" timestamp="2021-10-06T16:23:52 PKT" skipped="10">
  <testcase classname="Test.Ancera.Reports.Sites_Log" name="NavigateSites" time="74.494"/>
  <system-out/>
  <testcase classname="Test.Ancera.Reports.Sites_Log" name="SitesLock">
    <skipped/>
  </testcase> <!-- SitesLock -->
  <system-out/>
  <testcase classname="Test.Ancera.Reports.Sites_Log" name="AllignmentTest">
    <skipped/>
  </testcase> <!-- AllignmentTest -->
  <system-out/>
  <testcase classname="Test.Ancera.Reports.Sites_Log" name="Pagination">
    <skipped/>
  </testcase> <!-- Pagination -->
  <system-out/>
  <testcase classname="Test.Ancera.Reports.Sites_Log" name="FieldAccess">
    <skipped/>
  </testcase> <!-- FieldAccess -->
  <system-out/>
  <testcase classname="Test.Ancera.Reports.Sites_Log" name="wildcard">
    <skipped/>
  </testcase> <!-- wildcard -->
  <system-out/>
  <testcase classname="Test.Ancera.Reports.Sites_Log" name="Sorting">
    <skipped/>
  </testcase> <!-- Sorting -->
  <system-out/>
  <testcase classname="Test.Ancera.Reports.Sites_Log" name="CSVAuditExport">
    <skipped/>
  </testcase> <!-- CSVAuditExport -->
  <system-out/>
  <testcase classname="Test.Ancera.Reports.Sites_Log" name="RowsPerPage">
    <skipped/>
  </testcase> <!-- RowsPerPage -->
  <system-out/>
  <testcase classname="Test.Ancera.Reports.Sites_Log" name="TestFilter">
    <skipped/>
  </testcase> <!-- TestFilter -->
  <system-out/>
  <testcase classname="Test.Ancera.Reports.Sites_Log" name="CSVExport">
    <skipped/>
  </testcase> <!-- CSVExport -->
  <system-out/>
</testsuite> <!-- Test.Ancera.Reports.Sites_Log -->
