<?xml version="1.0" encoding="UTF-8"?>
<!-- Generated by org.testng.reporters.JUnitReportReporter -->
<testsuite hostname="APL-LHR-JA0201" failures="0" tests="1" name="Test.Ancera.Reports.CoccidiaLog" time="152.152" errors="0" timestamp="2022-10-19T12:52:34 PKT" skipped="0">
  <testcase classname="Test.Ancera.Reports.CoccidiaLog" name="TemplateExport" time="152.152"/>
  <system-out/>
</testsuite> <!-- Test.Ancera.Reports.CoccidiaLog -->
