<?xml version="1.0" encoding="UTF-8"?>
<!-- Generated by org.testng.reporters.JUnitReportReporter -->
<testsuite hostname="DESKTOP-K0SFL7M" failures="0" tests="3" name="Test.Ancera.Profile.ProfileSetting" time="147.438" errors="0" timestamp="2021-07-30T12:59:02 PKT" skipped="1">
  <testcase classname="Test.Ancera.Profile.ProfileSetting" name="NavigateProfile" time="140.873"/>
  <system-out/>
  <testcase classname="Test.Ancera.Profile.ProfileSetting" name="ExitProfile" time="6.565"/>
  <system-out/>
  <testcase classname="Test.Ancera.Profile.ProfileSetting" name="ValidationCheck">
    <skipped/>
  </testcase> <!-- ValidationCheck -->
  <system-out/>
</testsuite> <!-- Test.Ancera.Profile.ProfileSetting -->
