<?xml version="1.0" encoding="UTF-8"?>
<!-- Generated by org.testng.reporters.JUnitReportReporter -->
<testsuite hostname="APL-LHR-JA0201" failures="0" tests="1" name="Test.Ancera.Reports.CoccidiaLog" time="36.169" errors="0" timestamp="2022-09-22T15:58:02 PKT" skipped="0">
  <testcase classname="Test.Ancera.Reports.CoccidiaLog" name="CSVExport" time="36.169"/>
  <system-out/>
</testsuite> <!-- Test.Ancera.Reports.CoccidiaLog -->
