<?xml version="1.0" encoding="UTF-8"?>
<!-- Generated by org.testng.reporters.JUnitReportReporter -->
<testsuite hostname="DESKTOP-K0SFL7M" failures="0" tests="3" name="Test.Ancera.Login.TestLogin" time="33.579" errors="0" timestamp="2022-05-13T17:11:21 PKT" skipped="0">
  <testcase classname="Test.Ancera.Login.TestLogin" name="login" time="27.077"/>
  <system-out/>
  <testcase classname="Test.Ancera.Login.TestLogin" name="logout" time="3.982"/>
  <system-out/>
  <testcase classname="Test.Ancera.Login.TestLogin" name="verifyLogout" time="2.520"/>
  <system-out/>
</testsuite> <!-- Test.Ancera.Login.TestLogin -->
