<?xml version="1.0" encoding="UTF-8"?>
<!-- Generated by org.testng.reporters.JUnitReportReporter -->
<testsuite hostname="APL-LHR-JA0201" failures="0" tests="18" name="Test.Ancera.Reports.CoccidiaLog" time="3194.857" errors="6" timestamp="2022-12-27T11:37:50 PKT" skipped="0">
  <testcase classname="Test.Ancera.Reports.CoccidiaLog" name="Login" time="9.749"/>
  <system-out/>
  <testcase classname="Test.Ancera.Reports.CoccidiaLog" name="NavigateCoccidia" time="121.020"/>
  <system-out/>
  <testcase classname="Test.Ancera.Reports.CoccidiaLog" name="LockFilter" time="1038.727"/>
  <system-out/>
  <testcase classname="Test.Ancera.Reports.CoccidiaLog" name="WildcardCocci" time="860.999"/>
  <system-out/>
  <testcase classname="Test.Ancera.Reports.CoccidiaLog" name="FilterSorting" time="341.200"/>
  <system-out/>
  <testcase classname="Test.Ancera.Reports.CoccidiaLog" name="RowsPerPage" time="0.003">
    <error type="java.lang.StackOverflowError">
      <![CDATA[java.lang.StackOverflowError
at Test.Ancera.Reports.CoccidiaLog.RowsPerPage(CoccidiaLog.java:113)
at Test.Ancera.Reports.CoccidiaLog.RowsPerPage(CoccidiaLog.java:113)
at Test.Ancera.Reports.CoccidiaLog.RowsPerPage(CoccidiaLog.java:113)
at Test.Ancera.Reports.CoccidiaLog.RowsPerPage(CoccidiaLog.java:113)
at Test.Ancera.Reports.CoccidiaLog.RowsPerPage(CoccidiaLog.java:113)
at Test.Ancera.Reports.CoccidiaLog.RowsPerPage(CoccidiaLog.java:113)
at Test.Ancera.Reports.CoccidiaLog.RowsPerPage(CoccidiaLog.java:113)
at Test.Ancera.Reports.CoccidiaLog.RowsPerPage(CoccidiaLog.java:113)
at Test.Ancera.Reports.CoccidiaLog.RowsPerPage(CoccidiaLog.java:113)
at Test.Ancera.Reports.CoccidiaLog.RowsPerPage(CoccidiaLog.java:113)
at Test.Ancera.Reports.CoccidiaLog.RowsPerPage(CoccidiaLog.java:113)
at Test.Ancera.Reports.CoccidiaLog.RowsPerPage(CoccidiaLog.java:113)
at Test.Ancera.Reports.CoccidiaLog.RowsPerPage(CoccidiaLog.java:113)
at Test.Ancera.Reports.CoccidiaLog.RowsPerPage(CoccidiaLog.java:113)
at Test.Ancera.Reports.CoccidiaLog.RowsPerPage(CoccidiaLog.java:113)
at Test.Ancera.Reports.CoccidiaLog.RowsPerPage(CoccidiaLog.java:113)
at Test.Ancera.Reports.CoccidiaLog.RowsPerPage(CoccidiaLog.java:113)
at Test.Ancera.Reports.CoccidiaLog.RowsPerPage(CoccidiaLog.java:113)
at Test.Ancera.Reports.CoccidiaLog.RowsPerPage(CoccidiaLog.java:113)
at Test.Ancera.Reports.CoccidiaLog.RowsPerPage(CoccidiaLog.java:113)
at Test.Ancera.Reports.CoccidiaLog.RowsPerPage(CoccidiaLog.java:113)
at Test.Ancera.Reports.CoccidiaLog.RowsPerPage(CoccidiaLog.java:113)
at Test.Ancera.Reports.CoccidiaLog.RowsPerPage(CoccidiaLog.java:113)
at Test.Ancera.Reports.CoccidiaLog.RowsPerPage(CoccidiaLog.java:113)
at Test.Ancera.Reports.CoccidiaLog.RowsPerPage(CoccidiaLog.java:113)
at Test.Ancera.Reports.CoccidiaLog.RowsPerPage(CoccidiaLog.java:113)
at Test.Ancera.Reports.CoccidiaLog.RowsPerPage(CoccidiaLog.java:113)
at Test.Ancera.Reports.CoccidiaLog.RowsPerPage(CoccidiaLog.java:113)
at Test.Ancera.Reports.CoccidiaLog.RowsPerPage(CoccidiaLog.java:113)
at Test.Ancera.Reports.CoccidiaLog.RowsPerPage(CoccidiaLog.java:113)
at Test.Ancera.Reports.CoccidiaLog.RowsPerPage(CoccidiaLog.java:113)
at Test.Ancera.Reports.CoccidiaLog.RowsPerPage(CoccidiaLog.java:113)
at Test.Ancera.Reports.CoccidiaLog.RowsPerPage(CoccidiaLog.java:113)
at Test.Ancera.Reports.CoccidiaLog.RowsPerPage(CoccidiaLog.java:113)
at Test.Ancera.Reports.CoccidiaLog.RowsPerPage(CoccidiaLog.java:113)
at Test.Ancera.Reports.CoccidiaLog.RowsPerPage(CoccidiaLog.java:113)
at Test.Ancera.Reports.CoccidiaLog.RowsPerPage(CoccidiaLog.java:113)
at Test.Ancera.Reports.CoccidiaLog.RowsPerPage(CoccidiaLog.java:113)
at Test.Ancera.Reports.CoccidiaLog.RowsPerPage(CoccidiaLog.java:113)
at Test.Ancera.Reports.CoccidiaLog.RowsPerPage(CoccidiaLog.java:113)
at Test.Ancera.Reports.CoccidiaLog.RowsPerPage(CoccidiaLog.java:113)
at Test.Ancera.Reports.CoccidiaLog.RowsPerPage(CoccidiaLog.java:113)
at Test.Ancera.Reports.CoccidiaLog.RowsPerPage(CoccidiaLog.java:113)
at Test.Ancera.Reports.CoccidiaLog.RowsPerPage(CoccidiaLog.java:113)
at Test.Ancera.Reports.CoccidiaLog.RowsPerPage(CoccidiaLog.java:113)
at Test.Ancera.Reports.CoccidiaLog.RowsPerPage(CoccidiaLog.java:113)
at Test.Ancera.Reports.CoccidiaLog.RowsPerPage(CoccidiaLog.java:113)
at Test.Ancera.Reports.CoccidiaLog.RowsPerPage(CoccidiaLog.java:113)
at Test.Ancera.Reports.CoccidiaLog.RowsPerPage(CoccidiaLog.java:113)
at Test.Ancera.Reports.CoccidiaLog.RowsPerPage(CoccidiaLog.java:113)
at Test.Ancera.Reports.CoccidiaLog.RowsPerPage(CoccidiaLog.java:113)
at Test.Ancera.Reports.CoccidiaLog.RowsPerPage(CoccidiaLog.java:113)
at Test.Ancera.Reports.CoccidiaLog.RowsPerPage(CoccidiaLog.java:113)
at Test.Ancera.Reports.CoccidiaLog.RowsPerPage(CoccidiaLog.java:113)
at Test.Ancera.Reports.CoccidiaLog.RowsPerPage(CoccidiaLog.java:113)
at Test.Ancera.Reports.CoccidiaLog.RowsPerPage(CoccidiaLog.java:113)
at Test.Ancera.Reports.CoccidiaLog.RowsPerPage(CoccidiaLog.java:113)
at Test.Ancera.Reports.CoccidiaLog.RowsPerPage(CoccidiaLog.java:113)
at Test.Ancera.Reports.CoccidiaLog.RowsPerPage(CoccidiaLog.java:113)
at Test.Ancera.Reports.CoccidiaLog.RowsPerPage(CoccidiaLog.java:113)
at Test.Ancera.Reports.CoccidiaLog.RowsPerPage(CoccidiaLog.java:113)
at Test.Ancera.Reports.CoccidiaLog.RowsPerPage(CoccidiaLog.java:113)
at Test.Ancera.Reports.CoccidiaLog.RowsPerPage(CoccidiaLog.java:113)
at Test.Ancera.Reports.CoccidiaLog.RowsPerPage(CoccidiaLog.java:113)
at Test.Ancera.Reports.CoccidiaLog.RowsPerPage(CoccidiaLog.java:113)
at Test.Ancera.Reports.CoccidiaLog.RowsPerPage(CoccidiaLog.java:113)
at Test.Ancera.Reports.CoccidiaLog.RowsPerPage(CoccidiaLog.java:113)
at Test.Ancera.Reports.CoccidiaLog.RowsPerPage(CoccidiaLog.java:113)
at Test.Ancera.Reports.CoccidiaLog.RowsPerPage(CoccidiaLog.java:113)
at Test.Ancera.Reports.CoccidiaLog.RowsPerPage(CoccidiaLog.java:113)
at Test.Ancera.Reports.CoccidiaLog.RowsPerPage(CoccidiaLog.java:113)
at Test.Ancera.Reports.CoccidiaLog.RowsPerPage(CoccidiaLog.java:113)
at Test.Ancera.Reports.CoccidiaLog.RowsPerPage(CoccidiaLog.java:113)
at Test.Ancera.Reports.CoccidiaLog.RowsPerPage(CoccidiaLog.java:113)
at Test.Ancera.Reports.CoccidiaLog.RowsPerPage(CoccidiaLog.java:113)
at Test.Ancera.Reports.CoccidiaLog.RowsPerPage(CoccidiaLog.java:113)
at Test.Ancera.Reports.CoccidiaLog.RowsPerPage(CoccidiaLog.java:113)
at Test.Ancera.Reports.CoccidiaLog.RowsPerPage(CoccidiaLog.java:113)
at Test.Ancera.Reports.CoccidiaLog.RowsPerPage(CoccidiaLog.java:113)
at Test.Ancera.Reports.CoccidiaLog.RowsPerPage(CoccidiaLog.java:113)
at Test.Ancera.Reports.CoccidiaLog.RowsPerPage(CoccidiaLog.java:113)
at Test.Ancera.Reports.CoccidiaLog.RowsPerPage(CoccidiaLog.java:113)
at Test.Ancera.Reports.CoccidiaLog.RowsPerPage(CoccidiaLog.java:113)
at Test.Ancera.Reports.CoccidiaLog.RowsPerPage(CoccidiaLog.java:113)
at Test.Ancera.Reports.CoccidiaLog.RowsPerPage(CoccidiaLog.java:113)
at Test.Ancera.Reports.CoccidiaLog.RowsPerPage(CoccidiaLog.java:113)
at Test.Ancera.Reports.CoccidiaLog.RowsPerPage(CoccidiaLog.java:113)
at Test.Ancera.Reports.CoccidiaLog.RowsPerPage(CoccidiaLog.java:113)
at Test.Ancera.Reports.CoccidiaLog.RowsPerPage(CoccidiaLog.java:113)
at Test.Ancera.Reports.CoccidiaLog.RowsPerPage(CoccidiaLog.java:113)
at Test.Ancera.Reports.CoccidiaLog.RowsPerPage(CoccidiaLog.java:113)
at Test.Ancera.Reports.CoccidiaLog.RowsPerPage(CoccidiaLog.java:113)
at Test.Ancera.Reports.CoccidiaLog.RowsPerPage(CoccidiaLog.java:113)
at Test.Ancera.Reports.CoccidiaLog.RowsPerPage(CoccidiaLog.java:113)
at Test.Ancera.Reports.CoccidiaLog.RowsPerPage(CoccidiaLog.java:113)
at Test.Ancera.Reports.CoccidiaLog.RowsPerPage(CoccidiaLog.java:113)
at Test.Ancera.Reports.CoccidiaLog.RowsPerPage(CoccidiaLog.java:113)
at Test.Ancera.Reports.CoccidiaLog.RowsPerPage(CoccidiaLog.java:113)
at Test.Ancera.Reports.CoccidiaLog.RowsPerPage(CoccidiaLog.java:113)
at Test.Ancera.Reports.CoccidiaLog.RowsPerPage(CoccidiaLog.java:113)
at Test.Ancera.Reports.CoccidiaLog.RowsPerPage(CoccidiaLog.java:113)
at Test.Ancera.Reports.CoccidiaLog.RowsPerPage(CoccidiaLog.java:113)
at Test.Ancera.Reports.CoccidiaLog.RowsPerPage(CoccidiaLog.java:113)
at Test.Ancera.Reports.CoccidiaLog.RowsPerPage(CoccidiaLog.java:113)
at Test.Ancera.Reports.CoccidiaLog.RowsPerPage(CoccidiaLog.java:113)
at Test.Ancera.Reports.CoccidiaLog.RowsPerPage(CoccidiaLog.java:113)
at Test.Ancera.Reports.CoccidiaLog.RowsPerPage(CoccidiaLog.java:113)
at Test.Ancera.Reports.CoccidiaLog.RowsPerPage(CoccidiaLog.java:113)
at Test.Ancera.Reports.CoccidiaLog.RowsPerPage(CoccidiaLog.java:113)
at Test.Ancera.Reports.CoccidiaLog.RowsPerPage(CoccidiaLog.java:113)
at Test.Ancera.Reports.CoccidiaLog.RowsPerPage(CoccidiaLog.java:113)
at Test.Ancera.Reports.CoccidiaLog.RowsPerPage(CoccidiaLog.java:113)
at Test.Ancera.Reports.CoccidiaLog.RowsPerPage(CoccidiaLog.java:113)
at Test.Ancera.Reports.CoccidiaLog.RowsPerPage(CoccidiaLog.java:113)
at Test.Ancera.Reports.CoccidiaLog.RowsPerPage(CoccidiaLog.java:113)
at Test.Ancera.Reports.CoccidiaLog.RowsPerPage(CoccidiaLog.java:113)
at Test.Ancera.Reports.CoccidiaLog.RowsPerPage(CoccidiaLog.java:113)
at Test.Ancera.Reports.CoccidiaLog.RowsPerPage(CoccidiaLog.java:113)
at Test.Ancera.Reports.CoccidiaLog.RowsPerPage(CoccidiaLog.java:113)
at Test.Ancera.Reports.CoccidiaLog.RowsPerPage(CoccidiaLog.java:113)
at Test.Ancera.Reports.CoccidiaLog.RowsPerPage(CoccidiaLog.java:113)
at Test.Ancera.Reports.CoccidiaLog.RowsPerPage(CoccidiaLog.java:113)
at Test.Ancera.Reports.CoccidiaLog.RowsPerPage(CoccidiaLog.java:113)
at Test.Ancera.Reports.CoccidiaLog.RowsPerPage(CoccidiaLog.java:113)
at Test.Ancera.Reports.CoccidiaLog.RowsPerPage(CoccidiaLog.java:113)
at Test.Ancera.Reports.CoccidiaLog.RowsPerPage(CoccidiaLog.java:113)
at Test.Ancera.Reports.CoccidiaLog.RowsPerPage(CoccidiaLog.java:113)
at Test.Ancera.Reports.CoccidiaLog.RowsPerPage(CoccidiaLog.java:113)
at Test.Ancera.Reports.CoccidiaLog.RowsPerPage(CoccidiaLog.java:113)
at Test.Ancera.Reports.CoccidiaLog.RowsPerPage(CoccidiaLog.java:113)
at Test.Ancera.Reports.CoccidiaLog.RowsPerPage(CoccidiaLog.java:113)
at Test.Ancera.Reports.CoccidiaLog.RowsPerPage(CoccidiaLog.java:113)
at Test.Ancera.Reports.CoccidiaLog.RowsPerPage(CoccidiaLog.java:113)
at Test.Ancera.Reports.CoccidiaLog.RowsPerPage(CoccidiaLog.java:113)
at Test.Ancera.Reports.CoccidiaLog.RowsPerPage(CoccidiaLog.java:113)
at Test.Ancera.Reports.CoccidiaLog.RowsPerPage(CoccidiaLog.java:113)
at Test.Ancera.Reports.CoccidiaLog.RowsPerPage(CoccidiaLog.java:113)
at Test.Ancera.Reports.CoccidiaLog.RowsPerPage(CoccidiaLog.java:113)
at Test.Ancera.Reports.CoccidiaLog.RowsPerPage(CoccidiaLog.java:113)
at Test.Ancera.Reports.CoccidiaLog.RowsPerPage(CoccidiaLog.java:113)
at Test.Ancera.Reports.CoccidiaLog.RowsPerPage(CoccidiaLog.java:113)
at Test.Ancera.Reports.CoccidiaLog.RowsPerPage(CoccidiaLog.java:113)
at Test.Ancera.Reports.CoccidiaLog.RowsPerPage(CoccidiaLog.java:113)
at Test.Ancera.Reports.CoccidiaLog.RowsPerPage(CoccidiaLog.java:113)
at Test.Ancera.Reports.CoccidiaLog.RowsPerPage(CoccidiaLog.java:113)
at Test.Ancera.Reports.CoccidiaLog.RowsPerPage(CoccidiaLog.java:113)
at Test.Ancera.Reports.CoccidiaLog.RowsPerPage(CoccidiaLog.java:113)
at Test.Ancera.Reports.CoccidiaLog.RowsPerPage(CoccidiaLog.java:113)
at Test.Ancera.Reports.CoccidiaLog.RowsPerPage(CoccidiaLog.java:113)
at Test.Ancera.Reports.CoccidiaLog.RowsPerPage(CoccidiaLog.java:113)
at Test.Ancera.Reports.CoccidiaLog.RowsPerPage(CoccidiaLog.java:113)
at Test.Ancera.Reports.CoccidiaLog.RowsPerPage(CoccidiaLog.java:113)
at Test.Ancera.Reports.CoccidiaLog.RowsPerPage(CoccidiaLog.java:113)
at Test.Ancera.Reports.CoccidiaLog.RowsPerPage(CoccidiaLog.java:113)
at Test.Ancera.Reports.CoccidiaLog.RowsPerPage(CoccidiaLog.java:113)
at Test.Ancera.Reports.CoccidiaLog.RowsPerPage(CoccidiaLog.java:113)
at Test.Ancera.Reports.CoccidiaLog.RowsPerPage(CoccidiaLog.java:113)
at Test.Ancera.Reports.CoccidiaLog.RowsPerPage(CoccidiaLog.java:113)
at Test.Ancera.Reports.CoccidiaLog.RowsPerPage(CoccidiaLog.java:113)
at Test.Ancera.Reports.CoccidiaLog.RowsPerPage(CoccidiaLog.java:113)
at Test.Ancera.Reports.CoccidiaLog.RowsPerPage(CoccidiaLog.java:113)
at Test.Ancera.Reports.CoccidiaLog.RowsPerPage(CoccidiaLog.java:113)
at Test.Ancera.Reports.CoccidiaLog.RowsPerPage(CoccidiaLog.java:113)
at Test.Ancera.Reports.CoccidiaLog.RowsPerPage(CoccidiaLog.java:113)
at Test.Ancera.Reports.CoccidiaLog.RowsPerPage(CoccidiaLog.java:113)
at Test.Ancera.Reports.CoccidiaLog.RowsPerPage(CoccidiaLog.java:113)
at Test.Ancera.Reports.CoccidiaLog.RowsPerPage(CoccidiaLog.java:113)
at Test.Ancera.Reports.CoccidiaLog.RowsPerPage(CoccidiaLog.java:113)
at Test.Ancera.Reports.CoccidiaLog.RowsPerPage(CoccidiaLog.java:113)
at Test.Ancera.Reports.CoccidiaLog.RowsPerPage(CoccidiaLog.java:113)
at Test.Ancera.Reports.CoccidiaLog.RowsPerPage(CoccidiaLog.java:113)
at Test.Ancera.Reports.CoccidiaLog.RowsPerPage(CoccidiaLog.java:113)
at Test.Ancera.Reports.CoccidiaLog.RowsPerPage(CoccidiaLog.java:113)
at Test.Ancera.Reports.CoccidiaLog.RowsPerPage(CoccidiaLog.java:113)
at Test.Ancera.Reports.CoccidiaLog.RowsPerPage(CoccidiaLog.java:113)
at Test.Ancera.Reports.CoccidiaLog.RowsPerPage(CoccidiaLog.java:113)
at Test.Ancera.Reports.CoccidiaLog.RowsPerPage(CoccidiaLog.java:113)
at Test.Ancera.Reports.CoccidiaLog.RowsPerPage(CoccidiaLog.java:113)
at Test.Ancera.Reports.CoccidiaLog.RowsPerPage(CoccidiaLog.java:113)
at Test.Ancera.Reports.CoccidiaLog.RowsPerPage(CoccidiaLog.java:113)
at Test.Ancera.Reports.CoccidiaLog.RowsPerPage(CoccidiaLog.java:113)
at Test.Ancera.Reports.CoccidiaLog.RowsPerPage(CoccidiaLog.java:113)
at Test.Ancera.Reports.CoccidiaLog.RowsPerPage(CoccidiaLog.java:113)
at Test.Ancera.Reports.CoccidiaLog.RowsPerPage(CoccidiaLog.java:113)
at Test.Ancera.Reports.CoccidiaLog.RowsPerPage(CoccidiaLog.java:113)
at Test.Ancera.Reports.CoccidiaLog.RowsPerPage(CoccidiaLog.java:113)
at Test.Ancera.Reports.CoccidiaLog.RowsPerPage(CoccidiaLog.java:113)
at Test.Ancera.Reports.CoccidiaLog.RowsPerPage(CoccidiaLog.java:113)
at Test.Ancera.Reports.CoccidiaLog.RowsPerPage(CoccidiaLog.java:113)
at Test.Ancera.Reports.CoccidiaLog.RowsPerPage(CoccidiaLog.java:113)
at Test.Ancera.Reports.CoccidiaLog.RowsPerPage(CoccidiaLog.java:113)
at Test.Ancera.Reports.CoccidiaLog.RowsPerPage(CoccidiaLog.java:113)
at Test.Ancera.Reports.CoccidiaLog.RowsPerPage(CoccidiaLog.java:113)
at Test.Ancera.Reports.CoccidiaLog.RowsPerPage(CoccidiaLog.java:113)
at Test.Ancera.Reports.CoccidiaLog.RowsPerPage(CoccidiaLog.java:113)
at Test.Ancera.Reports.CoccidiaLog.RowsPerPage(CoccidiaLog.java:113)
at Test.Ancera.Reports.CoccidiaLog.RowsPerPage(CoccidiaLog.java:113)
at Test.Ancera.Reports.CoccidiaLog.RowsPerPage(CoccidiaLog.java:113)
at Test.Ancera.Reports.CoccidiaLog.RowsPerPage(CoccidiaLog.java:113)
at Test.Ancera.Reports.CoccidiaLog.RowsPerPage(CoccidiaLog.java:113)
at Test.Ancera.Reports.CoccidiaLog.RowsPerPage(CoccidiaLog.java:113)
at Test.Ancera.Reports.CoccidiaLog.RowsPerPage(CoccidiaLog.java:113)
at Test.Ancera.Reports.CoccidiaLog.RowsPerPage(CoccidiaLog.java:113)
at Test.Ancera.Reports.CoccidiaLog.RowsPerPage(CoccidiaLog.java:113)
at Test.Ancera.Reports.CoccidiaLog.RowsPerPage(CoccidiaLog.java:113)
at Test.Ancera.Reports.CoccidiaLog.RowsPerPage(CoccidiaLog.java:113)
at Test.Ancera.Reports.CoccidiaLog.RowsPerPage(CoccidiaLog.java:113)
at Test.Ancera.Reports.CoccidiaLog.RowsPerPage(CoccidiaLog.java:113)
at Test.Ancera.Reports.CoccidiaLog.RowsPerPage(CoccidiaLog.java:113)
at Test.Ancera.Reports.CoccidiaLog.RowsPerPage(CoccidiaLog.java:113)
at Test.Ancera.Reports.CoccidiaLog.RowsPerPage(CoccidiaLog.java:113)
at Test.Ancera.Reports.CoccidiaLog.RowsPerPage(CoccidiaLog.java:113)
at Test.Ancera.Reports.CoccidiaLog.RowsPerPage(CoccidiaLog.java:113)
at Test.Ancera.Reports.CoccidiaLog.RowsPerPage(CoccidiaLog.java:113)
at Test.Ancera.Reports.CoccidiaLog.RowsPerPage(CoccidiaLog.java:113)
at Test.Ancera.Reports.CoccidiaLog.RowsPerPage(CoccidiaLog.java:113)
at Test.Ancera.Reports.CoccidiaLog.RowsPerPage(CoccidiaLog.java:113)
at Test.Ancera.Reports.CoccidiaLog.RowsPerPage(CoccidiaLog.java:113)
at Test.Ancera.Reports.CoccidiaLog.RowsPerPage(CoccidiaLog.java:113)
at Test.Ancera.Reports.CoccidiaLog.RowsPerPage(CoccidiaLog.java:113)
at Test.Ancera.Reports.CoccidiaLog.RowsPerPage(CoccidiaLog.java:113)
at Test.Ancera.Reports.CoccidiaLog.RowsPerPage(CoccidiaLog.java:113)
at Test.Ancera.Reports.CoccidiaLog.RowsPerPage(CoccidiaLog.java:113)
at Test.Ancera.Reports.CoccidiaLog.RowsPerPage(CoccidiaLog.java:113)
at Test.Ancera.Reports.CoccidiaLog.RowsPerPage(CoccidiaLog.java:113)
at Test.Ancera.Reports.CoccidiaLog.RowsPerPage(CoccidiaLog.java:113)
at Test.Ancera.Reports.CoccidiaLog.RowsPerPage(CoccidiaLog.java:113)
at Test.Ancera.Reports.CoccidiaLog.RowsPerPage(CoccidiaLog.java:113)
at Test.Ancera.Reports.CoccidiaLog.RowsPerPage(CoccidiaLog.java:113)
at Test.Ancera.Reports.CoccidiaLog.RowsPerPage(CoccidiaLog.java:113)
at Test.Ancera.Reports.CoccidiaLog.RowsPerPage(CoccidiaLog.java:113)
at Test.Ancera.Reports.CoccidiaLog.RowsPerPage(CoccidiaLog.java:113)
at Test.Ancera.Reports.CoccidiaLog.RowsPerPage(CoccidiaLog.java:113)
at Test.Ancera.Reports.CoccidiaLog.RowsPerPage(CoccidiaLog.java:113)
at Test.Ancera.Reports.CoccidiaLog.RowsPerPage(CoccidiaLog.java:113)
at Test.Ancera.Reports.CoccidiaLog.RowsPerPage(CoccidiaLog.java:113)
at Test.Ancera.Reports.CoccidiaLog.RowsPerPage(CoccidiaLog.java:113)
at Test.Ancera.Reports.CoccidiaLog.RowsPerPage(CoccidiaLog.java:113)
at Test.Ancera.Reports.CoccidiaLog.RowsPerPage(CoccidiaLog.java:113)
at Test.Ancera.Reports.CoccidiaLog.RowsPerPage(CoccidiaLog.java:113)
at Test.Ancera.Reports.CoccidiaLog.RowsPerPage(CoccidiaLog.java:113)
at Test.Ancera.Reports.CoccidiaLog.RowsPerPage(CoccidiaLog.java:113)
at Test.Ancera.Reports.CoccidiaLog.RowsPerPage(CoccidiaLog.java:113)
at Test.Ancera.Reports.CoccidiaLog.RowsPerPage(CoccidiaLog.java:113)
at Test.Ancera.Reports.CoccidiaLog.RowsPerPage(CoccidiaLog.java:113)
at Test.Ancera.Reports.CoccidiaLog.RowsPerPage(CoccidiaLog.java:113)
at Test.Ancera.Reports.CoccidiaLog.RowsPerPage(CoccidiaLog.java:113)
at Test.Ancera.Reports.CoccidiaLog.RowsPerPage(CoccidiaLog.java:113)
at Test.Ancera.Reports.CoccidiaLog.RowsPerPage(CoccidiaLog.java:113)
at Test.Ancera.Reports.CoccidiaLog.RowsPerPage(CoccidiaLog.java:113)
at Test.Ancera.Reports.CoccidiaLog.RowsPerPage(CoccidiaLog.java:113)
at Test.Ancera.Reports.CoccidiaLog.RowsPerPage(CoccidiaLog.java:113)
at Test.Ancera.Reports.CoccidiaLog.RowsPerPage(CoccidiaLog.java:113)
at Test.Ancera.Reports.CoccidiaLog.RowsPerPage(CoccidiaLog.java:113)
at Test.Ancera.Reports.CoccidiaLog.RowsPerPage(CoccidiaLog.java:113)
at Test.Ancera.Reports.CoccidiaLog.RowsPerPage(CoccidiaLog.java:113)
at Test.Ancera.Reports.CoccidiaLog.RowsPerPage(CoccidiaLog.java:113)
at Test.Ancera.Reports.CoccidiaLog.RowsPerPage(CoccidiaLog.java:113)
at Test.Ancera.Reports.CoccidiaLog.RowsPerPage(CoccidiaLog.java:113)
at Test.Ancera.Reports.CoccidiaLog.RowsPerPage(CoccidiaLog.java:113)
at Test.Ancera.Reports.CoccidiaLog.RowsPerPage(CoccidiaLog.java:113)
at Test.Ancera.Reports.CoccidiaLog.RowsPerPage(CoccidiaLog.java:113)
at Test.Ancera.Reports.CoccidiaLog.RowsPerPage(CoccidiaLog.java:113)
at Test.Ancera.Reports.CoccidiaLog.RowsPerPage(CoccidiaLog.java:113)
at Test.Ancera.Reports.CoccidiaLog.RowsPerPage(CoccidiaLog.java:113)
at Test.Ancera.Reports.CoccidiaLog.RowsPerPage(CoccidiaLog.java:113)
at Test.Ancera.Reports.CoccidiaLog.RowsPerPage(CoccidiaLog.java:113)
at Test.Ancera.Reports.CoccidiaLog.RowsPerPage(CoccidiaLog.java:113)
at Test.Ancera.Reports.CoccidiaLog.RowsPerPage(CoccidiaLog.java:113)
at Test.Ancera.Reports.CoccidiaLog.RowsPerPage(CoccidiaLog.java:113)
at Test.Ancera.Reports.CoccidiaLog.RowsPerPage(CoccidiaLog.java:113)
at Test.Ancera.Reports.CoccidiaLog.RowsPerPage(CoccidiaLog.java:113)
at Test.Ancera.Reports.CoccidiaLog.RowsPerPage(CoccidiaLog.java:113)
at Test.Ancera.Reports.CoccidiaLog.RowsPerPage(CoccidiaLog.java:113)
at Test.Ancera.Reports.CoccidiaLog.RowsPerPage(CoccidiaLog.java:113)
at Test.Ancera.Reports.CoccidiaLog.RowsPerPage(CoccidiaLog.java:113)
at Test.Ancera.Reports.CoccidiaLog.RowsPerPage(CoccidiaLog.java:113)
at Test.Ancera.Reports.CoccidiaLog.RowsPerPage(CoccidiaLog.java:113)
at Test.Ancera.Reports.CoccidiaLog.RowsPerPage(CoccidiaLog.java:113)
at Test.Ancera.Reports.CoccidiaLog.RowsPerPage(CoccidiaLog.java:113)
at Test.Ancera.Reports.CoccidiaLog.RowsPerPage(CoccidiaLog.java:113)
at Test.Ancera.Reports.CoccidiaLog.RowsPerPage(CoccidiaLog.java:113)
at Test.Ancera.Reports.CoccidiaLog.RowsPerPage(CoccidiaLog.java:113)
at Test.Ancera.Reports.CoccidiaLog.RowsPerPage(CoccidiaLog.java:113)
at Test.Ancera.Reports.CoccidiaLog.RowsPerPage(CoccidiaLog.java:113)
at Test.Ancera.Reports.CoccidiaLog.RowsPerPage(CoccidiaLog.java:113)
at Test.Ancera.Reports.CoccidiaLog.RowsPerPage(CoccidiaLog.java:113)
at Test.Ancera.Reports.CoccidiaLog.RowsPerPage(CoccidiaLog.java:113)
at Test.Ancera.Reports.CoccidiaLog.RowsPerPage(CoccidiaLog.java:113)
at Test.Ancera.Reports.CoccidiaLog.RowsPerPage(CoccidiaLog.java:113)
at Test.Ancera.Reports.CoccidiaLog.RowsPerPage(CoccidiaLog.java:113)
at Test.Ancera.Reports.CoccidiaLog.RowsPerPage(CoccidiaLog.java:113)
at Test.Ancera.Reports.CoccidiaLog.RowsPerPage(CoccidiaLog.java:113)
at Test.Ancera.Reports.CoccidiaLog.RowsPerPage(CoccidiaLog.java:113)
at Test.Ancera.Reports.CoccidiaLog.RowsPerPage(CoccidiaLog.java:113)
at Test.Ancera.Reports.CoccidiaLog.RowsPerPage(CoccidiaLog.java:113)
at Test.Ancera.Reports.CoccidiaLog.RowsPerPage(CoccidiaLog.java:113)
at Test.Ancera.Reports.CoccidiaLog.RowsPerPage(CoccidiaLog.java:113)
at Test.Ancera.Reports.CoccidiaLog.RowsPerPage(CoccidiaLog.java:113)
at Test.Ancera.Reports.CoccidiaLog.RowsPerPage(CoccidiaLog.java:113)
at Test.Ancera.Reports.CoccidiaLog.RowsPerPage(CoccidiaLog.java:113)
at Test.Ancera.Reports.CoccidiaLog.RowsPerPage(CoccidiaLog.java:113)
at Test.Ancera.Reports.CoccidiaLog.RowsPerPage(CoccidiaLog.java:113)
at Test.Ancera.Reports.CoccidiaLog.RowsPerPage(CoccidiaLog.java:113)
at Test.Ancera.Reports.CoccidiaLog.RowsPerPage(CoccidiaLog.java:113)
at Test.Ancera.Reports.CoccidiaLog.RowsPerPage(CoccidiaLog.java:113)
at Test.Ancera.Reports.CoccidiaLog.RowsPerPage(CoccidiaLog.java:113)
at Test.Ancera.Reports.CoccidiaLog.RowsPerPage(CoccidiaLog.java:113)
at Test.Ancera.Reports.CoccidiaLog.RowsPerPage(CoccidiaLog.java:113)
at Test.Ancera.Reports.CoccidiaLog.RowsPerPage(CoccidiaLog.java:113)
at Test.Ancera.Reports.CoccidiaLog.RowsPerPage(CoccidiaLog.java:113)
at Test.Ancera.Reports.CoccidiaLog.RowsPerPage(CoccidiaLog.java:113)
at Test.Ancera.Reports.CoccidiaLog.RowsPerPage(CoccidiaLog.java:113)
at Test.Ancera.Reports.CoccidiaLog.RowsPerPage(CoccidiaLog.java:113)
at Test.Ancera.Reports.CoccidiaLog.RowsPerPage(CoccidiaLog.java:113)
at Test.Ancera.Reports.CoccidiaLog.RowsPerPage(CoccidiaLog.java:113)
at Test.Ancera.Reports.CoccidiaLog.RowsPerPage(CoccidiaLog.java:113)
at Test.Ancera.Reports.CoccidiaLog.RowsPerPage(CoccidiaLog.java:113)
at Test.Ancera.Reports.CoccidiaLog.RowsPerPage(CoccidiaLog.java:113)
at Test.Ancera.Reports.CoccidiaLog.RowsPerPage(CoccidiaLog.java:113)
at Test.Ancera.Reports.CoccidiaLog.RowsPerPage(CoccidiaLog.java:113)
at Test.Ancera.Reports.CoccidiaLog.RowsPerPage(CoccidiaLog.java:113)
at Test.Ancera.Reports.CoccidiaLog.RowsPerPage(CoccidiaLog.java:113)
at Test.Ancera.Reports.CoccidiaLog.RowsPerPage(CoccidiaLog.java:113)
at Test.Ancera.Reports.CoccidiaLog.RowsPerPage(CoccidiaLog.java:113)
at Test.Ancera.Reports.CoccidiaLog.RowsPerPage(CoccidiaLog.java:113)
at Test.Ancera.Reports.CoccidiaLog.RowsPerPage(CoccidiaLog.java:113)
at Test.Ancera.Reports.CoccidiaLog.RowsPerPage(CoccidiaLog.java:113)
at Test.Ancera.Reports.CoccidiaLog.RowsPerPage(CoccidiaLog.java:113)
at Test.Ancera.Reports.CoccidiaLog.RowsPerPage(CoccidiaLog.java:113)
at Test.Ancera.Reports.CoccidiaLog.RowsPerPage(CoccidiaLog.java:113)
at Test.Ancera.Reports.CoccidiaLog.RowsPerPage(CoccidiaLog.java:113)
at Test.Ancera.Reports.CoccidiaLog.RowsPerPage(CoccidiaLog.java:113)
at Test.Ancera.Reports.CoccidiaLog.RowsPerPage(CoccidiaLog.java:113)
at Test.Ancera.Reports.CoccidiaLog.RowsPerPage(CoccidiaLog.java:113)
at Test.Ancera.Reports.CoccidiaLog.RowsPerPage(CoccidiaLog.java:113)
at Test.Ancera.Reports.CoccidiaLog.RowsPerPage(CoccidiaLog.java:113)
at Test.Ancera.Reports.CoccidiaLog.RowsPerPage(CoccidiaLog.java:113)
at Test.Ancera.Reports.CoccidiaLog.RowsPerPage(CoccidiaLog.java:113)
at Test.Ancera.Reports.CoccidiaLog.RowsPerPage(CoccidiaLog.java:113)
at Test.Ancera.Reports.CoccidiaLog.RowsPerPage(CoccidiaLog.java:113)
at Test.Ancera.Reports.CoccidiaLog.RowsPerPage(CoccidiaLog.java:113)
at Test.Ancera.Reports.CoccidiaLog.RowsPerPage(CoccidiaLog.java:113)
at Test.Ancera.Reports.CoccidiaLog.RowsPerPage(CoccidiaLog.java:113)
at Test.Ancera.Reports.CoccidiaLog.RowsPerPage(CoccidiaLog.java:113)
at Test.Ancera.Reports.CoccidiaLog.RowsPerPage(CoccidiaLog.java:113)
at Test.Ancera.Reports.CoccidiaLog.RowsPerPage(CoccidiaLog.java:113)
at Test.Ancera.Reports.CoccidiaLog.RowsPerPage(CoccidiaLog.java:113)
at Test.Ancera.Reports.CoccidiaLog.RowsPerPage(CoccidiaLog.java:113)
at Test.Ancera.Reports.CoccidiaLog.RowsPerPage(CoccidiaLog.java:113)
at Test.Ancera.Reports.CoccidiaLog.RowsPerPage(CoccidiaLog.java:113)
at Test.Ancera.Reports.CoccidiaLog.RowsPerPage(CoccidiaLog.java:113)
at Test.Ancera.Reports.CoccidiaLog.RowsPerPage(CoccidiaLog.java:113)
at Test.Ancera.Reports.CoccidiaLog.RowsPerPage(CoccidiaLog.java:113)
at Test.Ancera.Reports.CoccidiaLog.RowsPerPage(CoccidiaLog.java:113)
at Test.Ancera.Reports.CoccidiaLog.RowsPerPage(CoccidiaLog.java:113)
at Test.Ancera.Reports.CoccidiaLog.RowsPerPage(CoccidiaLog.java:113)
at Test.Ancera.Reports.CoccidiaLog.RowsPerPage(CoccidiaLog.java:113)
at Test.Ancera.Reports.CoccidiaLog.RowsPerPage(CoccidiaLog.java:113)
at Test.Ancera.Reports.CoccidiaLog.RowsPerPage(CoccidiaLog.java:113)
at Test.Ancera.Reports.CoccidiaLog.RowsPerPage(CoccidiaLog.java:113)
at Test.Ancera.Reports.CoccidiaLog.RowsPerPage(CoccidiaLog.java:113)
at Test.Ancera.Reports.CoccidiaLog.RowsPerPage(CoccidiaLog.java:113)
at Test.Ancera.Reports.CoccidiaLog.RowsPerPage(CoccidiaLog.java:113)
at Test.Ancera.Reports.CoccidiaLog.RowsPerPage(CoccidiaLog.java:113)
at Test.Ancera.Reports.CoccidiaLog.RowsPerPage(CoccidiaLog.java:113)
at Test.Ancera.Reports.CoccidiaLog.RowsPerPage(CoccidiaLog.java:113)
at Test.Ancera.Reports.CoccidiaLog.RowsPerPage(CoccidiaLog.java:113)
at Test.Ancera.Reports.CoccidiaLog.RowsPerPage(CoccidiaLog.java:113)
at Test.Ancera.Reports.CoccidiaLog.RowsPerPage(CoccidiaLog.java:113)
at Test.Ancera.Reports.CoccidiaLog.RowsPerPage(CoccidiaLog.java:113)
at Test.Ancera.Reports.CoccidiaLog.RowsPerPage(CoccidiaLog.java:113)
at Test.Ancera.Reports.CoccidiaLog.RowsPerPage(CoccidiaLog.java:113)
at Test.Ancera.Reports.CoccidiaLog.RowsPerPage(CoccidiaLog.java:113)
at Test.Ancera.Reports.CoccidiaLog.RowsPerPage(CoccidiaLog.java:113)
at Test.Ancera.Reports.CoccidiaLog.RowsPerPage(CoccidiaLog.java:113)
at Test.Ancera.Reports.CoccidiaLog.RowsPerPage(CoccidiaLog.java:113)
at Test.Ancera.Reports.CoccidiaLog.RowsPerPage(CoccidiaLog.java:113)
at Test.Ancera.Reports.CoccidiaLog.RowsPerPage(CoccidiaLog.java:113)
at Test.Ancera.Reports.CoccidiaLog.RowsPerPage(CoccidiaLog.java:113)
at Test.Ancera.Reports.CoccidiaLog.RowsPerPage(CoccidiaLog.java:113)
at Test.Ancera.Reports.CoccidiaLog.RowsPerPage(CoccidiaLog.java:113)
at Test.Ancera.Reports.CoccidiaLog.RowsPerPage(CoccidiaLog.java:113)
at Test.Ancera.Reports.CoccidiaLog.RowsPerPage(CoccidiaLog.java:113)
at Test.Ancera.Reports.CoccidiaLog.RowsPerPage(CoccidiaLog.java:113)
at Test.Ancera.Reports.CoccidiaLog.RowsPerPage(CoccidiaLog.java:113)
at Test.Ancera.Reports.CoccidiaLog.RowsPerPage(CoccidiaLog.java:113)
at Test.Ancera.Reports.CoccidiaLog.RowsPerPage(CoccidiaLog.java:113)
at Test.Ancera.Reports.CoccidiaLog.RowsPerPage(CoccidiaLog.java:113)
at Test.Ancera.Reports.CoccidiaLog.RowsPerPage(CoccidiaLog.java:113)
at Test.Ancera.Reports.CoccidiaLog.RowsPerPage(CoccidiaLog.java:113)
at Test.Ancera.Reports.CoccidiaLog.RowsPerPage(CoccidiaLog.java:113)
at Test.Ancera.Reports.CoccidiaLog.RowsPerPage(CoccidiaLog.java:113)
at Test.Ancera.Reports.CoccidiaLog.RowsPerPage(CoccidiaLog.java:113)
at Test.Ancera.Reports.CoccidiaLog.RowsPerPage(CoccidiaLog.java:113)
at Test.Ancera.Reports.CoccidiaLog.RowsPerPage(CoccidiaLog.java:113)
at Test.Ancera.Reports.CoccidiaLog.RowsPerPage(CoccidiaLog.java:113)
at Test.Ancera.Reports.CoccidiaLog.RowsPerPage(CoccidiaLog.java:113)
at Test.Ancera.Reports.CoccidiaLog.RowsPerPage(CoccidiaLog.java:113)
at Test.Ancera.Reports.CoccidiaLog.RowsPerPage(CoccidiaLog.java:113)
at Test.Ancera.Reports.CoccidiaLog.RowsPerPage(CoccidiaLog.java:113)
at Test.Ancera.Reports.CoccidiaLog.RowsPerPage(CoccidiaLog.java:113)
at Test.Ancera.Reports.CoccidiaLog.RowsPerPage(CoccidiaLog.java:113)
at Test.Ancera.Reports.CoccidiaLog.RowsPerPage(CoccidiaLog.java:113)
at Test.Ancera.Reports.CoccidiaLog.RowsPerPage(CoccidiaLog.java:113)
at Test.Ancera.Reports.CoccidiaLog.RowsPerPage(CoccidiaLog.java:113)
at Test.Ancera.Reports.CoccidiaLog.RowsPerPage(CoccidiaLog.java:113)
at Test.Ancera.Reports.CoccidiaLog.RowsPerPage(CoccidiaLog.java:113)
at Test.Ancera.Reports.CoccidiaLog.RowsPerPage(CoccidiaLog.java:113)
at Test.Ancera.Reports.CoccidiaLog.RowsPerPage(CoccidiaLog.java:113)
at Test.Ancera.Reports.CoccidiaLog.RowsPerPage(CoccidiaLog.java:113)
at Test.Ancera.Reports.CoccidiaLog.RowsPerPage(CoccidiaLog.java:113)
at Test.Ancera.Reports.CoccidiaLog.RowsPerPage(CoccidiaLog.java:113)
at Test.Ancera.Reports.CoccidiaLog.RowsPerPage(CoccidiaLog.java:113)
at Test.Ancera.Reports.CoccidiaLog.RowsPerPage(CoccidiaLog.java:113)
at Test.Ancera.Reports.CoccidiaLog.RowsPerPage(CoccidiaLog.java:113)
at Test.Ancera.Reports.CoccidiaLog.RowsPerPage(CoccidiaLog.java:113)
at Test.Ancera.Reports.CoccidiaLog.RowsPerPage(CoccidiaLog.java:113)
at Test.Ancera.Reports.CoccidiaLog.RowsPerPage(CoccidiaLog.java:113)
at Test.Ancera.Reports.CoccidiaLog.RowsPerPage(CoccidiaLog.java:113)
at Test.Ancera.Reports.CoccidiaLog.RowsPerPage(CoccidiaLog.java:113)
at Test.Ancera.Reports.CoccidiaLog.RowsPerPage(CoccidiaLog.java:113)
at Test.Ancera.Reports.CoccidiaLog.RowsPerPage(CoccidiaLog.java:113)
at Test.Ancera.Reports.CoccidiaLog.RowsPerPage(CoccidiaLog.java:113)
at Test.Ancera.Reports.CoccidiaLog.RowsPerPage(CoccidiaLog.java:113)
at Test.Ancera.Reports.CoccidiaLog.RowsPerPage(CoccidiaLog.java:113)
at Test.Ancera.Reports.CoccidiaLog.RowsPerPage(CoccidiaLog.java:113)
at Test.Ancera.Reports.CoccidiaLog.RowsPerPage(CoccidiaLog.java:113)
at Test.Ancera.Reports.CoccidiaLog.RowsPerPage(CoccidiaLog.java:113)
at Test.Ancera.Reports.CoccidiaLog.RowsPerPage(CoccidiaLog.java:113)
at Test.Ancera.Reports.CoccidiaLog.RowsPerPage(CoccidiaLog.java:113)
at Test.Ancera.Reports.CoccidiaLog.RowsPerPage(CoccidiaLog.java:113)
at Test.Ancera.Reports.CoccidiaLog.RowsPerPage(CoccidiaLog.java:113)
at Test.Ancera.Reports.CoccidiaLog.RowsPerPage(CoccidiaLog.java:113)
at Test.Ancera.Reports.CoccidiaLog.RowsPerPage(CoccidiaLog.java:113)
at Test.Ancera.Reports.CoccidiaLog.RowsPerPage(CoccidiaLog.java:113)
at Test.Ancera.Reports.CoccidiaLog.RowsPerPage(CoccidiaLog.java:113)
at Test.Ancera.Reports.CoccidiaLog.RowsPerPage(CoccidiaLog.java:113)
at Test.Ancera.Reports.CoccidiaLog.RowsPerPage(CoccidiaLog.java:113)
at Test.Ancera.Reports.CoccidiaLog.RowsPerPage(CoccidiaLog.java:113)
at Test.Ancera.Reports.CoccidiaLog.RowsPerPage(CoccidiaLog.java:113)
at Test.Ancera.Reports.CoccidiaLog.RowsPerPage(CoccidiaLog.java:113)
at Test.Ancera.Reports.CoccidiaLog.RowsPerPage(CoccidiaLog.java:113)
at Test.Ancera.Reports.CoccidiaLog.RowsPerPage(CoccidiaLog.java:113)
at Test.Ancera.Reports.CoccidiaLog.RowsPerPage(CoccidiaLog.java:113)
at Test.Ancera.Reports.CoccidiaLog.RowsPerPage(CoccidiaLog.java:113)
at Test.Ancera.Reports.CoccidiaLog.RowsPerPage(CoccidiaLog.java:113)
at Test.Ancera.Reports.CoccidiaLog.RowsPerPage(CoccidiaLog.java:113)
at Test.Ancera.Reports.CoccidiaLog.RowsPerPage(CoccidiaLog.java:113)
at Test.Ancera.Reports.CoccidiaLog.RowsPerPage(CoccidiaLog.java:113)
at Test.Ancera.Reports.CoccidiaLog.RowsPerPage(CoccidiaLog.java:113)
at Test.Ancera.Reports.CoccidiaLog.RowsPerPage(CoccidiaLog.java:113)
at Test.Ancera.Reports.CoccidiaLog.RowsPerPage(CoccidiaLog.java:113)
at Test.Ancera.Reports.CoccidiaLog.RowsPerPage(CoccidiaLog.java:113)
at Test.Ancera.Reports.CoccidiaLog.RowsPerPage(CoccidiaLog.java:113)
at Test.Ancera.Reports.CoccidiaLog.RowsPerPage(CoccidiaLog.java:113)
at Test.Ancera.Reports.CoccidiaLog.RowsPerPage(CoccidiaLog.java:113)
at Test.Ancera.Reports.CoccidiaLog.RowsPerPage(CoccidiaLog.java:113)
at Test.Ancera.Reports.CoccidiaLog.RowsPerPage(CoccidiaLog.java:113)
at Test.Ancera.Reports.CoccidiaLog.RowsPerPage(CoccidiaLog.java:113)
at Test.Ancera.Reports.CoccidiaLog.RowsPerPage(CoccidiaLog.java:113)
at Test.Ancera.Reports.CoccidiaLog.RowsPerPage(CoccidiaLog.java:113)
at Test.Ancera.Reports.CoccidiaLog.RowsPerPage(CoccidiaLog.java:113)
at Test.Ancera.Reports.CoccidiaLog.RowsPerPage(CoccidiaLog.java:113)
at Test.Ancera.Reports.CoccidiaLog.RowsPerPage(CoccidiaLog.java:113)
at Test.Ancera.Reports.CoccidiaLog.RowsPerPage(CoccidiaLog.java:113)
at Test.Ancera.Reports.CoccidiaLog.RowsPerPage(CoccidiaLog.java:113)
at Test.Ancera.Reports.CoccidiaLog.RowsPerPage(CoccidiaLog.java:113)
at Test.Ancera.Reports.CoccidiaLog.RowsPerPage(CoccidiaLog.java:113)
at Test.Ancera.Reports.CoccidiaLog.RowsPerPage(CoccidiaLog.java:113)
at Test.Ancera.Reports.CoccidiaLog.RowsPerPage(CoccidiaLog.java:113)
at Test.Ancera.Reports.CoccidiaLog.RowsPerPage(CoccidiaLog.java:113)
at Test.Ancera.Reports.CoccidiaLog.RowsPerPage(CoccidiaLog.java:113)
at Test.Ancera.Reports.CoccidiaLog.RowsPerPage(CoccidiaLog.java:113)
at Test.Ancera.Reports.CoccidiaLog.RowsPerPage(CoccidiaLog.java:113)
at Test.Ancera.Reports.CoccidiaLog.RowsPerPage(CoccidiaLog.java:113)
at Test.Ancera.Reports.CoccidiaLog.RowsPerPage(CoccidiaLog.java:113)
at Test.Ancera.Reports.CoccidiaLog.RowsPerPage(CoccidiaLog.java:113)
at Test.Ancera.Reports.CoccidiaLog.RowsPerPage(CoccidiaLog.java:113)
at Test.Ancera.Reports.CoccidiaLog.RowsPerPage(CoccidiaLog.java:113)
at Test.Ancera.Reports.CoccidiaLog.RowsPerPage(CoccidiaLog.java:113)
at Test.Ancera.Reports.CoccidiaLog.RowsPerPage(CoccidiaLog.java:113)
at Test.Ancera.Reports.CoccidiaLog.RowsPerPage(CoccidiaLog.java:113)
at Test.Ancera.Reports.CoccidiaLog.RowsPerPage(CoccidiaLog.java:113)
at Test.Ancera.Reports.CoccidiaLog.RowsPerPage(CoccidiaLog.java:113)
at Test.Ancera.Reports.CoccidiaLog.RowsPerPage(CoccidiaLog.java:113)
at Test.Ancera.Reports.CoccidiaLog.RowsPerPage(CoccidiaLog.java:113)
at Test.Ancera.Reports.CoccidiaLog.RowsPerPage(CoccidiaLog.java:113)
at Test.Ancera.Reports.CoccidiaLog.RowsPerPage(CoccidiaLog.java:113)
at Test.Ancera.Reports.CoccidiaLog.RowsPerPage(CoccidiaLog.java:113)
at Test.Ancera.Reports.CoccidiaLog.RowsPerPage(CoccidiaLog.java:113)
at Test.Ancera.Reports.CoccidiaLog.RowsPerPage(CoccidiaLog.java:113)
at Test.Ancera.Reports.CoccidiaLog.RowsPerPage(CoccidiaLog.java:113)
at Test.Ancera.Reports.CoccidiaLog.RowsPerPage(CoccidiaLog.java:113)
at Test.Ancera.Reports.CoccidiaLog.RowsPerPage(CoccidiaLog.java:113)
at Test.Ancera.Reports.CoccidiaLog.RowsPerPage(CoccidiaLog.java:113)
at Test.Ancera.Reports.CoccidiaLog.RowsPerPage(CoccidiaLog.java:113)
at Test.Ancera.Reports.CoccidiaLog.RowsPerPage(CoccidiaLog.java:113)
at Test.Ancera.Reports.CoccidiaLog.RowsPerPage(CoccidiaLog.java:113)
at Test.Ancera.Reports.CoccidiaLog.RowsPerPage(CoccidiaLog.java:113)
at Test.Ancera.Reports.CoccidiaLog.RowsPerPage(CoccidiaLog.java:113)
at Test.Ancera.Reports.CoccidiaLog.RowsPerPage(CoccidiaLog.java:113)
at Test.Ancera.Reports.CoccidiaLog.RowsPerPage(CoccidiaLog.java:113)
at Test.Ancera.Reports.CoccidiaLog.RowsPerPage(CoccidiaLog.java:113)
at Test.Ancera.Reports.CoccidiaLog.RowsPerPage(CoccidiaLog.java:113)
at Test.Ancera.Reports.CoccidiaLog.RowsPerPage(CoccidiaLog.java:113)
at Test.Ancera.Reports.CoccidiaLog.RowsPerPage(CoccidiaLog.java:113)
at Test.Ancera.Reports.CoccidiaLog.RowsPerPage(CoccidiaLog.java:113)
at Test.Ancera.Reports.CoccidiaLog.RowsPerPage(CoccidiaLog.java:113)
at Test.Ancera.Reports.CoccidiaLog.RowsPerPage(CoccidiaLog.java:113)
at Test.Ancera.Reports.CoccidiaLog.RowsPerPage(CoccidiaLog.java:113)
at Test.Ancera.Reports.CoccidiaLog.RowsPerPage(CoccidiaLog.java:113)
at Test.Ancera.Reports.CoccidiaLog.RowsPerPage(CoccidiaLog.java:113)
at Test.Ancera.Reports.CoccidiaLog.RowsPerPage(CoccidiaLog.java:113)
at Test.Ancera.Reports.CoccidiaLog.RowsPerPage(CoccidiaLog.java:113)
at Test.Ancera.Reports.CoccidiaLog.RowsPerPage(CoccidiaLog.java:113)
at Test.Ancera.Reports.CoccidiaLog.RowsPerPage(CoccidiaLog.java:113)
at Test.Ancera.Reports.CoccidiaLog.RowsPerPage(CoccidiaLog.java:113)
at Test.Ancera.Reports.CoccidiaLog.RowsPerPage(CoccidiaLog.java:113)
at Test.Ancera.Reports.CoccidiaLog.RowsPerPage(CoccidiaLog.java:113)
at Test.Ancera.Reports.CoccidiaLog.RowsPerPage(CoccidiaLog.java:113)
at Test.Ancera.Reports.CoccidiaLog.RowsPerPage(CoccidiaLog.java:113)
at Test.Ancera.Reports.CoccidiaLog.RowsPerPage(CoccidiaLog.java:113)
at Test.Ancera.Reports.CoccidiaLog.RowsPerPage(CoccidiaLog.java:113)
at Test.Ancera.Reports.CoccidiaLog.RowsPerPage(CoccidiaLog.java:113)
at Test.Ancera.Reports.CoccidiaLog.RowsPerPage(CoccidiaLog.java:113)
at Test.Ancera.Reports.CoccidiaLog.RowsPerPage(CoccidiaLog.java:113)
at Test.Ancera.Reports.CoccidiaLog.RowsPerPage(CoccidiaLog.java:113)
at Test.Ancera.Reports.CoccidiaLog.RowsPerPage(CoccidiaLog.java:113)
at Test.Ancera.Reports.CoccidiaLog.RowsPerPage(CoccidiaLog.java:113)
at Test.Ancera.Reports.CoccidiaLog.RowsPerPage(CoccidiaLog.java:113)
at Test.Ancera.Reports.CoccidiaLog.RowsPerPage(CoccidiaLog.java:113)
at Test.Ancera.Reports.CoccidiaLog.RowsPerPage(CoccidiaLog.java:113)
at Test.Ancera.Reports.CoccidiaLog.RowsPerPage(CoccidiaLog.java:113)
at Test.Ancera.Reports.CoccidiaLog.RowsPerPage(CoccidiaLog.java:113)
at Test.Ancera.Reports.CoccidiaLog.RowsPerPage(CoccidiaLog.java:113)
at Test.Ancera.Reports.CoccidiaLog.RowsPerPage(CoccidiaLog.java:113)
at Test.Ancera.Reports.CoccidiaLog.RowsPerPage(CoccidiaLog.java:113)
at Test.Ancera.Reports.CoccidiaLog.RowsPerPage(CoccidiaLog.java:113)
at Test.Ancera.Reports.CoccidiaLog.RowsPerPage(CoccidiaLog.java:113)
at Test.Ancera.Reports.CoccidiaLog.RowsPerPage(CoccidiaLog.java:113)
at Test.Ancera.Reports.CoccidiaLog.RowsPerPage(CoccidiaLog.java:113)
at Test.Ancera.Reports.CoccidiaLog.RowsPerPage(CoccidiaLog.java:113)
at Test.Ancera.Reports.CoccidiaLog.RowsPerPage(CoccidiaLog.java:113)
at Test.Ancera.Reports.CoccidiaLog.RowsPerPage(CoccidiaLog.java:113)
at Test.Ancera.Reports.CoccidiaLog.RowsPerPage(CoccidiaLog.java:113)
at Test.Ancera.Reports.CoccidiaLog.RowsPerPage(CoccidiaLog.java:113)
at Test.Ancera.Reports.CoccidiaLog.RowsPerPage(CoccidiaLog.java:113)
at Test.Ancera.Reports.CoccidiaLog.RowsPerPage(CoccidiaLog.java:113)
at Test.Ancera.Reports.CoccidiaLog.RowsPerPage(CoccidiaLog.java:113)
at Test.Ancera.Reports.CoccidiaLog.RowsPerPage(CoccidiaLog.java:113)
at Test.Ancera.Reports.CoccidiaLog.RowsPerPage(CoccidiaLog.java:113)
at Test.Ancera.Reports.CoccidiaLog.RowsPerPage(CoccidiaLog.java:113)
at Test.Ancera.Reports.CoccidiaLog.RowsPerPage(CoccidiaLog.java:113)
at Test.Ancera.Reports.CoccidiaLog.RowsPerPage(CoccidiaLog.java:113)
at Test.Ancera.Reports.CoccidiaLog.RowsPerPage(CoccidiaLog.java:113)
at Test.Ancera.Reports.CoccidiaLog.RowsPerPage(CoccidiaLog.java:113)
at Test.Ancera.Reports.CoccidiaLog.RowsPerPage(CoccidiaLog.java:113)
at Test.Ancera.Reports.CoccidiaLog.RowsPerPage(CoccidiaLog.java:113)
at Test.Ancera.Reports.CoccidiaLog.RowsPerPage(CoccidiaLog.java:113)
at Test.Ancera.Reports.CoccidiaLog.RowsPerPage(CoccidiaLog.java:113)
at Test.Ancera.Reports.CoccidiaLog.RowsPerPage(CoccidiaLog.java:113)
at Test.Ancera.Reports.CoccidiaLog.RowsPerPage(CoccidiaLog.java:113)
at Test.Ancera.Reports.CoccidiaLog.RowsPerPage(CoccidiaLog.java:113)
at Test.Ancera.Reports.CoccidiaLog.RowsPerPage(CoccidiaLog.java:113)
at Test.Ancera.Reports.CoccidiaLog.RowsPerPage(CoccidiaLog.java:113)
at Test.Ancera.Reports.CoccidiaLog.RowsPerPage(CoccidiaLog.java:113)
at Test.Ancera.Reports.CoccidiaLog.RowsPerPage(CoccidiaLog.java:113)
at Test.Ancera.Reports.CoccidiaLog.RowsPerPage(CoccidiaLog.java:113)
at Test.Ancera.Reports.CoccidiaLog.RowsPerPage(CoccidiaLog.java:113)
at Test.Ancera.Reports.CoccidiaLog.RowsPerPage(CoccidiaLog.java:113)
at Test.Ancera.Reports.CoccidiaLog.RowsPerPage(CoccidiaLog.java:113)
at Test.Ancera.Reports.CoccidiaLog.RowsPerPage(CoccidiaLog.java:113)
at Test.Ancera.Reports.CoccidiaLog.RowsPerPage(CoccidiaLog.java:113)
at Test.Ancera.Reports.CoccidiaLog.RowsPerPage(CoccidiaLog.java:113)
at Test.Ancera.Reports.CoccidiaLog.RowsPerPage(CoccidiaLog.java:113)
at Test.Ancera.Reports.CoccidiaLog.RowsPerPage(CoccidiaLog.java:113)
at Test.Ancera.Reports.CoccidiaLog.RowsPerPage(CoccidiaLog.java:113)
at Test.Ancera.Reports.CoccidiaLog.RowsPerPage(CoccidiaLog.java:113)
at Test.Ancera.Reports.CoccidiaLog.RowsPerPage(CoccidiaLog.java:113)
at Test.Ancera.Reports.CoccidiaLog.RowsPerPage(CoccidiaLog.java:113)
at Test.Ancera.Reports.CoccidiaLog.RowsPerPage(CoccidiaLog.java:113)
at Test.Ancera.Reports.CoccidiaLog.RowsPerPage(CoccidiaLog.java:113)
at Test.Ancera.Reports.CoccidiaLog.RowsPerPage(CoccidiaLog.java:113)
at Test.Ancera.Reports.CoccidiaLog.RowsPerPage(CoccidiaLog.java:113)
at Test.Ancera.Reports.CoccidiaLog.RowsPerPage(CoccidiaLog.java:113)
at Test.Ancera.Reports.CoccidiaLog.RowsPerPage(CoccidiaLog.java:113)
at Test.Ancera.Reports.CoccidiaLog.RowsPerPage(CoccidiaLog.java:113)
at Test.Ancera.Reports.CoccidiaLog.RowsPerPage(CoccidiaLog.java:113)
at Test.Ancera.Reports.CoccidiaLog.RowsPerPage(CoccidiaLog.java:113)
at Test.Ancera.Reports.CoccidiaLog.RowsPerPage(CoccidiaLog.java:113)
at Test.Ancera.Reports.CoccidiaLog.RowsPerPage(CoccidiaLog.java:113)
at Test.Ancera.Reports.CoccidiaLog.RowsPerPage(CoccidiaLog.java:113)
at Test.Ancera.Reports.CoccidiaLog.RowsPerPage(CoccidiaLog.java:113)
at Test.Ancera.Reports.CoccidiaLog.RowsPerPage(CoccidiaLog.java:113)
at Test.Ancera.Reports.CoccidiaLog.RowsPerPage(CoccidiaLog.java:113)
at Test.Ancera.Reports.CoccidiaLog.RowsPerPage(CoccidiaLog.java:113)
at Test.Ancera.Reports.CoccidiaLog.RowsPerPage(CoccidiaLog.java:113)
at Test.Ancera.Reports.CoccidiaLog.RowsPerPage(CoccidiaLog.java:113)
at Test.Ancera.Reports.CoccidiaLog.RowsPerPage(CoccidiaLog.java:113)
at Test.Ancera.Reports.CoccidiaLog.RowsPerPage(CoccidiaLog.java:113)
at Test.Ancera.Reports.CoccidiaLog.RowsPerPage(CoccidiaLog.java:113)
at Test.Ancera.Reports.CoccidiaLog.RowsPerPage(CoccidiaLog.java:113)
at Test.Ancera.Reports.CoccidiaLog.RowsPerPage(CoccidiaLog.java:113)
at Test.Ancera.Reports.CoccidiaLog.RowsPerPage(CoccidiaLog.java:113)
at Test.Ancera.Reports.CoccidiaLog.RowsPerPage(CoccidiaLog.java:113)
at Test.Ancera.Reports.CoccidiaLog.RowsPerPage(CoccidiaLog.java:113)
at Test.Ancera.Reports.CoccidiaLog.RowsPerPage(CoccidiaLog.java:113)
at Test.Ancera.Reports.CoccidiaLog.RowsPerPage(CoccidiaLog.java:113)
at Test.Ancera.Reports.CoccidiaLog.RowsPerPage(CoccidiaLog.java:113)
at Test.Ancera.Reports.CoccidiaLog.RowsPerPage(CoccidiaLog.java:113)
at Test.Ancera.Reports.CoccidiaLog.RowsPerPage(CoccidiaLog.java:113)
at Test.Ancera.Reports.CoccidiaLog.RowsPerPage(CoccidiaLog.java:113)
at Test.Ancera.Reports.CoccidiaLog.RowsPerPage(CoccidiaLog.java:113)
at Test.Ancera.Reports.CoccidiaLog.RowsPerPage(CoccidiaLog.java:113)
at Test.Ancera.Reports.CoccidiaLog.RowsPerPage(CoccidiaLog.java:113)
at Test.Ancera.Reports.CoccidiaLog.RowsPerPage(CoccidiaLog.java:113)
at Test.Ancera.Reports.CoccidiaLog.RowsPerPage(CoccidiaLog.java:113)
at Test.Ancera.Reports.CoccidiaLog.RowsPerPage(CoccidiaLog.java:113)
at Test.Ancera.Reports.CoccidiaLog.RowsPerPage(CoccidiaLog.java:113)
at Test.Ancera.Reports.CoccidiaLog.RowsPerPage(CoccidiaLog.java:113)
at Test.Ancera.Reports.CoccidiaLog.RowsPerPage(CoccidiaLog.java:113)
at Test.Ancera.Reports.CoccidiaLog.RowsPerPage(CoccidiaLog.java:113)
at Test.Ancera.Reports.CoccidiaLog.RowsPerPage(CoccidiaLog.java:113)
at Test.Ancera.Reports.CoccidiaLog.RowsPerPage(CoccidiaLog.java:113)
at Test.Ancera.Reports.CoccidiaLog.RowsPerPage(CoccidiaLog.java:113)
at Test.Ancera.Reports.CoccidiaLog.RowsPerPage(CoccidiaLog.java:113)
at Test.Ancera.Reports.CoccidiaLog.RowsPerPage(CoccidiaLog.java:113)
at Test.Ancera.Reports.CoccidiaLog.RowsPerPage(CoccidiaLog.java:113)
at Test.Ancera.Reports.CoccidiaLog.RowsPerPage(CoccidiaLog.java:113)
at Test.Ancera.Reports.CoccidiaLog.RowsPerPage(CoccidiaLog.java:113)
at Test.Ancera.Reports.CoccidiaLog.RowsPerPage(CoccidiaLog.java:113)
at Test.Ancera.Reports.CoccidiaLog.RowsPerPage(CoccidiaLog.java:113)
at Test.Ancera.Reports.CoccidiaLog.RowsPerPage(CoccidiaLog.java:113)
at Test.Ancera.Reports.CoccidiaLog.RowsPerPage(CoccidiaLog.java:113)
at Test.Ancera.Reports.CoccidiaLog.RowsPerPage(CoccidiaLog.java:113)
at Test.Ancera.Reports.CoccidiaLog.RowsPerPage(CoccidiaLog.java:113)
at Test.Ancera.Reports.CoccidiaLog.RowsPerPage(CoccidiaLog.java:113)
at Test.Ancera.Reports.CoccidiaLog.RowsPerPage(CoccidiaLog.java:113)
at Test.Ancera.Reports.CoccidiaLog.RowsPerPage(CoccidiaLog.java:113)
at Test.Ancera.Reports.CoccidiaLog.RowsPerPage(CoccidiaLog.java:113)
at Test.Ancera.Reports.CoccidiaLog.RowsPerPage(CoccidiaLog.java:113)
at Test.Ancera.Reports.CoccidiaLog.RowsPerPage(CoccidiaLog.java:113)
at Test.Ancera.Reports.CoccidiaLog.RowsPerPage(CoccidiaLog.java:113)
at Test.Ancera.Reports.CoccidiaLog.RowsPerPage(CoccidiaLog.java:113)
at Test.Ancera.Reports.CoccidiaLog.RowsPerPage(CoccidiaLog.java:113)
at Test.Ancera.Reports.CoccidiaLog.RowsPerPage(CoccidiaLog.java:113)
at Test.Ancera.Reports.CoccidiaLog.RowsPerPage(CoccidiaLog.java:113)
at Test.Ancera.Reports.CoccidiaLog.RowsPerPage(CoccidiaLog.java:113)
at Test.Ancera.Reports.CoccidiaLog.RowsPerPage(CoccidiaLog.java:113)
at Test.Ancera.Reports.CoccidiaLog.RowsPerPage(CoccidiaLog.java:113)
at Test.Ancera.Reports.CoccidiaLog.RowsPerPage(CoccidiaLog.java:113)
at Test.Ancera.Reports.CoccidiaLog.RowsPerPage(CoccidiaLog.java:113)
at Test.Ancera.Reports.CoccidiaLog.RowsPerPage(CoccidiaLog.java:113)
at Test.Ancera.Reports.CoccidiaLog.RowsPerPage(CoccidiaLog.java:113)
at Test.Ancera.Reports.CoccidiaLog.RowsPerPage(CoccidiaLog.java:113)
at Test.Ancera.Reports.CoccidiaLog.RowsPerPage(CoccidiaLog.java:113)
at Test.Ancera.Reports.CoccidiaLog.RowsPerPage(CoccidiaLog.java:113)
at Test.Ancera.Reports.CoccidiaLog.RowsPerPage(CoccidiaLog.java:113)
at Test.Ancera.Reports.CoccidiaLog.RowsPerPage(CoccidiaLog.java:113)
at Test.Ancera.Reports.CoccidiaLog.RowsPerPage(CoccidiaLog.java:113)
at Test.Ancera.Reports.CoccidiaLog.RowsPerPage(CoccidiaLog.java:113)
at Test.Ancera.Reports.CoccidiaLog.RowsPerPage(CoccidiaLog.java:113)
at Test.Ancera.Reports.CoccidiaLog.RowsPerPage(CoccidiaLog.java:113)
at Test.Ancera.Reports.CoccidiaLog.RowsPerPage(CoccidiaLog.java:113)
at Test.Ancera.Reports.CoccidiaLog.RowsPerPage(CoccidiaLog.java:113)
at Test.Ancera.Reports.CoccidiaLog.RowsPerPage(CoccidiaLog.java:113)
at Test.Ancera.Reports.CoccidiaLog.RowsPerPage(CoccidiaLog.java:113)
at Test.Ancera.Reports.CoccidiaLog.RowsPerPage(CoccidiaLog.java:113)
at Test.Ancera.Reports.CoccidiaLog.RowsPerPage(CoccidiaLog.java:113)
at Test.Ancera.Reports.CoccidiaLog.RowsPerPage(CoccidiaLog.java:113)
at Test.Ancera.Reports.CoccidiaLog.RowsPerPage(CoccidiaLog.java:113)
at Test.Ancera.Reports.CoccidiaLog.RowsPerPage(CoccidiaLog.java:113)
at Test.Ancera.Reports.CoccidiaLog.RowsPerPage(CoccidiaLog.java:113)
at Test.Ancera.Reports.CoccidiaLog.RowsPerPage(CoccidiaLog.java:113)
at Test.Ancera.Reports.CoccidiaLog.RowsPerPage(CoccidiaLog.java:113)
at Test.Ancera.Reports.CoccidiaLog.RowsPerPage(CoccidiaLog.java:113)
at Test.Ancera.Reports.CoccidiaLog.RowsPerPage(CoccidiaLog.java:113)
at Test.Ancera.Reports.CoccidiaLog.RowsPerPage(CoccidiaLog.java:113)
at Test.Ancera.Reports.CoccidiaLog.RowsPerPage(CoccidiaLog.java:113)
at Test.Ancera.Reports.CoccidiaLog.RowsPerPage(CoccidiaLog.java:113)
at Test.Ancera.Reports.CoccidiaLog.RowsPerPage(CoccidiaLog.java:113)
at Test.Ancera.Reports.CoccidiaLog.RowsPerPage(CoccidiaLog.java:113)
at Test.Ancera.Reports.CoccidiaLog.RowsPerPage(CoccidiaLog.java:113)
at Test.Ancera.Reports.CoccidiaLog.RowsPerPage(CoccidiaLog.java:113)
at Test.Ancera.Reports.CoccidiaLog.RowsPerPage(CoccidiaLog.java:113)
at Test.Ancera.Reports.CoccidiaLog.RowsPerPage(CoccidiaLog.java:113)
at Test.Ancera.Reports.CoccidiaLog.RowsPerPage(CoccidiaLog.java:113)
at Test.Ancera.Reports.CoccidiaLog.RowsPerPage(CoccidiaLog.java:113)
at Test.Ancera.Reports.CoccidiaLog.RowsPerPage(CoccidiaLog.java:113)
at Test.Ancera.Reports.CoccidiaLog.RowsPerPage(CoccidiaLog.java:113)
at Test.Ancera.Reports.CoccidiaLog.RowsPerPage(CoccidiaLog.java:113)
at Test.Ancera.Reports.CoccidiaLog.RowsPerPage(CoccidiaLog.java:113)
at Test.Ancera.Reports.CoccidiaLog.RowsPerPage(CoccidiaLog.java:113)
at Test.Ancera.Reports.CoccidiaLog.RowsPerPage(CoccidiaLog.java:113)
at Test.Ancera.Reports.CoccidiaLog.RowsPerPage(CoccidiaLog.java:113)
at Test.Ancera.Reports.CoccidiaLog.RowsPerPage(CoccidiaLog.java:113)
at Test.Ancera.Reports.CoccidiaLog.RowsPerPage(CoccidiaLog.java:113)
at Test.Ancera.Reports.CoccidiaLog.RowsPerPage(CoccidiaLog.java:113)
at Test.Ancera.Reports.CoccidiaLog.RowsPerPage(CoccidiaLog.java:113)
at Test.Ancera.Reports.CoccidiaLog.RowsPerPage(CoccidiaLog.java:113)
at Test.Ancera.Reports.CoccidiaLog.RowsPerPage(CoccidiaLog.java:113)
at Test.Ancera.Reports.CoccidiaLog.RowsPerPage(CoccidiaLog.java:113)
at Test.Ancera.Reports.CoccidiaLog.RowsPerPage(CoccidiaLog.java:113)
at Test.Ancera.Reports.CoccidiaLog.RowsPerPage(CoccidiaLog.java:113)
at Test.Ancera.Reports.CoccidiaLog.RowsPerPage(CoccidiaLog.java:113)
at Test.Ancera.Reports.CoccidiaLog.RowsPerPage(CoccidiaLog.java:113)
at Test.Ancera.Reports.CoccidiaLog.RowsPerPage(CoccidiaLog.java:113)
at Test.Ancera.Reports.CoccidiaLog.RowsPerPage(CoccidiaLog.java:113)
at Test.Ancera.Reports.CoccidiaLog.RowsPerPage(CoccidiaLog.java:113)
at Test.Ancera.Reports.CoccidiaLog.RowsPerPage(CoccidiaLog.java:113)
at Test.Ancera.Reports.CoccidiaLog.RowsPerPage(CoccidiaLog.java:113)
at Test.Ancera.Reports.CoccidiaLog.RowsPerPage(CoccidiaLog.java:113)
at Test.Ancera.Reports.CoccidiaLog.RowsPerPage(CoccidiaLog.java:113)
at Test.Ancera.Reports.CoccidiaLog.RowsPerPage(CoccidiaLog.java:113)
at Test.Ancera.Reports.CoccidiaLog.RowsPerPage(CoccidiaLog.java:113)
at Test.Ancera.Reports.CoccidiaLog.RowsPerPage(CoccidiaLog.java:113)
at Test.Ancera.Reports.CoccidiaLog.RowsPerPage(CoccidiaLog.java:113)
at Test.Ancera.Reports.CoccidiaLog.RowsPerPage(CoccidiaLog.java:113)
at Test.Ancera.Reports.CoccidiaLog.RowsPerPage(CoccidiaLog.java:113)
at Test.Ancera.Reports.CoccidiaLog.RowsPerPage(CoccidiaLog.java:113)
at Test.Ancera.Reports.CoccidiaLog.RowsPerPage(CoccidiaLog.java:113)
at Test.Ancera.Reports.CoccidiaLog.RowsPerPage(CoccidiaLog.java:113)
at Test.Ancera.Reports.CoccidiaLog.RowsPerPage(CoccidiaLog.java:113)
at Test.Ancera.Reports.CoccidiaLog.RowsPerPage(CoccidiaLog.java:113)
at Test.Ancera.Reports.CoccidiaLog.RowsPerPage(CoccidiaLog.java:113)
at Test.Ancera.Reports.CoccidiaLog.RowsPerPage(CoccidiaLog.java:113)
at Test.Ancera.Reports.CoccidiaLog.RowsPerPage(CoccidiaLog.java:113)
at Test.Ancera.Reports.CoccidiaLog.RowsPerPage(CoccidiaLog.java:113)
at Test.Ancera.Reports.CoccidiaLog.RowsPerPage(CoccidiaLog.java:113)
at Test.Ancera.Reports.CoccidiaLog.RowsPerPage(CoccidiaLog.java:113)
at Test.Ancera.Reports.CoccidiaLog.RowsPerPage(CoccidiaLog.java:113)
at Test.Ancera.Reports.CoccidiaLog.RowsPerPage(CoccidiaLog.java:113)
at Test.Ancera.Reports.CoccidiaLog.RowsPerPage(CoccidiaLog.java:113)
at Test.Ancera.Reports.CoccidiaLog.RowsPerPage(CoccidiaLog.java:113)
at Test.Ancera.Reports.CoccidiaLog.RowsPerPage(CoccidiaLog.java:113)
at Test.Ancera.Reports.CoccidiaLog.RowsPerPage(CoccidiaLog.java:113)
at Test.Ancera.Reports.CoccidiaLog.RowsPerPage(CoccidiaLog.java:113)
at Test.Ancera.Reports.CoccidiaLog.RowsPerPage(CoccidiaLog.java:113)
at Test.Ancera.Reports.CoccidiaLog.RowsPerPage(CoccidiaLog.java:113)
at Test.Ancera.Reports.CoccidiaLog.RowsPerPage(CoccidiaLog.java:113)
at Test.Ancera.Reports.CoccidiaLog.RowsPerPage(CoccidiaLog.java:113)
at Test.Ancera.Reports.CoccidiaLog.RowsPerPage(CoccidiaLog.java:113)
at Test.Ancera.Reports.CoccidiaLog.RowsPerPage(CoccidiaLog.java:113)
at Test.Ancera.Reports.CoccidiaLog.RowsPerPage(CoccidiaLog.java:113)
at Test.Ancera.Reports.CoccidiaLog.RowsPerPage(CoccidiaLog.java:113)
at Test.Ancera.Reports.CoccidiaLog.RowsPerPage(CoccidiaLog.java:113)
at Test.Ancera.Reports.CoccidiaLog.RowsPerPage(CoccidiaLog.java:113)
at Test.Ancera.Reports.CoccidiaLog.RowsPerPage(CoccidiaLog.java:113)
at Test.Ancera.Reports.CoccidiaLog.RowsPerPage(CoccidiaLog.java:113)
at Test.Ancera.Reports.CoccidiaLog.RowsPerPage(CoccidiaLog.java:113)
at Test.Ancera.Reports.CoccidiaLog.RowsPerPage(CoccidiaLog.java:113)
at Test.Ancera.Reports.CoccidiaLog.RowsPerPage(CoccidiaLog.java:113)
at Test.Ancera.Reports.CoccidiaLog.RowsPerPage(CoccidiaLog.java:113)
at Test.Ancera.Reports.CoccidiaLog.RowsPerPage(CoccidiaLog.java:113)
at Test.Ancera.Reports.CoccidiaLog.RowsPerPage(CoccidiaLog.java:113)
at Test.Ancera.Reports.CoccidiaLog.RowsPerPage(CoccidiaLog.java:113)
at Test.Ancera.Reports.CoccidiaLog.RowsPerPage(CoccidiaLog.java:113)
at Test.Ancera.Reports.CoccidiaLog.RowsPerPage(CoccidiaLog.java:113)
at Test.Ancera.Reports.CoccidiaLog.RowsPerPage(CoccidiaLog.java:113)
at Test.Ancera.Reports.CoccidiaLog.RowsPerPage(CoccidiaLog.java:113)
at Test.Ancera.Reports.CoccidiaLog.RowsPerPage(CoccidiaLog.java:113)
at Test.Ancera.Reports.CoccidiaLog.RowsPerPage(CoccidiaLog.java:113)
at Test.Ancera.Reports.CoccidiaLog.RowsPerPage(CoccidiaLog.java:113)
at Test.Ancera.Reports.CoccidiaLog.RowsPerPage(CoccidiaLog.java:113)
at Test.Ancera.Reports.CoccidiaLog.RowsPerPage(CoccidiaLog.java:113)
at Test.Ancera.Reports.CoccidiaLog.RowsPerPage(CoccidiaLog.java:113)
at Test.Ancera.Reports.CoccidiaLog.RowsPerPage(CoccidiaLog.java:113)
at Test.Ancera.Reports.CoccidiaLog.RowsPerPage(CoccidiaLog.java:113)
at Test.Ancera.Reports.CoccidiaLog.RowsPerPage(CoccidiaLog.java:113)
at Test.Ancera.Reports.CoccidiaLog.RowsPerPage(CoccidiaLog.java:113)
at Test.Ancera.Reports.CoccidiaLog.RowsPerPage(CoccidiaLog.java:113)
at Test.Ancera.Reports.CoccidiaLog.RowsPerPage(CoccidiaLog.java:113)
at Test.Ancera.Reports.CoccidiaLog.RowsPerPage(CoccidiaLog.java:113)
at Test.Ancera.Reports.CoccidiaLog.RowsPerPage(CoccidiaLog.java:113)
at Test.Ancera.Reports.CoccidiaLog.RowsPerPage(CoccidiaLog.java:113)
at Test.Ancera.Reports.CoccidiaLog.RowsPerPage(CoccidiaLog.java:113)
at Test.Ancera.Reports.CoccidiaLog.RowsPerPage(CoccidiaLog.java:113)
at Test.Ancera.Reports.CoccidiaLog.RowsPerPage(CoccidiaLog.java:113)
at Test.Ancera.Reports.CoccidiaLog.RowsPerPage(CoccidiaLog.java:113)
at Test.Ancera.Reports.CoccidiaLog.RowsPerPage(CoccidiaLog.java:113)
at Test.Ancera.Reports.CoccidiaLog.RowsPerPage(CoccidiaLog.java:113)
at Test.Ancera.Reports.CoccidiaLog.RowsPerPage(CoccidiaLog.java:113)
at Test.Ancera.Reports.CoccidiaLog.RowsPerPage(CoccidiaLog.java:113)
at Test.Ancera.Reports.CoccidiaLog.RowsPerPage(CoccidiaLog.java:113)
at Test.Ancera.Reports.CoccidiaLog.RowsPerPage(CoccidiaLog.java:113)
at Test.Ancera.Reports.CoccidiaLog.RowsPerPage(CoccidiaLog.java:113)
at Test.Ancera.Reports.CoccidiaLog.RowsPerPage(CoccidiaLog.java:113)
at Test.Ancera.Reports.CoccidiaLog.RowsPerPage(CoccidiaLog.java:113)
at Test.Ancera.Reports.CoccidiaLog.RowsPerPage(CoccidiaLog.java:113)
at Test.Ancera.Reports.CoccidiaLog.RowsPerPage(CoccidiaLog.java:113)
at Test.Ancera.Reports.CoccidiaLog.RowsPerPage(CoccidiaLog.java:113)
at Test.Ancera.Reports.CoccidiaLog.RowsPerPage(CoccidiaLog.java:113)
at Test.Ancera.Reports.CoccidiaLog.RowsPerPage(CoccidiaLog.java:113)
at Test.Ancera.Reports.CoccidiaLog.RowsPerPage(CoccidiaLog.java:113)
at Test.Ancera.Reports.CoccidiaLog.RowsPerPage(CoccidiaLog.java:113)
at Test.Ancera.Reports.CoccidiaLog.RowsPerPage(CoccidiaLog.java:113)
at Test.Ancera.Reports.CoccidiaLog.RowsPerPage(CoccidiaLog.java:113)
at Test.Ancera.Reports.CoccidiaLog.RowsPerPage(CoccidiaLog.java:113)
at Test.Ancera.Reports.CoccidiaLog.RowsPerPage(CoccidiaLog.java:113)
at Test.Ancera.Reports.CoccidiaLog.RowsPerPage(CoccidiaLog.java:113)
at Test.Ancera.Reports.CoccidiaLog.RowsPerPage(CoccidiaLog.java:113)
at Test.Ancera.Reports.CoccidiaLog.RowsPerPage(CoccidiaLog.java:113)
at Test.Ancera.Reports.CoccidiaLog.RowsPerPage(CoccidiaLog.java:113)
at Test.Ancera.Reports.CoccidiaLog.RowsPerPage(CoccidiaLog.java:113)
at Test.Ancera.Reports.CoccidiaLog.RowsPerPage(CoccidiaLog.java:113)
at Test.Ancera.Reports.CoccidiaLog.RowsPerPage(CoccidiaLog.java:113)
at Test.Ancera.Reports.CoccidiaLog.RowsPerPage(CoccidiaLog.java:113)
at Test.Ancera.Reports.CoccidiaLog.RowsPerPage(CoccidiaLog.java:113)
at Test.Ancera.Reports.CoccidiaLog.RowsPerPage(CoccidiaLog.java:113)
at Test.Ancera.Reports.CoccidiaLog.RowsPerPage(CoccidiaLog.java:113)
at Test.Ancera.Reports.CoccidiaLog.RowsPerPage(CoccidiaLog.java:113)
at Test.Ancera.Reports.CoccidiaLog.RowsPerPage(CoccidiaLog.java:113)
at Test.Ancera.Reports.CoccidiaLog.RowsPerPage(CoccidiaLog.java:113)
at Test.Ancera.Reports.CoccidiaLog.RowsPerPage(CoccidiaLog.java:113)
at Test.Ancera.Reports.CoccidiaLog.RowsPerPage(CoccidiaLog.java:113)
at Test.Ancera.Reports.CoccidiaLog.RowsPerPage(CoccidiaLog.java:113)
at Test.Ancera.Reports.CoccidiaLog.RowsPerPage(CoccidiaLog.java:113)
at Test.Ancera.Reports.CoccidiaLog.RowsPerPage(CoccidiaLog.java:113)
at Test.Ancera.Reports.CoccidiaLog.RowsPerPage(CoccidiaLog.java:113)
at Test.Ancera.Reports.CoccidiaLog.RowsPerPage(CoccidiaLog.java:113)
at Test.Ancera.Reports.CoccidiaLog.RowsPerPage(CoccidiaLog.java:113)
at Test.Ancera.Reports.CoccidiaLog.RowsPerPage(CoccidiaLog.java:113)
at Test.Ancera.Reports.CoccidiaLog.RowsPerPage(CoccidiaLog.java:113)
at Test.Ancera.Reports.CoccidiaLog.RowsPerPage(CoccidiaLog.java:113)
at Test.Ancera.Reports.CoccidiaLog.RowsPerPage(CoccidiaLog.java:113)
at Test.Ancera.Reports.CoccidiaLog.RowsPerPage(CoccidiaLog.java:113)
at Test.Ancera.Reports.CoccidiaLog.RowsPerPage(CoccidiaLog.java:113)
at Test.Ancera.Reports.CoccidiaLog.RowsPerPage(CoccidiaLog.java:113)
at Test.Ancera.Reports.CoccidiaLog.RowsPerPage(CoccidiaLog.java:113)
at Test.Ancera.Reports.CoccidiaLog.RowsPerPage(CoccidiaLog.java:113)
at Test.Ancera.Reports.CoccidiaLog.RowsPerPage(CoccidiaLog.java:113)
at Test.Ancera.Reports.CoccidiaLog.RowsPerPage(CoccidiaLog.java:113)
at Test.Ancera.Reports.CoccidiaLog.RowsPerPage(CoccidiaLog.java:113)
at Test.Ancera.Reports.CoccidiaLog.RowsPerPage(CoccidiaLog.java:113)
at Test.Ancera.Reports.CoccidiaLog.RowsPerPage(CoccidiaLog.java:113)
at Test.Ancera.Reports.CoccidiaLog.RowsPerPage(CoccidiaLog.java:113)
at Test.Ancera.Reports.CoccidiaLog.RowsPerPage(CoccidiaLog.java:113)
at Test.Ancera.Reports.CoccidiaLog.RowsPerPage(CoccidiaLog.java:113)
at Test.Ancera.Reports.CoccidiaLog.RowsPerPage(CoccidiaLog.java:113)
at Test.Ancera.Reports.CoccidiaLog.RowsPerPage(CoccidiaLog.java:113)
at Test.Ancera.Reports.CoccidiaLog.RowsPerPage(CoccidiaLog.java:113)
at Test.Ancera.Reports.CoccidiaLog.RowsPerPage(CoccidiaLog.java:113)
at Test.Ancera.Reports.CoccidiaLog.RowsPerPage(CoccidiaLog.java:113)
at Test.Ancera.Reports.CoccidiaLog.RowsPerPage(CoccidiaLog.java:113)
at Test.Ancera.Reports.CoccidiaLog.RowsPerPage(CoccidiaLog.java:113)
at Test.Ancera.Reports.CoccidiaLog.RowsPerPage(CoccidiaLog.java:113)
at Test.Ancera.Reports.CoccidiaLog.RowsPerPage(CoccidiaLog.java:113)
at Test.Ancera.Reports.CoccidiaLog.RowsPerPage(CoccidiaLog.java:113)
at Test.Ancera.Reports.CoccidiaLog.RowsPerPage(CoccidiaLog.java:113)
at Test.Ancera.Reports.CoccidiaLog.RowsPerPage(CoccidiaLog.java:113)
at Test.Ancera.Reports.CoccidiaLog.RowsPerPage(CoccidiaLog.java:113)
at Test.Ancera.Reports.CoccidiaLog.RowsPerPage(CoccidiaLog.java:113)
at Test.Ancera.Reports.CoccidiaLog.RowsPerPage(CoccidiaLog.java:113)
at Test.Ancera.Reports.CoccidiaLog.RowsPerPage(CoccidiaLog.java:113)
at Test.Ancera.Reports.CoccidiaLog.RowsPerPage(CoccidiaLog.java:113)
at Test.Ancera.Reports.CoccidiaLog.RowsPerPage(CoccidiaLog.java:113)
at Test.Ancera.Reports.CoccidiaLog.RowsPerPage(CoccidiaLog.java:113)
at Test.Ancera.Reports.CoccidiaLog.RowsPerPage(CoccidiaLog.java:113)
at Test.Ancera.Reports.CoccidiaLog.RowsPerPage(CoccidiaLog.java:113)
at Test.Ancera.Reports.CoccidiaLog.RowsPerPage(CoccidiaLog.java:113)
at Test.Ancera.Reports.CoccidiaLog.RowsPerPage(CoccidiaLog.java:113)
at Test.Ancera.Reports.CoccidiaLog.RowsPerPage(CoccidiaLog.java:113)
at Test.Ancera.Reports.CoccidiaLog.RowsPerPage(CoccidiaLog.java:113)
at Test.Ancera.Reports.CoccidiaLog.RowsPerPage(CoccidiaLog.java:113)
at Test.Ancera.Reports.CoccidiaLog.RowsPerPage(CoccidiaLog.java:113)
at Test.Ancera.Reports.CoccidiaLog.RowsPerPage(CoccidiaLog.java:113)
at Test.Ancera.Reports.CoccidiaLog.RowsPerPage(CoccidiaLog.java:113)
at Test.Ancera.Reports.CoccidiaLog.RowsPerPage(CoccidiaLog.java:113)
at Test.Ancera.Reports.CoccidiaLog.RowsPerPage(CoccidiaLog.java:113)
at Test.Ancera.Reports.CoccidiaLog.RowsPerPage(CoccidiaLog.java:113)
at Test.Ancera.Reports.CoccidiaLog.RowsPerPage(CoccidiaLog.java:113)
at Test.Ancera.Reports.CoccidiaLog.RowsPerPage(CoccidiaLog.java:113)
at Test.Ancera.Reports.CoccidiaLog.RowsPerPage(CoccidiaLog.java:113)
at Test.Ancera.Reports.CoccidiaLog.RowsPerPage(CoccidiaLog.java:113)
at Test.Ancera.Reports.CoccidiaLog.RowsPerPage(CoccidiaLog.java:113)
at Test.Ancera.Reports.CoccidiaLog.RowsPerPage(CoccidiaLog.java:113)
at Test.Ancera.Reports.CoccidiaLog.RowsPerPage(CoccidiaLog.java:113)
at Test.Ancera.Reports.CoccidiaLog.RowsPerPage(CoccidiaLog.java:113)
at Test.Ancera.Reports.CoccidiaLog.RowsPerPage(CoccidiaLog.java:113)
at Test.Ancera.Reports.CoccidiaLog.RowsPerPage(CoccidiaLog.java:113)
at Test.Ancera.Reports.CoccidiaLog.RowsPerPage(CoccidiaLog.java:113)
at Test.Ancera.Reports.CoccidiaLog.RowsPerPage(CoccidiaLog.java:113)
at Test.Ancera.Reports.CoccidiaLog.RowsPerPage(CoccidiaLog.java:113)
at Test.Ancera.Reports.CoccidiaLog.RowsPerPage(CoccidiaLog.java:113)
at Test.Ancera.Reports.CoccidiaLog.RowsPerPage(CoccidiaLog.java:113)
at Test.Ancera.Reports.CoccidiaLog.RowsPerPage(CoccidiaLog.java:113)
at Test.Ancera.Reports.CoccidiaLog.RowsPerPage(CoccidiaLog.java:113)
at Test.Ancera.Reports.CoccidiaLog.RowsPerPage(CoccidiaLog.java:113)
at Test.Ancera.Reports.CoccidiaLog.RowsPerPage(CoccidiaLog.java:113)
at Test.Ancera.Reports.CoccidiaLog.RowsPerPage(CoccidiaLog.java:113)
at Test.Ancera.Reports.CoccidiaLog.RowsPerPage(CoccidiaLog.java:113)
at Test.Ancera.Reports.CoccidiaLog.RowsPerPage(CoccidiaLog.java:113)
at Test.Ancera.Reports.CoccidiaLog.RowsPerPage(CoccidiaLog.java:113)
at Test.Ancera.Reports.CoccidiaLog.RowsPerPage(CoccidiaLog.java:113)
at Test.Ancera.Reports.CoccidiaLog.RowsPerPage(CoccidiaLog.java:113)
at Test.Ancera.Reports.CoccidiaLog.RowsPerPage(CoccidiaLog.java:113)
at Test.Ancera.Reports.CoccidiaLog.RowsPerPage(CoccidiaLog.java:113)
at Test.Ancera.Reports.CoccidiaLog.RowsPerPage(CoccidiaLog.java:113)
at Test.Ancera.Reports.CoccidiaLog.RowsPerPage(CoccidiaLog.java:113)
at Test.Ancera.Reports.CoccidiaLog.RowsPerPage(CoccidiaLog.java:113)
at Test.Ancera.Reports.CoccidiaLog.RowsPerPage(CoccidiaLog.java:113)
at Test.Ancera.Reports.CoccidiaLog.RowsPerPage(CoccidiaLog.java:113)
at Test.Ancera.Reports.CoccidiaLog.RowsPerPage(CoccidiaLog.java:113)
at Test.Ancera.Reports.CoccidiaLog.RowsPerPage(CoccidiaLog.java:113)
at Test.Ancera.Reports.CoccidiaLog.RowsPerPage(CoccidiaLog.java:113)
at Test.Ancera.Reports.CoccidiaLog.RowsPerPage(CoccidiaLog.java:113)
at Test.Ancera.Reports.CoccidiaLog.RowsPerPage(CoccidiaLog.java:113)
at Test.Ancera.Reports.CoccidiaLog.RowsPerPage(CoccidiaLog.java:113)
at Test.Ancera.Reports.CoccidiaLog.RowsPerPage(CoccidiaLog.java:113)
at Test.Ancera.Reports.CoccidiaLog.RowsPerPage(CoccidiaLog.java:113)
at Test.Ancera.Reports.CoccidiaLog.RowsPerPage(CoccidiaLog.java:113)
at Test.Ancera.Reports.CoccidiaLog.RowsPerPage(CoccidiaLog.java:113)
at Test.Ancera.Reports.CoccidiaLog.RowsPerPage(CoccidiaLog.java:113)
at Test.Ancera.Reports.CoccidiaLog.RowsPerPage(CoccidiaLog.java:113)
at Test.Ancera.Reports.CoccidiaLog.RowsPerPage(CoccidiaLog.java:113)
at Test.Ancera.Reports.CoccidiaLog.RowsPerPage(CoccidiaLog.java:113)
at Test.Ancera.Reports.CoccidiaLog.RowsPerPage(CoccidiaLog.java:113)
at Test.Ancera.Reports.CoccidiaLog.RowsPerPage(CoccidiaLog.java:113)
at Test.Ancera.Reports.CoccidiaLog.RowsPerPage(CoccidiaLog.java:113)
at Test.Ancera.Reports.CoccidiaLog.RowsPerPage(CoccidiaLog.java:113)
at Test.Ancera.Reports.CoccidiaLog.RowsPerPage(CoccidiaLog.java:113)
at Test.Ancera.Reports.CoccidiaLog.RowsPerPage(CoccidiaLog.java:113)
at Test.Ancera.Reports.CoccidiaLog.RowsPerPage(CoccidiaLog.java:113)
at Test.Ancera.Reports.CoccidiaLog.RowsPerPage(CoccidiaLog.java:113)
at Test.Ancera.Reports.CoccidiaLog.RowsPerPage(CoccidiaLog.java:113)
at Test.Ancera.Reports.CoccidiaLog.RowsPerPage(CoccidiaLog.java:113)
at Test.Ancera.Reports.CoccidiaLog.RowsPerPage(CoccidiaLog.java:113)
at Test.Ancera.Reports.CoccidiaLog.RowsPerPage(CoccidiaLog.java:113)
at Test.Ancera.Reports.CoccidiaLog.RowsPerPage(CoccidiaLog.java:113)
at Test.Ancera.Reports.CoccidiaLog.RowsPerPage(CoccidiaLog.java:113)
at Test.Ancera.Reports.CoccidiaLog.RowsPerPage(CoccidiaLog.java:113)
at Test.Ancera.Reports.CoccidiaLog.RowsPerPage(CoccidiaLog.java:113)
at Test.Ancera.Reports.CoccidiaLog.RowsPerPage(CoccidiaLog.java:113)
at Test.Ancera.Reports.CoccidiaLog.RowsPerPage(CoccidiaLog.java:113)
at Test.Ancera.Reports.CoccidiaLog.RowsPerPage(CoccidiaLog.java:113)
at Test.Ancera.Reports.CoccidiaLog.RowsPerPage(CoccidiaLog.java:113)
at Test.Ancera.Reports.CoccidiaLog.RowsPerPage(CoccidiaLog.java:113)
at Test.Ancera.Reports.CoccidiaLog.RowsPerPage(CoccidiaLog.java:113)
at Test.Ancera.Reports.CoccidiaLog.RowsPerPage(CoccidiaLog.java:113)
at Test.Ancera.Reports.CoccidiaLog.RowsPerPage(CoccidiaLog.java:113)
at Test.Ancera.Reports.CoccidiaLog.RowsPerPage(CoccidiaLog.java:113)
at Test.Ancera.Reports.CoccidiaLog.RowsPerPage(CoccidiaLog.java:113)
at Test.Ancera.Reports.CoccidiaLog.RowsPerPage(CoccidiaLog.java:113)
at Test.Ancera.Reports.CoccidiaLog.RowsPerPage(CoccidiaLog.java:113)
at Test.Ancera.Reports.CoccidiaLog.RowsPerPage(CoccidiaLog.java:113)
at Test.Ancera.Reports.CoccidiaLog.RowsPerPage(CoccidiaLog.java:113)
at Test.Ancera.Reports.CoccidiaLog.RowsPerPage(CoccidiaLog.java:113)
at Test.Ancera.Reports.CoccidiaLog.RowsPerPage(CoccidiaLog.java:113)
at Test.Ancera.Reports.CoccidiaLog.RowsPerPage(CoccidiaLog.java:113)
at Test.Ancera.Reports.CoccidiaLog.RowsPerPage(CoccidiaLog.java:113)
at Test.Ancera.Reports.CoccidiaLog.RowsPerPage(CoccidiaLog.java:113)
at Test.Ancera.Reports.CoccidiaLog.RowsPerPage(CoccidiaLog.java:113)
at Test.Ancera.Reports.CoccidiaLog.RowsPerPage(CoccidiaLog.java:113)
at Test.Ancera.Reports.CoccidiaLog.RowsPerPage(CoccidiaLog.java:113)
at Test.Ancera.Reports.CoccidiaLog.RowsPerPage(CoccidiaLog.java:113)
at Test.Ancera.Reports.CoccidiaLog.RowsPerPage(CoccidiaLog.java:113)
at Test.Ancera.Reports.CoccidiaLog.RowsPerPage(CoccidiaLog.java:113)
at Test.Ancera.Reports.CoccidiaLog.RowsPerPage(CoccidiaLog.java:113)
at Test.Ancera.Reports.CoccidiaLog.RowsPerPage(CoccidiaLog.java:113)
at Test.Ancera.Reports.CoccidiaLog.RowsPerPage(CoccidiaLog.java:113)
at Test.Ancera.Reports.CoccidiaLog.RowsPerPage(CoccidiaLog.java:113)
at Test.Ancera.Reports.CoccidiaLog.RowsPerPage(CoccidiaLog.java:113)
at Test.Ancera.Reports.CoccidiaLog.RowsPerPage(CoccidiaLog.java:113)
at Test.Ancera.Reports.CoccidiaLog.RowsPerPage(CoccidiaLog.java:113)
at Test.Ancera.Reports.CoccidiaLog.RowsPerPage(CoccidiaLog.java:113)
at Test.Ancera.Reports.CoccidiaLog.RowsPerPage(CoccidiaLog.java:113)
at Test.Ancera.Reports.CoccidiaLog.RowsPerPage(CoccidiaLog.java:113)
at Test.Ancera.Reports.CoccidiaLog.RowsPerPage(CoccidiaLog.java:113)
at Test.Ancera.Reports.CoccidiaLog.RowsPerPage(CoccidiaLog.java:113)
at Test.Ancera.Reports.CoccidiaLog.RowsPerPage(CoccidiaLog.java:113)
at Test.Ancera.Reports.CoccidiaLog.RowsPerPage(CoccidiaLog.java:113)
at Test.Ancera.Reports.CoccidiaLog.RowsPerPage(CoccidiaLog.java:113)
at Test.Ancera.Reports.CoccidiaLog.RowsPerPage(CoccidiaLog.java:113)
at Test.Ancera.Reports.CoccidiaLog.RowsPerPage(CoccidiaLog.java:113)
at Test.Ancera.Reports.CoccidiaLog.RowsPerPage(CoccidiaLog.java:113)
at Test.Ancera.Reports.CoccidiaLog.RowsPerPage(CoccidiaLog.java:113)
at Test.Ancera.Reports.CoccidiaLog.RowsPerPage(CoccidiaLog.java:113)
at Test.Ancera.Reports.CoccidiaLog.RowsPerPage(CoccidiaLog.java:113)
at Test.Ancera.Reports.CoccidiaLog.RowsPerPage(CoccidiaLog.java:113)
at Test.Ancera.Reports.CoccidiaLog.RowsPerPage(CoccidiaLog.java:113)
at Test.Ancera.Reports.CoccidiaLog.RowsPerPage(CoccidiaLog.java:113)
at Test.Ancera.Reports.CoccidiaLog.RowsPerPage(CoccidiaLog.java:113)
at Test.Ancera.Reports.CoccidiaLog.RowsPerPage(CoccidiaLog.java:113)
at Test.Ancera.Reports.CoccidiaLog.RowsPerPage(CoccidiaLog.java:113)
at Test.Ancera.Reports.CoccidiaLog.RowsPerPage(CoccidiaLog.java:113)
at Test.Ancera.Reports.CoccidiaLog.RowsPerPage(CoccidiaLog.java:113)
at Test.Ancera.Reports.CoccidiaLog.RowsPerPage(CoccidiaLog.java:113)
at Test.Ancera.Reports.CoccidiaLog.RowsPerPage(CoccidiaLog.java:113)
at Test.Ancera.Reports.CoccidiaLog.RowsPerPage(CoccidiaLog.java:113)
at Test.Ancera.Reports.CoccidiaLog.RowsPerPage(CoccidiaLog.java:113)
at Test.Ancera.Reports.CoccidiaLog.RowsPerPage(CoccidiaLog.java:113)
at Test.Ancera.Reports.CoccidiaLog.RowsPerPage(CoccidiaLog.java:113)
at Test.Ancera.Reports.CoccidiaLog.RowsPerPage(CoccidiaLog.java:113)
at Test.Ancera.Reports.CoccidiaLog.RowsPerPage(CoccidiaLog.java:113)
at Test.Ancera.Reports.CoccidiaLog.RowsPerPage(CoccidiaLog.java:113)
at Test.Ancera.Reports.CoccidiaLog.RowsPerPage(CoccidiaLog.java:113)
at Test.Ancera.Reports.CoccidiaLog.RowsPerPage(CoccidiaLog.java:113)
at Test.Ancera.Reports.CoccidiaLog.RowsPerPage(CoccidiaLog.java:113)
at Test.Ancera.Reports.CoccidiaLog.RowsPerPage(CoccidiaLog.java:113)
at Test.Ancera.Reports.CoccidiaLog.RowsPerPage(CoccidiaLog.java:113)
at Test.Ancera.Reports.CoccidiaLog.RowsPerPage(CoccidiaLog.java:113)
at Test.Ancera.Reports.CoccidiaLog.RowsPerPage(CoccidiaLog.java:113)
at Test.Ancera.Reports.CoccidiaLog.RowsPerPage(CoccidiaLog.java:113)
at Test.Ancera.Reports.CoccidiaLog.RowsPerPage(CoccidiaLog.java:113)
at Test.Ancera.Reports.CoccidiaLog.RowsPerPage(CoccidiaLog.java:113)
at Test.Ancera.Reports.CoccidiaLog.RowsPerPage(CoccidiaLog.java:113)
at Test.Ancera.Reports.CoccidiaLog.RowsPerPage(CoccidiaLog.java:113)
at Test.Ancera.Reports.CoccidiaLog.RowsPerPage(CoccidiaLog.java:113)
at Test.Ancera.Reports.CoccidiaLog.RowsPerPage(CoccidiaLog.java:113)
at Test.Ancera.Reports.CoccidiaLog.RowsPerPage(CoccidiaLog.java:113)
at Test.Ancera.Reports.CoccidiaLog.RowsPerPage(CoccidiaLog.java:113)
at Test.Ancera.Reports.CoccidiaLog.RowsPerPage(CoccidiaLog.java:113)
at Test.Ancera.Reports.CoccidiaLog.RowsPerPage(CoccidiaLog.java:113)
at Test.Ancera.Reports.CoccidiaLog.RowsPerPage(CoccidiaLog.java:113)
at Test.Ancera.Reports.CoccidiaLog.RowsPerPage(CoccidiaLog.java:113)
at Test.Ancera.Reports.CoccidiaLog.RowsPerPage(CoccidiaLog.java:113)
at Test.Ancera.Reports.CoccidiaLog.RowsPerPage(CoccidiaLog.java:113)
at Test.Ancera.Reports.CoccidiaLog.RowsPerPage(CoccidiaLog.java:113)
at Test.Ancera.Reports.CoccidiaLog.RowsPerPage(CoccidiaLog.java:113)
at Test.Ancera.Reports.CoccidiaLog.RowsPerPage(CoccidiaLog.java:113)
at Test.Ancera.Reports.CoccidiaLog.RowsPerPage(CoccidiaLog.java:113)
at Test.Ancera.Reports.CoccidiaLog.RowsPerPage(CoccidiaLog.java:113)
at Test.Ancera.Reports.CoccidiaLog.RowsPerPage(CoccidiaLog.java:113)
]]>
    </error>
  </testcase> <!-- RowsPerPage -->
  <system-out/>
  <testcase classname="Test.Ancera.Reports.CoccidiaLog" name="PaginationCocci" time="49.270"/>
  <system-out/>
  <testcase classname="Test.Ancera.Reports.CoccidiaLog" name="DateFilter" time="10.345">
    <error message="class java.lang.ThreadLocal cannot be cast to class org.openqa.selenium.JavascriptExecutor (java.lang.ThreadLocal is in module java.base of loader &#039;bootstrap&#039;; org.openqa.selenium.JavascriptExecutor is in unnamed module of loader &#039;app&#039;)" type="java.lang.ClassCastException">
      <![CDATA[java.lang.ClassCastException: class java.lang.ThreadLocal cannot be cast to class org.openqa.selenium.JavascriptExecutor (java.lang.ThreadLocal is in module java.base of loader 'bootstrap'; org.openqa.selenium.JavascriptExecutor is in unnamed module of loader 'app')
at Test.Ancera.Reports.CoccidiaLog.DateFilter(CoccidiaLog.java:155)
at java.base/jdk.internal.reflect.NativeMethodAccessorImpl.invoke0(Native Method)
at java.base/jdk.internal.reflect.NativeMethodAccessorImpl.invoke(NativeMethodAccessorImpl.java:64)
at java.base/jdk.internal.reflect.DelegatingMethodAccessorImpl.invoke(DelegatingMethodAccessorImpl.java:43)
at java.base/java.lang.reflect.Method.invoke(Method.java:564)
at org.testng.internal.MethodInvocationHelper.invokeMethod(MethodInvocationHelper.java:132)
at org.testng.internal.TestInvoker.invokeMethod(TestInvoker.java:599)
at org.testng.internal.TestInvoker.invokeTestMethod(TestInvoker.java:174)
at org.testng.internal.MethodRunner.runInSequence(MethodRunner.java:46)
at org.testng.internal.TestInvoker$MethodInvocationAgent.invoke(TestInvoker.java:822)
at org.testng.internal.TestInvoker.invokeTestMethods(TestInvoker.java:147)
at org.testng.internal.TestMethodWorker.invokeTestMethods(TestMethodWorker.java:146)
at org.testng.internal.TestMethodWorker.run(TestMethodWorker.java:128)
at java.base/java.util.ArrayList.forEach(ArrayList.java:1511)
at org.testng.TestRunner.privateRun(TestRunner.java:764)
at org.testng.TestRunner.run(TestRunner.java:585)
at org.testng.SuiteRunner.runTest(SuiteRunner.java:384)
at org.testng.SuiteRunner.runSequentially(SuiteRunner.java:378)
at org.testng.SuiteRunner.privateRun(SuiteRunner.java:337)
at org.testng.SuiteRunner.run(SuiteRunner.java:286)
at org.testng.SuiteRunnerWorker.runSuite(SuiteRunnerWorker.java:53)
at org.testng.SuiteRunnerWorker.run(SuiteRunnerWorker.java:96)
at org.testng.TestNG.runSuitesSequentially(TestNG.java:1218)
at org.testng.TestNG.runSuitesLocally(TestNG.java:1140)
at org.testng.TestNG.runSuites(TestNG.java:1069)
at org.testng.TestNG.run(TestNG.java:1037)
at org.testng.remote.AbstractRemoteTestNG.run(AbstractRemoteTestNG.java:115)
at org.testng.remote.RemoteTestNG.initAndRun(RemoteTestNG.java:251)
at org.testng.remote.RemoteTestNG.main(RemoteTestNG.java:77)
]]>
    </error>
  </testcase> <!-- DateFilter -->
  <system-out/>
  <testcase classname="Test.Ancera.Reports.CoccidiaLog" name="DateLockFilter" time="31.636">
    <error message="element not interactable
  (Session info: chrome=108.0.5359.124)
Build info: version: &#039;4.1.2&#039;, revision: &#039;9a5a329c5a&#039;
System info: host: &#039;APL-LHR-JA0201&#039;, ip: &#039;172.26.0.1&#039;, os.name: &#039;Windows 10&#039;, os.arch: &#039;amd64&#039;, os.version: &#039;10.0&#039;, java.version: &#039;15.0.2&#039;
Driver info: org.openqa.selenium.chrome.ChromeDriver
Command: [b2304fa87b2eed2be1a4a5e5e97a6d40, clickElement {id=d89c4d9d-4ead-449d-916a-f0d742e10961}]
Capabilities {acceptInsecureCerts: false, browserName: chrome, browserVersion: 108.0.5359.124, chrome: {chromedriverVersion: 108.0.5359.71 (1e0e3868ee06..., userDataDir: C:\Users\JUNAID~1.ALA\AppDa...}, goog:chromeOptions: {debuggerAddress: localhost:60252}, javascriptEnabled: true, networkConnectionEnabled: false, pageLoadStrategy: normal, platform: WINDOWS, platformName: WINDOWS, proxy: Proxy(), se:cdp: ws://localhost:60252/devtoo..., se:cdpVersion: 108.0.5359.124, setWindowRect: true, strictFileInteractability: false, timeouts: {implicit: 0, pageLoad: 300000, script: 30000}, unhandledPromptBehavior: dismiss and notify, webauthn:extension:credBlob: true, webauthn:extension:largeBlob: true, webauthn:virtualAuthenticators: true}
Element: [[ChromeDriver: chrome on WINDOWS (b2304fa87b2eed2be1a4a5e5e97a6d40)] -&gt; id: remove-filters]
Session ID: b2304fa87b2eed2be1a4a5e5e97a6d40" type="org.openqa.selenium.ElementNotInteractableException">
      <![CDATA[org.openqa.selenium.ElementNotInteractableException: element not interactable
  (Session info: chrome=108.0.5359.124)
Build info: version: '4.1.2', revision: '9a5a329c5a'
System info: host: 'APL-LHR-JA0201', ip: '172.26.0.1', os.name: 'Windows 10', os.arch: 'amd64', os.version: '10.0', java.version: '15.0.2'
Driver info: org.openqa.selenium.chrome.ChromeDriver
Command: [b2304fa87b2eed2be1a4a5e5e97a6d40, clickElement {id=d89c4d9d-4ead-449d-916a-f0d742e10961}]
Capabilities {acceptInsecureCerts: false, browserName: chrome, browserVersion: 108.0.5359.124, chrome: {chromedriverVersion: 108.0.5359.71 (1e0e3868ee06..., userDataDir: C:\Users\JUNAID~1.ALA\AppDa...}, goog:chromeOptions: {debuggerAddress: localhost:60252}, javascriptEnabled: true, networkConnectionEnabled: false, pageLoadStrategy: normal, platform: WINDOWS, platformName: WINDOWS, proxy: Proxy(), se:cdp: ws://localhost:60252/devtoo..., se:cdpVersion: 108.0.5359.124, setWindowRect: true, strictFileInteractability: false, timeouts: {implicit: 0, pageLoad: 300000, script: 30000}, unhandledPromptBehavior: dismiss and notify, webauthn:extension:credBlob: true, webauthn:extension:largeBlob: true, webauthn:virtualAuthenticators: true}
Element: [[ChromeDriver: chrome on WINDOWS (b2304fa87b2eed2be1a4a5e5e97a6d40)] -> id: remove-filters]
Session ID: b2304fa87b2eed2be1a4a5e5e97a6d40
at java.base/jdk.internal.reflect.NativeConstructorAccessorImpl.newInstance0(Native Method)
at java.base/jdk.internal.reflect.NativeConstructorAccessorImpl.newInstance(NativeConstructorAccessorImpl.java:64)
at java.base/jdk.internal.reflect.DelegatingConstructorAccessorImpl.newInstance(DelegatingConstructorAccessorImpl.java:45)
at java.base/java.lang.reflect.Constructor.newInstanceWithCaller(Constructor.java:500)
at java.base/java.lang.reflect.Constructor.newInstance(Constructor.java:481)
at org.openqa.selenium.remote.codec.w3c.W3CHttpResponseCodec.createException(W3CHttpResponseCodec.java:200)
at org.openqa.selenium.remote.codec.w3c.W3CHttpResponseCodec.decode(W3CHttpResponseCodec.java:133)
at org.openqa.selenium.remote.codec.w3c.W3CHttpResponseCodec.decode(W3CHttpResponseCodec.java:53)
at org.openqa.selenium.remote.HttpCommandExecutor.execute(HttpCommandExecutor.java:184)
at org.openqa.selenium.remote.service.DriverCommandExecutor.invokeExecute(DriverCommandExecutor.java:167)
at org.openqa.selenium.remote.service.DriverCommandExecutor.execute(DriverCommandExecutor.java:142)
at org.openqa.selenium.remote.RemoteWebDriver.execute(RemoteWebDriver.java:558)
at org.openqa.selenium.remote.RemoteWebElement.execute(RemoteWebElement.java:251)
at org.openqa.selenium.remote.RemoteWebElement.click(RemoteWebElement.java:77)
at Test.Ancera.Reports.CoccidiaLog.DateLockFilter(CoccidiaLog.java:369)
at java.base/jdk.internal.reflect.NativeMethodAccessorImpl.invoke0(Native Method)
at java.base/jdk.internal.reflect.NativeMethodAccessorImpl.invoke(NativeMethodAccessorImpl.java:64)
at java.base/jdk.internal.reflect.DelegatingMethodAccessorImpl.invoke(DelegatingMethodAccessorImpl.java:43)
at java.base/java.lang.reflect.Method.invoke(Method.java:564)
at org.testng.internal.MethodInvocationHelper.invokeMethod(MethodInvocationHelper.java:132)
at org.testng.internal.TestInvoker.invokeMethod(TestInvoker.java:599)
at org.testng.internal.TestInvoker.invokeTestMethod(TestInvoker.java:174)
at org.testng.internal.MethodRunner.runInSequence(MethodRunner.java:46)
at org.testng.internal.TestInvoker$MethodInvocationAgent.invoke(TestInvoker.java:822)
at org.testng.internal.TestInvoker.invokeTestMethods(TestInvoker.java:147)
at org.testng.internal.TestMethodWorker.invokeTestMethods(TestMethodWorker.java:146)
at org.testng.internal.TestMethodWorker.run(TestMethodWorker.java:128)
at java.base/java.util.ArrayList.forEach(ArrayList.java:1511)
at org.testng.TestRunner.privateRun(TestRunner.java:764)
at org.testng.TestRunner.run(TestRunner.java:585)
at org.testng.SuiteRunner.runTest(SuiteRunner.java:384)
at org.testng.SuiteRunner.runSequentially(SuiteRunner.java:378)
at org.testng.SuiteRunner.privateRun(SuiteRunner.java:337)
at org.testng.SuiteRunner.run(SuiteRunner.java:286)
at org.testng.SuiteRunnerWorker.runSuite(SuiteRunnerWorker.java:53)
at org.testng.SuiteRunnerWorker.run(SuiteRunnerWorker.java:96)
at org.testng.TestNG.runSuitesSequentially(TestNG.java:1218)
at org.testng.TestNG.runSuitesLocally(TestNG.java:1140)
at org.testng.TestNG.runSuites(TestNG.java:1069)
at org.testng.TestNG.run(TestNG.java:1037)
at org.testng.remote.AbstractRemoteTestNG.run(AbstractRemoteTestNG.java:115)
at org.testng.remote.RemoteTestNG.initAndRun(RemoteTestNG.java:251)
at org.testng.remote.RemoteTestNG.main(RemoteTestNG.java:77)
]]>
    </error>
  </testcase> <!-- DateLockFilter -->
  <system-out/>
  <testcase classname="Test.Ancera.Reports.CoccidiaLog" name="SiteName" time="23.683">
    <error message="class java.lang.ThreadLocal cannot be cast to class org.openqa.selenium.JavascriptExecutor (java.lang.ThreadLocal is in module java.base of loader &#039;bootstrap&#039;; org.openqa.selenium.JavascriptExecutor is in unnamed module of loader &#039;app&#039;)" type="java.lang.ClassCastException">
      <![CDATA[java.lang.ClassCastException: class java.lang.ThreadLocal cannot be cast to class org.openqa.selenium.JavascriptExecutor (java.lang.ThreadLocal is in module java.base of loader 'bootstrap'; org.openqa.selenium.JavascriptExecutor is in unnamed module of loader 'app')
at Test.Ancera.Reports.CoccidiaLog.SiteName(CoccidiaLog.java:395)
at java.base/jdk.internal.reflect.NativeMethodAccessorImpl.invoke0(Native Method)
at java.base/jdk.internal.reflect.NativeMethodAccessorImpl.invoke(NativeMethodAccessorImpl.java:64)
at java.base/jdk.internal.reflect.DelegatingMethodAccessorImpl.invoke(DelegatingMethodAccessorImpl.java:43)
at java.base/java.lang.reflect.Method.invoke(Method.java:564)
at org.testng.internal.MethodInvocationHelper.invokeMethod(MethodInvocationHelper.java:132)
at org.testng.internal.TestInvoker.invokeMethod(TestInvoker.java:599)
at org.testng.internal.TestInvoker.invokeTestMethod(TestInvoker.java:174)
at org.testng.internal.MethodRunner.runInSequence(MethodRunner.java:46)
at org.testng.internal.TestInvoker$MethodInvocationAgent.invoke(TestInvoker.java:822)
at org.testng.internal.TestInvoker.invokeTestMethods(TestInvoker.java:147)
at org.testng.internal.TestMethodWorker.invokeTestMethods(TestMethodWorker.java:146)
at org.testng.internal.TestMethodWorker.run(TestMethodWorker.java:128)
at java.base/java.util.ArrayList.forEach(ArrayList.java:1511)
at org.testng.TestRunner.privateRun(TestRunner.java:764)
at org.testng.TestRunner.run(TestRunner.java:585)
at org.testng.SuiteRunner.runTest(SuiteRunner.java:384)
at org.testng.SuiteRunner.runSequentially(SuiteRunner.java:378)
at org.testng.SuiteRunner.privateRun(SuiteRunner.java:337)
at org.testng.SuiteRunner.run(SuiteRunner.java:286)
at org.testng.SuiteRunnerWorker.runSuite(SuiteRunnerWorker.java:53)
at org.testng.SuiteRunnerWorker.run(SuiteRunnerWorker.java:96)
at org.testng.TestNG.runSuitesSequentially(TestNG.java:1218)
at org.testng.TestNG.runSuitesLocally(TestNG.java:1140)
at org.testng.TestNG.runSuites(TestNG.java:1069)
at org.testng.TestNG.run(TestNG.java:1037)
at org.testng.remote.AbstractRemoteTestNG.run(AbstractRemoteTestNG.java:115)
at org.testng.remote.RemoteTestNG.initAndRun(RemoteTestNG.java:251)
at org.testng.remote.RemoteTestNG.main(RemoteTestNG.java:77)
]]>
    </error>
  </testcase> <!-- SiteName -->
  <system-out/>
  <testcase classname="Test.Ancera.Reports.CoccidiaLog" name="Contexual" time="5.404">
    <error message="class java.lang.ThreadLocal cannot be cast to class org.openqa.selenium.JavascriptExecutor (java.lang.ThreadLocal is in module java.base of loader &#039;bootstrap&#039;; org.openqa.selenium.JavascriptExecutor is in unnamed module of loader &#039;app&#039;)" type="java.lang.ClassCastException">
      <![CDATA[java.lang.ClassCastException: class java.lang.ThreadLocal cannot be cast to class org.openqa.selenium.JavascriptExecutor (java.lang.ThreadLocal is in module java.base of loader 'bootstrap'; org.openqa.selenium.JavascriptExecutor is in unnamed module of loader 'app')
at Test.Ancera.Reports.CoccidiaLog.Contexual(CoccidiaLog.java:452)
at java.base/jdk.internal.reflect.NativeMethodAccessorImpl.invoke0(Native Method)
at java.base/jdk.internal.reflect.NativeMethodAccessorImpl.invoke(NativeMethodAccessorImpl.java:64)
at java.base/jdk.internal.reflect.DelegatingMethodAccessorImpl.invoke(DelegatingMethodAccessorImpl.java:43)
at java.base/java.lang.reflect.Method.invoke(Method.java:564)
at org.testng.internal.MethodInvocationHelper.invokeMethod(MethodInvocationHelper.java:132)
at org.testng.internal.TestInvoker.invokeMethod(TestInvoker.java:599)
at org.testng.internal.TestInvoker.invokeTestMethod(TestInvoker.java:174)
at org.testng.internal.MethodRunner.runInSequence(MethodRunner.java:46)
at org.testng.internal.TestInvoker$MethodInvocationAgent.invoke(TestInvoker.java:822)
at org.testng.internal.TestInvoker.invokeTestMethods(TestInvoker.java:147)
at org.testng.internal.TestMethodWorker.invokeTestMethods(TestMethodWorker.java:146)
at org.testng.internal.TestMethodWorker.run(TestMethodWorker.java:128)
at java.base/java.util.ArrayList.forEach(ArrayList.java:1511)
at org.testng.TestRunner.privateRun(TestRunner.java:764)
at org.testng.TestRunner.run(TestRunner.java:585)
at org.testng.SuiteRunner.runTest(SuiteRunner.java:384)
at org.testng.SuiteRunner.runSequentially(SuiteRunner.java:378)
at org.testng.SuiteRunner.privateRun(SuiteRunner.java:337)
at org.testng.SuiteRunner.run(SuiteRunner.java:286)
at org.testng.SuiteRunnerWorker.runSuite(SuiteRunnerWorker.java:53)
at org.testng.SuiteRunnerWorker.run(SuiteRunnerWorker.java:96)
at org.testng.TestNG.runSuitesSequentially(TestNG.java:1218)
at org.testng.TestNG.runSuitesLocally(TestNG.java:1140)
at org.testng.TestNG.runSuites(TestNG.java:1069)
at org.testng.TestNG.run(TestNG.java:1037)
at org.testng.remote.AbstractRemoteTestNG.run(AbstractRemoteTestNG.java:115)
at org.testng.remote.RemoteTestNG.initAndRun(RemoteTestNG.java:251)
at org.testng.remote.RemoteTestNG.main(RemoteTestNG.java:77)
]]>
    </error>
  </testcase> <!-- Contexual -->
  <system-out/>
  <testcase classname="Test.Ancera.Reports.CoccidiaLog" name="AllignmentTest" time="2.005"/>
  <system-out/>
  <testcase classname="Test.Ancera.Reports.CoccidiaLog" name="FieldAccess" time="634.586"/>
  <system-out/>
  <testcase classname="Test.Ancera.Reports.CoccidiaLog" name="FieldAccessResetDefault" time="8.608"/>
  <system-out/>
  <testcase classname="Test.Ancera.Reports.CoccidiaLog" name="PNGExport" time="36.025"/>
  <system-out/>
  <testcase classname="Test.Ancera.Reports.CoccidiaLog" name="CSVExport" time="4.302">
    <error message="stale element reference: element is not attached to the page document
  (Session info: chrome=108.0.5359.124)
For documentation on this error, please visit: https://selenium.dev/exceptions/#stale_element_reference
Build info: version: &#039;4.1.2&#039;, revision: &#039;9a5a329c5a&#039;
System info: host: &#039;APL-LHR-JA0201&#039;, ip: &#039;172.26.0.1&#039;, os.name: &#039;Windows 10&#039;, os.arch: &#039;amd64&#039;, os.version: &#039;10.0&#039;, java.version: &#039;15.0.2&#039;
Driver info: org.openqa.selenium.chrome.ChromeDriver
Command: [b2304fa87b2eed2be1a4a5e5e97a6d40, clickElement {id=d7d96648-f919-4e67-b9ca-0cdd8b4b1a2c}]
Capabilities {acceptInsecureCerts: false, browserName: chrome, browserVersion: 108.0.5359.124, chrome: {chromedriverVersion: 108.0.5359.71 (1e0e3868ee06..., userDataDir: C:\Users\JUNAID~1.ALA\AppDa...}, goog:chromeOptions: {debuggerAddress: localhost:60252}, javascriptEnabled: true, networkConnectionEnabled: false, pageLoadStrategy: normal, platform: WINDOWS, platformName: WINDOWS, proxy: Proxy(), se:cdp: ws://localhost:60252/devtoo..., se:cdpVersion: 108.0.5359.124, setWindowRect: true, strictFileInteractability: false, timeouts: {implicit: 0, pageLoad: 300000, script: 30000}, unhandledPromptBehavior: dismiss and notify, webauthn:extension:credBlob: true, webauthn:extension:largeBlob: true, webauthn:virtualAuthenticators: true}
Element: [[ChromeDriver: chrome on WINDOWS (b2304fa87b2eed2be1a4a5e5e97a6d40)] -&gt; xpath: //*[text() = &#039; Export as CSV &#039;]]
Session ID: b2304fa87b2eed2be1a4a5e5e97a6d40" type="org.openqa.selenium.StaleElementReferenceException">
      <![CDATA[org.openqa.selenium.StaleElementReferenceException: stale element reference: element is not attached to the page document
  (Session info: chrome=108.0.5359.124)
For documentation on this error, please visit: https://selenium.dev/exceptions/#stale_element_reference
Build info: version: '4.1.2', revision: '9a5a329c5a'
System info: host: 'APL-LHR-JA0201', ip: '172.26.0.1', os.name: 'Windows 10', os.arch: 'amd64', os.version: '10.0', java.version: '15.0.2'
Driver info: org.openqa.selenium.chrome.ChromeDriver
Command: [b2304fa87b2eed2be1a4a5e5e97a6d40, clickElement {id=d7d96648-f919-4e67-b9ca-0cdd8b4b1a2c}]
Capabilities {acceptInsecureCerts: false, browserName: chrome, browserVersion: 108.0.5359.124, chrome: {chromedriverVersion: 108.0.5359.71 (1e0e3868ee06..., userDataDir: C:\Users\JUNAID~1.ALA\AppDa...}, goog:chromeOptions: {debuggerAddress: localhost:60252}, javascriptEnabled: true, networkConnectionEnabled: false, pageLoadStrategy: normal, platform: WINDOWS, platformName: WINDOWS, proxy: Proxy(), se:cdp: ws://localhost:60252/devtoo..., se:cdpVersion: 108.0.5359.124, setWindowRect: true, strictFileInteractability: false, timeouts: {implicit: 0, pageLoad: 300000, script: 30000}, unhandledPromptBehavior: dismiss and notify, webauthn:extension:credBlob: true, webauthn:extension:largeBlob: true, webauthn:virtualAuthenticators: true}
Element: [[ChromeDriver: chrome on WINDOWS (b2304fa87b2eed2be1a4a5e5e97a6d40)] -> xpath: //*[text() = ' Export as CSV ']]
Session ID: b2304fa87b2eed2be1a4a5e5e97a6d40
at jdk.internal.reflect.GeneratedConstructorAccessor17.newInstance(Unknown Source)
at java.base/jdk.internal.reflect.DelegatingConstructorAccessorImpl.newInstance(DelegatingConstructorAccessorImpl.java:45)
at java.base/java.lang.reflect.Constructor.newInstanceWithCaller(Constructor.java:500)
at java.base/java.lang.reflect.Constructor.newInstance(Constructor.java:481)
at org.openqa.selenium.remote.codec.w3c.W3CHttpResponseCodec.createException(W3CHttpResponseCodec.java:200)
at org.openqa.selenium.remote.codec.w3c.W3CHttpResponseCodec.decode(W3CHttpResponseCodec.java:133)
at org.openqa.selenium.remote.codec.w3c.W3CHttpResponseCodec.decode(W3CHttpResponseCodec.java:53)
at org.openqa.selenium.remote.HttpCommandExecutor.execute(HttpCommandExecutor.java:184)
at org.openqa.selenium.remote.service.DriverCommandExecutor.invokeExecute(DriverCommandExecutor.java:167)
at org.openqa.selenium.remote.service.DriverCommandExecutor.execute(DriverCommandExecutor.java:142)
at org.openqa.selenium.remote.RemoteWebDriver.execute(RemoteWebDriver.java:558)
at org.openqa.selenium.remote.RemoteWebElement.execute(RemoteWebElement.java:251)
at org.openqa.selenium.remote.RemoteWebElement.click(RemoteWebElement.java:77)
at Test.Ancera.Reports.CoccidiaLog.CSVExport(CoccidiaLog.java:895)
at java.base/jdk.internal.reflect.NativeMethodAccessorImpl.invoke0(Native Method)
at java.base/jdk.internal.reflect.NativeMethodAccessorImpl.invoke(NativeMethodAccessorImpl.java:64)
at java.base/jdk.internal.reflect.DelegatingMethodAccessorImpl.invoke(DelegatingMethodAccessorImpl.java:43)
at java.base/java.lang.reflect.Method.invoke(Method.java:564)
at org.testng.internal.MethodInvocationHelper.invokeMethod(MethodInvocationHelper.java:132)
at org.testng.internal.TestInvoker.invokeMethod(TestInvoker.java:599)
at org.testng.internal.TestInvoker.invokeTestMethod(TestInvoker.java:174)
at org.testng.internal.MethodRunner.runInSequence(MethodRunner.java:46)
at org.testng.internal.TestInvoker$MethodInvocationAgent.invoke(TestInvoker.java:822)
at org.testng.internal.TestInvoker.invokeTestMethods(TestInvoker.java:147)
at org.testng.internal.TestMethodWorker.invokeTestMethods(TestMethodWorker.java:146)
at org.testng.internal.TestMethodWorker.run(TestMethodWorker.java:128)
at java.base/java.util.ArrayList.forEach(ArrayList.java:1511)
at org.testng.TestRunner.privateRun(TestRunner.java:764)
at org.testng.TestRunner.run(TestRunner.java:585)
at org.testng.SuiteRunner.runTest(SuiteRunner.java:384)
at org.testng.SuiteRunner.runSequentially(SuiteRunner.java:378)
at org.testng.SuiteRunner.privateRun(SuiteRunner.java:337)
at org.testng.SuiteRunner.run(SuiteRunner.java:286)
at org.testng.SuiteRunnerWorker.runSuite(SuiteRunnerWorker.java:53)
at org.testng.SuiteRunnerWorker.run(SuiteRunnerWorker.java:96)
at org.testng.TestNG.runSuitesSequentially(TestNG.java:1218)
at org.testng.TestNG.runSuitesLocally(TestNG.java:1140)
at org.testng.TestNG.runSuites(TestNG.java:1069)
at org.testng.TestNG.run(TestNG.java:1037)
at org.testng.remote.AbstractRemoteTestNG.run(AbstractRemoteTestNG.java:115)
at org.testng.remote.RemoteTestNG.initAndRun(RemoteTestNG.java:251)
at org.testng.remote.RemoteTestNG.main(RemoteTestNG.java:77)
]]>
    </error>
  </testcase> <!-- CSVExport -->
  <system-out/>
  <testcase classname="Test.Ancera.Reports.CoccidiaLog" name="CSVAuditExport" time="10.426"/>
  <system-out/>
  <testcase classname="Test.Ancera.Reports.CoccidiaLog" name="TemplateExport" time="6.869"/>
  <system-out/>
</testsuite> <!-- Test.Ancera.Reports.CoccidiaLog -->
