<?xml version="1.0" encoding="UTF-8"?>
<!-- Generated by org.testng.reporters.JUnitReportReporter -->
<testsuite hostname="DESKTOP-K0SFL7M" failures="0" tests="3" name="Test.Ancera.Login.TestLogin" time="31.137" errors="0" timestamp="2022-08-26T16:12:28 PKT" skipped="0">
  <testcase classname="Test.Ancera.Login.TestLogin" name="login" time="24.440"/>
  <system-out/>
  <testcase classname="Test.Ancera.Login.TestLogin" name="logout" time="4.224"/>
  <system-out/>
  <testcase classname="Test.Ancera.Login.TestLogin" name="verifyLogout" time="2.473"/>
  <system-out/>
</testsuite> <!-- Test.Ancera.Login.TestLogin -->
