<?xml version="1.0" encoding="UTF-8"?>
<!-- Generated by org.testng.reporters.JUnitReportReporter -->
<testsuite hostname="DESKTOP-K0SFL7M" failures="0" tests="2" name="Test.Ancera.Reports.Normal_Ingestion" time="1088.558" errors="0" timestamp="2022-03-11T16:26:08 PKT" skipped="0">
  <testcase classname="Test.Ancera.Reports.Normal_Ingestion" name="NormalIngestionSalmonella" time="662.071"/>
  <system-out/>
  <testcase classname="Test.Ancera.Reports.Normal_Ingestion" name="NormalIngestionCoccidia" time="426.487"/>
  <system-out/>
</testsuite> <!-- Test.Ancera.Reports.Normal_Ingestion -->
