<?xml version="1.0" encoding="UTF-8"?>
<!-- Generated by org.testng.reporters.JUnitReportReporter -->
<testsuite hostname="DESKTOP-K0SFL7M" failures="0" tests="2" name="Test.Ancera.Reports.InstallationRun" time="948.612" errors="0" timestamp="2021-10-08T16:00:47 PKT" skipped="1">
  <testcase classname="Test.Ancera.Reports.InstallationRun" name="installationRunConfigCoccidia" time="948.612"/>
  <system-out/>
  <testcase classname="Test.Ancera.Reports.InstallationRun" name="installationRunConfigSalmList">
    <skipped/>
  </testcase> <!-- installationRunConfigSalmList -->
  <system-out/>
</testsuite> <!-- Test.Ancera.Reports.InstallationRun -->
