<?xml version="1.0" encoding="UTF-8"?>
<!-- Generated by org.testng.reporters.JUnitReportReporter -->
<testsuite hostname="DESKTOP-K0SFL7M" failures="0" tests="1" name="Test.Ancera.Login.AutoLogin" time="88.220" errors="0" timestamp="2021-06-07T11:07:35 PKT" skipped="0">
  <testcase classname="Test.Ancera.Login.AutoLogin" name="AutoLoginTest" time="88.220"/>
  <system-out/>
</testsuite> <!-- Test.Ancera.Login.AutoLogin -->
