<?xml version="1.0" encoding="UTF-8"?>
<!-- Generated by org.testng.reporters.JUnitReportReporter -->
<testsuite hostname="APL-LHR-JA0201" failures="0" tests="18" name="Test.Ancera.Reports.SalmonellaLog" time="2295.156" errors="1" timestamp="2022-12-30T11:56:38 PKT" skipped="1">
  <testcase classname="Test.Ancera.Reports.SalmonellaLog" name="Login" time="5.807"/>
  <system-out/>
  <testcase classname="Test.Ancera.Reports.SalmonellaLog" name="NavigateSalmonella" time="21.130"/>
  <system-out/>
  <testcase classname="Test.Ancera.Reports.SalmonellaLog" name="LockFilter" time="753.732"/>
  <system-out/>
  <testcase classname="Test.Ancera.Reports.SalmonellaLog" name="WildcardSalm" time="630.680"/>
  <system-out/>
  <testcase classname="Test.Ancera.Reports.SalmonellaLog" name="FilterSorting" time="163.943"/>
  <system-out/>
  <testcase classname="Test.Ancera.Reports.SalmonellaLog" name="RowsPerPage" time="0.008">
    <error type="java.lang.StackOverflowError">
      <![CDATA[java.lang.StackOverflowError
at Test.Ancera.Reports.SalmonellaLog.RowsPerPage(SalmonellaLog.java:104)
at Test.Ancera.Reports.SalmonellaLog.RowsPerPage(SalmonellaLog.java:104)
at Test.Ancera.Reports.SalmonellaLog.RowsPerPage(SalmonellaLog.java:104)
at Test.Ancera.Reports.SalmonellaLog.RowsPerPage(SalmonellaLog.java:104)
at Test.Ancera.Reports.SalmonellaLog.RowsPerPage(SalmonellaLog.java:104)
at Test.Ancera.Reports.SalmonellaLog.RowsPerPage(SalmonellaLog.java:104)
at Test.Ancera.Reports.SalmonellaLog.RowsPerPage(SalmonellaLog.java:104)
at Test.Ancera.Reports.SalmonellaLog.RowsPerPage(SalmonellaLog.java:104)
at Test.Ancera.Reports.SalmonellaLog.RowsPerPage(SalmonellaLog.java:104)
at Test.Ancera.Reports.SalmonellaLog.RowsPerPage(SalmonellaLog.java:104)
at Test.Ancera.Reports.SalmonellaLog.RowsPerPage(SalmonellaLog.java:104)
at Test.Ancera.Reports.SalmonellaLog.RowsPerPage(SalmonellaLog.java:104)
at Test.Ancera.Reports.SalmonellaLog.RowsPerPage(SalmonellaLog.java:104)
at Test.Ancera.Reports.SalmonellaLog.RowsPerPage(SalmonellaLog.java:104)
at Test.Ancera.Reports.SalmonellaLog.RowsPerPage(SalmonellaLog.java:104)
at Test.Ancera.Reports.SalmonellaLog.RowsPerPage(SalmonellaLog.java:104)
at Test.Ancera.Reports.SalmonellaLog.RowsPerPage(SalmonellaLog.java:104)
at Test.Ancera.Reports.SalmonellaLog.RowsPerPage(SalmonellaLog.java:104)
at Test.Ancera.Reports.SalmonellaLog.RowsPerPage(SalmonellaLog.java:104)
at Test.Ancera.Reports.SalmonellaLog.RowsPerPage(SalmonellaLog.java:104)
at Test.Ancera.Reports.SalmonellaLog.RowsPerPage(SalmonellaLog.java:104)
at Test.Ancera.Reports.SalmonellaLog.RowsPerPage(SalmonellaLog.java:104)
at Test.Ancera.Reports.SalmonellaLog.RowsPerPage(SalmonellaLog.java:104)
at Test.Ancera.Reports.SalmonellaLog.RowsPerPage(SalmonellaLog.java:104)
at Test.Ancera.Reports.SalmonellaLog.RowsPerPage(SalmonellaLog.java:104)
at Test.Ancera.Reports.SalmonellaLog.RowsPerPage(SalmonellaLog.java:104)
at Test.Ancera.Reports.SalmonellaLog.RowsPerPage(SalmonellaLog.java:104)
at Test.Ancera.Reports.SalmonellaLog.RowsPerPage(SalmonellaLog.java:104)
at Test.Ancera.Reports.SalmonellaLog.RowsPerPage(SalmonellaLog.java:104)
at Test.Ancera.Reports.SalmonellaLog.RowsPerPage(SalmonellaLog.java:104)
at Test.Ancera.Reports.SalmonellaLog.RowsPerPage(SalmonellaLog.java:104)
at Test.Ancera.Reports.SalmonellaLog.RowsPerPage(SalmonellaLog.java:104)
at Test.Ancera.Reports.SalmonellaLog.RowsPerPage(SalmonellaLog.java:104)
at Test.Ancera.Reports.SalmonellaLog.RowsPerPage(SalmonellaLog.java:104)
at Test.Ancera.Reports.SalmonellaLog.RowsPerPage(SalmonellaLog.java:104)
at Test.Ancera.Reports.SalmonellaLog.RowsPerPage(SalmonellaLog.java:104)
at Test.Ancera.Reports.SalmonellaLog.RowsPerPage(SalmonellaLog.java:104)
at Test.Ancera.Reports.SalmonellaLog.RowsPerPage(SalmonellaLog.java:104)
at Test.Ancera.Reports.SalmonellaLog.RowsPerPage(SalmonellaLog.java:104)
at Test.Ancera.Reports.SalmonellaLog.RowsPerPage(SalmonellaLog.java:104)
at Test.Ancera.Reports.SalmonellaLog.RowsPerPage(SalmonellaLog.java:104)
at Test.Ancera.Reports.SalmonellaLog.RowsPerPage(SalmonellaLog.java:104)
at Test.Ancera.Reports.SalmonellaLog.RowsPerPage(SalmonellaLog.java:104)
at Test.Ancera.Reports.SalmonellaLog.RowsPerPage(SalmonellaLog.java:104)
at Test.Ancera.Reports.SalmonellaLog.RowsPerPage(SalmonellaLog.java:104)
at Test.Ancera.Reports.SalmonellaLog.RowsPerPage(SalmonellaLog.java:104)
at Test.Ancera.Reports.SalmonellaLog.RowsPerPage(SalmonellaLog.java:104)
at Test.Ancera.Reports.SalmonellaLog.RowsPerPage(SalmonellaLog.java:104)
at Test.Ancera.Reports.SalmonellaLog.RowsPerPage(SalmonellaLog.java:104)
at Test.Ancera.Reports.SalmonellaLog.RowsPerPage(SalmonellaLog.java:104)
at Test.Ancera.Reports.SalmonellaLog.RowsPerPage(SalmonellaLog.java:104)
at Test.Ancera.Reports.SalmonellaLog.RowsPerPage(SalmonellaLog.java:104)
at Test.Ancera.Reports.SalmonellaLog.RowsPerPage(SalmonellaLog.java:104)
at Test.Ancera.Reports.SalmonellaLog.RowsPerPage(SalmonellaLog.java:104)
at Test.Ancera.Reports.SalmonellaLog.RowsPerPage(SalmonellaLog.java:104)
at Test.Ancera.Reports.SalmonellaLog.RowsPerPage(SalmonellaLog.java:104)
at Test.Ancera.Reports.SalmonellaLog.RowsPerPage(SalmonellaLog.java:104)
at Test.Ancera.Reports.SalmonellaLog.RowsPerPage(SalmonellaLog.java:104)
at Test.Ancera.Reports.SalmonellaLog.RowsPerPage(SalmonellaLog.java:104)
at Test.Ancera.Reports.SalmonellaLog.RowsPerPage(SalmonellaLog.java:104)
at Test.Ancera.Reports.SalmonellaLog.RowsPerPage(SalmonellaLog.java:104)
at Test.Ancera.Reports.SalmonellaLog.RowsPerPage(SalmonellaLog.java:104)
at Test.Ancera.Reports.SalmonellaLog.RowsPerPage(SalmonellaLog.java:104)
at Test.Ancera.Reports.SalmonellaLog.RowsPerPage(SalmonellaLog.java:104)
at Test.Ancera.Reports.SalmonellaLog.RowsPerPage(SalmonellaLog.java:104)
at Test.Ancera.Reports.SalmonellaLog.RowsPerPage(SalmonellaLog.java:104)
at Test.Ancera.Reports.SalmonellaLog.RowsPerPage(SalmonellaLog.java:104)
at Test.Ancera.Reports.SalmonellaLog.RowsPerPage(SalmonellaLog.java:104)
at Test.Ancera.Reports.SalmonellaLog.RowsPerPage(SalmonellaLog.java:104)
at Test.Ancera.Reports.SalmonellaLog.RowsPerPage(SalmonellaLog.java:104)
at Test.Ancera.Reports.SalmonellaLog.RowsPerPage(SalmonellaLog.java:104)
at Test.Ancera.Reports.SalmonellaLog.RowsPerPage(SalmonellaLog.java:104)
at Test.Ancera.Reports.SalmonellaLog.RowsPerPage(SalmonellaLog.java:104)
at Test.Ancera.Reports.SalmonellaLog.RowsPerPage(SalmonellaLog.java:104)
at Test.Ancera.Reports.SalmonellaLog.RowsPerPage(SalmonellaLog.java:104)
at Test.Ancera.Reports.SalmonellaLog.RowsPerPage(SalmonellaLog.java:104)
at Test.Ancera.Reports.SalmonellaLog.RowsPerPage(SalmonellaLog.java:104)
at Test.Ancera.Reports.SalmonellaLog.RowsPerPage(SalmonellaLog.java:104)
at Test.Ancera.Reports.SalmonellaLog.RowsPerPage(SalmonellaLog.java:104)
at Test.Ancera.Reports.SalmonellaLog.RowsPerPage(SalmonellaLog.java:104)
at Test.Ancera.Reports.SalmonellaLog.RowsPerPage(SalmonellaLog.java:104)
at Test.Ancera.Reports.SalmonellaLog.RowsPerPage(SalmonellaLog.java:104)
at Test.Ancera.Reports.SalmonellaLog.RowsPerPage(SalmonellaLog.java:104)
at Test.Ancera.Reports.SalmonellaLog.RowsPerPage(SalmonellaLog.java:104)
at Test.Ancera.Reports.SalmonellaLog.RowsPerPage(SalmonellaLog.java:104)
at Test.Ancera.Reports.SalmonellaLog.RowsPerPage(SalmonellaLog.java:104)
at Test.Ancera.Reports.SalmonellaLog.RowsPerPage(SalmonellaLog.java:104)
at Test.Ancera.Reports.SalmonellaLog.RowsPerPage(SalmonellaLog.java:104)
at Test.Ancera.Reports.SalmonellaLog.RowsPerPage(SalmonellaLog.java:104)
at Test.Ancera.Reports.SalmonellaLog.RowsPerPage(SalmonellaLog.java:104)
at Test.Ancera.Reports.SalmonellaLog.RowsPerPage(SalmonellaLog.java:104)
at Test.Ancera.Reports.SalmonellaLog.RowsPerPage(SalmonellaLog.java:104)
at Test.Ancera.Reports.SalmonellaLog.RowsPerPage(SalmonellaLog.java:104)
at Test.Ancera.Reports.SalmonellaLog.RowsPerPage(SalmonellaLog.java:104)
at Test.Ancera.Reports.SalmonellaLog.RowsPerPage(SalmonellaLog.java:104)
at Test.Ancera.Reports.SalmonellaLog.RowsPerPage(SalmonellaLog.java:104)
at Test.Ancera.Reports.SalmonellaLog.RowsPerPage(SalmonellaLog.java:104)
at Test.Ancera.Reports.SalmonellaLog.RowsPerPage(SalmonellaLog.java:104)
at Test.Ancera.Reports.SalmonellaLog.RowsPerPage(SalmonellaLog.java:104)
at Test.Ancera.Reports.SalmonellaLog.RowsPerPage(SalmonellaLog.java:104)
at Test.Ancera.Reports.SalmonellaLog.RowsPerPage(SalmonellaLog.java:104)
at Test.Ancera.Reports.SalmonellaLog.RowsPerPage(SalmonellaLog.java:104)
at Test.Ancera.Reports.SalmonellaLog.RowsPerPage(SalmonellaLog.java:104)
at Test.Ancera.Reports.SalmonellaLog.RowsPerPage(SalmonellaLog.java:104)
at Test.Ancera.Reports.SalmonellaLog.RowsPerPage(SalmonellaLog.java:104)
at Test.Ancera.Reports.SalmonellaLog.RowsPerPage(SalmonellaLog.java:104)
at Test.Ancera.Reports.SalmonellaLog.RowsPerPage(SalmonellaLog.java:104)
at Test.Ancera.Reports.SalmonellaLog.RowsPerPage(SalmonellaLog.java:104)
at Test.Ancera.Reports.SalmonellaLog.RowsPerPage(SalmonellaLog.java:104)
at Test.Ancera.Reports.SalmonellaLog.RowsPerPage(SalmonellaLog.java:104)
at Test.Ancera.Reports.SalmonellaLog.RowsPerPage(SalmonellaLog.java:104)
at Test.Ancera.Reports.SalmonellaLog.RowsPerPage(SalmonellaLog.java:104)
at Test.Ancera.Reports.SalmonellaLog.RowsPerPage(SalmonellaLog.java:104)
at Test.Ancera.Reports.SalmonellaLog.RowsPerPage(SalmonellaLog.java:104)
at Test.Ancera.Reports.SalmonellaLog.RowsPerPage(SalmonellaLog.java:104)
at Test.Ancera.Reports.SalmonellaLog.RowsPerPage(SalmonellaLog.java:104)
at Test.Ancera.Reports.SalmonellaLog.RowsPerPage(SalmonellaLog.java:104)
at Test.Ancera.Reports.SalmonellaLog.RowsPerPage(SalmonellaLog.java:104)
at Test.Ancera.Reports.SalmonellaLog.RowsPerPage(SalmonellaLog.java:104)
at Test.Ancera.Reports.SalmonellaLog.RowsPerPage(SalmonellaLog.java:104)
at Test.Ancera.Reports.SalmonellaLog.RowsPerPage(SalmonellaLog.java:104)
at Test.Ancera.Reports.SalmonellaLog.RowsPerPage(SalmonellaLog.java:104)
at Test.Ancera.Reports.SalmonellaLog.RowsPerPage(SalmonellaLog.java:104)
at Test.Ancera.Reports.SalmonellaLog.RowsPerPage(SalmonellaLog.java:104)
at Test.Ancera.Reports.SalmonellaLog.RowsPerPage(SalmonellaLog.java:104)
at Test.Ancera.Reports.SalmonellaLog.RowsPerPage(SalmonellaLog.java:104)
at Test.Ancera.Reports.SalmonellaLog.RowsPerPage(SalmonellaLog.java:104)
at Test.Ancera.Reports.SalmonellaLog.RowsPerPage(SalmonellaLog.java:104)
at Test.Ancera.Reports.SalmonellaLog.RowsPerPage(SalmonellaLog.java:104)
at Test.Ancera.Reports.SalmonellaLog.RowsPerPage(SalmonellaLog.java:104)
at Test.Ancera.Reports.SalmonellaLog.RowsPerPage(SalmonellaLog.java:104)
at Test.Ancera.Reports.SalmonellaLog.RowsPerPage(SalmonellaLog.java:104)
at Test.Ancera.Reports.SalmonellaLog.RowsPerPage(SalmonellaLog.java:104)
at Test.Ancera.Reports.SalmonellaLog.RowsPerPage(SalmonellaLog.java:104)
at Test.Ancera.Reports.SalmonellaLog.RowsPerPage(SalmonellaLog.java:104)
at Test.Ancera.Reports.SalmonellaLog.RowsPerPage(SalmonellaLog.java:104)
at Test.Ancera.Reports.SalmonellaLog.RowsPerPage(SalmonellaLog.java:104)
at Test.Ancera.Reports.SalmonellaLog.RowsPerPage(SalmonellaLog.java:104)
at Test.Ancera.Reports.SalmonellaLog.RowsPerPage(SalmonellaLog.java:104)
at Test.Ancera.Reports.SalmonellaLog.RowsPerPage(SalmonellaLog.java:104)
at Test.Ancera.Reports.SalmonellaLog.RowsPerPage(SalmonellaLog.java:104)
at Test.Ancera.Reports.SalmonellaLog.RowsPerPage(SalmonellaLog.java:104)
at Test.Ancera.Reports.SalmonellaLog.RowsPerPage(SalmonellaLog.java:104)
at Test.Ancera.Reports.SalmonellaLog.RowsPerPage(SalmonellaLog.java:104)
at Test.Ancera.Reports.SalmonellaLog.RowsPerPage(SalmonellaLog.java:104)
at Test.Ancera.Reports.SalmonellaLog.RowsPerPage(SalmonellaLog.java:104)
at Test.Ancera.Reports.SalmonellaLog.RowsPerPage(SalmonellaLog.java:104)
at Test.Ancera.Reports.SalmonellaLog.RowsPerPage(SalmonellaLog.java:104)
at Test.Ancera.Reports.SalmonellaLog.RowsPerPage(SalmonellaLog.java:104)
at Test.Ancera.Reports.SalmonellaLog.RowsPerPage(SalmonellaLog.java:104)
at Test.Ancera.Reports.SalmonellaLog.RowsPerPage(SalmonellaLog.java:104)
at Test.Ancera.Reports.SalmonellaLog.RowsPerPage(SalmonellaLog.java:104)
at Test.Ancera.Reports.SalmonellaLog.RowsPerPage(SalmonellaLog.java:104)
at Test.Ancera.Reports.SalmonellaLog.RowsPerPage(SalmonellaLog.java:104)
at Test.Ancera.Reports.SalmonellaLog.RowsPerPage(SalmonellaLog.java:104)
at Test.Ancera.Reports.SalmonellaLog.RowsPerPage(SalmonellaLog.java:104)
at Test.Ancera.Reports.SalmonellaLog.RowsPerPage(SalmonellaLog.java:104)
at Test.Ancera.Reports.SalmonellaLog.RowsPerPage(SalmonellaLog.java:104)
at Test.Ancera.Reports.SalmonellaLog.RowsPerPage(SalmonellaLog.java:104)
at Test.Ancera.Reports.SalmonellaLog.RowsPerPage(SalmonellaLog.java:104)
at Test.Ancera.Reports.SalmonellaLog.RowsPerPage(SalmonellaLog.java:104)
at Test.Ancera.Reports.SalmonellaLog.RowsPerPage(SalmonellaLog.java:104)
at Test.Ancera.Reports.SalmonellaLog.RowsPerPage(SalmonellaLog.java:104)
at Test.Ancera.Reports.SalmonellaLog.RowsPerPage(SalmonellaLog.java:104)
at Test.Ancera.Reports.SalmonellaLog.RowsPerPage(SalmonellaLog.java:104)
at Test.Ancera.Reports.SalmonellaLog.RowsPerPage(SalmonellaLog.java:104)
at Test.Ancera.Reports.SalmonellaLog.RowsPerPage(SalmonellaLog.java:104)
at Test.Ancera.Reports.SalmonellaLog.RowsPerPage(SalmonellaLog.java:104)
at Test.Ancera.Reports.SalmonellaLog.RowsPerPage(SalmonellaLog.java:104)
at Test.Ancera.Reports.SalmonellaLog.RowsPerPage(SalmonellaLog.java:104)
at Test.Ancera.Reports.SalmonellaLog.RowsPerPage(SalmonellaLog.java:104)
at Test.Ancera.Reports.SalmonellaLog.RowsPerPage(SalmonellaLog.java:104)
at Test.Ancera.Reports.SalmonellaLog.RowsPerPage(SalmonellaLog.java:104)
at Test.Ancera.Reports.SalmonellaLog.RowsPerPage(SalmonellaLog.java:104)
at Test.Ancera.Reports.SalmonellaLog.RowsPerPage(SalmonellaLog.java:104)
at Test.Ancera.Reports.SalmonellaLog.RowsPerPage(SalmonellaLog.java:104)
at Test.Ancera.Reports.SalmonellaLog.RowsPerPage(SalmonellaLog.java:104)
at Test.Ancera.Reports.SalmonellaLog.RowsPerPage(SalmonellaLog.java:104)
at Test.Ancera.Reports.SalmonellaLog.RowsPerPage(SalmonellaLog.java:104)
at Test.Ancera.Reports.SalmonellaLog.RowsPerPage(SalmonellaLog.java:104)
at Test.Ancera.Reports.SalmonellaLog.RowsPerPage(SalmonellaLog.java:104)
at Test.Ancera.Reports.SalmonellaLog.RowsPerPage(SalmonellaLog.java:104)
at Test.Ancera.Reports.SalmonellaLog.RowsPerPage(SalmonellaLog.java:104)
at Test.Ancera.Reports.SalmonellaLog.RowsPerPage(SalmonellaLog.java:104)
at Test.Ancera.Reports.SalmonellaLog.RowsPerPage(SalmonellaLog.java:104)
at Test.Ancera.Reports.SalmonellaLog.RowsPerPage(SalmonellaLog.java:104)
at Test.Ancera.Reports.SalmonellaLog.RowsPerPage(SalmonellaLog.java:104)
at Test.Ancera.Reports.SalmonellaLog.RowsPerPage(SalmonellaLog.java:104)
at Test.Ancera.Reports.SalmonellaLog.RowsPerPage(SalmonellaLog.java:104)
at Test.Ancera.Reports.SalmonellaLog.RowsPerPage(SalmonellaLog.java:104)
at Test.Ancera.Reports.SalmonellaLog.RowsPerPage(SalmonellaLog.java:104)
at Test.Ancera.Reports.SalmonellaLog.RowsPerPage(SalmonellaLog.java:104)
at Test.Ancera.Reports.SalmonellaLog.RowsPerPage(SalmonellaLog.java:104)
at Test.Ancera.Reports.SalmonellaLog.RowsPerPage(SalmonellaLog.java:104)
at Test.Ancera.Reports.SalmonellaLog.RowsPerPage(SalmonellaLog.java:104)
at Test.Ancera.Reports.SalmonellaLog.RowsPerPage(SalmonellaLog.java:104)
at Test.Ancera.Reports.SalmonellaLog.RowsPerPage(SalmonellaLog.java:104)
at Test.Ancera.Reports.SalmonellaLog.RowsPerPage(SalmonellaLog.java:104)
at Test.Ancera.Reports.SalmonellaLog.RowsPerPage(SalmonellaLog.java:104)
at Test.Ancera.Reports.SalmonellaLog.RowsPerPage(SalmonellaLog.java:104)
at Test.Ancera.Reports.SalmonellaLog.RowsPerPage(SalmonellaLog.java:104)
at Test.Ancera.Reports.SalmonellaLog.RowsPerPage(SalmonellaLog.java:104)
at Test.Ancera.Reports.SalmonellaLog.RowsPerPage(SalmonellaLog.java:104)
at Test.Ancera.Reports.SalmonellaLog.RowsPerPage(SalmonellaLog.java:104)
at Test.Ancera.Reports.SalmonellaLog.RowsPerPage(SalmonellaLog.java:104)
at Test.Ancera.Reports.SalmonellaLog.RowsPerPage(SalmonellaLog.java:104)
at Test.Ancera.Reports.SalmonellaLog.RowsPerPage(SalmonellaLog.java:104)
at Test.Ancera.Reports.SalmonellaLog.RowsPerPage(SalmonellaLog.java:104)
at Test.Ancera.Reports.SalmonellaLog.RowsPerPage(SalmonellaLog.java:104)
at Test.Ancera.Reports.SalmonellaLog.RowsPerPage(SalmonellaLog.java:104)
at Test.Ancera.Reports.SalmonellaLog.RowsPerPage(SalmonellaLog.java:104)
at Test.Ancera.Reports.SalmonellaLog.RowsPerPage(SalmonellaLog.java:104)
at Test.Ancera.Reports.SalmonellaLog.RowsPerPage(SalmonellaLog.java:104)
at Test.Ancera.Reports.SalmonellaLog.RowsPerPage(SalmonellaLog.java:104)
at Test.Ancera.Reports.SalmonellaLog.RowsPerPage(SalmonellaLog.java:104)
at Test.Ancera.Reports.SalmonellaLog.RowsPerPage(SalmonellaLog.java:104)
at Test.Ancera.Reports.SalmonellaLog.RowsPerPage(SalmonellaLog.java:104)
at Test.Ancera.Reports.SalmonellaLog.RowsPerPage(SalmonellaLog.java:104)
at Test.Ancera.Reports.SalmonellaLog.RowsPerPage(SalmonellaLog.java:104)
at Test.Ancera.Reports.SalmonellaLog.RowsPerPage(SalmonellaLog.java:104)
at Test.Ancera.Reports.SalmonellaLog.RowsPerPage(SalmonellaLog.java:104)
at Test.Ancera.Reports.SalmonellaLog.RowsPerPage(SalmonellaLog.java:104)
at Test.Ancera.Reports.SalmonellaLog.RowsPerPage(SalmonellaLog.java:104)
at Test.Ancera.Reports.SalmonellaLog.RowsPerPage(SalmonellaLog.java:104)
at Test.Ancera.Reports.SalmonellaLog.RowsPerPage(SalmonellaLog.java:104)
at Test.Ancera.Reports.SalmonellaLog.RowsPerPage(SalmonellaLog.java:104)
at Test.Ancera.Reports.SalmonellaLog.RowsPerPage(SalmonellaLog.java:104)
at Test.Ancera.Reports.SalmonellaLog.RowsPerPage(SalmonellaLog.java:104)
at Test.Ancera.Reports.SalmonellaLog.RowsPerPage(SalmonellaLog.java:104)
at Test.Ancera.Reports.SalmonellaLog.RowsPerPage(SalmonellaLog.java:104)
at Test.Ancera.Reports.SalmonellaLog.RowsPerPage(SalmonellaLog.java:104)
at Test.Ancera.Reports.SalmonellaLog.RowsPerPage(SalmonellaLog.java:104)
at Test.Ancera.Reports.SalmonellaLog.RowsPerPage(SalmonellaLog.java:104)
at Test.Ancera.Reports.SalmonellaLog.RowsPerPage(SalmonellaLog.java:104)
at Test.Ancera.Reports.SalmonellaLog.RowsPerPage(SalmonellaLog.java:104)
at Test.Ancera.Reports.SalmonellaLog.RowsPerPage(SalmonellaLog.java:104)
at Test.Ancera.Reports.SalmonellaLog.RowsPerPage(SalmonellaLog.java:104)
at Test.Ancera.Reports.SalmonellaLog.RowsPerPage(SalmonellaLog.java:104)
at Test.Ancera.Reports.SalmonellaLog.RowsPerPage(SalmonellaLog.java:104)
at Test.Ancera.Reports.SalmonellaLog.RowsPerPage(SalmonellaLog.java:104)
at Test.Ancera.Reports.SalmonellaLog.RowsPerPage(SalmonellaLog.java:104)
at Test.Ancera.Reports.SalmonellaLog.RowsPerPage(SalmonellaLog.java:104)
at Test.Ancera.Reports.SalmonellaLog.RowsPerPage(SalmonellaLog.java:104)
at Test.Ancera.Reports.SalmonellaLog.RowsPerPage(SalmonellaLog.java:104)
at Test.Ancera.Reports.SalmonellaLog.RowsPerPage(SalmonellaLog.java:104)
at Test.Ancera.Reports.SalmonellaLog.RowsPerPage(SalmonellaLog.java:104)
at Test.Ancera.Reports.SalmonellaLog.RowsPerPage(SalmonellaLog.java:104)
at Test.Ancera.Reports.SalmonellaLog.RowsPerPage(SalmonellaLog.java:104)
at Test.Ancera.Reports.SalmonellaLog.RowsPerPage(SalmonellaLog.java:104)
at Test.Ancera.Reports.SalmonellaLog.RowsPerPage(SalmonellaLog.java:104)
at Test.Ancera.Reports.SalmonellaLog.RowsPerPage(SalmonellaLog.java:104)
at Test.Ancera.Reports.SalmonellaLog.RowsPerPage(SalmonellaLog.java:104)
at Test.Ancera.Reports.SalmonellaLog.RowsPerPage(SalmonellaLog.java:104)
at Test.Ancera.Reports.SalmonellaLog.RowsPerPage(SalmonellaLog.java:104)
at Test.Ancera.Reports.SalmonellaLog.RowsPerPage(SalmonellaLog.java:104)
at Test.Ancera.Reports.SalmonellaLog.RowsPerPage(SalmonellaLog.java:104)
at Test.Ancera.Reports.SalmonellaLog.RowsPerPage(SalmonellaLog.java:104)
at Test.Ancera.Reports.SalmonellaLog.RowsPerPage(SalmonellaLog.java:104)
at Test.Ancera.Reports.SalmonellaLog.RowsPerPage(SalmonellaLog.java:104)
at Test.Ancera.Reports.SalmonellaLog.RowsPerPage(SalmonellaLog.java:104)
at Test.Ancera.Reports.SalmonellaLog.RowsPerPage(SalmonellaLog.java:104)
at Test.Ancera.Reports.SalmonellaLog.RowsPerPage(SalmonellaLog.java:104)
at Test.Ancera.Reports.SalmonellaLog.RowsPerPage(SalmonellaLog.java:104)
at Test.Ancera.Reports.SalmonellaLog.RowsPerPage(SalmonellaLog.java:104)
at Test.Ancera.Reports.SalmonellaLog.RowsPerPage(SalmonellaLog.java:104)
at Test.Ancera.Reports.SalmonellaLog.RowsPerPage(SalmonellaLog.java:104)
at Test.Ancera.Reports.SalmonellaLog.RowsPerPage(SalmonellaLog.java:104)
at Test.Ancera.Reports.SalmonellaLog.RowsPerPage(SalmonellaLog.java:104)
at Test.Ancera.Reports.SalmonellaLog.RowsPerPage(SalmonellaLog.java:104)
at Test.Ancera.Reports.SalmonellaLog.RowsPerPage(SalmonellaLog.java:104)
at Test.Ancera.Reports.SalmonellaLog.RowsPerPage(SalmonellaLog.java:104)
at Test.Ancera.Reports.SalmonellaLog.RowsPerPage(SalmonellaLog.java:104)
at Test.Ancera.Reports.SalmonellaLog.RowsPerPage(SalmonellaLog.java:104)
at Test.Ancera.Reports.SalmonellaLog.RowsPerPage(SalmonellaLog.java:104)
at Test.Ancera.Reports.SalmonellaLog.RowsPerPage(SalmonellaLog.java:104)
at Test.Ancera.Reports.SalmonellaLog.RowsPerPage(SalmonellaLog.java:104)
at Test.Ancera.Reports.SalmonellaLog.RowsPerPage(SalmonellaLog.java:104)
at Test.Ancera.Reports.SalmonellaLog.RowsPerPage(SalmonellaLog.java:104)
at Test.Ancera.Reports.SalmonellaLog.RowsPerPage(SalmonellaLog.java:104)
at Test.Ancera.Reports.SalmonellaLog.RowsPerPage(SalmonellaLog.java:104)
at Test.Ancera.Reports.SalmonellaLog.RowsPerPage(SalmonellaLog.java:104)
at Test.Ancera.Reports.SalmonellaLog.RowsPerPage(SalmonellaLog.java:104)
at Test.Ancera.Reports.SalmonellaLog.RowsPerPage(SalmonellaLog.java:104)
at Test.Ancera.Reports.SalmonellaLog.RowsPerPage(SalmonellaLog.java:104)
at Test.Ancera.Reports.SalmonellaLog.RowsPerPage(SalmonellaLog.java:104)
at Test.Ancera.Reports.SalmonellaLog.RowsPerPage(SalmonellaLog.java:104)
at Test.Ancera.Reports.SalmonellaLog.RowsPerPage(SalmonellaLog.java:104)
at Test.Ancera.Reports.SalmonellaLog.RowsPerPage(SalmonellaLog.java:104)
at Test.Ancera.Reports.SalmonellaLog.RowsPerPage(SalmonellaLog.java:104)
at Test.Ancera.Reports.SalmonellaLog.RowsPerPage(SalmonellaLog.java:104)
at Test.Ancera.Reports.SalmonellaLog.RowsPerPage(SalmonellaLog.java:104)
at Test.Ancera.Reports.SalmonellaLog.RowsPerPage(SalmonellaLog.java:104)
at Test.Ancera.Reports.SalmonellaLog.RowsPerPage(SalmonellaLog.java:104)
at Test.Ancera.Reports.SalmonellaLog.RowsPerPage(SalmonellaLog.java:104)
at Test.Ancera.Reports.SalmonellaLog.RowsPerPage(SalmonellaLog.java:104)
at Test.Ancera.Reports.SalmonellaLog.RowsPerPage(SalmonellaLog.java:104)
at Test.Ancera.Reports.SalmonellaLog.RowsPerPage(SalmonellaLog.java:104)
at Test.Ancera.Reports.SalmonellaLog.RowsPerPage(SalmonellaLog.java:104)
at Test.Ancera.Reports.SalmonellaLog.RowsPerPage(SalmonellaLog.java:104)
at Test.Ancera.Reports.SalmonellaLog.RowsPerPage(SalmonellaLog.java:104)
at Test.Ancera.Reports.SalmonellaLog.RowsPerPage(SalmonellaLog.java:104)
at Test.Ancera.Reports.SalmonellaLog.RowsPerPage(SalmonellaLog.java:104)
at Test.Ancera.Reports.SalmonellaLog.RowsPerPage(SalmonellaLog.java:104)
at Test.Ancera.Reports.SalmonellaLog.RowsPerPage(SalmonellaLog.java:104)
at Test.Ancera.Reports.SalmonellaLog.RowsPerPage(SalmonellaLog.java:104)
at Test.Ancera.Reports.SalmonellaLog.RowsPerPage(SalmonellaLog.java:104)
at Test.Ancera.Reports.SalmonellaLog.RowsPerPage(SalmonellaLog.java:104)
at Test.Ancera.Reports.SalmonellaLog.RowsPerPage(SalmonellaLog.java:104)
at Test.Ancera.Reports.SalmonellaLog.RowsPerPage(SalmonellaLog.java:104)
at Test.Ancera.Reports.SalmonellaLog.RowsPerPage(SalmonellaLog.java:104)
at Test.Ancera.Reports.SalmonellaLog.RowsPerPage(SalmonellaLog.java:104)
at Test.Ancera.Reports.SalmonellaLog.RowsPerPage(SalmonellaLog.java:104)
at Test.Ancera.Reports.SalmonellaLog.RowsPerPage(SalmonellaLog.java:104)
at Test.Ancera.Reports.SalmonellaLog.RowsPerPage(SalmonellaLog.java:104)
at Test.Ancera.Reports.SalmonellaLog.RowsPerPage(SalmonellaLog.java:104)
at Test.Ancera.Reports.SalmonellaLog.RowsPerPage(SalmonellaLog.java:104)
at Test.Ancera.Reports.SalmonellaLog.RowsPerPage(SalmonellaLog.java:104)
at Test.Ancera.Reports.SalmonellaLog.RowsPerPage(SalmonellaLog.java:104)
at Test.Ancera.Reports.SalmonellaLog.RowsPerPage(SalmonellaLog.java:104)
at Test.Ancera.Reports.SalmonellaLog.RowsPerPage(SalmonellaLog.java:104)
at Test.Ancera.Reports.SalmonellaLog.RowsPerPage(SalmonellaLog.java:104)
at Test.Ancera.Reports.SalmonellaLog.RowsPerPage(SalmonellaLog.java:104)
at Test.Ancera.Reports.SalmonellaLog.RowsPerPage(SalmonellaLog.java:104)
at Test.Ancera.Reports.SalmonellaLog.RowsPerPage(SalmonellaLog.java:104)
at Test.Ancera.Reports.SalmonellaLog.RowsPerPage(SalmonellaLog.java:104)
at Test.Ancera.Reports.SalmonellaLog.RowsPerPage(SalmonellaLog.java:104)
at Test.Ancera.Reports.SalmonellaLog.RowsPerPage(SalmonellaLog.java:104)
at Test.Ancera.Reports.SalmonellaLog.RowsPerPage(SalmonellaLog.java:104)
at Test.Ancera.Reports.SalmonellaLog.RowsPerPage(SalmonellaLog.java:104)
at Test.Ancera.Reports.SalmonellaLog.RowsPerPage(SalmonellaLog.java:104)
at Test.Ancera.Reports.SalmonellaLog.RowsPerPage(SalmonellaLog.java:104)
at Test.Ancera.Reports.SalmonellaLog.RowsPerPage(SalmonellaLog.java:104)
at Test.Ancera.Reports.SalmonellaLog.RowsPerPage(SalmonellaLog.java:104)
at Test.Ancera.Reports.SalmonellaLog.RowsPerPage(SalmonellaLog.java:104)
at Test.Ancera.Reports.SalmonellaLog.RowsPerPage(SalmonellaLog.java:104)
at Test.Ancera.Reports.SalmonellaLog.RowsPerPage(SalmonellaLog.java:104)
at Test.Ancera.Reports.SalmonellaLog.RowsPerPage(SalmonellaLog.java:104)
at Test.Ancera.Reports.SalmonellaLog.RowsPerPage(SalmonellaLog.java:104)
at Test.Ancera.Reports.SalmonellaLog.RowsPerPage(SalmonellaLog.java:104)
at Test.Ancera.Reports.SalmonellaLog.RowsPerPage(SalmonellaLog.java:104)
at Test.Ancera.Reports.SalmonellaLog.RowsPerPage(SalmonellaLog.java:104)
at Test.Ancera.Reports.SalmonellaLog.RowsPerPage(SalmonellaLog.java:104)
at Test.Ancera.Reports.SalmonellaLog.RowsPerPage(SalmonellaLog.java:104)
at Test.Ancera.Reports.SalmonellaLog.RowsPerPage(SalmonellaLog.java:104)
at Test.Ancera.Reports.SalmonellaLog.RowsPerPage(SalmonellaLog.java:104)
at Test.Ancera.Reports.SalmonellaLog.RowsPerPage(SalmonellaLog.java:104)
at Test.Ancera.Reports.SalmonellaLog.RowsPerPage(SalmonellaLog.java:104)
at Test.Ancera.Reports.SalmonellaLog.RowsPerPage(SalmonellaLog.java:104)
at Test.Ancera.Reports.SalmonellaLog.RowsPerPage(SalmonellaLog.java:104)
at Test.Ancera.Reports.SalmonellaLog.RowsPerPage(SalmonellaLog.java:104)
at Test.Ancera.Reports.SalmonellaLog.RowsPerPage(SalmonellaLog.java:104)
at Test.Ancera.Reports.SalmonellaLog.RowsPerPage(SalmonellaLog.java:104)
at Test.Ancera.Reports.SalmonellaLog.RowsPerPage(SalmonellaLog.java:104)
at Test.Ancera.Reports.SalmonellaLog.RowsPerPage(SalmonellaLog.java:104)
at Test.Ancera.Reports.SalmonellaLog.RowsPerPage(SalmonellaLog.java:104)
at Test.Ancera.Reports.SalmonellaLog.RowsPerPage(SalmonellaLog.java:104)
at Test.Ancera.Reports.SalmonellaLog.RowsPerPage(SalmonellaLog.java:104)
at Test.Ancera.Reports.SalmonellaLog.RowsPerPage(SalmonellaLog.java:104)
at Test.Ancera.Reports.SalmonellaLog.RowsPerPage(SalmonellaLog.java:104)
at Test.Ancera.Reports.SalmonellaLog.RowsPerPage(SalmonellaLog.java:104)
at Test.Ancera.Reports.SalmonellaLog.RowsPerPage(SalmonellaLog.java:104)
at Test.Ancera.Reports.SalmonellaLog.RowsPerPage(SalmonellaLog.java:104)
at Test.Ancera.Reports.SalmonellaLog.RowsPerPage(SalmonellaLog.java:104)
at Test.Ancera.Reports.SalmonellaLog.RowsPerPage(SalmonellaLog.java:104)
at Test.Ancera.Reports.SalmonellaLog.RowsPerPage(SalmonellaLog.java:104)
at Test.Ancera.Reports.SalmonellaLog.RowsPerPage(SalmonellaLog.java:104)
at Test.Ancera.Reports.SalmonellaLog.RowsPerPage(SalmonellaLog.java:104)
at Test.Ancera.Reports.SalmonellaLog.RowsPerPage(SalmonellaLog.java:104)
at Test.Ancera.Reports.SalmonellaLog.RowsPerPage(SalmonellaLog.java:104)
at Test.Ancera.Reports.SalmonellaLog.RowsPerPage(SalmonellaLog.java:104)
at Test.Ancera.Reports.SalmonellaLog.RowsPerPage(SalmonellaLog.java:104)
at Test.Ancera.Reports.SalmonellaLog.RowsPerPage(SalmonellaLog.java:104)
at Test.Ancera.Reports.SalmonellaLog.RowsPerPage(SalmonellaLog.java:104)
at Test.Ancera.Reports.SalmonellaLog.RowsPerPage(SalmonellaLog.java:104)
at Test.Ancera.Reports.SalmonellaLog.RowsPerPage(SalmonellaLog.java:104)
at Test.Ancera.Reports.SalmonellaLog.RowsPerPage(SalmonellaLog.java:104)
at Test.Ancera.Reports.SalmonellaLog.RowsPerPage(SalmonellaLog.java:104)
at Test.Ancera.Reports.SalmonellaLog.RowsPerPage(SalmonellaLog.java:104)
at Test.Ancera.Reports.SalmonellaLog.RowsPerPage(SalmonellaLog.java:104)
at Test.Ancera.Reports.SalmonellaLog.RowsPerPage(SalmonellaLog.java:104)
at Test.Ancera.Reports.SalmonellaLog.RowsPerPage(SalmonellaLog.java:104)
at Test.Ancera.Reports.SalmonellaLog.RowsPerPage(SalmonellaLog.java:104)
at Test.Ancera.Reports.SalmonellaLog.RowsPerPage(SalmonellaLog.java:104)
at Test.Ancera.Reports.SalmonellaLog.RowsPerPage(SalmonellaLog.java:104)
at Test.Ancera.Reports.SalmonellaLog.RowsPerPage(SalmonellaLog.java:104)
at Test.Ancera.Reports.SalmonellaLog.RowsPerPage(SalmonellaLog.java:104)
at Test.Ancera.Reports.SalmonellaLog.RowsPerPage(SalmonellaLog.java:104)
at Test.Ancera.Reports.SalmonellaLog.RowsPerPage(SalmonellaLog.java:104)
at Test.Ancera.Reports.SalmonellaLog.RowsPerPage(SalmonellaLog.java:104)
at Test.Ancera.Reports.SalmonellaLog.RowsPerPage(SalmonellaLog.java:104)
at Test.Ancera.Reports.SalmonellaLog.RowsPerPage(SalmonellaLog.java:104)
at Test.Ancera.Reports.SalmonellaLog.RowsPerPage(SalmonellaLog.java:104)
at Test.Ancera.Reports.SalmonellaLog.RowsPerPage(SalmonellaLog.java:104)
at Test.Ancera.Reports.SalmonellaLog.RowsPerPage(SalmonellaLog.java:104)
at Test.Ancera.Reports.SalmonellaLog.RowsPerPage(SalmonellaLog.java:104)
at Test.Ancera.Reports.SalmonellaLog.RowsPerPage(SalmonellaLog.java:104)
at Test.Ancera.Reports.SalmonellaLog.RowsPerPage(SalmonellaLog.java:104)
at Test.Ancera.Reports.SalmonellaLog.RowsPerPage(SalmonellaLog.java:104)
at Test.Ancera.Reports.SalmonellaLog.RowsPerPage(SalmonellaLog.java:104)
at Test.Ancera.Reports.SalmonellaLog.RowsPerPage(SalmonellaLog.java:104)
at Test.Ancera.Reports.SalmonellaLog.RowsPerPage(SalmonellaLog.java:104)
at Test.Ancera.Reports.SalmonellaLog.RowsPerPage(SalmonellaLog.java:104)
at Test.Ancera.Reports.SalmonellaLog.RowsPerPage(SalmonellaLog.java:104)
at Test.Ancera.Reports.SalmonellaLog.RowsPerPage(SalmonellaLog.java:104)
at Test.Ancera.Reports.SalmonellaLog.RowsPerPage(SalmonellaLog.java:104)
at Test.Ancera.Reports.SalmonellaLog.RowsPerPage(SalmonellaLog.java:104)
at Test.Ancera.Reports.SalmonellaLog.RowsPerPage(SalmonellaLog.java:104)
at Test.Ancera.Reports.SalmonellaLog.RowsPerPage(SalmonellaLog.java:104)
at Test.Ancera.Reports.SalmonellaLog.RowsPerPage(SalmonellaLog.java:104)
at Test.Ancera.Reports.SalmonellaLog.RowsPerPage(SalmonellaLog.java:104)
at Test.Ancera.Reports.SalmonellaLog.RowsPerPage(SalmonellaLog.java:104)
at Test.Ancera.Reports.SalmonellaLog.RowsPerPage(SalmonellaLog.java:104)
at Test.Ancera.Reports.SalmonellaLog.RowsPerPage(SalmonellaLog.java:104)
at Test.Ancera.Reports.SalmonellaLog.RowsPerPage(SalmonellaLog.java:104)
at Test.Ancera.Reports.SalmonellaLog.RowsPerPage(SalmonellaLog.java:104)
at Test.Ancera.Reports.SalmonellaLog.RowsPerPage(SalmonellaLog.java:104)
at Test.Ancera.Reports.SalmonellaLog.RowsPerPage(SalmonellaLog.java:104)
at Test.Ancera.Reports.SalmonellaLog.RowsPerPage(SalmonellaLog.java:104)
at Test.Ancera.Reports.SalmonellaLog.RowsPerPage(SalmonellaLog.java:104)
at Test.Ancera.Reports.SalmonellaLog.RowsPerPage(SalmonellaLog.java:104)
at Test.Ancera.Reports.SalmonellaLog.RowsPerPage(SalmonellaLog.java:104)
at Test.Ancera.Reports.SalmonellaLog.RowsPerPage(SalmonellaLog.java:104)
at Test.Ancera.Reports.SalmonellaLog.RowsPerPage(SalmonellaLog.java:104)
at Test.Ancera.Reports.SalmonellaLog.RowsPerPage(SalmonellaLog.java:104)
at Test.Ancera.Reports.SalmonellaLog.RowsPerPage(SalmonellaLog.java:104)
at Test.Ancera.Reports.SalmonellaLog.RowsPerPage(SalmonellaLog.java:104)
at Test.Ancera.Reports.SalmonellaLog.RowsPerPage(SalmonellaLog.java:104)
at Test.Ancera.Reports.SalmonellaLog.RowsPerPage(SalmonellaLog.java:104)
at Test.Ancera.Reports.SalmonellaLog.RowsPerPage(SalmonellaLog.java:104)
at Test.Ancera.Reports.SalmonellaLog.RowsPerPage(SalmonellaLog.java:104)
at Test.Ancera.Reports.SalmonellaLog.RowsPerPage(SalmonellaLog.java:104)
at Test.Ancera.Reports.SalmonellaLog.RowsPerPage(SalmonellaLog.java:104)
at Test.Ancera.Reports.SalmonellaLog.RowsPerPage(SalmonellaLog.java:104)
at Test.Ancera.Reports.SalmonellaLog.RowsPerPage(SalmonellaLog.java:104)
at Test.Ancera.Reports.SalmonellaLog.RowsPerPage(SalmonellaLog.java:104)
at Test.Ancera.Reports.SalmonellaLog.RowsPerPage(SalmonellaLog.java:104)
at Test.Ancera.Reports.SalmonellaLog.RowsPerPage(SalmonellaLog.java:104)
at Test.Ancera.Reports.SalmonellaLog.RowsPerPage(SalmonellaLog.java:104)
at Test.Ancera.Reports.SalmonellaLog.RowsPerPage(SalmonellaLog.java:104)
at Test.Ancera.Reports.SalmonellaLog.RowsPerPage(SalmonellaLog.java:104)
at Test.Ancera.Reports.SalmonellaLog.RowsPerPage(SalmonellaLog.java:104)
at Test.Ancera.Reports.SalmonellaLog.RowsPerPage(SalmonellaLog.java:104)
at Test.Ancera.Reports.SalmonellaLog.RowsPerPage(SalmonellaLog.java:104)
at Test.Ancera.Reports.SalmonellaLog.RowsPerPage(SalmonellaLog.java:104)
at Test.Ancera.Reports.SalmonellaLog.RowsPerPage(SalmonellaLog.java:104)
at Test.Ancera.Reports.SalmonellaLog.RowsPerPage(SalmonellaLog.java:104)
at Test.Ancera.Reports.SalmonellaLog.RowsPerPage(SalmonellaLog.java:104)
at Test.Ancera.Reports.SalmonellaLog.RowsPerPage(SalmonellaLog.java:104)
at Test.Ancera.Reports.SalmonellaLog.RowsPerPage(SalmonellaLog.java:104)
at Test.Ancera.Reports.SalmonellaLog.RowsPerPage(SalmonellaLog.java:104)
at Test.Ancera.Reports.SalmonellaLog.RowsPerPage(SalmonellaLog.java:104)
at Test.Ancera.Reports.SalmonellaLog.RowsPerPage(SalmonellaLog.java:104)
at Test.Ancera.Reports.SalmonellaLog.RowsPerPage(SalmonellaLog.java:104)
at Test.Ancera.Reports.SalmonellaLog.RowsPerPage(SalmonellaLog.java:104)
at Test.Ancera.Reports.SalmonellaLog.RowsPerPage(SalmonellaLog.java:104)
at Test.Ancera.Reports.SalmonellaLog.RowsPerPage(SalmonellaLog.java:104)
at Test.Ancera.Reports.SalmonellaLog.RowsPerPage(SalmonellaLog.java:104)
at Test.Ancera.Reports.SalmonellaLog.RowsPerPage(SalmonellaLog.java:104)
at Test.Ancera.Reports.SalmonellaLog.RowsPerPage(SalmonellaLog.java:104)
at Test.Ancera.Reports.SalmonellaLog.RowsPerPage(SalmonellaLog.java:104)
at Test.Ancera.Reports.SalmonellaLog.RowsPerPage(SalmonellaLog.java:104)
at Test.Ancera.Reports.SalmonellaLog.RowsPerPage(SalmonellaLog.java:104)
at Test.Ancera.Reports.SalmonellaLog.RowsPerPage(SalmonellaLog.java:104)
at Test.Ancera.Reports.SalmonellaLog.RowsPerPage(SalmonellaLog.java:104)
at Test.Ancera.Reports.SalmonellaLog.RowsPerPage(SalmonellaLog.java:104)
at Test.Ancera.Reports.SalmonellaLog.RowsPerPage(SalmonellaLog.java:104)
at Test.Ancera.Reports.SalmonellaLog.RowsPerPage(SalmonellaLog.java:104)
at Test.Ancera.Reports.SalmonellaLog.RowsPerPage(SalmonellaLog.java:104)
at Test.Ancera.Reports.SalmonellaLog.RowsPerPage(SalmonellaLog.java:104)
at Test.Ancera.Reports.SalmonellaLog.RowsPerPage(SalmonellaLog.java:104)
at Test.Ancera.Reports.SalmonellaLog.RowsPerPage(SalmonellaLog.java:104)
at Test.Ancera.Reports.SalmonellaLog.RowsPerPage(SalmonellaLog.java:104)
at Test.Ancera.Reports.SalmonellaLog.RowsPerPage(SalmonellaLog.java:104)
at Test.Ancera.Reports.SalmonellaLog.RowsPerPage(SalmonellaLog.java:104)
at Test.Ancera.Reports.SalmonellaLog.RowsPerPage(SalmonellaLog.java:104)
at Test.Ancera.Reports.SalmonellaLog.RowsPerPage(SalmonellaLog.java:104)
at Test.Ancera.Reports.SalmonellaLog.RowsPerPage(SalmonellaLog.java:104)
at Test.Ancera.Reports.SalmonellaLog.RowsPerPage(SalmonellaLog.java:104)
at Test.Ancera.Reports.SalmonellaLog.RowsPerPage(SalmonellaLog.java:104)
at Test.Ancera.Reports.SalmonellaLog.RowsPerPage(SalmonellaLog.java:104)
at Test.Ancera.Reports.SalmonellaLog.RowsPerPage(SalmonellaLog.java:104)
at Test.Ancera.Reports.SalmonellaLog.RowsPerPage(SalmonellaLog.java:104)
at Test.Ancera.Reports.SalmonellaLog.RowsPerPage(SalmonellaLog.java:104)
at Test.Ancera.Reports.SalmonellaLog.RowsPerPage(SalmonellaLog.java:104)
at Test.Ancera.Reports.SalmonellaLog.RowsPerPage(SalmonellaLog.java:104)
at Test.Ancera.Reports.SalmonellaLog.RowsPerPage(SalmonellaLog.java:104)
at Test.Ancera.Reports.SalmonellaLog.RowsPerPage(SalmonellaLog.java:104)
at Test.Ancera.Reports.SalmonellaLog.RowsPerPage(SalmonellaLog.java:104)
at Test.Ancera.Reports.SalmonellaLog.RowsPerPage(SalmonellaLog.java:104)
at Test.Ancera.Reports.SalmonellaLog.RowsPerPage(SalmonellaLog.java:104)
at Test.Ancera.Reports.SalmonellaLog.RowsPerPage(SalmonellaLog.java:104)
at Test.Ancera.Reports.SalmonellaLog.RowsPerPage(SalmonellaLog.java:104)
at Test.Ancera.Reports.SalmonellaLog.RowsPerPage(SalmonellaLog.java:104)
at Test.Ancera.Reports.SalmonellaLog.RowsPerPage(SalmonellaLog.java:104)
at Test.Ancera.Reports.SalmonellaLog.RowsPerPage(SalmonellaLog.java:104)
at Test.Ancera.Reports.SalmonellaLog.RowsPerPage(SalmonellaLog.java:104)
at Test.Ancera.Reports.SalmonellaLog.RowsPerPage(SalmonellaLog.java:104)
at Test.Ancera.Reports.SalmonellaLog.RowsPerPage(SalmonellaLog.java:104)
at Test.Ancera.Reports.SalmonellaLog.RowsPerPage(SalmonellaLog.java:104)
at Test.Ancera.Reports.SalmonellaLog.RowsPerPage(SalmonellaLog.java:104)
at Test.Ancera.Reports.SalmonellaLog.RowsPerPage(SalmonellaLog.java:104)
at Test.Ancera.Reports.SalmonellaLog.RowsPerPage(SalmonellaLog.java:104)
at Test.Ancera.Reports.SalmonellaLog.RowsPerPage(SalmonellaLog.java:104)
at Test.Ancera.Reports.SalmonellaLog.RowsPerPage(SalmonellaLog.java:104)
at Test.Ancera.Reports.SalmonellaLog.RowsPerPage(SalmonellaLog.java:104)
at Test.Ancera.Reports.SalmonellaLog.RowsPerPage(SalmonellaLog.java:104)
at Test.Ancera.Reports.SalmonellaLog.RowsPerPage(SalmonellaLog.java:104)
at Test.Ancera.Reports.SalmonellaLog.RowsPerPage(SalmonellaLog.java:104)
at Test.Ancera.Reports.SalmonellaLog.RowsPerPage(SalmonellaLog.java:104)
at Test.Ancera.Reports.SalmonellaLog.RowsPerPage(SalmonellaLog.java:104)
at Test.Ancera.Reports.SalmonellaLog.RowsPerPage(SalmonellaLog.java:104)
at Test.Ancera.Reports.SalmonellaLog.RowsPerPage(SalmonellaLog.java:104)
at Test.Ancera.Reports.SalmonellaLog.RowsPerPage(SalmonellaLog.java:104)
at Test.Ancera.Reports.SalmonellaLog.RowsPerPage(SalmonellaLog.java:104)
at Test.Ancera.Reports.SalmonellaLog.RowsPerPage(SalmonellaLog.java:104)
at Test.Ancera.Reports.SalmonellaLog.RowsPerPage(SalmonellaLog.java:104)
at Test.Ancera.Reports.SalmonellaLog.RowsPerPage(SalmonellaLog.java:104)
at Test.Ancera.Reports.SalmonellaLog.RowsPerPage(SalmonellaLog.java:104)
at Test.Ancera.Reports.SalmonellaLog.RowsPerPage(SalmonellaLog.java:104)
at Test.Ancera.Reports.SalmonellaLog.RowsPerPage(SalmonellaLog.java:104)
at Test.Ancera.Reports.SalmonellaLog.RowsPerPage(SalmonellaLog.java:104)
at Test.Ancera.Reports.SalmonellaLog.RowsPerPage(SalmonellaLog.java:104)
at Test.Ancera.Reports.SalmonellaLog.RowsPerPage(SalmonellaLog.java:104)
at Test.Ancera.Reports.SalmonellaLog.RowsPerPage(SalmonellaLog.java:104)
at Test.Ancera.Reports.SalmonellaLog.RowsPerPage(SalmonellaLog.java:104)
at Test.Ancera.Reports.SalmonellaLog.RowsPerPage(SalmonellaLog.java:104)
at Test.Ancera.Reports.SalmonellaLog.RowsPerPage(SalmonellaLog.java:104)
at Test.Ancera.Reports.SalmonellaLog.RowsPerPage(SalmonellaLog.java:104)
at Test.Ancera.Reports.SalmonellaLog.RowsPerPage(SalmonellaLog.java:104)
at Test.Ancera.Reports.SalmonellaLog.RowsPerPage(SalmonellaLog.java:104)
at Test.Ancera.Reports.SalmonellaLog.RowsPerPage(SalmonellaLog.java:104)
at Test.Ancera.Reports.SalmonellaLog.RowsPerPage(SalmonellaLog.java:104)
at Test.Ancera.Reports.SalmonellaLog.RowsPerPage(SalmonellaLog.java:104)
at Test.Ancera.Reports.SalmonellaLog.RowsPerPage(SalmonellaLog.java:104)
at Test.Ancera.Reports.SalmonellaLog.RowsPerPage(SalmonellaLog.java:104)
at Test.Ancera.Reports.SalmonellaLog.RowsPerPage(SalmonellaLog.java:104)
at Test.Ancera.Reports.SalmonellaLog.RowsPerPage(SalmonellaLog.java:104)
at Test.Ancera.Reports.SalmonellaLog.RowsPerPage(SalmonellaLog.java:104)
at Test.Ancera.Reports.SalmonellaLog.RowsPerPage(SalmonellaLog.java:104)
at Test.Ancera.Reports.SalmonellaLog.RowsPerPage(SalmonellaLog.java:104)
at Test.Ancera.Reports.SalmonellaLog.RowsPerPage(SalmonellaLog.java:104)
at Test.Ancera.Reports.SalmonellaLog.RowsPerPage(SalmonellaLog.java:104)
at Test.Ancera.Reports.SalmonellaLog.RowsPerPage(SalmonellaLog.java:104)
at Test.Ancera.Reports.SalmonellaLog.RowsPerPage(SalmonellaLog.java:104)
at Test.Ancera.Reports.SalmonellaLog.RowsPerPage(SalmonellaLog.java:104)
at Test.Ancera.Reports.SalmonellaLog.RowsPerPage(SalmonellaLog.java:104)
at Test.Ancera.Reports.SalmonellaLog.RowsPerPage(SalmonellaLog.java:104)
at Test.Ancera.Reports.SalmonellaLog.RowsPerPage(SalmonellaLog.java:104)
at Test.Ancera.Reports.SalmonellaLog.RowsPerPage(SalmonellaLog.java:104)
at Test.Ancera.Reports.SalmonellaLog.RowsPerPage(SalmonellaLog.java:104)
at Test.Ancera.Reports.SalmonellaLog.RowsPerPage(SalmonellaLog.java:104)
at Test.Ancera.Reports.SalmonellaLog.RowsPerPage(SalmonellaLog.java:104)
at Test.Ancera.Reports.SalmonellaLog.RowsPerPage(SalmonellaLog.java:104)
at Test.Ancera.Reports.SalmonellaLog.RowsPerPage(SalmonellaLog.java:104)
at Test.Ancera.Reports.SalmonellaLog.RowsPerPage(SalmonellaLog.java:104)
at Test.Ancera.Reports.SalmonellaLog.RowsPerPage(SalmonellaLog.java:104)
at Test.Ancera.Reports.SalmonellaLog.RowsPerPage(SalmonellaLog.java:104)
at Test.Ancera.Reports.SalmonellaLog.RowsPerPage(SalmonellaLog.java:104)
at Test.Ancera.Reports.SalmonellaLog.RowsPerPage(SalmonellaLog.java:104)
at Test.Ancera.Reports.SalmonellaLog.RowsPerPage(SalmonellaLog.java:104)
at Test.Ancera.Reports.SalmonellaLog.RowsPerPage(SalmonellaLog.java:104)
at Test.Ancera.Reports.SalmonellaLog.RowsPerPage(SalmonellaLog.java:104)
at Test.Ancera.Reports.SalmonellaLog.RowsPerPage(SalmonellaLog.java:104)
at Test.Ancera.Reports.SalmonellaLog.RowsPerPage(SalmonellaLog.java:104)
at Test.Ancera.Reports.SalmonellaLog.RowsPerPage(SalmonellaLog.java:104)
at Test.Ancera.Reports.SalmonellaLog.RowsPerPage(SalmonellaLog.java:104)
at Test.Ancera.Reports.SalmonellaLog.RowsPerPage(SalmonellaLog.java:104)
at Test.Ancera.Reports.SalmonellaLog.RowsPerPage(SalmonellaLog.java:104)
at Test.Ancera.Reports.SalmonellaLog.RowsPerPage(SalmonellaLog.java:104)
at Test.Ancera.Reports.SalmonellaLog.RowsPerPage(SalmonellaLog.java:104)
at Test.Ancera.Reports.SalmonellaLog.RowsPerPage(SalmonellaLog.java:104)
at Test.Ancera.Reports.SalmonellaLog.RowsPerPage(SalmonellaLog.java:104)
at Test.Ancera.Reports.SalmonellaLog.RowsPerPage(SalmonellaLog.java:104)
at Test.Ancera.Reports.SalmonellaLog.RowsPerPage(SalmonellaLog.java:104)
at Test.Ancera.Reports.SalmonellaLog.RowsPerPage(SalmonellaLog.java:104)
at Test.Ancera.Reports.SalmonellaLog.RowsPerPage(SalmonellaLog.java:104)
at Test.Ancera.Reports.SalmonellaLog.RowsPerPage(SalmonellaLog.java:104)
at Test.Ancera.Reports.SalmonellaLog.RowsPerPage(SalmonellaLog.java:104)
at Test.Ancera.Reports.SalmonellaLog.RowsPerPage(SalmonellaLog.java:104)
at Test.Ancera.Reports.SalmonellaLog.RowsPerPage(SalmonellaLog.java:104)
at Test.Ancera.Reports.SalmonellaLog.RowsPerPage(SalmonellaLog.java:104)
at Test.Ancera.Reports.SalmonellaLog.RowsPerPage(SalmonellaLog.java:104)
at Test.Ancera.Reports.SalmonellaLog.RowsPerPage(SalmonellaLog.java:104)
at Test.Ancera.Reports.SalmonellaLog.RowsPerPage(SalmonellaLog.java:104)
at Test.Ancera.Reports.SalmonellaLog.RowsPerPage(SalmonellaLog.java:104)
at Test.Ancera.Reports.SalmonellaLog.RowsPerPage(SalmonellaLog.java:104)
at Test.Ancera.Reports.SalmonellaLog.RowsPerPage(SalmonellaLog.java:104)
at Test.Ancera.Reports.SalmonellaLog.RowsPerPage(SalmonellaLog.java:104)
at Test.Ancera.Reports.SalmonellaLog.RowsPerPage(SalmonellaLog.java:104)
at Test.Ancera.Reports.SalmonellaLog.RowsPerPage(SalmonellaLog.java:104)
at Test.Ancera.Reports.SalmonellaLog.RowsPerPage(SalmonellaLog.java:104)
at Test.Ancera.Reports.SalmonellaLog.RowsPerPage(SalmonellaLog.java:104)
at Test.Ancera.Reports.SalmonellaLog.RowsPerPage(SalmonellaLog.java:104)
at Test.Ancera.Reports.SalmonellaLog.RowsPerPage(SalmonellaLog.java:104)
at Test.Ancera.Reports.SalmonellaLog.RowsPerPage(SalmonellaLog.java:104)
at Test.Ancera.Reports.SalmonellaLog.RowsPerPage(SalmonellaLog.java:104)
at Test.Ancera.Reports.SalmonellaLog.RowsPerPage(SalmonellaLog.java:104)
at Test.Ancera.Reports.SalmonellaLog.RowsPerPage(SalmonellaLog.java:104)
at Test.Ancera.Reports.SalmonellaLog.RowsPerPage(SalmonellaLog.java:104)
at Test.Ancera.Reports.SalmonellaLog.RowsPerPage(SalmonellaLog.java:104)
at Test.Ancera.Reports.SalmonellaLog.RowsPerPage(SalmonellaLog.java:104)
at Test.Ancera.Reports.SalmonellaLog.RowsPerPage(SalmonellaLog.java:104)
at Test.Ancera.Reports.SalmonellaLog.RowsPerPage(SalmonellaLog.java:104)
at Test.Ancera.Reports.SalmonellaLog.RowsPerPage(SalmonellaLog.java:104)
at Test.Ancera.Reports.SalmonellaLog.RowsPerPage(SalmonellaLog.java:104)
at Test.Ancera.Reports.SalmonellaLog.RowsPerPage(SalmonellaLog.java:104)
at Test.Ancera.Reports.SalmonellaLog.RowsPerPage(SalmonellaLog.java:104)
at Test.Ancera.Reports.SalmonellaLog.RowsPerPage(SalmonellaLog.java:104)
at Test.Ancera.Reports.SalmonellaLog.RowsPerPage(SalmonellaLog.java:104)
at Test.Ancera.Reports.SalmonellaLog.RowsPerPage(SalmonellaLog.java:104)
at Test.Ancera.Reports.SalmonellaLog.RowsPerPage(SalmonellaLog.java:104)
at Test.Ancera.Reports.SalmonellaLog.RowsPerPage(SalmonellaLog.java:104)
at Test.Ancera.Reports.SalmonellaLog.RowsPerPage(SalmonellaLog.java:104)
at Test.Ancera.Reports.SalmonellaLog.RowsPerPage(SalmonellaLog.java:104)
at Test.Ancera.Reports.SalmonellaLog.RowsPerPage(SalmonellaLog.java:104)
at Test.Ancera.Reports.SalmonellaLog.RowsPerPage(SalmonellaLog.java:104)
at Test.Ancera.Reports.SalmonellaLog.RowsPerPage(SalmonellaLog.java:104)
at Test.Ancera.Reports.SalmonellaLog.RowsPerPage(SalmonellaLog.java:104)
at Test.Ancera.Reports.SalmonellaLog.RowsPerPage(SalmonellaLog.java:104)
at Test.Ancera.Reports.SalmonellaLog.RowsPerPage(SalmonellaLog.java:104)
at Test.Ancera.Reports.SalmonellaLog.RowsPerPage(SalmonellaLog.java:104)
at Test.Ancera.Reports.SalmonellaLog.RowsPerPage(SalmonellaLog.java:104)
at Test.Ancera.Reports.SalmonellaLog.RowsPerPage(SalmonellaLog.java:104)
at Test.Ancera.Reports.SalmonellaLog.RowsPerPage(SalmonellaLog.java:104)
at Test.Ancera.Reports.SalmonellaLog.RowsPerPage(SalmonellaLog.java:104)
at Test.Ancera.Reports.SalmonellaLog.RowsPerPage(SalmonellaLog.java:104)
at Test.Ancera.Reports.SalmonellaLog.RowsPerPage(SalmonellaLog.java:104)
at Test.Ancera.Reports.SalmonellaLog.RowsPerPage(SalmonellaLog.java:104)
at Test.Ancera.Reports.SalmonellaLog.RowsPerPage(SalmonellaLog.java:104)
at Test.Ancera.Reports.SalmonellaLog.RowsPerPage(SalmonellaLog.java:104)
at Test.Ancera.Reports.SalmonellaLog.RowsPerPage(SalmonellaLog.java:104)
at Test.Ancera.Reports.SalmonellaLog.RowsPerPage(SalmonellaLog.java:104)
at Test.Ancera.Reports.SalmonellaLog.RowsPerPage(SalmonellaLog.java:104)
at Test.Ancera.Reports.SalmonellaLog.RowsPerPage(SalmonellaLog.java:104)
at Test.Ancera.Reports.SalmonellaLog.RowsPerPage(SalmonellaLog.java:104)
at Test.Ancera.Reports.SalmonellaLog.RowsPerPage(SalmonellaLog.java:104)
at Test.Ancera.Reports.SalmonellaLog.RowsPerPage(SalmonellaLog.java:104)
at Test.Ancera.Reports.SalmonellaLog.RowsPerPage(SalmonellaLog.java:104)
at Test.Ancera.Reports.SalmonellaLog.RowsPerPage(SalmonellaLog.java:104)
at Test.Ancera.Reports.SalmonellaLog.RowsPerPage(SalmonellaLog.java:104)
at Test.Ancera.Reports.SalmonellaLog.RowsPerPage(SalmonellaLog.java:104)
at Test.Ancera.Reports.SalmonellaLog.RowsPerPage(SalmonellaLog.java:104)
at Test.Ancera.Reports.SalmonellaLog.RowsPerPage(SalmonellaLog.java:104)
at Test.Ancera.Reports.SalmonellaLog.RowsPerPage(SalmonellaLog.java:104)
at Test.Ancera.Reports.SalmonellaLog.RowsPerPage(SalmonellaLog.java:104)
at Test.Ancera.Reports.SalmonellaLog.RowsPerPage(SalmonellaLog.java:104)
at Test.Ancera.Reports.SalmonellaLog.RowsPerPage(SalmonellaLog.java:104)
at Test.Ancera.Reports.SalmonellaLog.RowsPerPage(SalmonellaLog.java:104)
at Test.Ancera.Reports.SalmonellaLog.RowsPerPage(SalmonellaLog.java:104)
at Test.Ancera.Reports.SalmonellaLog.RowsPerPage(SalmonellaLog.java:104)
at Test.Ancera.Reports.SalmonellaLog.RowsPerPage(SalmonellaLog.java:104)
at Test.Ancera.Reports.SalmonellaLog.RowsPerPage(SalmonellaLog.java:104)
at Test.Ancera.Reports.SalmonellaLog.RowsPerPage(SalmonellaLog.java:104)
at Test.Ancera.Reports.SalmonellaLog.RowsPerPage(SalmonellaLog.java:104)
at Test.Ancera.Reports.SalmonellaLog.RowsPerPage(SalmonellaLog.java:104)
at Test.Ancera.Reports.SalmonellaLog.RowsPerPage(SalmonellaLog.java:104)
at Test.Ancera.Reports.SalmonellaLog.RowsPerPage(SalmonellaLog.java:104)
at Test.Ancera.Reports.SalmonellaLog.RowsPerPage(SalmonellaLog.java:104)
at Test.Ancera.Reports.SalmonellaLog.RowsPerPage(SalmonellaLog.java:104)
at Test.Ancera.Reports.SalmonellaLog.RowsPerPage(SalmonellaLog.java:104)
at Test.Ancera.Reports.SalmonellaLog.RowsPerPage(SalmonellaLog.java:104)
at Test.Ancera.Reports.SalmonellaLog.RowsPerPage(SalmonellaLog.java:104)
at Test.Ancera.Reports.SalmonellaLog.RowsPerPage(SalmonellaLog.java:104)
at Test.Ancera.Reports.SalmonellaLog.RowsPerPage(SalmonellaLog.java:104)
at Test.Ancera.Reports.SalmonellaLog.RowsPerPage(SalmonellaLog.java:104)
at Test.Ancera.Reports.SalmonellaLog.RowsPerPage(SalmonellaLog.java:104)
at Test.Ancera.Reports.SalmonellaLog.RowsPerPage(SalmonellaLog.java:104)
at Test.Ancera.Reports.SalmonellaLog.RowsPerPage(SalmonellaLog.java:104)
at Test.Ancera.Reports.SalmonellaLog.RowsPerPage(SalmonellaLog.java:104)
at Test.Ancera.Reports.SalmonellaLog.RowsPerPage(SalmonellaLog.java:104)
at Test.Ancera.Reports.SalmonellaLog.RowsPerPage(SalmonellaLog.java:104)
at Test.Ancera.Reports.SalmonellaLog.RowsPerPage(SalmonellaLog.java:104)
at Test.Ancera.Reports.SalmonellaLog.RowsPerPage(SalmonellaLog.java:104)
at Test.Ancera.Reports.SalmonellaLog.RowsPerPage(SalmonellaLog.java:104)
at Test.Ancera.Reports.SalmonellaLog.RowsPerPage(SalmonellaLog.java:104)
at Test.Ancera.Reports.SalmonellaLog.RowsPerPage(SalmonellaLog.java:104)
at Test.Ancera.Reports.SalmonellaLog.RowsPerPage(SalmonellaLog.java:104)
at Test.Ancera.Reports.SalmonellaLog.RowsPerPage(SalmonellaLog.java:104)
at Test.Ancera.Reports.SalmonellaLog.RowsPerPage(SalmonellaLog.java:104)
at Test.Ancera.Reports.SalmonellaLog.RowsPerPage(SalmonellaLog.java:104)
at Test.Ancera.Reports.SalmonellaLog.RowsPerPage(SalmonellaLog.java:104)
at Test.Ancera.Reports.SalmonellaLog.RowsPerPage(SalmonellaLog.java:104)
at Test.Ancera.Reports.SalmonellaLog.RowsPerPage(SalmonellaLog.java:104)
at Test.Ancera.Reports.SalmonellaLog.RowsPerPage(SalmonellaLog.java:104)
at Test.Ancera.Reports.SalmonellaLog.RowsPerPage(SalmonellaLog.java:104)
at Test.Ancera.Reports.SalmonellaLog.RowsPerPage(SalmonellaLog.java:104)
at Test.Ancera.Reports.SalmonellaLog.RowsPerPage(SalmonellaLog.java:104)
at Test.Ancera.Reports.SalmonellaLog.RowsPerPage(SalmonellaLog.java:104)
at Test.Ancera.Reports.SalmonellaLog.RowsPerPage(SalmonellaLog.java:104)
at Test.Ancera.Reports.SalmonellaLog.RowsPerPage(SalmonellaLog.java:104)
at Test.Ancera.Reports.SalmonellaLog.RowsPerPage(SalmonellaLog.java:104)
at Test.Ancera.Reports.SalmonellaLog.RowsPerPage(SalmonellaLog.java:104)
at Test.Ancera.Reports.SalmonellaLog.RowsPerPage(SalmonellaLog.java:104)
at Test.Ancera.Reports.SalmonellaLog.RowsPerPage(SalmonellaLog.java:104)
at Test.Ancera.Reports.SalmonellaLog.RowsPerPage(SalmonellaLog.java:104)
at Test.Ancera.Reports.SalmonellaLog.RowsPerPage(SalmonellaLog.java:104)
at Test.Ancera.Reports.SalmonellaLog.RowsPerPage(SalmonellaLog.java:104)
at Test.Ancera.Reports.SalmonellaLog.RowsPerPage(SalmonellaLog.java:104)
at Test.Ancera.Reports.SalmonellaLog.RowsPerPage(SalmonellaLog.java:104)
at Test.Ancera.Reports.SalmonellaLog.RowsPerPage(SalmonellaLog.java:104)
at Test.Ancera.Reports.SalmonellaLog.RowsPerPage(SalmonellaLog.java:104)
at Test.Ancera.Reports.SalmonellaLog.RowsPerPage(SalmonellaLog.java:104)
at Test.Ancera.Reports.SalmonellaLog.RowsPerPage(SalmonellaLog.java:104)
at Test.Ancera.Reports.SalmonellaLog.RowsPerPage(SalmonellaLog.java:104)
at Test.Ancera.Reports.SalmonellaLog.RowsPerPage(SalmonellaLog.java:104)
at Test.Ancera.Reports.SalmonellaLog.RowsPerPage(SalmonellaLog.java:104)
at Test.Ancera.Reports.SalmonellaLog.RowsPerPage(SalmonellaLog.java:104)
at Test.Ancera.Reports.SalmonellaLog.RowsPerPage(SalmonellaLog.java:104)
at Test.Ancera.Reports.SalmonellaLog.RowsPerPage(SalmonellaLog.java:104)
at Test.Ancera.Reports.SalmonellaLog.RowsPerPage(SalmonellaLog.java:104)
at Test.Ancera.Reports.SalmonellaLog.RowsPerPage(SalmonellaLog.java:104)
at Test.Ancera.Reports.SalmonellaLog.RowsPerPage(SalmonellaLog.java:104)
at Test.Ancera.Reports.SalmonellaLog.RowsPerPage(SalmonellaLog.java:104)
at Test.Ancera.Reports.SalmonellaLog.RowsPerPage(SalmonellaLog.java:104)
at Test.Ancera.Reports.SalmonellaLog.RowsPerPage(SalmonellaLog.java:104)
at Test.Ancera.Reports.SalmonellaLog.RowsPerPage(SalmonellaLog.java:104)
at Test.Ancera.Reports.SalmonellaLog.RowsPerPage(SalmonellaLog.java:104)
at Test.Ancera.Reports.SalmonellaLog.RowsPerPage(SalmonellaLog.java:104)
at Test.Ancera.Reports.SalmonellaLog.RowsPerPage(SalmonellaLog.java:104)
at Test.Ancera.Reports.SalmonellaLog.RowsPerPage(SalmonellaLog.java:104)
at Test.Ancera.Reports.SalmonellaLog.RowsPerPage(SalmonellaLog.java:104)
at Test.Ancera.Reports.SalmonellaLog.RowsPerPage(SalmonellaLog.java:104)
at Test.Ancera.Reports.SalmonellaLog.RowsPerPage(SalmonellaLog.java:104)
at Test.Ancera.Reports.SalmonellaLog.RowsPerPage(SalmonellaLog.java:104)
at Test.Ancera.Reports.SalmonellaLog.RowsPerPage(SalmonellaLog.java:104)
at Test.Ancera.Reports.SalmonellaLog.RowsPerPage(SalmonellaLog.java:104)
at Test.Ancera.Reports.SalmonellaLog.RowsPerPage(SalmonellaLog.java:104)
at Test.Ancera.Reports.SalmonellaLog.RowsPerPage(SalmonellaLog.java:104)
at Test.Ancera.Reports.SalmonellaLog.RowsPerPage(SalmonellaLog.java:104)
at Test.Ancera.Reports.SalmonellaLog.RowsPerPage(SalmonellaLog.java:104)
at Test.Ancera.Reports.SalmonellaLog.RowsPerPage(SalmonellaLog.java:104)
at Test.Ancera.Reports.SalmonellaLog.RowsPerPage(SalmonellaLog.java:104)
at Test.Ancera.Reports.SalmonellaLog.RowsPerPage(SalmonellaLog.java:104)
at Test.Ancera.Reports.SalmonellaLog.RowsPerPage(SalmonellaLog.java:104)
at Test.Ancera.Reports.SalmonellaLog.RowsPerPage(SalmonellaLog.java:104)
at Test.Ancera.Reports.SalmonellaLog.RowsPerPage(SalmonellaLog.java:104)
at Test.Ancera.Reports.SalmonellaLog.RowsPerPage(SalmonellaLog.java:104)
at Test.Ancera.Reports.SalmonellaLog.RowsPerPage(SalmonellaLog.java:104)
at Test.Ancera.Reports.SalmonellaLog.RowsPerPage(SalmonellaLog.java:104)
at Test.Ancera.Reports.SalmonellaLog.RowsPerPage(SalmonellaLog.java:104)
at Test.Ancera.Reports.SalmonellaLog.RowsPerPage(SalmonellaLog.java:104)
at Test.Ancera.Reports.SalmonellaLog.RowsPerPage(SalmonellaLog.java:104)
at Test.Ancera.Reports.SalmonellaLog.RowsPerPage(SalmonellaLog.java:104)
at Test.Ancera.Reports.SalmonellaLog.RowsPerPage(SalmonellaLog.java:104)
at Test.Ancera.Reports.SalmonellaLog.RowsPerPage(SalmonellaLog.java:104)
at Test.Ancera.Reports.SalmonellaLog.RowsPerPage(SalmonellaLog.java:104)
at Test.Ancera.Reports.SalmonellaLog.RowsPerPage(SalmonellaLog.java:104)
at Test.Ancera.Reports.SalmonellaLog.RowsPerPage(SalmonellaLog.java:104)
at Test.Ancera.Reports.SalmonellaLog.RowsPerPage(SalmonellaLog.java:104)
at Test.Ancera.Reports.SalmonellaLog.RowsPerPage(SalmonellaLog.java:104)
at Test.Ancera.Reports.SalmonellaLog.RowsPerPage(SalmonellaLog.java:104)
at Test.Ancera.Reports.SalmonellaLog.RowsPerPage(SalmonellaLog.java:104)
at Test.Ancera.Reports.SalmonellaLog.RowsPerPage(SalmonellaLog.java:104)
at Test.Ancera.Reports.SalmonellaLog.RowsPerPage(SalmonellaLog.java:104)
at Test.Ancera.Reports.SalmonellaLog.RowsPerPage(SalmonellaLog.java:104)
at Test.Ancera.Reports.SalmonellaLog.RowsPerPage(SalmonellaLog.java:104)
at Test.Ancera.Reports.SalmonellaLog.RowsPerPage(SalmonellaLog.java:104)
at Test.Ancera.Reports.SalmonellaLog.RowsPerPage(SalmonellaLog.java:104)
at Test.Ancera.Reports.SalmonellaLog.RowsPerPage(SalmonellaLog.java:104)
at Test.Ancera.Reports.SalmonellaLog.RowsPerPage(SalmonellaLog.java:104)
at Test.Ancera.Reports.SalmonellaLog.RowsPerPage(SalmonellaLog.java:104)
at Test.Ancera.Reports.SalmonellaLog.RowsPerPage(SalmonellaLog.java:104)
at Test.Ancera.Reports.SalmonellaLog.RowsPerPage(SalmonellaLog.java:104)
at Test.Ancera.Reports.SalmonellaLog.RowsPerPage(SalmonellaLog.java:104)
at Test.Ancera.Reports.SalmonellaLog.RowsPerPage(SalmonellaLog.java:104)
at Test.Ancera.Reports.SalmonellaLog.RowsPerPage(SalmonellaLog.java:104)
at Test.Ancera.Reports.SalmonellaLog.RowsPerPage(SalmonellaLog.java:104)
at Test.Ancera.Reports.SalmonellaLog.RowsPerPage(SalmonellaLog.java:104)
at Test.Ancera.Reports.SalmonellaLog.RowsPerPage(SalmonellaLog.java:104)
at Test.Ancera.Reports.SalmonellaLog.RowsPerPage(SalmonellaLog.java:104)
at Test.Ancera.Reports.SalmonellaLog.RowsPerPage(SalmonellaLog.java:104)
at Test.Ancera.Reports.SalmonellaLog.RowsPerPage(SalmonellaLog.java:104)
at Test.Ancera.Reports.SalmonellaLog.RowsPerPage(SalmonellaLog.java:104)
at Test.Ancera.Reports.SalmonellaLog.RowsPerPage(SalmonellaLog.java:104)
at Test.Ancera.Reports.SalmonellaLog.RowsPerPage(SalmonellaLog.java:104)
at Test.Ancera.Reports.SalmonellaLog.RowsPerPage(SalmonellaLog.java:104)
at Test.Ancera.Reports.SalmonellaLog.RowsPerPage(SalmonellaLog.java:104)
at Test.Ancera.Reports.SalmonellaLog.RowsPerPage(SalmonellaLog.java:104)
at Test.Ancera.Reports.SalmonellaLog.RowsPerPage(SalmonellaLog.java:104)
at Test.Ancera.Reports.SalmonellaLog.RowsPerPage(SalmonellaLog.java:104)
at Test.Ancera.Reports.SalmonellaLog.RowsPerPage(SalmonellaLog.java:104)
at Test.Ancera.Reports.SalmonellaLog.RowsPerPage(SalmonellaLog.java:104)
at Test.Ancera.Reports.SalmonellaLog.RowsPerPage(SalmonellaLog.java:104)
at Test.Ancera.Reports.SalmonellaLog.RowsPerPage(SalmonellaLog.java:104)
at Test.Ancera.Reports.SalmonellaLog.RowsPerPage(SalmonellaLog.java:104)
at Test.Ancera.Reports.SalmonellaLog.RowsPerPage(SalmonellaLog.java:104)
at Test.Ancera.Reports.SalmonellaLog.RowsPerPage(SalmonellaLog.java:104)
at Test.Ancera.Reports.SalmonellaLog.RowsPerPage(SalmonellaLog.java:104)
at Test.Ancera.Reports.SalmonellaLog.RowsPerPage(SalmonellaLog.java:104)
at Test.Ancera.Reports.SalmonellaLog.RowsPerPage(SalmonellaLog.java:104)
at Test.Ancera.Reports.SalmonellaLog.RowsPerPage(SalmonellaLog.java:104)
at Test.Ancera.Reports.SalmonellaLog.RowsPerPage(SalmonellaLog.java:104)
at Test.Ancera.Reports.SalmonellaLog.RowsPerPage(SalmonellaLog.java:104)
at Test.Ancera.Reports.SalmonellaLog.RowsPerPage(SalmonellaLog.java:104)
at Test.Ancera.Reports.SalmonellaLog.RowsPerPage(SalmonellaLog.java:104)
at Test.Ancera.Reports.SalmonellaLog.RowsPerPage(SalmonellaLog.java:104)
at Test.Ancera.Reports.SalmonellaLog.RowsPerPage(SalmonellaLog.java:104)
at Test.Ancera.Reports.SalmonellaLog.RowsPerPage(SalmonellaLog.java:104)
at Test.Ancera.Reports.SalmonellaLog.RowsPerPage(SalmonellaLog.java:104)
at Test.Ancera.Reports.SalmonellaLog.RowsPerPage(SalmonellaLog.java:104)
at Test.Ancera.Reports.SalmonellaLog.RowsPerPage(SalmonellaLog.java:104)
at Test.Ancera.Reports.SalmonellaLog.RowsPerPage(SalmonellaLog.java:104)
at Test.Ancera.Reports.SalmonellaLog.RowsPerPage(SalmonellaLog.java:104)
at Test.Ancera.Reports.SalmonellaLog.RowsPerPage(SalmonellaLog.java:104)
at Test.Ancera.Reports.SalmonellaLog.RowsPerPage(SalmonellaLog.java:104)
at Test.Ancera.Reports.SalmonellaLog.RowsPerPage(SalmonellaLog.java:104)
at Test.Ancera.Reports.SalmonellaLog.RowsPerPage(SalmonellaLog.java:104)
at Test.Ancera.Reports.SalmonellaLog.RowsPerPage(SalmonellaLog.java:104)
at Test.Ancera.Reports.SalmonellaLog.RowsPerPage(SalmonellaLog.java:104)
at Test.Ancera.Reports.SalmonellaLog.RowsPerPage(SalmonellaLog.java:104)
at Test.Ancera.Reports.SalmonellaLog.RowsPerPage(SalmonellaLog.java:104)
at Test.Ancera.Reports.SalmonellaLog.RowsPerPage(SalmonellaLog.java:104)
at Test.Ancera.Reports.SalmonellaLog.RowsPerPage(SalmonellaLog.java:104)
at Test.Ancera.Reports.SalmonellaLog.RowsPerPage(SalmonellaLog.java:104)
at Test.Ancera.Reports.SalmonellaLog.RowsPerPage(SalmonellaLog.java:104)
at Test.Ancera.Reports.SalmonellaLog.RowsPerPage(SalmonellaLog.java:104)
at Test.Ancera.Reports.SalmonellaLog.RowsPerPage(SalmonellaLog.java:104)
at Test.Ancera.Reports.SalmonellaLog.RowsPerPage(SalmonellaLog.java:104)
at Test.Ancera.Reports.SalmonellaLog.RowsPerPage(SalmonellaLog.java:104)
at Test.Ancera.Reports.SalmonellaLog.RowsPerPage(SalmonellaLog.java:104)
at Test.Ancera.Reports.SalmonellaLog.RowsPerPage(SalmonellaLog.java:104)
at Test.Ancera.Reports.SalmonellaLog.RowsPerPage(SalmonellaLog.java:104)
at Test.Ancera.Reports.SalmonellaLog.RowsPerPage(SalmonellaLog.java:104)
at Test.Ancera.Reports.SalmonellaLog.RowsPerPage(SalmonellaLog.java:104)
at Test.Ancera.Reports.SalmonellaLog.RowsPerPage(SalmonellaLog.java:104)
at Test.Ancera.Reports.SalmonellaLog.RowsPerPage(SalmonellaLog.java:104)
at Test.Ancera.Reports.SalmonellaLog.RowsPerPage(SalmonellaLog.java:104)
at Test.Ancera.Reports.SalmonellaLog.RowsPerPage(SalmonellaLog.java:104)
at Test.Ancera.Reports.SalmonellaLog.RowsPerPage(SalmonellaLog.java:104)
at Test.Ancera.Reports.SalmonellaLog.RowsPerPage(SalmonellaLog.java:104)
at Test.Ancera.Reports.SalmonellaLog.RowsPerPage(SalmonellaLog.java:104)
at Test.Ancera.Reports.SalmonellaLog.RowsPerPage(SalmonellaLog.java:104)
at Test.Ancera.Reports.SalmonellaLog.RowsPerPage(SalmonellaLog.java:104)
at Test.Ancera.Reports.SalmonellaLog.RowsPerPage(SalmonellaLog.java:104)
at Test.Ancera.Reports.SalmonellaLog.RowsPerPage(SalmonellaLog.java:104)
at Test.Ancera.Reports.SalmonellaLog.RowsPerPage(SalmonellaLog.java:104)
at Test.Ancera.Reports.SalmonellaLog.RowsPerPage(SalmonellaLog.java:104)
at Test.Ancera.Reports.SalmonellaLog.RowsPerPage(SalmonellaLog.java:104)
at Test.Ancera.Reports.SalmonellaLog.RowsPerPage(SalmonellaLog.java:104)
at Test.Ancera.Reports.SalmonellaLog.RowsPerPage(SalmonellaLog.java:104)
at Test.Ancera.Reports.SalmonellaLog.RowsPerPage(SalmonellaLog.java:104)
at Test.Ancera.Reports.SalmonellaLog.RowsPerPage(SalmonellaLog.java:104)
at Test.Ancera.Reports.SalmonellaLog.RowsPerPage(SalmonellaLog.java:104)
at Test.Ancera.Reports.SalmonellaLog.RowsPerPage(SalmonellaLog.java:104)
at Test.Ancera.Reports.SalmonellaLog.RowsPerPage(SalmonellaLog.java:104)
at Test.Ancera.Reports.SalmonellaLog.RowsPerPage(SalmonellaLog.java:104)
at Test.Ancera.Reports.SalmonellaLog.RowsPerPage(SalmonellaLog.java:104)
at Test.Ancera.Reports.SalmonellaLog.RowsPerPage(SalmonellaLog.java:104)
at Test.Ancera.Reports.SalmonellaLog.RowsPerPage(SalmonellaLog.java:104)
at Test.Ancera.Reports.SalmonellaLog.RowsPerPage(SalmonellaLog.java:104)
at Test.Ancera.Reports.SalmonellaLog.RowsPerPage(SalmonellaLog.java:104)
at Test.Ancera.Reports.SalmonellaLog.RowsPerPage(SalmonellaLog.java:104)
at Test.Ancera.Reports.SalmonellaLog.RowsPerPage(SalmonellaLog.java:104)
at Test.Ancera.Reports.SalmonellaLog.RowsPerPage(SalmonellaLog.java:104)
at Test.Ancera.Reports.SalmonellaLog.RowsPerPage(SalmonellaLog.java:104)
at Test.Ancera.Reports.SalmonellaLog.RowsPerPage(SalmonellaLog.java:104)
at Test.Ancera.Reports.SalmonellaLog.RowsPerPage(SalmonellaLog.java:104)
at Test.Ancera.Reports.SalmonellaLog.RowsPerPage(SalmonellaLog.java:104)
at Test.Ancera.Reports.SalmonellaLog.RowsPerPage(SalmonellaLog.java:104)
at Test.Ancera.Reports.SalmonellaLog.RowsPerPage(SalmonellaLog.java:104)
at Test.Ancera.Reports.SalmonellaLog.RowsPerPage(SalmonellaLog.java:104)
at Test.Ancera.Reports.SalmonellaLog.RowsPerPage(SalmonellaLog.java:104)
at Test.Ancera.Reports.SalmonellaLog.RowsPerPage(SalmonellaLog.java:104)
at Test.Ancera.Reports.SalmonellaLog.RowsPerPage(SalmonellaLog.java:104)
at Test.Ancera.Reports.SalmonellaLog.RowsPerPage(SalmonellaLog.java:104)
at Test.Ancera.Reports.SalmonellaLog.RowsPerPage(SalmonellaLog.java:104)
at Test.Ancera.Reports.SalmonellaLog.RowsPerPage(SalmonellaLog.java:104)
at Test.Ancera.Reports.SalmonellaLog.RowsPerPage(SalmonellaLog.java:104)
at Test.Ancera.Reports.SalmonellaLog.RowsPerPage(SalmonellaLog.java:104)
at Test.Ancera.Reports.SalmonellaLog.RowsPerPage(SalmonellaLog.java:104)
at Test.Ancera.Reports.SalmonellaLog.RowsPerPage(SalmonellaLog.java:104)
at Test.Ancera.Reports.SalmonellaLog.RowsPerPage(SalmonellaLog.java:104)
at Test.Ancera.Reports.SalmonellaLog.RowsPerPage(SalmonellaLog.java:104)
at Test.Ancera.Reports.SalmonellaLog.RowsPerPage(SalmonellaLog.java:104)
at Test.Ancera.Reports.SalmonellaLog.RowsPerPage(SalmonellaLog.java:104)
at Test.Ancera.Reports.SalmonellaLog.RowsPerPage(SalmonellaLog.java:104)
at Test.Ancera.Reports.SalmonellaLog.RowsPerPage(SalmonellaLog.java:104)
at Test.Ancera.Reports.SalmonellaLog.RowsPerPage(SalmonellaLog.java:104)
at Test.Ancera.Reports.SalmonellaLog.RowsPerPage(SalmonellaLog.java:104)
at Test.Ancera.Reports.SalmonellaLog.RowsPerPage(SalmonellaLog.java:104)
at Test.Ancera.Reports.SalmonellaLog.RowsPerPage(SalmonellaLog.java:104)
at Test.Ancera.Reports.SalmonellaLog.RowsPerPage(SalmonellaLog.java:104)
at Test.Ancera.Reports.SalmonellaLog.RowsPerPage(SalmonellaLog.java:104)
at Test.Ancera.Reports.SalmonellaLog.RowsPerPage(SalmonellaLog.java:104)
at Test.Ancera.Reports.SalmonellaLog.RowsPerPage(SalmonellaLog.java:104)
at Test.Ancera.Reports.SalmonellaLog.RowsPerPage(SalmonellaLog.java:104)
at Test.Ancera.Reports.SalmonellaLog.RowsPerPage(SalmonellaLog.java:104)
at Test.Ancera.Reports.SalmonellaLog.RowsPerPage(SalmonellaLog.java:104)
at Test.Ancera.Reports.SalmonellaLog.RowsPerPage(SalmonellaLog.java:104)
at Test.Ancera.Reports.SalmonellaLog.RowsPerPage(SalmonellaLog.java:104)
at Test.Ancera.Reports.SalmonellaLog.RowsPerPage(SalmonellaLog.java:104)
at Test.Ancera.Reports.SalmonellaLog.RowsPerPage(SalmonellaLog.java:104)
at Test.Ancera.Reports.SalmonellaLog.RowsPerPage(SalmonellaLog.java:104)
at Test.Ancera.Reports.SalmonellaLog.RowsPerPage(SalmonellaLog.java:104)
at Test.Ancera.Reports.SalmonellaLog.RowsPerPage(SalmonellaLog.java:104)
at Test.Ancera.Reports.SalmonellaLog.RowsPerPage(SalmonellaLog.java:104)
at Test.Ancera.Reports.SalmonellaLog.RowsPerPage(SalmonellaLog.java:104)
at Test.Ancera.Reports.SalmonellaLog.RowsPerPage(SalmonellaLog.java:104)
at Test.Ancera.Reports.SalmonellaLog.RowsPerPage(SalmonellaLog.java:104)
at Test.Ancera.Reports.SalmonellaLog.RowsPerPage(SalmonellaLog.java:104)
at Test.Ancera.Reports.SalmonellaLog.RowsPerPage(SalmonellaLog.java:104)
at Test.Ancera.Reports.SalmonellaLog.RowsPerPage(SalmonellaLog.java:104)
at Test.Ancera.Reports.SalmonellaLog.RowsPerPage(SalmonellaLog.java:104)
at Test.Ancera.Reports.SalmonellaLog.RowsPerPage(SalmonellaLog.java:104)
at Test.Ancera.Reports.SalmonellaLog.RowsPerPage(SalmonellaLog.java:104)
at Test.Ancera.Reports.SalmonellaLog.RowsPerPage(SalmonellaLog.java:104)
at Test.Ancera.Reports.SalmonellaLog.RowsPerPage(SalmonellaLog.java:104)
at Test.Ancera.Reports.SalmonellaLog.RowsPerPage(SalmonellaLog.java:104)
at Test.Ancera.Reports.SalmonellaLog.RowsPerPage(SalmonellaLog.java:104)
at Test.Ancera.Reports.SalmonellaLog.RowsPerPage(SalmonellaLog.java:104)
at Test.Ancera.Reports.SalmonellaLog.RowsPerPage(SalmonellaLog.java:104)
at Test.Ancera.Reports.SalmonellaLog.RowsPerPage(SalmonellaLog.java:104)
at Test.Ancera.Reports.SalmonellaLog.RowsPerPage(SalmonellaLog.java:104)
at Test.Ancera.Reports.SalmonellaLog.RowsPerPage(SalmonellaLog.java:104)
at Test.Ancera.Reports.SalmonellaLog.RowsPerPage(SalmonellaLog.java:104)
at Test.Ancera.Reports.SalmonellaLog.RowsPerPage(SalmonellaLog.java:104)
at Test.Ancera.Reports.SalmonellaLog.RowsPerPage(SalmonellaLog.java:104)
at Test.Ancera.Reports.SalmonellaLog.RowsPerPage(SalmonellaLog.java:104)
at Test.Ancera.Reports.SalmonellaLog.RowsPerPage(SalmonellaLog.java:104)
at Test.Ancera.Reports.SalmonellaLog.RowsPerPage(SalmonellaLog.java:104)
at Test.Ancera.Reports.SalmonellaLog.RowsPerPage(SalmonellaLog.java:104)
at Test.Ancera.Reports.SalmonellaLog.RowsPerPage(SalmonellaLog.java:104)
at Test.Ancera.Reports.SalmonellaLog.RowsPerPage(SalmonellaLog.java:104)
at Test.Ancera.Reports.SalmonellaLog.RowsPerPage(SalmonellaLog.java:104)
at Test.Ancera.Reports.SalmonellaLog.RowsPerPage(SalmonellaLog.java:104)
at Test.Ancera.Reports.SalmonellaLog.RowsPerPage(SalmonellaLog.java:104)
at Test.Ancera.Reports.SalmonellaLog.RowsPerPage(SalmonellaLog.java:104)
at Test.Ancera.Reports.SalmonellaLog.RowsPerPage(SalmonellaLog.java:104)
at Test.Ancera.Reports.SalmonellaLog.RowsPerPage(SalmonellaLog.java:104)
at Test.Ancera.Reports.SalmonellaLog.RowsPerPage(SalmonellaLog.java:104)
at Test.Ancera.Reports.SalmonellaLog.RowsPerPage(SalmonellaLog.java:104)
at Test.Ancera.Reports.SalmonellaLog.RowsPerPage(SalmonellaLog.java:104)
at Test.Ancera.Reports.SalmonellaLog.RowsPerPage(SalmonellaLog.java:104)
at Test.Ancera.Reports.SalmonellaLog.RowsPerPage(SalmonellaLog.java:104)
at Test.Ancera.Reports.SalmonellaLog.RowsPerPage(SalmonellaLog.java:104)
at Test.Ancera.Reports.SalmonellaLog.RowsPerPage(SalmonellaLog.java:104)
at Test.Ancera.Reports.SalmonellaLog.RowsPerPage(SalmonellaLog.java:104)
at Test.Ancera.Reports.SalmonellaLog.RowsPerPage(SalmonellaLog.java:104)
at Test.Ancera.Reports.SalmonellaLog.RowsPerPage(SalmonellaLog.java:104)
at Test.Ancera.Reports.SalmonellaLog.RowsPerPage(SalmonellaLog.java:104)
at Test.Ancera.Reports.SalmonellaLog.RowsPerPage(SalmonellaLog.java:104)
at Test.Ancera.Reports.SalmonellaLog.RowsPerPage(SalmonellaLog.java:104)
at Test.Ancera.Reports.SalmonellaLog.RowsPerPage(SalmonellaLog.java:104)
at Test.Ancera.Reports.SalmonellaLog.RowsPerPage(SalmonellaLog.java:104)
at Test.Ancera.Reports.SalmonellaLog.RowsPerPage(SalmonellaLog.java:104)
at Test.Ancera.Reports.SalmonellaLog.RowsPerPage(SalmonellaLog.java:104)
at Test.Ancera.Reports.SalmonellaLog.RowsPerPage(SalmonellaLog.java:104)
at Test.Ancera.Reports.SalmonellaLog.RowsPerPage(SalmonellaLog.java:104)
at Test.Ancera.Reports.SalmonellaLog.RowsPerPage(SalmonellaLog.java:104)
at Test.Ancera.Reports.SalmonellaLog.RowsPerPage(SalmonellaLog.java:104)
at Test.Ancera.Reports.SalmonellaLog.RowsPerPage(SalmonellaLog.java:104)
at Test.Ancera.Reports.SalmonellaLog.RowsPerPage(SalmonellaLog.java:104)
at Test.Ancera.Reports.SalmonellaLog.RowsPerPage(SalmonellaLog.java:104)
at Test.Ancera.Reports.SalmonellaLog.RowsPerPage(SalmonellaLog.java:104)
at Test.Ancera.Reports.SalmonellaLog.RowsPerPage(SalmonellaLog.java:104)
at Test.Ancera.Reports.SalmonellaLog.RowsPerPage(SalmonellaLog.java:104)
at Test.Ancera.Reports.SalmonellaLog.RowsPerPage(SalmonellaLog.java:104)
at Test.Ancera.Reports.SalmonellaLog.RowsPerPage(SalmonellaLog.java:104)
at Test.Ancera.Reports.SalmonellaLog.RowsPerPage(SalmonellaLog.java:104)
at Test.Ancera.Reports.SalmonellaLog.RowsPerPage(SalmonellaLog.java:104)
at Test.Ancera.Reports.SalmonellaLog.RowsPerPage(SalmonellaLog.java:104)
at Test.Ancera.Reports.SalmonellaLog.RowsPerPage(SalmonellaLog.java:104)
at Test.Ancera.Reports.SalmonellaLog.RowsPerPage(SalmonellaLog.java:104)
at Test.Ancera.Reports.SalmonellaLog.RowsPerPage(SalmonellaLog.java:104)
at Test.Ancera.Reports.SalmonellaLog.RowsPerPage(SalmonellaLog.java:104)
at Test.Ancera.Reports.SalmonellaLog.RowsPerPage(SalmonellaLog.java:104)
at Test.Ancera.Reports.SalmonellaLog.RowsPerPage(SalmonellaLog.java:104)
at Test.Ancera.Reports.SalmonellaLog.RowsPerPage(SalmonellaLog.java:104)
at Test.Ancera.Reports.SalmonellaLog.RowsPerPage(SalmonellaLog.java:104)
at Test.Ancera.Reports.SalmonellaLog.RowsPerPage(SalmonellaLog.java:104)
at Test.Ancera.Reports.SalmonellaLog.RowsPerPage(SalmonellaLog.java:104)
at Test.Ancera.Reports.SalmonellaLog.RowsPerPage(SalmonellaLog.java:104)
at Test.Ancera.Reports.SalmonellaLog.RowsPerPage(SalmonellaLog.java:104)
at Test.Ancera.Reports.SalmonellaLog.RowsPerPage(SalmonellaLog.java:104)
at Test.Ancera.Reports.SalmonellaLog.RowsPerPage(SalmonellaLog.java:104)
at Test.Ancera.Reports.SalmonellaLog.RowsPerPage(SalmonellaLog.java:104)
at Test.Ancera.Reports.SalmonellaLog.RowsPerPage(SalmonellaLog.java:104)
at Test.Ancera.Reports.SalmonellaLog.RowsPerPage(SalmonellaLog.java:104)
at Test.Ancera.Reports.SalmonellaLog.RowsPerPage(SalmonellaLog.java:104)
at Test.Ancera.Reports.SalmonellaLog.RowsPerPage(SalmonellaLog.java:104)
at Test.Ancera.Reports.SalmonellaLog.RowsPerPage(SalmonellaLog.java:104)
at Test.Ancera.Reports.SalmonellaLog.RowsPerPage(SalmonellaLog.java:104)
at Test.Ancera.Reports.SalmonellaLog.RowsPerPage(SalmonellaLog.java:104)
at Test.Ancera.Reports.SalmonellaLog.RowsPerPage(SalmonellaLog.java:104)
at Test.Ancera.Reports.SalmonellaLog.RowsPerPage(SalmonellaLog.java:104)
at Test.Ancera.Reports.SalmonellaLog.RowsPerPage(SalmonellaLog.java:104)
at Test.Ancera.Reports.SalmonellaLog.RowsPerPage(SalmonellaLog.java:104)
at Test.Ancera.Reports.SalmonellaLog.RowsPerPage(SalmonellaLog.java:104)
at Test.Ancera.Reports.SalmonellaLog.RowsPerPage(SalmonellaLog.java:104)
at Test.Ancera.Reports.SalmonellaLog.RowsPerPage(SalmonellaLog.java:104)
at Test.Ancera.Reports.SalmonellaLog.RowsPerPage(SalmonellaLog.java:104)
at Test.Ancera.Reports.SalmonellaLog.RowsPerPage(SalmonellaLog.java:104)
at Test.Ancera.Reports.SalmonellaLog.RowsPerPage(SalmonellaLog.java:104)
at Test.Ancera.Reports.SalmonellaLog.RowsPerPage(SalmonellaLog.java:104)
at Test.Ancera.Reports.SalmonellaLog.RowsPerPage(SalmonellaLog.java:104)
at Test.Ancera.Reports.SalmonellaLog.RowsPerPage(SalmonellaLog.java:104)
at Test.Ancera.Reports.SalmonellaLog.RowsPerPage(SalmonellaLog.java:104)
at Test.Ancera.Reports.SalmonellaLog.RowsPerPage(SalmonellaLog.java:104)
at Test.Ancera.Reports.SalmonellaLog.RowsPerPage(SalmonellaLog.java:104)
at Test.Ancera.Reports.SalmonellaLog.RowsPerPage(SalmonellaLog.java:104)
at Test.Ancera.Reports.SalmonellaLog.RowsPerPage(SalmonellaLog.java:104)
at Test.Ancera.Reports.SalmonellaLog.RowsPerPage(SalmonellaLog.java:104)
at Test.Ancera.Reports.SalmonellaLog.RowsPerPage(SalmonellaLog.java:104)
at Test.Ancera.Reports.SalmonellaLog.RowsPerPage(SalmonellaLog.java:104)
at Test.Ancera.Reports.SalmonellaLog.RowsPerPage(SalmonellaLog.java:104)
at Test.Ancera.Reports.SalmonellaLog.RowsPerPage(SalmonellaLog.java:104)
at Test.Ancera.Reports.SalmonellaLog.RowsPerPage(SalmonellaLog.java:104)
at Test.Ancera.Reports.SalmonellaLog.RowsPerPage(SalmonellaLog.java:104)
at Test.Ancera.Reports.SalmonellaLog.RowsPerPage(SalmonellaLog.java:104)
at Test.Ancera.Reports.SalmonellaLog.RowsPerPage(SalmonellaLog.java:104)
at Test.Ancera.Reports.SalmonellaLog.RowsPerPage(SalmonellaLog.java:104)
at Test.Ancera.Reports.SalmonellaLog.RowsPerPage(SalmonellaLog.java:104)
at Test.Ancera.Reports.SalmonellaLog.RowsPerPage(SalmonellaLog.java:104)
at Test.Ancera.Reports.SalmonellaLog.RowsPerPage(SalmonellaLog.java:104)
at Test.Ancera.Reports.SalmonellaLog.RowsPerPage(SalmonellaLog.java:104)
at Test.Ancera.Reports.SalmonellaLog.RowsPerPage(SalmonellaLog.java:104)
at Test.Ancera.Reports.SalmonellaLog.RowsPerPage(SalmonellaLog.java:104)
at Test.Ancera.Reports.SalmonellaLog.RowsPerPage(SalmonellaLog.java:104)
at Test.Ancera.Reports.SalmonellaLog.RowsPerPage(SalmonellaLog.java:104)
at Test.Ancera.Reports.SalmonellaLog.RowsPerPage(SalmonellaLog.java:104)
at Test.Ancera.Reports.SalmonellaLog.RowsPerPage(SalmonellaLog.java:104)
at Test.Ancera.Reports.SalmonellaLog.RowsPerPage(SalmonellaLog.java:104)
at Test.Ancera.Reports.SalmonellaLog.RowsPerPage(SalmonellaLog.java:104)
at Test.Ancera.Reports.SalmonellaLog.RowsPerPage(SalmonellaLog.java:104)
]]>
    </error>
  </testcase> <!-- RowsPerPage -->
  <system-out/>
  <testcase classname="Test.Ancera.Reports.SalmonellaLog" name="PaginationSalm" time="37.789"/>
  <system-out/>
  <testcase classname="Test.Ancera.Reports.SalmonellaLog" name="DateFilter" time="80.812"/>
  <system-out/>
  <testcase classname="Test.Ancera.Reports.SalmonellaLog" name="DateLockFilter" time="28.837"/>
  <system-out/>
  <testcase classname="Test.Ancera.Reports.SalmonellaLog" name="SiteName" time="22.946"/>
  <system-out/>
  <testcase classname="Test.Ancera.Reports.SalmonellaLog" name="AllignmentTest" time="0.399"/>
  <system-out/>
  <testcase classname="Test.Ancera.Reports.SalmonellaLog" name="FieldAccess" time="452.749"/>
  <system-out/>
  <testcase classname="Test.Ancera.Reports.SalmonellaLog" name="FieldAccessResetDefault" time="6.441"/>
  <system-out/>
  <testcase classname="Test.Ancera.Reports.SalmonellaLog" name="PNGExport" time="24.612"/>
  <system-out/>
  <testcase classname="Test.Ancera.Reports.SalmonellaLog" name="CSVExport" time="48.147"/>
  <system-out/>
  <testcase classname="Test.Ancera.Reports.SalmonellaLog" name="CSVAuditExport" time="9.787"/>
  <system-out/>
  <testcase classname="Test.Ancera.Reports.SalmonellaLog" name="TemplateExport" time="7.337"/>
  <system-out/>
  <testcase classname="Test.Ancera.Reports.SalmonellaLog" name="Contexual">
    <skipped/>
  </testcase> <!-- Contexual -->
  <system-out/>
</testsuite> <!-- Test.Ancera.Reports.SalmonellaLog -->
