<?xml version="1.0" encoding="UTF-8"?>
<!-- Generated by org.testng.reporters.JUnitReportReporter -->
<testsuite hostname="DESKTOP-K0SFL7M" failures="0" tests="29" name="Test.Ancera.Administration.OrganizationManagement" time="137.659" errors="1" timestamp="2022-06-09T10:54:44 PKT" skipped="28">
  <testcase classname="Test.Ancera.Administration.OrganizationManagement" name="extent" time="137.659">
    <error message="chrome not reachable
  (Session info: chrome=102.0.5005.61)
Build info: version: &#039;4.1.2&#039;, revision: &#039;9a5a329c5a&#039;
System info: host: &#039;DESKTOP-K0SFL7M&#039;, ip: &#039;172.19.224.1&#039;, os.name: &#039;Windows 10&#039;, os.arch: &#039;amd64&#039;, os.version: &#039;10.0&#039;, java.version: &#039;15.0.2&#039;
Driver info: org.openqa.selenium.chrome.ChromeDriver
Command: [fc424c1d28b220c959f6ba84d5377169, screenshot {}]
Capabilities {acceptInsecureCerts: false, browserName: chrome, browserVersion: 102.0.5005.61, chrome: {chromedriverVersion: 101.0.4951.41 (93c720db8323..., userDataDir: C:\Users\User\AppData\Local...}, goog:chromeOptions: {debuggerAddress: localhost:60881}, javascriptEnabled: true, networkConnectionEnabled: false, pageLoadStrategy: normal, platform: WINDOWS, platformName: WINDOWS, proxy: Proxy(), se:cdp: ws://localhost:60881/devtoo..., se:cdpVersion: 102.0.5005.61, setWindowRect: true, strictFileInteractability: false, timeouts: {implicit: 0, pageLoad: 300000, script: 30000}, unhandledPromptBehavior: dismiss and notify, webauthn:extension:credBlob: true, webauthn:extension:largeBlob: true, webauthn:virtualAuthenticators: true}
Session ID: fc424c1d28b220c959f6ba84d5377169" type="org.openqa.selenium.WebDriverException">
      <![CDATA[org.openqa.selenium.WebDriverException: chrome not reachable
  (Session info: chrome=102.0.5005.61)
Build info: version: '4.1.2', revision: '9a5a329c5a'
System info: host: 'DESKTOP-K0SFL7M', ip: '172.19.224.1', os.name: 'Windows 10', os.arch: 'amd64', os.version: '10.0', java.version: '15.0.2'
Driver info: org.openqa.selenium.chrome.ChromeDriver
Command: [fc424c1d28b220c959f6ba84d5377169, screenshot {}]
Capabilities {acceptInsecureCerts: false, browserName: chrome, browserVersion: 102.0.5005.61, chrome: {chromedriverVersion: 101.0.4951.41 (93c720db8323..., userDataDir: C:\Users\User\AppData\Local...}, goog:chromeOptions: {debuggerAddress: localhost:60881}, javascriptEnabled: true, networkConnectionEnabled: false, pageLoadStrategy: normal, platform: WINDOWS, platformName: WINDOWS, proxy: Proxy(), se:cdp: ws://localhost:60881/devtoo..., se:cdpVersion: 102.0.5005.61, setWindowRect: true, strictFileInteractability: false, timeouts: {implicit: 0, pageLoad: 300000, script: 30000}, unhandledPromptBehavior: dismiss and notify, webauthn:extension:credBlob: true, webauthn:extension:largeBlob: true, webauthn:virtualAuthenticators: true}
Session ID: fc424c1d28b220c959f6ba84d5377169
at java.base/jdk.internal.reflect.NativeConstructorAccessorImpl.newInstance0(Native Method)
at java.base/jdk.internal.reflect.NativeConstructorAccessorImpl.newInstance(NativeConstructorAccessorImpl.java:64)
at java.base/jdk.internal.reflect.DelegatingConstructorAccessorImpl.newInstance(DelegatingConstructorAccessorImpl.java:45)
at java.base/java.lang.reflect.Constructor.newInstanceWithCaller(Constructor.java:500)
at java.base/java.lang.reflect.Constructor.newInstance(Constructor.java:481)
at org.openqa.selenium.remote.codec.w3c.W3CHttpResponseCodec.createException(W3CHttpResponseCodec.java:200)
at org.openqa.selenium.remote.codec.w3c.W3CHttpResponseCodec.decode(W3CHttpResponseCodec.java:133)
at org.openqa.selenium.remote.codec.w3c.W3CHttpResponseCodec.decode(W3CHttpResponseCodec.java:53)
at org.openqa.selenium.remote.HttpCommandExecutor.execute(HttpCommandExecutor.java:184)
at org.openqa.selenium.remote.service.DriverCommandExecutor.invokeExecute(DriverCommandExecutor.java:167)
at org.openqa.selenium.remote.service.DriverCommandExecutor.execute(DriverCommandExecutor.java:142)
at org.openqa.selenium.remote.RemoteWebDriver.execute(RemoteWebDriver.java:558)
at org.openqa.selenium.remote.RemoteWebDriver.execute(RemoteWebDriver.java:613)
at org.openqa.selenium.remote.RemoteWebDriver.execute(RemoteWebDriver.java:617)
at org.openqa.selenium.remote.RemoteWebDriver.getScreenshotAs(RemoteWebDriver.java:348)
at Test.Ancera.Helper.getScreenshot(Helper.java:96)
at Test.Ancera.Helper.saveResultNew(Helper.java:85)
at Test.Ancera.ConfigureLogin.login(ConfigureLogin.java:64)
at Test.Ancera.Administration.OrganizationManagement.extent(OrganizationManagement.java:60)
at java.base/jdk.internal.reflect.NativeMethodAccessorImpl.invoke0(Native Method)
at java.base/jdk.internal.reflect.NativeMethodAccessorImpl.invoke(NativeMethodAccessorImpl.java:64)
at java.base/jdk.internal.reflect.DelegatingMethodAccessorImpl.invoke(DelegatingMethodAccessorImpl.java:43)
at java.base/java.lang.reflect.Method.invoke(Method.java:564)
at org.testng.internal.MethodInvocationHelper.invokeMethod(MethodInvocationHelper.java:132)
at org.testng.internal.MethodInvocationHelper.invokeMethodConsideringTimeout(MethodInvocationHelper.java:61)
at org.testng.internal.ConfigInvoker.invokeConfigurationMethod(ConfigInvoker.java:366)
at org.testng.internal.ConfigInvoker.invokeConfigurations(ConfigInvoker.java:320)
at org.testng.TestRunner.invokeTestConfigurations(TestRunner.java:617)
at org.testng.TestRunner.beforeRun(TestRunner.java:607)
at org.testng.TestRunner.run(TestRunner.java:578)
at org.testng.SuiteRunner.runTest(SuiteRunner.java:384)
at org.testng.SuiteRunner.runSequentially(SuiteRunner.java:378)
at org.testng.SuiteRunner.privateRun(SuiteRunner.java:337)
at org.testng.SuiteRunner.run(SuiteRunner.java:286)
at org.testng.SuiteRunnerWorker.runSuite(SuiteRunnerWorker.java:53)
at org.testng.SuiteRunnerWorker.run(SuiteRunnerWorker.java:96)
at org.testng.TestNG.runSuitesSequentially(TestNG.java:1218)
at org.testng.TestNG.runSuitesLocally(TestNG.java:1140)
at org.testng.TestNG.runSuites(TestNG.java:1069)
at org.testng.TestNG.run(TestNG.java:1037)
at org.testng.remote.AbstractRemoteTestNG.run(AbstractRemoteTestNG.java:115)
at org.testng.remote.RemoteTestNG.initAndRun(RemoteTestNG.java:251)
at org.testng.remote.RemoteTestNG.main(RemoteTestNG.java:77)
]]>
    </error>
  </testcase> <!-- extent -->
  <system-out/>
  <testcase classname="Test.Ancera.Administration.OrganizationManagement" name="Navigate" time="0.000">
    <skipped/>
  </testcase> <!-- Navigate -->
  <system-out/>
  <testcase classname="Test.Ancera.Administration.OrganizationManagement" name="OpenClosePopup" time="0.000">
    <skipped/>
  </testcase> <!-- OpenClosePopup -->
  <system-out/>
  <testcase classname="Test.Ancera.Administration.OrganizationManagement" name="MandatoryFieldCheck" time="0.000">
    <skipped/>
  </testcase> <!-- MandatoryFieldCheck -->
  <system-out/>
  <testcase classname="Test.Ancera.Administration.OrganizationManagement" name="ResetButton" time="0.000">
    <skipped/>
  </testcase> <!-- ResetButton -->
  <system-out/>
  <testcase classname="Test.Ancera.Administration.OrganizationManagement" name="testInvalidEmail" time="0.000">
    <skipped/>
  </testcase> <!-- testInvalidEmail -->
  <system-out/>
  <testcase classname="Test.Ancera.Administration.OrganizationManagement" name="CreateOrganization" time="0.000">
    <skipped/>
  </testcase> <!-- CreateOrganization -->
  <system-out/>
  <testcase classname="Test.Ancera.Administration.OrganizationManagement" name="VerifyCreatedOrganization" time="0.000">
    <skipped/>
  </testcase> <!-- VerifyCreatedOrganization -->
  <system-out/>
  <testcase classname="Test.Ancera.Administration.OrganizationManagement" name="UpdateOrganization" time="0.000">
    <skipped/>
  </testcase> <!-- UpdateOrganization -->
  <system-out/>
  <testcase classname="Test.Ancera.Administration.OrganizationManagement" name="VerifyUpdateOrganization" time="0.000">
    <skipped/>
  </testcase> <!-- VerifyUpdateOrganization -->
  <system-out/>
  <testcase classname="Test.Ancera.Administration.OrganizationManagement" name="OrganizationSitesHierarchyCheck" time="0.000">
    <skipped/>
  </testcase> <!-- OrganizationSitesHierarchyCheck -->
  <system-out/>
  <testcase classname="Test.Ancera.Administration.OrganizationManagement" name="OrganizationSiteMandatoryCheck" time="0.000">
    <skipped/>
  </testcase> <!-- OrganizationSiteMandatoryCheck -->
  <system-out/>
  <testcase classname="Test.Ancera.Administration.OrganizationManagement" name="SiteResetButton" time="0.000">
    <skipped/>
  </testcase> <!-- SiteResetButton -->
  <system-out/>
  <testcase classname="Test.Ancera.Administration.OrganizationManagement" name="CreateOrganizationSite" time="0.000">
    <skipped/>
  </testcase> <!-- CreateOrganizationSite -->
  <system-out/>
  <testcase classname="Test.Ancera.Administration.OrganizationManagement" name="UpdateOrganizationSites" time="0.000">
    <skipped/>
  </testcase> <!-- UpdateOrganizationSites -->
  <system-out/>
  <testcase classname="Test.Ancera.Administration.OrganizationManagement" name="VerifyUpdateOrganizationSites" time="0.000">
    <skipped/>
  </testcase> <!-- VerifyUpdateOrganizationSites -->
  <system-out/>
  <testcase classname="Test.Ancera.Administration.OrganizationManagement" name="DeleteOrganizationSites" time="0.000">
    <skipped/>
  </testcase> <!-- DeleteOrganizationSites -->
  <system-out/>
  <testcase classname="Test.Ancera.Administration.OrganizationManagement" name="BulkUploadEmpty" time="0.000">
    <skipped/>
  </testcase> <!-- BulkUploadEmpty -->
  <system-out/>
  <testcase classname="Test.Ancera.Administration.OrganizationManagement" name="BulkUpload" time="0.000">
    <skipped/>
  </testcase> <!-- BulkUpload -->
  <system-out/>
  <testcase classname="Test.Ancera.Administration.OrganizationManagement" name="AssignAgreement" time="0.000">
    <skipped/>
  </testcase> <!-- AssignAgreement -->
  <system-out/>
  <testcase classname="Test.Ancera.Administration.OrganizationManagement" name="InActiveOrganization" time="0.000">
    <skipped/>
  </testcase> <!-- InActiveOrganization -->
  <system-out/>
  <testcase classname="Test.Ancera.Administration.OrganizationManagement" name="VerifyInActiveOrganization" time="0.000">
    <skipped/>
  </testcase> <!-- VerifyInActiveOrganization -->
  <system-out/>
  <testcase classname="Test.Ancera.Administration.OrganizationManagement" name="DeleteOrganization" time="0.000">
    <skipped/>
  </testcase> <!-- DeleteOrganization -->
  <system-out/>
  <testcase classname="Test.Ancera.Administration.OrganizationManagement" name="Wildcard">
    <skipped/>
  </testcase> <!-- Wildcard -->
  <system-out/>
  <testcase classname="Test.Ancera.Administration.OrganizationManagement" name="Sorting">
    <skipped/>
  </testcase> <!-- Sorting -->
  <system-out/>
  <testcase classname="Test.Ancera.Administration.OrganizationManagement" name="Lock">
    <skipped/>
  </testcase> <!-- Lock -->
  <system-out/>
  <testcase classname="Test.Ancera.Administration.OrganizationManagement" name="TestFilter">
    <skipped/>
  </testcase> <!-- TestFilter -->
  <system-out/>
  <testcase classname="Test.Ancera.Administration.OrganizationManagement" name="CSVExport">
    <skipped/>
  </testcase> <!-- CSVExport -->
  <system-out/>
  <testcase classname="Test.Ancera.Administration.OrganizationManagement" name="TestFilterPractice">
    <skipped/>
  </testcase> <!-- TestFilterPractice -->
  <system-out/>
</testsuite> <!-- Test.Ancera.Administration.OrganizationManagement -->
