<?xml version="1.0" encoding="UTF-8"?>
<!-- Generated by org.testng.reporters.JUnitReportReporter -->
<testsuite hostname="DESKTOP-K0SFL7M" failures="0" tests="1" name="Test.Ancera.Reports.PAConfig" time="165.554" errors="0" timestamp="2021-10-08T16:04:11 PKT" skipped="0">
  <testcase classname="Test.Ancera.Reports.PAConfig" name="PAConfiguration" time="165.554"/>
  <system-out/>
</testsuite> <!-- Test.Ancera.Reports.PAConfig -->
