<?xml version="1.0" encoding="UTF-8"?>
<!-- Generated by org.testng.reporters.JUnitReportReporter -->
<testsuite hostname="DESKTOP-K0SFL7M" failures="0" tests="4" name="PiperAdminstration.Piper_Configuration" time="64.243" errors="0" timestamp="2021-11-19T14:40:11 PKT" skipped="0">
  <testcase classname="PiperAdminstration.Piper_Configuration" name="NavigatePiperConfig" time="10.950"/>
  <system-out/>
  <testcase classname="PiperAdminstration.Piper_Configuration" name="CreatePiperConfig" time="21.692"/>
  <system-out/>
  <testcase classname="PiperAdminstration.Piper_Configuration" name="UpdatePiperConfig" time="28.250"/>
  <system-out/>
  <testcase classname="PiperAdminstration.Piper_Configuration" name="DeletePiperConfig" time="3.351"/>
  <system-out/>
</testsuite> <!-- PiperAdminstration.Piper_Configuration -->
