<?xml version="1.0" encoding="UTF-8"?>
<!-- Generated by org.testng.reporters.JUnitReportReporter -->
<testsuite hostname="DESKTOP-K0SFL7M" failures="0" tests="1" name="Test.Ancera.Administration.FlockRegistration" time="61.367" errors="0" timestamp="2021-12-07T14:13:49 PKT" skipped="0">
  <testcase classname="Test.Ancera.Administration.FlockRegistration" name="FlockValidation" time="61.367"/>
  <system-out/>
</testsuite> <!-- Test.Ancera.Administration.FlockRegistration -->
