<?xml version="1.0" encoding="UTF-8"?>
<!-- Generated by org.testng.reporters.JUnitReportReporter -->
<testsuite hostname="DESKTOP-K0SFL7M" failures="0" tests="5" name="Test.Ancera.Administration.BarcodeManagement" time="62.235" errors="0" timestamp="2021-09-08T16:59:54 PKT" skipped="2">
  <testcase classname="Test.Ancera.Administration.BarcodeManagement" name="NavigateBarcodeManagement" time="15.665"/>
  <system-out/>
  <testcase classname="Test.Ancera.Administration.BarcodeManagement" name="ErrorOpeningPrintScreen" time="3.298"/>
  <system-out/>
  <testcase classname="Test.Ancera.Administration.BarcodeManagement" name="OpenPrintScreen" time="43.272"/>
  <system-out/>
  <testcase classname="Test.Ancera.Administration.BarcodeManagement" name="SearchFunctionality">
    <skipped/>
  </testcase> <!-- SearchFunctionality -->
  <system-out/>
  <testcase classname="Test.Ancera.Administration.BarcodeManagement" name="AssignedSiteAppearance">
    <skipped/>
  </testcase> <!-- AssignedSiteAppearance -->
  <system-out/>
</testsuite> <!-- Test.Ancera.Administration.BarcodeManagement -->
