<?xml version="1.0" encoding="UTF-8"?>
<!-- Generated by org.testng.reporters.JUnitReportReporter -->
<testsuite skipped="0" hostname="LAPTOP-O6K4VQH7" name="Test.Ancera.MetaData.DataTemplateManagement" tests="9" failures="0" timestamp="2021-01-18T17:29:59 PKT" time="337.082" errors="0">
  <testcase name="Navigate" time="17.667" classname="Test.Ancera.MetaData.DataTemplateManagement"/>
  <system-out/>
  <testcase name="ResetFieldCheck" time="8.595" classname="Test.Ancera.MetaData.DataTemplateManagement"/>
  <system-out/>
  <testcase name="ClmResetFieldCheck" time="6.656" classname="Test.Ancera.MetaData.DataTemplateManagement"/>
  <system-out/>
  <testcase name="MandatoryFieldCheck" time="193.698" classname="Test.Ancera.MetaData.DataTemplateManagement"/>
  <system-out/>
  <testcase name="UpdateTemplateColumn" time="26.945" classname="Test.Ancera.MetaData.DataTemplateManagement"/>
  <system-out/>
  <testcase name="DeleteColumnTemplate" time="15.161" classname="Test.Ancera.MetaData.DataTemplateManagement"/>
  <system-out/>
  <testcase name="UpdateTemplate" time="9.245" classname="Test.Ancera.MetaData.DataTemplateManagement"/>
  <system-out/>
  <testcase name="ExportTemplate" time="36.204" classname="Test.Ancera.MetaData.DataTemplateManagement"/>
  <system-out/>
  <testcase name="DeleteTemplate" time="22.911" classname="Test.Ancera.MetaData.DataTemplateManagement"/>
  <system-out/>
</testsuite> <!-- Test.Ancera.MetaData.DataTemplateManagement -->
