<?xml version="1.0" encoding="UTF-8"?>
<!-- Generated by org.testng.reporters.JUnitReportReporter -->
<testsuite hostname="DESKTOP-K0SFL7M" failures="0" tests="2" name="Test.Ancera.Reports.PAConfig" time="862.967" errors="0" timestamp="2021-09-21T15:58:28 PKT" skipped="1">
  <testcase classname="Test.Ancera.Reports.PAConfig" name="PAConfiguration" time="862.967"/>
  <system-out/>
  <testcase classname="Test.Ancera.Reports.PAConfig" name="PAConfigurattion">
    <skipped/>
  </testcase> <!-- PAConfigurattion -->
  <system-out/>
</testsuite> <!-- Test.Ancera.Reports.PAConfig -->
