<?xml version="1.0" encoding="UTF-8"?>
<!-- Generated by org.testng.reporters.JUnitReportReporter -->
<testsuite hostname="DESKTOP-K0SFL7M" failures="0" tests="4" name="Test.Ancera.Administration.PreFlutterMobile" time="842.130" errors="0" timestamp="2022-07-27T15:19:23 PKT" skipped="3">
  <testcase classname="Test.Ancera.Administration.PreFlutterMobile" name="Ingestion_Flock" time="842.130"/>
  <system-out/>
  <testcase classname="Test.Ancera.Administration.PreFlutterMobile" name="CreateOrganizationSitesHierarchy">
    <skipped/>
  </testcase> <!-- CreateOrganizationSitesHierarchy -->
  <system-out/>
  <testcase classname="Test.Ancera.Administration.PreFlutterMobile" name="CreateOrganization">
    <skipped/>
  </testcase> <!-- CreateOrganization -->
  <system-out/>
  <testcase classname="Test.Ancera.Administration.PreFlutterMobile" name="VerifyTestingSitesAccess">
    <skipped/>
  </testcase> <!-- VerifyTestingSitesAccess -->
  <system-out/>
</testsuite> <!-- Test.Ancera.Administration.PreFlutterMobile -->
