<?xml version="1.0" encoding="UTF-8"?>
<!-- Generated by org.testng.reporters.JUnitReportReporter -->
<testsuite skipped="1" hostname="LAPTOP-O6K4VQH7" name="Test.Ancera.Profile.ProfileSetting" tests="3" failures="0" timestamp="2021-01-01T14:32:02 PKT" time="663.236" errors="0">
  <testcase name="NavigateProfile" time="643.519" classname="Test.Ancera.Profile.ProfileSetting"/>
  <system-out/>
  <testcase name="ExitProfile" time="19.717" classname="Test.Ancera.Profile.ProfileSetting"/>
  <system-out/>
  <testcase name="ValidationCheck" classname="Test.Ancera.Profile.ProfileSetting">
    <skipped/>
  </testcase> <!-- ValidationCheck -->
  <system-out/>
</testsuite> <!-- Test.Ancera.Profile.ProfileSetting -->
