<?xml version="1.0" encoding="UTF-8"?>
<!-- Generated by org.testng.reporters.JUnitReportReporter -->
<testsuite skipped="0" hostname="LAPTOP-O6K4VQH7" name="Test.Ancera.Administration.UserManagement" tests="11" failures="0" timestamp="2021-01-18T17:33:38 PKT" time="252.378" errors="0">
  <testcase name="NavigateUM" time="16.137" classname="Test.Ancera.Administration.UserManagement"/>
  <system-out/>
  <testcase name="MandatoryFieldCheck" time="25.253" classname="Test.Ancera.Administration.UserManagement"/>
  <system-out/>
  <testcase name="ResetButton" time="4.116" classname="Test.Ancera.Administration.UserManagement"/>
  <system-out/>
  <testcase name="CreateUser" time="33.958" classname="Test.Ancera.Administration.UserManagement"/>
  <system-out/>
  <testcase name="VerifyEmail" time="44.031" classname="Test.Ancera.Administration.UserManagement"/>
  <system-out/>
  <testcase name="ResetPassword" time="18.310" classname="Test.Ancera.Administration.UserManagement"/>
  <system-out/>
  <testcase name="SearchUser" time="28.320" classname="Test.Ancera.Administration.UserManagement"/>
  <system-out/>
  <testcase name="UpdateUser" time="16.633" classname="Test.Ancera.Administration.UserManagement"/>
  <system-out/>
  <testcase name="VerifyUpdateUser" time="26.584" classname="Test.Ancera.Administration.UserManagement"/>
  <system-out/>
  <testcase name="DeleteUser" time="33.682" classname="Test.Ancera.Administration.UserManagement"/>
  <system-out/>
  <testcase name="VerifyDeleteUser" time="5.354" classname="Test.Ancera.Administration.UserManagement"/>
  <system-out/>
</testsuite> <!-- Test.Ancera.Administration.UserManagement -->
