<?xml version="1.0" encoding="UTF-8"?>
<!-- Generated by org.testng.reporters.JUnitReportReporter -->
<testsuite hostname="DESKTOP-K0SFL7M" failures="0" tests="2" name="Test.Ancera.Reports.Normal_Ingestion" time="614.913" errors="0" timestamp="2021-08-05T17:05:33 PKT" skipped="1">
  <testcase classname="Test.Ancera.Reports.Normal_Ingestion" name="NormalIngestionSalmonella" time="614.913"/>
  <system-out/>
  <testcase classname="Test.Ancera.Reports.Normal_Ingestion" name="NormalIngestionCoccidia">
    <skipped/>
  </testcase> <!-- NormalIngestionCoccidia -->
  <system-out/>
</testsuite> <!-- Test.Ancera.Reports.Normal_Ingestion -->
