<?xml version="1.0" encoding="UTF-8"?>
<!-- Generated by org.testng.reporters.JUnitReportReporter -->
<testsuite hostname="DESKTOP-K0SFL7M" failures="0" tests="17" name="Test.Ancera.Administration.OrganizationManagement" time="642.955" errors="0" timestamp="2021-02-09T11:11:56 PKT" skipped="0">
  <testcase classname="Test.Ancera.Administration.OrganizationManagement" name="NavigateOM" time="40.678"/>
  <system-out/>
  <testcase classname="Test.Ancera.Administration.OrganizationManagement" name="MandatoryFieldCheck" time="150.098"/>
  <system-out/>
  <testcase classname="Test.Ancera.Administration.OrganizationManagement" name="ClosePopup" time="35.254"/>
  <system-out/>
  <testcase classname="Test.Ancera.Administration.OrganizationManagement" name="ResetButton" time="34.110"/>
  <system-out/>
  <testcase classname="Test.Ancera.Administration.OrganizationManagement" name="CreateOrganization" time="52.452"/>
  <system-out/>
  <testcase classname="Test.Ancera.Administration.OrganizationManagement" name="SearchOrganization" time="58.884"/>
  <system-out/>
  <testcase classname="Test.Ancera.Administration.OrganizationManagement" name="UpdateOrganization" time="49.271"/>
  <system-out/>
  <testcase classname="Test.Ancera.Administration.OrganizationManagement" name="SearchUpdateOrganization" time="41.202"/>
  <system-out/>
  <testcase classname="Test.Ancera.Administration.OrganizationManagement" name="OrganizationSiteMandatoryCheck" time="43.051"/>
  <system-out/>
  <testcase classname="Test.Ancera.Administration.OrganizationManagement" name="SiteResetButton" time="4.584"/>
  <system-out/>
  <testcase classname="Test.Ancera.Administration.OrganizationManagement" name="CreateOrganizationSite" time="58.526"/>
  <system-out/>
  <testcase classname="Test.Ancera.Administration.OrganizationManagement" name="UpdateOrganizationSites" time="13.748"/>
  <system-out/>
  <testcase classname="Test.Ancera.Administration.OrganizationManagement" name="VerifyUpdateOrganizationSites" time="6.070"/>
  <system-out/>
  <testcase classname="Test.Ancera.Administration.OrganizationManagement" name="DeleteOrganizationSites" time="7.435"/>
  <system-out/>
  <testcase classname="Test.Ancera.Administration.OrganizationManagement" name="InActiveOrganization" time="20.191"/>
  <system-out/>
  <testcase classname="Test.Ancera.Administration.OrganizationManagement" name="VerifyInActiveOrganization" time="8.490"/>
  <system-out/>
  <testcase classname="Test.Ancera.Administration.OrganizationManagement" name="DeleteOrganization" time="18.911"/>
  <system-out/>
</testsuite> <!-- Test.Ancera.Administration.OrganizationManagement -->
