<?xml version="1.0" encoding="UTF-8"?>
<!-- Generated by org.testng.reporters.JUnitReportReporter -->
<testsuite hostname="APL-LHR-JA0201" failures="0" tests="1" name="Test.Ancera.Administration.FlockManagement" time="22.472" errors="0" timestamp="2022-11-07T16:42:19 PKT" skipped="0">
  <testcase classname="Test.Ancera.Administration.FlockManagement" name="edit" time="22.472"/>
  <system-out/>
</testsuite> <!-- Test.Ancera.Administration.FlockManagement -->
