<?xml version="1.0" encoding="UTF-8"?>
<!-- Generated by org.testng.reporters.JUnitReportReporter -->
<testsuite hostname="APL-LHR-JA0201" failures="0" tests="3" name="Test.Ancera.Login.TestLogin" time="29.331" errors="0" timestamp="2022-09-16T17:23:23 PKT" skipped="0">
  <testcase classname="Test.Ancera.Login.TestLogin" name="login" time="22.935"/>
  <system-out/>
  <testcase classname="Test.Ancera.Login.TestLogin" name="logout" time="3.913"/>
  <system-out/>
  <testcase classname="Test.Ancera.Login.TestLogin" name="verifyLogout" time="2.483"/>
  <system-out/>
</testsuite> <!-- Test.Ancera.Login.TestLogin -->
