<?xml version="1.0" encoding="UTF-8"?>
<!-- Generated by org.testng.reporters.JUnitReportReporter -->
<testsuite hostname="DESKTOP-K0SFL7M" failures="0" tests="2" name="Test.Ancera.Reports.RawImageCoccidia" time="3.485" errors="0" timestamp="2021-08-24T12:12:50 PKT" skipped="1">
  <testcase classname="Test.Ancera.Reports.RawImageCoccidia" name="RawImagfdeCocci" time="3.485"/>
  <system-out/>
  <testcase classname="Test.Ancera.Reports.RawImageCoccidia" name="RawImageCocci">
    <skipped/>
  </testcase> <!-- RawImageCocci -->
  <system-out/>
</testsuite> <!-- Test.Ancera.Reports.RawImageCoccidia -->
