<?xml version="1.0" encoding="UTF-8"?>
<!-- Generated by org.testng.reporters.JUnitReportReporter -->
<testsuite hostname="DESKTOP-K0SFL7M" failures="0" tests="17" name="Test.Ancera.Administration.OrganizationManagement" time="326.594" errors="0" timestamp="2021-06-29T14:20:03 PKT" skipped="0">
  <testcase classname="Test.Ancera.Administration.OrganizationManagement" name="NavigateOM" time="5.107"/>
  <system-out/>
  <testcase classname="Test.Ancera.Administration.OrganizationManagement" name="MandatoryFieldCheck" time="140.706"/>
  <system-out/>
  <testcase classname="Test.Ancera.Administration.OrganizationManagement" name="ClosePopup" time="8.650"/>
  <system-out/>
  <testcase classname="Test.Ancera.Administration.OrganizationManagement" name="ResetButton" time="9.752"/>
  <system-out/>
  <testcase classname="Test.Ancera.Administration.OrganizationManagement" name="CreateOrganization" time="20.409"/>
  <system-out/>
  <testcase classname="Test.Ancera.Administration.OrganizationManagement" name="SearchOrganization" time="20.860"/>
  <system-out/>
  <testcase classname="Test.Ancera.Administration.OrganizationManagement" name="UpdateOrganization" time="16.563"/>
  <system-out/>
  <testcase classname="Test.Ancera.Administration.OrganizationManagement" name="SearchUpdateOrganization" time="10.291"/>
  <system-out/>
  <testcase classname="Test.Ancera.Administration.OrganizationManagement" name="OrganizationSiteMandatoryCheck" time="10.001"/>
  <system-out/>
  <testcase classname="Test.Ancera.Administration.OrganizationManagement" name="SiteResetButton" time="1.708"/>
  <system-out/>
  <testcase classname="Test.Ancera.Administration.OrganizationManagement" name="CreateOrganizationSite" time="7.758"/>
  <system-out/>
  <testcase classname="Test.Ancera.Administration.OrganizationManagement" name="UpdateOrganizationSites" time="10.800"/>
  <system-out/>
  <testcase classname="Test.Ancera.Administration.OrganizationManagement" name="VerifyUpdateOrganizationSites" time="8.736"/>
  <system-out/>
  <testcase classname="Test.Ancera.Administration.OrganizationManagement" name="DeleteOrganizationSites" time="7.795"/>
  <system-out/>
  <testcase classname="Test.Ancera.Administration.OrganizationManagement" name="InActiveOrganization" time="13.138"/>
  <system-out/>
  <testcase classname="Test.Ancera.Administration.OrganizationManagement" name="VerifyInActiveOrganization" time="20.015"/>
  <system-out/>
  <testcase classname="Test.Ancera.Administration.OrganizationManagement" name="DeleteOrganization" time="14.305"/>
  <system-out/>
</testsuite> <!-- Test.Ancera.Administration.OrganizationManagement -->
