<?xml version="1.0" encoding="UTF-8"?>
<!-- Generated by org.testng.reporters.JUnitReportReporter -->
<testsuite hostname="APL-LHR-JA0201" failures="0" tests="1" name="Test.Ancera.Reports.CoccidiaLog" time="41.233" errors="0" timestamp="2022-09-14T12:12:09 PKT" skipped="0">
  <testcase classname="Test.Ancera.Reports.CoccidiaLog" name="Wildcard" time="41.233"/>
  <system-out/>
</testsuite> <!-- Test.Ancera.Reports.CoccidiaLog -->
