<?xml version="1.0" encoding="UTF-8"?>
<!-- Generated by org.testng.reporters.JUnitReportReporter -->
<testsuite hostname="DESKTOP-K0SFL7M" failures="0" tests="3" name="Test.Ancera.Login.TestLogin" time="30.102" errors="0" timestamp="2022-03-08T12:32:16 PKT" skipped="0">
  <testcase classname="Test.Ancera.Login.TestLogin" name="login" time="24.240"/>
  <system-out/>
  <testcase classname="Test.Ancera.Login.TestLogin" name="logout" time="3.575"/>
  <system-out/>
  <testcase classname="Test.Ancera.Login.TestLogin" name="VerifyLogout" time="2.287"/>
  <system-out/>
</testsuite> <!-- Test.Ancera.Login.TestLogin -->
