<?xml version="1.0" encoding="UTF-8"?>
<!-- Generated by org.testng.reporters.JUnitReportReporter -->
<testsuite hostname="APL-LHR-JA0201" failures="0" tests="4" name="Test.Ancera.Administration.OrganizationManagement" time="290.508" errors="0" timestamp="2022-12-16T11:46:32 PKT" skipped="3">
  <testcase classname="Test.Ancera.Administration.OrganizationManagement" name="BulkUpload" time="290.508"/>
  <system-out/>
  <testcase classname="Test.Ancera.Administration.OrganizationManagement" name="AssignAgreement">
    <skipped/>
  </testcase> <!-- AssignAgreement -->
  <system-out/>
  <testcase classname="Test.Ancera.Administration.OrganizationManagement" name="WildcardCP">
    <skipped/>
  </testcase> <!-- WildcardCP -->
  <system-out/>
  <testcase classname="Test.Ancera.Administration.OrganizationManagement" name="PaginationCP">
    <skipped/>
  </testcase> <!-- PaginationCP -->
  <system-out/>
</testsuite> <!-- Test.Ancera.Administration.OrganizationManagement -->
