<?xml version="1.0" encoding="UTF-8"?>
<!-- Generated by org.testng.reporters.JUnitReportReporter -->
<testsuite hostname="DESKTOP-K0SFL7M" failures="0" tests="1" name="Test.Ancera.DB_Config" time="0.399" errors="0" timestamp="2022-07-25T15:40:44 PKT" skipped="0">
  <testcase classname="Test.Ancera.DB_Config" name="test1" time="0.399"/>
  <system-out/>
</testsuite> <!-- Test.Ancera.DB_Config -->
