<?xml version="1.0" encoding="UTF-8"?>
<!-- Generated by org.testng.reporters.JUnitReportReporter -->
<testsuite hostname="DESKTOP-K0SFL7M" failures="0" tests="17" name="Test.Ancera.Reports.SalmonellaLog" time="1584.634" errors="1" timestamp="2021-07-19T12:25:54 PKT" skipped="2">
  <testcase classname="Test.Ancera.Reports.SalmonellaLog" name="NavigateSalmonella" time="9.295"/>
  <system-out/>
  <testcase classname="Test.Ancera.Reports.SalmonellaLog" name="wildcard" time="756.575">
    <error message="java.lang.AssertionError: expected [true] but found [false]" type="java.lang.Exception">
      <![CDATA[java.lang.Exception: java.lang.AssertionError: expected [true] but found [false]
at Test.Ancera.Reports.SalmonellaLog.wildcard(SalmonellaLog.java:390)
at java.base/jdk.internal.reflect.NativeMethodAccessorImpl.invoke0(Native Method)
at java.base/jdk.internal.reflect.NativeMethodAccessorImpl.invoke(NativeMethodAccessorImpl.java:64)
at java.base/jdk.internal.reflect.DelegatingMethodAccessorImpl.invoke(DelegatingMethodAccessorImpl.java:43)
at java.base/java.lang.reflect.Method.invoke(Method.java:564)
at org.testng.internal.MethodInvocationHelper.invokeMethod(MethodInvocationHelper.java:132)
at org.testng.internal.TestInvoker.invokeMethod(TestInvoker.java:599)
at org.testng.internal.TestInvoker.invokeTestMethod(TestInvoker.java:174)
at org.testng.internal.MethodRunner.runInSequence(MethodRunner.java:46)
at org.testng.internal.TestInvoker$MethodInvocationAgent.invoke(TestInvoker.java:822)
at org.testng.internal.TestInvoker.invokeTestMethods(TestInvoker.java:147)
at org.testng.internal.TestMethodWorker.invokeTestMethods(TestMethodWorker.java:146)
at org.testng.internal.TestMethodWorker.run(TestMethodWorker.java:128)
at java.base/java.util.ArrayList.forEach(ArrayList.java:1511)
at org.testng.TestRunner.privateRun(TestRunner.java:764)
at org.testng.TestRunner.run(TestRunner.java:585)
at org.testng.SuiteRunner.runTest(SuiteRunner.java:384)
at org.testng.SuiteRunner.runSequentially(SuiteRunner.java:378)
at org.testng.SuiteRunner.privateRun(SuiteRunner.java:337)
at org.testng.SuiteRunner.run(SuiteRunner.java:286)
at org.testng.SuiteRunnerWorker.runSuite(SuiteRunnerWorker.java:53)
at org.testng.SuiteRunnerWorker.run(SuiteRunnerWorker.java:96)
at org.testng.TestNG.runSuitesSequentially(TestNG.java:1218)
at org.testng.TestNG.runSuitesLocally(TestNG.java:1140)
at org.testng.TestNG.runSuites(TestNG.java:1069)
at org.testng.TestNG.run(TestNG.java:1037)
at org.testng.remote.AbstractRemoteTestNG.run(AbstractRemoteTestNG.java:115)
at org.testng.remote.RemoteTestNG.initAndRun(RemoteTestNG.java:251)
at org.testng.remote.RemoteTestNG.main(RemoteTestNG.java:77)
Caused by: java.lang.AssertionError: expected [true] but found [false]
at org.testng.Assert.fail(Assert.java:99)
at org.testng.Assert.failNotEquals(Assert.java:1037)
at org.testng.Assert.assertTrue(Assert.java:45)
at org.testng.Assert.assertTrue(Assert.java:55)
at Test.Ancera.Reports.SalmonellaLog.wildcard(SalmonellaLog.java:373)
... 28 more
]]>
    </error>
  </testcase> <!-- wildcard -->
  <system-out/>
  <testcase classname="Test.Ancera.Reports.SalmonellaLog" name="DateLockFilter" time="22.086"/>
  <system-out/>
  <testcase classname="Test.Ancera.Reports.SalmonellaLog" name="TestFilter" time="494.626"/>
  <system-out/>
  <testcase classname="Test.Ancera.Reports.SalmonellaLog" name="SalmonellaLock" time="47.627"/>
  <system-out/>
  <testcase classname="Test.Ancera.Reports.SalmonellaLog" name="Pagination" time="16.297"/>
  <system-out/>
  <testcase classname="Test.Ancera.Reports.SalmonellaLog" name="RowsPerPage" time="42.301"/>
  <system-out/>
  <testcase classname="Test.Ancera.Reports.SalmonellaLog" name="Sorting" time="131.819"/>
  <system-out/>
  <testcase classname="Test.Ancera.Reports.SalmonellaLog" name="AllignmentTest" time="0.718"/>
  <system-out/>
  <testcase classname="Test.Ancera.Reports.SalmonellaLog" name="FieldAccessUnview" time="20.125"/>
  <system-out/>
  <testcase classname="Test.Ancera.Reports.SalmonellaLog" name="FieldAccessView" time="8.673"/>
  <system-out/>
  <testcase classname="Test.Ancera.Reports.SalmonellaLog" name="PNGExport" time="12.977"/>
  <system-out/>
  <testcase classname="Test.Ancera.Reports.SalmonellaLog" name="CSVExport" time="7.069"/>
  <system-out/>
  <testcase classname="Test.Ancera.Reports.SalmonellaLog" name="CSVAuditExport" time="8.289"/>
  <system-out/>
  <testcase classname="Test.Ancera.Reports.SalmonellaLog" name="TemplateExport" time="6.157"/>
  <system-out/>
  <testcase classname="Test.Ancera.Reports.SalmonellaLog" name="RunAPI">
    <skipped/>
  </testcase> <!-- RunAPI -->
  <system-out/>
  <testcase classname="Test.Ancera.Reports.SalmonellaLog" name="DateFilter">
    <skipped/>
  </testcase> <!-- DateFilter -->
  <system-out/>
</testsuite> <!-- Test.Ancera.Reports.SalmonellaLog -->
