<?xml version="1.0" encoding="UTF-8"?>
<!-- Generated by org.testng.reporters.JUnitReportReporter -->
<testsuite hostname="DESKTOP-K0SFL7M" failures="0" tests="3" name="Test.Ancera.Login.ForgotPassword" time="141.509" errors="0" timestamp="2021-09-08T13:53:26 PKT" skipped="0">
  <testcase classname="Test.Ancera.Login.ForgotPassword" name="SendEmailLink" time="13.463"/>
  <system-out/>
  <testcase classname="Test.Ancera.Login.ForgotPassword" name="VerifyEmailReceived" time="108.561"/>
  <system-out/>
  <testcase classname="Test.Ancera.Login.ForgotPassword" name="VerifyLogin" time="19.485"/>
  <system-out/>
</testsuite> <!-- Test.Ancera.Login.ForgotPassword -->
