<?xml version="1.0" encoding="UTF-8"?>
<!-- Generated by org.testng.reporters.JUnitReportReporter -->
<testsuite hostname="APL-LHR-JA0201" failures="0" tests="23" name="Test.Ancera.Administration.AccessManagement" time="101.411" errors="0" timestamp="2022-09-28T15:45:41 PKT" skipped="14">
  <testcase classname="Test.Ancera.Administration.AccessManagement" name="NavigateAm" time="6.986"/>
  <system-out/>
  <testcase classname="Test.Ancera.Administration.AccessManagement" name="OpenPopup" time="2.104"/>
  <system-out/>
  <testcase classname="Test.Ancera.Administration.AccessManagement" name="MandatoryCheck" time="1.222"/>
  <system-out/>
  <testcase classname="Test.Ancera.Administration.AccessManagement" name="ResetAccess" time="2.351"/>
  <system-out/>
  <testcase classname="Test.Ancera.Administration.AccessManagement" name="CreateAccess" time="11.746"/>
  <system-out/>
  <testcase classname="Test.Ancera.Administration.AccessManagement" name="UpdateRole" time="15.203"/>
  <system-out/>
  <testcase classname="Test.Ancera.Administration.AccessManagement" name="VerifyUpdateRole" time="4.360"/>
  <system-out/>
  <testcase classname="Test.Ancera.Administration.AccessManagement" name="InActivateRole" time="4.882"/>
  <system-out/>
  <testcase classname="Test.Ancera.Administration.AccessManagement" name="RoleAssignScreen" time="52.557"/>
  <system-out/>
  <testcase classname="Test.Ancera.Administration.AccessManagement" name="BarcodeRoleAccess">
    <skipped/>
  </testcase> <!-- BarcodeRoleAccess -->
  <system-out/>
  <testcase classname="Test.Ancera.Administration.AccessManagement" name="AgreeemntRoleAccess">
    <skipped/>
  </testcase> <!-- AgreeemntRoleAccess -->
  <system-out/>
  <testcase classname="Test.Ancera.Administration.AccessManagement" name="ReportHelpContactUsAccess">
    <skipped/>
  </testcase> <!-- ReportHelpContactUsAccess -->
  <system-out/>
  <testcase classname="Test.Ancera.Administration.AccessManagement" name="PoultryManagementAccess">
    <skipped/>
  </testcase> <!-- PoultryManagementAccess -->
  <system-out/>
  <testcase classname="Test.Ancera.Administration.AccessManagement" name="ReportRoleAccess">
    <skipped/>
  </testcase> <!-- ReportRoleAccess -->
  <system-out/>
  <testcase classname="Test.Ancera.Administration.AccessManagement" name="UserManagementAccess">
    <skipped/>
  </testcase> <!-- UserManagementAccess -->
  <system-out/>
  <testcase classname="Test.Ancera.Administration.AccessManagement" name="DataTemplateAccess">
    <skipped/>
  </testcase> <!-- DataTemplateAccess -->
  <system-out/>
  <testcase classname="Test.Ancera.Administration.AccessManagement" name="PiperManagementRoleAccess">
    <skipped/>
  </testcase> <!-- PiperManagementRoleAccess -->
  <system-out/>
  <testcase classname="Test.Ancera.Administration.AccessManagement" name="OrganizationSitesManagementAccess">
    <skipped/>
  </testcase> <!-- OrganizationSitesManagementAccess -->
  <system-out/>
  <testcase classname="Test.Ancera.Administration.AccessManagement" name="AlertConfigurationAccess">
    <skipped/>
  </testcase> <!-- AlertConfigurationAccess -->
  <system-out/>
  <testcase classname="Test.Ancera.Administration.AccessManagement" name="PiperSoftwareManagementRoleAccess">
    <skipped/>
  </testcase> <!-- PiperSoftwareManagementRoleAccess -->
  <system-out/>
  <testcase classname="Test.Ancera.Administration.AccessManagement" name="PiperConfigManagementRoleAccess">
    <skipped/>
  </testcase> <!-- PiperConfigManagementRoleAccess -->
  <system-out/>
  <testcase classname="Test.Ancera.Administration.AccessManagement" name="OrganizationManagementAccess">
    <skipped/>
  </testcase> <!-- OrganizationManagementAccess -->
  <system-out/>
  <testcase classname="Test.Ancera.Administration.AccessManagement" name="DataUploadAccess">
    <skipped/>
  </testcase> <!-- DataUploadAccess -->
  <system-out/>
</testsuite> <!-- Test.Ancera.Administration.AccessManagement -->
