<?xml version="1.0" encoding="UTF-8"?>
<!-- Generated by org.testng.reporters.JUnitReportReporter -->
<testsuite hostname="DESKTOP-K0SFL7M" failures="0" tests="1" name="PiperAdminstration.PiperManagement" time="5.928" errors="0" timestamp="2021-06-07T10:31:06 PKT" skipped="0">
  <testcase classname="PiperAdminstration.PiperManagement" name="NavigatePM" time="5.928"/>
  <system-out/>
</testsuite> <!-- PiperAdminstration.PiperManagement -->
