<?xml version="1.0" encoding="UTF-8"?>
<!-- Generated by org.testng.reporters.JUnitReportReporter -->
<testsuite hostname="DESKTOP-K0SFL7M" failures="0" tests="3" name="Test.Ancera.Reports.InstallationRun" time="47.361" errors="0" timestamp="2021-06-22T15:55:53 PKT" skipped="2">
  <testcase classname="Test.Ancera.Reports.InstallationRun" name="installationRunConfigPractice" time="47.361"/>
  <system-out/>
  <testcase classname="Test.Ancera.Reports.InstallationRun" name="installationRunConfigSalmonella">
    <skipped/>
  </testcase> <!-- installationRunConfigSalmonella -->
  <system-out/>
  <testcase classname="Test.Ancera.Reports.InstallationRun" name="installationRunConfigCoccidia">
    <skipped/>
  </testcase> <!-- installationRunConfigCoccidia -->
  <system-out/>
</testsuite> <!-- Test.Ancera.Reports.InstallationRun -->
