<?xml version="1.0" encoding="UTF-8"?>
<!-- Generated by org.testng.reporters.JUnitReportReporter -->
<testsuite hostname="DESKTOP-K0SFL7M" failures="0" tests="2" name="Test.Ancera.Reports.PAConfig" time="1071.833" errors="0" timestamp="2022-01-21T12:09:15 PKT" skipped="1">
  <testcase classname="Test.Ancera.Reports.PAConfig" name="PAConfiguration" time="1071.833"/>
  <system-out/>
  <testcase classname="Test.Ancera.Reports.PAConfig" name="PAConfigurationgfh">
    <skipped/>
  </testcase> <!-- PAConfigurationgfh -->
  <system-out/>
</testsuite> <!-- Test.Ancera.Reports.PAConfig -->
