<?xml version="1.0" encoding="UTF-8"?>
<!-- Generated by org.testng.reporters.JUnitReportReporter -->
<testsuite skipped="0" hostname="LAPTOP-O6K4VQH7" name="Test.Ancera.Reports.ExternalCoccidia" tests="13" failures="0" timestamp="2021-01-04T16:37:27 PKT" time="907.312" errors="1">
  <testcase name="RunAPI" time="92.921" classname="Test.Ancera.Reports.ExternalCoccidia">
    <error type="org.openqa.selenium.TimeoutException" message="Expected condition failed: waiting for visibility of element located by By.xpath: /html/body/app-root/div[1]/app-external-coccidia-log/div/div/div[2]/div[1]/div/div/div[2]/div[2]/app-custom-checkbox-list[1]/div/div[1]/label/span (tried for 60 second(s) with 500 milliseconds interval)">
      <![CDATA[org.openqa.selenium.TimeoutException: Expected condition failed: waiting for visibility of element located by By.xpath: /html/body/app-root/div[1]/app-external-coccidia-log/div/div/div[2]/div[1]/div/div/div[2]/div[2]/app-custom-checkbox-list[1]/div/div[1]/label/span (tried for 60 second(s) with 500 milliseconds interval)
at org.openqa.selenium.support.ui.WebDriverWait.timeoutException(WebDriverWait.java:95)
at org.openqa.selenium.support.ui.FluentWait.until(FluentWait.java:272)
at Test.Ancera.Reports.ExternalCoccidia.RunAPI(ExternalCoccidia.java:233)
at sun.reflect.NativeMethodAccessorImpl.invoke0(Native Method)
at sun.reflect.NativeMethodAccessorImpl.invoke(NativeMethodAccessorImpl.java:62)
at sun.reflect.DelegatingMethodAccessorImpl.invoke(DelegatingMethodAccessorImpl.java:43)
at java.lang.reflect.Method.invoke(Method.java:498)
at org.testng.internal.MethodInvocationHelper.invokeMethod(MethodInvocationHelper.java:135)
at org.testng.internal.TestInvoker.invokeMethod(TestInvoker.java:598)
at org.testng.internal.TestInvoker.invokeTestMethod(TestInvoker.java:174)
at org.testng.internal.MethodRunner.runInSequence(MethodRunner.java:46)
at org.testng.internal.TestInvoker$MethodInvocationAgent.invoke(TestInvoker.java:821)
at org.testng.internal.TestInvoker.invokeTestMethods(TestInvoker.java:147)
at org.testng.internal.TestMethodWorker.invokeTestMethods(TestMethodWorker.java:146)
at org.testng.internal.TestMethodWorker.run(TestMethodWorker.java:128)
at java.util.ArrayList.forEach(ArrayList.java:1257)
at org.testng.TestRunner.privateRun(TestRunner.java:767)
at org.testng.TestRunner.run(TestRunner.java:588)
at org.testng.SuiteRunner.runTest(SuiteRunner.java:384)
at org.testng.SuiteRunner.runSequentially(SuiteRunner.java:378)
at org.testng.SuiteRunner.privateRun(SuiteRunner.java:337)
at org.testng.SuiteRunner.run(SuiteRunner.java:286)
at org.testng.SuiteRunnerWorker.runSuite(SuiteRunnerWorker.java:53)
at org.testng.SuiteRunnerWorker.run(SuiteRunnerWorker.java:96)
at org.testng.TestNG.runSuitesSequentially(TestNG.java:1214)
at org.testng.TestNG.runSuitesLocally(TestNG.java:1136)
at org.testng.TestNG.runSuites(TestNG.java:1066)
at org.testng.TestNG.run(TestNG.java:1034)
at org.testng.remote.AbstractRemoteTestNG.run(AbstractRemoteTestNG.java:115)
at org.testng.remote.RemoteTestNG.initAndRun(RemoteTestNG.java:251)
at org.testng.remote.RemoteTestNG.main(RemoteTestNG.java:77)
Caused by: org.openqa.selenium.NoSuchElementException: no such element: Unable to locate element: {"method":"xpath","selector":"/html/body/app-root/div[1]/app-external-coccidia-log/div/div/div[2]/div[1]/div/div/div[2]/div[2]/app-custom-checkbox-list[1]/div/div[1]/label/span"}
  (Session info: chrome=86.0.4240.198)
For documentation on this error, please visit: https://www.seleniumhq.org/exceptions/no_such_element.html
Build info: version: '3.141.59', revision: 'e82be7d358', time: '2018-11-14T08:17:03'
System info: host: 'LAPTOP-O6K4VQH7', ip: '192.168.19.92', os.name: 'Windows 10', os.arch: 'amd64', os.version: '10.0', java.version: '1.8.0_231'
Driver info: org.openqa.selenium.chrome.ChromeDriver
Capabilities {acceptInsecureCerts: false, browserName: chrome, browserVersion: 86.0.4240.198, chrome: {chromedriverVersion: 86.0.4240.22 (398b0743353ff..., userDataDir: C:\Users\MUHAMM~1\AppData\L...}, goog:chromeOptions: {debuggerAddress: localhost:62972}, javascriptEnabled: true, networkConnectionEnabled: false, pageLoadStrategy: normal, platform: WINDOWS, platformName: WINDOWS, proxy: Proxy(), setWindowRect: true, strictFileInteractability: false, timeouts: {implicit: 0, pageLoad: 300000, script: 30000}, unhandledPromptBehavior: dismiss and notify, webauthn:virtualAuthenticators: true}
Session ID: 6e3568e116e2c74259de923e422498a3
*** Element info: {Using=xpath, value=/html/body/app-root/div[1]/app-external-coccidia-log/div/div/div[2]/div[1]/div/div/div[2]/div[2]/app-custom-checkbox-list[1]/div/div[1]/label/span}
at sun.reflect.GeneratedConstructorAccessor25.newInstance(Unknown Source)
at sun.reflect.DelegatingConstructorAccessorImpl.newInstance(DelegatingConstructorAccessorImpl.java:45)
at java.lang.reflect.Constructor.newInstance(Constructor.java:423)
at org.openqa.selenium.remote.http.W3CHttpResponseCodec.createException(W3CHttpResponseCodec.java:187)
at org.openqa.selenium.remote.http.W3CHttpResponseCodec.decode(W3CHttpResponseCodec.java:122)
at org.openqa.selenium.remote.http.W3CHttpResponseCodec.decode(W3CHttpResponseCodec.java:49)
at org.openqa.selenium.remote.HttpCommandExecutor.execute(HttpCommandExecutor.java:158)
at org.openqa.selenium.remote.service.DriverCommandExecutor.execute(DriverCommandExecutor.java:83)
at org.openqa.selenium.remote.RemoteWebDriver.execute(RemoteWebDriver.java:552)
at org.openqa.selenium.remote.RemoteWebDriver.findElement(RemoteWebDriver.java:323)
at org.openqa.selenium.remote.RemoteWebDriver.findElementByXPath(RemoteWebDriver.java:428)
at org.openqa.selenium.By$ByXPath.findElement(By.java:353)
at org.openqa.selenium.remote.RemoteWebDriver.findElement(RemoteWebDriver.java:315)
at org.openqa.selenium.support.ui.ExpectedConditions$7.apply(ExpectedConditions.java:205)
at org.openqa.selenium.support.ui.ExpectedConditions$7.apply(ExpectedConditions.java:201)
at org.openqa.selenium.support.ui.FluentWait.until(FluentWait.java:249)
... 29 more
]]>
    </error>
  </testcase> <!-- RunAPI -->
  <system-out/>
  <testcase name="NavigateCoccidia" time="22.704" classname="Test.Ancera.Reports.ExternalCoccidia"/>
  <system-out/>
  <testcase name="DateFilter" time="57.712" classname="Test.Ancera.Reports.ExternalCoccidia"/>
  <system-out/>
  <testcase name="EnterDate" time="13.878" classname="Test.Ancera.Reports.ExternalCoccidia"/>
  <system-out/>
  <testcase name="DateLockFilter" time="39.705" classname="Test.Ancera.Reports.ExternalCoccidia"/>
  <system-out/>
  <testcase name="ResetFilter" time="13.108" classname="Test.Ancera.Reports.ExternalCoccidia"/>
  <system-out/>
  <testcase name="SearchFilter" time="318.554" classname="Test.Ancera.Reports.ExternalCoccidia"/>
  <system-out/>
  <testcase name="CoccidiaLock" time="125.028" classname="Test.Ancera.Reports.ExternalCoccidia"/>
  <system-out/>
  <testcase name="Pagination" time="81.516" classname="Test.Ancera.Reports.ExternalCoccidia"/>
  <system-out/>
  <testcase name="RowsPerPage" time="109.914" classname="Test.Ancera.Reports.ExternalCoccidia"/>
  <system-out/>
  <testcase name="PNGExport" time="12.719" classname="Test.Ancera.Reports.ExternalCoccidia"/>
  <system-out/>
  <testcase name="CSVExport" time="9.776" classname="Test.Ancera.Reports.ExternalCoccidia"/>
  <system-out/>
  <testcase name="TemplateExport" time="9.777" classname="Test.Ancera.Reports.ExternalCoccidia"/>
  <system-out/>
</testsuite> <!-- Test.Ancera.Reports.ExternalCoccidia -->
