<?xml version="1.0" encoding="UTF-8"?>
<!-- Generated by org.testng.reporters.JUnitReportReporter -->
<testsuite hostname="DESKTOP-K0SFL7M" failures="0" tests="7" name="Test.Ancera.MetaData.DataUpload" time="270.106" errors="0" timestamp="2021-08-04T12:59:41 PKT" skipped="2">
  <testcase classname="Test.Ancera.MetaData.DataUpload" name="NavigateDataUpload" time="6.156"/>
  <system-out/>
  <testcase classname="Test.Ancera.MetaData.DataUpload" name="FlockMetadata" time="105.440"/>
  <system-out/>
  <testcase classname="Test.Ancera.MetaData.DataUpload" name="SitePerformance" time="52.588"/>
  <system-out/>
  <testcase classname="Test.Ancera.MetaData.DataUpload" name="SampleMetaData" time="58.487"/>
  <system-out/>
  <testcase classname="Test.Ancera.MetaData.DataUpload" name="saveTemplates" time="47.435"/>
  <system-out/>
  <testcase classname="Test.Ancera.MetaData.DataUpload" name="ClientList">
    <skipped/>
  </testcase> <!-- ClientList -->
  <system-out/>
  <testcase classname="Test.Ancera.MetaData.DataUpload" name="ClientListRemove">
    <skipped/>
  </testcase> <!-- ClientListRemove -->
  <system-out/>
</testsuite> <!-- Test.Ancera.MetaData.DataUpload -->
