<?xml version="1.0" encoding="UTF-8"?>
<!-- Generated by org.testng.reporters.JUnitReportReporter -->
<testsuite skipped="12" hostname="LAPTOP-O6K4VQH7" name="Test.Ancera.Reports.CoccidiaLog" tests="14" failures="0" timestamp="2021-02-03T11:23:13 PKT" time="73.281" errors="0">
  <testcase name="NavigateCoccidia" time="38.847" classname="Test.Ancera.Reports.CoccidiaLog"/>
  <system-out/>
  <testcase name="TestFilters111" time="34.434" classname="Test.Ancera.Reports.CoccidiaLog"/>
  <system-out/>
  <testcase name="EnterDate" classname="Test.Ancera.Reports.CoccidiaLog">
    <skipped/>
  </testcase> <!-- EnterDate -->
  <system-out/>
  <testcase name="TemplateExport" classname="Test.Ancera.Reports.CoccidiaLog">
    <skipped/>
  </testcase> <!-- TemplateExport -->
  <system-out/>
  <testcase name="Pagination" classname="Test.Ancera.Reports.CoccidiaLog">
    <skipped/>
  </testcase> <!-- Pagination -->
  <system-out/>
  <testcase name="ResetFilter" classname="Test.Ancera.Reports.CoccidiaLog">
    <skipped/>
  </testcase> <!-- ResetFilter -->
  <system-out/>
  <testcase name="PNGExport" classname="Test.Ancera.Reports.CoccidiaLog">
    <skipped/>
  </testcase> <!-- PNGExport -->
  <system-out/>
  <testcase name="DateLockFilter" classname="Test.Ancera.Reports.CoccidiaLog">
    <skipped/>
  </testcase> <!-- DateLockFilter -->
  <system-out/>
  <testcase name="RowsPerPage" classname="Test.Ancera.Reports.CoccidiaLog">
    <skipped/>
  </testcase> <!-- RowsPerPage -->
  <system-out/>
  <testcase name="CSVExport" classname="Test.Ancera.Reports.CoccidiaLog">
    <skipped/>
  </testcase> <!-- CSVExport -->
  <system-out/>
  <testcase name="TestFilters" classname="Test.Ancera.Reports.CoccidiaLog">
    <skipped/>
  </testcase> <!-- TestFilters -->
  <system-out/>
  <testcase name="RunAPI" classname="Test.Ancera.Reports.CoccidiaLog">
    <skipped/>
  </testcase> <!-- RunAPI -->
  <system-out/>
  <testcase name="DateFilter" classname="Test.Ancera.Reports.CoccidiaLog">
    <skipped/>
  </testcase> <!-- DateFilter -->
  <system-out/>
  <testcase name="CoccidiaLock" classname="Test.Ancera.Reports.CoccidiaLog">
    <skipped/>
  </testcase> <!-- CoccidiaLock -->
  <system-out/>
</testsuite> <!-- Test.Ancera.Reports.CoccidiaLog -->
