<?xml version="1.0" encoding="UTF-8"?>
<!-- Generated by org.testng.reporters.JUnitReportReporter -->
<testsuite hostname="DESKTOP-K0SFL7M" failures="0" tests="17" name="Test.Ancera.Administration.OrganizationManagement" time="349.736" errors="0" timestamp="2021-07-19T11:02:27 PKT" skipped="0">
  <testcase classname="Test.Ancera.Administration.OrganizationManagement" name="NavigateOM" time="6.431"/>
  <system-out/>
  <testcase classname="Test.Ancera.Administration.OrganizationManagement" name="MandatoryFieldCheck" time="145.849"/>
  <system-out/>
  <testcase classname="Test.Ancera.Administration.OrganizationManagement" name="ClosePopup" time="23.096"/>
  <system-out/>
  <testcase classname="Test.Ancera.Administration.OrganizationManagement" name="ResetButton" time="7.085"/>
  <system-out/>
  <testcase classname="Test.Ancera.Administration.OrganizationManagement" name="CreateOrganization" time="28.443"/>
  <system-out/>
  <testcase classname="Test.Ancera.Administration.OrganizationManagement" name="SearchOrganization" time="21.865"/>
  <system-out/>
  <testcase classname="Test.Ancera.Administration.OrganizationManagement" name="UpdateOrganization" time="17.363"/>
  <system-out/>
  <testcase classname="Test.Ancera.Administration.OrganizationManagement" name="SearchUpdateOrganization" time="10.190"/>
  <system-out/>
  <testcase classname="Test.Ancera.Administration.OrganizationManagement" name="OrganizationSiteMandatoryCheck" time="12.118"/>
  <system-out/>
  <testcase classname="Test.Ancera.Administration.OrganizationManagement" name="SiteResetButton" time="2.359"/>
  <system-out/>
  <testcase classname="Test.Ancera.Administration.OrganizationManagement" name="CreateOrganizationSite" time="7.395"/>
  <system-out/>
  <testcase classname="Test.Ancera.Administration.OrganizationManagement" name="UpdateOrganizationSites" time="11.777"/>
  <system-out/>
  <testcase classname="Test.Ancera.Administration.OrganizationManagement" name="VerifyUpdateOrganizationSites" time="8.889"/>
  <system-out/>
  <testcase classname="Test.Ancera.Administration.OrganizationManagement" name="DeleteOrganizationSites" time="7.587"/>
  <system-out/>
  <testcase classname="Test.Ancera.Administration.OrganizationManagement" name="InActiveOrganization" time="9.983"/>
  <system-out/>
  <testcase classname="Test.Ancera.Administration.OrganizationManagement" name="VerifyInActiveOrganization" time="12.689"/>
  <system-out/>
  <testcase classname="Test.Ancera.Administration.OrganizationManagement" name="DeleteOrganization" time="16.617"/>
  <system-out/>
</testsuite> <!-- Test.Ancera.Administration.OrganizationManagement -->
