<?xml version="1.0" encoding="UTF-8"?>
<!-- Generated by org.testng.reporters.JUnitReportReporter -->
<testsuite hostname="DESKTOP-K0SFL7M" failures="0" tests="3" name="Test.Ancera.Reports.InstallationRun" time="432.914" errors="0" timestamp="2021-06-21T16:08:36 PKT" skipped="2">
  <testcase classname="Test.Ancera.Reports.InstallationRun" name="installationRunConfig" time="432.914"/>
  <system-out/>
  <testcase classname="Test.Ancera.Reports.InstallationRun" name="Navigatesal">
    <skipped/>
  </testcase> <!-- Navigatesal -->
  <system-out/>
  <testcase classname="Test.Ancera.Reports.InstallationRun" name="NavigatePiperConfig">
    <skipped/>
  </testcase> <!-- NavigatePiperConfig -->
  <system-out/>
</testsuite> <!-- Test.Ancera.Reports.InstallationRun -->
