<?xml version="1.0" encoding="UTF-8"?>
<!-- Generated by org.testng.reporters.JUnitReportReporter -->
<testsuite hostname="DESKTOP-K0SFL7M" failures="0" tests="2" name="Test.Ancera.Administration.UserManagement" time="17.921" errors="0" timestamp="2021-12-20T17:26:30 PKT" skipped="1">
  <testcase classname="Test.Ancera.Administration.UserManagement" name="ReportRole" time="17.921"/>
  <system-out/>
  <testcase classname="Test.Ancera.Administration.UserManagement" name="ResetButton">
    <skipped/>
  </testcase> <!-- ResetButton -->
  <system-out/>
</testsuite> <!-- Test.Ancera.Administration.UserManagement -->
