<?xml version="1.0" encoding="UTF-8"?>
<!-- Generated by org.testng.reporters.JUnitReportReporter -->
<testsuite hostname="DESKTOP-K0SFL7M" failures="0" tests="3" name="Test.Ancera.Login.TestLogin" time="30.792" errors="0" timestamp="2022-07-15T17:10:23 PKT" skipped="0">
  <testcase classname="Test.Ancera.Login.TestLogin" name="login" time="24.050"/>
  <system-out/>
  <testcase classname="Test.Ancera.Login.TestLogin" name="logout" time="4.200"/>
  <system-out/>
  <testcase classname="Test.Ancera.Login.TestLogin" name="verifyLogout" time="2.542"/>
  <system-out/>
</testsuite> <!-- Test.Ancera.Login.TestLogin -->
