<?xml version="1.0" encoding="UTF-8"?>
<!-- Generated by org.testng.reporters.JUnitReportReporter -->
<testsuite hostname="APL-LHR-JA0201" failures="0" tests="1" name="Test.Ancera.Reports.CoccidiaLog" time="1083.604" errors="0" timestamp="2022-12-30T17:54:12 PKT" skipped="0">
  <testcase classname="Test.Ancera.Reports.CoccidiaLog" name="LockFilter" time="1083.604"/>
  <system-out/>
</testsuite> <!-- Test.Ancera.Reports.CoccidiaLog -->
