<?xml version="1.0" encoding="UTF-8"?>
<!-- Generated by org.testng.reporters.JUnitReportReporter -->
<testsuite hostname="DESKTOP-K0SFL7M" failures="0" tests="12" name="Test.Ancera.MetaData.PoultryManagement" time="64.295" errors="0" timestamp="2021-10-29T14:10:16 PKT" skipped="0">
  <testcase classname="Test.Ancera.MetaData.PoultryManagement" name="NavigatePoultryManagement" time="6.362"/>
  <system-out/>
  <testcase classname="Test.Ancera.MetaData.PoultryManagement" name="VerifyTableContent" time="0.272"/>
  <system-out/>
  <testcase classname="Test.Ancera.MetaData.PoultryManagement" name="CreateFeed" time="11.738"/>
  <system-out/>
  <testcase classname="Test.Ancera.MetaData.PoultryManagement" name="HeartbeatFeed" time="0.289"/>
  <system-out/>
  <testcase classname="Test.Ancera.MetaData.PoultryManagement" name="EndIconFeed" time="0.340"/>
  <system-out/>
  <testcase classname="Test.Ancera.MetaData.PoultryManagement" name="UpdateFeed" time="5.408"/>
  <system-out/>
  <testcase classname="Test.Ancera.MetaData.PoultryManagement" name="CreateTreatment" time="26.554"/>
  <system-out/>
  <testcase classname="Test.Ancera.MetaData.PoultryManagement" name="HeartbeatTreatment" time="0.204"/>
  <system-out/>
  <testcase classname="Test.Ancera.MetaData.PoultryManagement" name="UpdateTreatment" time="6.447"/>
  <system-out/>
  <testcase classname="Test.Ancera.MetaData.PoultryManagement" name="VerifyFilter" time="1.682"/>
  <system-out/>
  <testcase classname="Test.Ancera.MetaData.PoultryManagement" name="DeleteTreatment" time="2.489"/>
  <system-out/>
  <testcase classname="Test.Ancera.MetaData.PoultryManagement" name="DeleteFeed" time="2.510"/>
  <system-out/>
</testsuite> <!-- Test.Ancera.MetaData.PoultryManagement -->
