<?xml version="1.0" encoding="UTF-8"?>
<!-- Generated by org.testng.reporters.JUnitReportReporter -->
<testsuite hostname="DESKTOP-K0SFL7M" failures="0" tests="2" name="Test.Ancera.Reports.Normal_Ingestion" time="1196.084" errors="0" timestamp="2021-09-27T12:10:23 PKT" skipped="0">
  <testcase classname="Test.Ancera.Reports.Normal_Ingestion" name="NormalIngestionSalmonella" time="835.162"/>
  <system-out/>
  <testcase classname="Test.Ancera.Reports.Normal_Ingestion" name="NormalIngestionCoccidia" time="360.922"/>
  <system-out/>
</testsuite> <!-- Test.Ancera.Reports.Normal_Ingestion -->
