<?xml version="1.0" encoding="UTF-8"?>
<!-- Generated by org.testng.reporters.JUnitReportReporter -->
<testsuite hostname="DESKTOP-K0SFL7M" failures="0" tests="8" name="Test.Ancera.Administration.AccessManagement" time="10.702" errors="0" timestamp="2021-08-14T01:08:22 PKT" skipped="6">
  <testcase classname="Test.Ancera.Administration.AccessManagement" name="test" time="3.387"/>
  <system-out/>
  <testcase classname="Test.Ancera.Administration.AccessManagement" name="NavigateAM" time="7.315"/>
  <system-out/>
  <testcase classname="Test.Ancera.Administration.AccessManagement" name="EditRightsScreen">
    <skipped/>
  </testcase> <!-- EditRightsScreen -->
  <system-out/>
  <testcase classname="Test.Ancera.Administration.AccessManagement" name="RoleAssignScreen">
    <skipped/>
  </testcase> <!-- RoleAssignScreen -->
  <system-out/>
  <testcase classname="Test.Ancera.Administration.AccessManagement" name="UpdateRole">
    <skipped/>
  </testcase> <!-- UpdateRole -->
  <system-out/>
  <testcase classname="Test.Ancera.Administration.AccessManagement" name="InActivateRole">
    <skipped/>
  </testcase> <!-- InActivateRole -->
  <system-out/>
  <testcase classname="Test.Ancera.Administration.AccessManagement" name="CreateAccess">
    <skipped/>
  </testcase> <!-- CreateAccess -->
  <system-out/>
  <testcase classname="Test.Ancera.Administration.AccessManagement" name="VerifyUpdateRole">
    <skipped/>
  </testcase> <!-- VerifyUpdateRole -->
  <system-out/>
</testsuite> <!-- Test.Ancera.Administration.AccessManagement -->
