<?xml version="1.0" encoding="UTF-8"?>
<!-- Generated by org.testng.reporters.JUnitReportReporter -->
<testsuite hostname="DESKTOP-K0SFL7M" failures="0" tests="3" name="Test.Ancera.Login.TestLogin" time="34.047" errors="0" timestamp="2021-09-08T13:51:28 PKT" skipped="0">
  <testcase classname="Test.Ancera.Login.TestLogin" name="login" time="29.080"/>
  <system-out/>
  <testcase classname="Test.Ancera.Login.TestLogin" name="logout" time="2.597"/>
  <system-out/>
  <testcase classname="Test.Ancera.Login.TestLogin" name="VerifyLogout" time="2.370"/>
  <system-out/>
</testsuite> <!-- Test.Ancera.Login.TestLogin -->
