<?xml version="1.0" encoding="UTF-8"?>
<!-- Generated by org.testng.reporters.JUnitReportReporter -->
<testsuite hostname="DESKTOP-K0SFL7M" failures="0" tests="21" name="Test.Ancera.Administration.ReportsManagement" time="181.009" errors="10" timestamp="2022-06-14T12:03:28 PKT" skipped="0">
  <testcase classname="Test.Ancera.Administration.ReportsManagement" name="NavigateRM" time="4.706"/>
  <system-out/>
  <testcase classname="Test.Ancera.Administration.ReportsManagement" name="OpenPopup" time="2.603">
    <error message="element click intercepted: Element &lt;button class=&quot;anc-btn anc-btn-solid anc-btn-solid-2 mt-3 mr-3 ng-star-inserted&quot; id=&quot;create-report-role&quot;&gt;...&lt;/button&gt; is not clickable at point (133, 149). Other element would receive the click: &lt;label _ngcontent-bgq-c1=&quot;&quot; class=&quot;group-label ng-star-inserted&quot;&gt;...&lt;/label&gt;
  (Session info: chrome=102.0.5005.115)
Build info: version: &#039;4.1.2&#039;, revision: &#039;9a5a329c5a&#039;
System info: host: &#039;DESKTOP-K0SFL7M&#039;, ip: &#039;172.23.144.1&#039;, os.name: &#039;Windows 10&#039;, os.arch: &#039;amd64&#039;, os.version: &#039;10.0&#039;, java.version: &#039;15.0.2&#039;
Driver info: org.openqa.selenium.chrome.ChromeDriver
Command: [5ef5b7ea2a4892441eaac9c921db5f12, clickElement {id=8c4fc0ce-67a4-47dc-aead-4f8e63b83232}]
Capabilities {acceptInsecureCerts: false, browserName: chrome, browserVersion: 102.0.5005.115, chrome: {chromedriverVersion: 101.0.4951.41 (93c720db8323..., userDataDir: C:\Users\User\AppData\Local...}, goog:chromeOptions: {debuggerAddress: localhost:65055}, javascriptEnabled: true, networkConnectionEnabled: false, pageLoadStrategy: normal, platform: WINDOWS, platformName: WINDOWS, proxy: Proxy(), se:cdp: ws://localhost:65055/devtoo..., se:cdpVersion: 102.0.5005.115, setWindowRect: true, strictFileInteractability: false, timeouts: {implicit: 0, pageLoad: 300000, script: 30000}, unhandledPromptBehavior: dismiss and notify, webauthn:extension:credBlob: true, webauthn:extension:largeBlob: true, webauthn:virtualAuthenticators: true}
Element: [[ChromeDriver: chrome on WINDOWS (5ef5b7ea2a4892441eaac9c921db5f12)] -&gt; id: create-report-role]
Session ID: 5ef5b7ea2a4892441eaac9c921db5f12" type="org.openqa.selenium.ElementClickInterceptedException">
      <![CDATA[org.openqa.selenium.ElementClickInterceptedException: element click intercepted: Element <button class="anc-btn anc-btn-solid anc-btn-solid-2 mt-3 mr-3 ng-star-inserted" id="create-report-role">...</button> is not clickable at point (133, 149). Other element would receive the click: <label _ngcontent-bgq-c1="" class="group-label ng-star-inserted">...</label>
  (Session info: chrome=102.0.5005.115)
Build info: version: '4.1.2', revision: '9a5a329c5a'
System info: host: 'DESKTOP-K0SFL7M', ip: '172.23.144.1', os.name: 'Windows 10', os.arch: 'amd64', os.version: '10.0', java.version: '15.0.2'
Driver info: org.openqa.selenium.chrome.ChromeDriver
Command: [5ef5b7ea2a4892441eaac9c921db5f12, clickElement {id=8c4fc0ce-67a4-47dc-aead-4f8e63b83232}]
Capabilities {acceptInsecureCerts: false, browserName: chrome, browserVersion: 102.0.5005.115, chrome: {chromedriverVersion: 101.0.4951.41 (93c720db8323..., userDataDir: C:\Users\User\AppData\Local...}, goog:chromeOptions: {debuggerAddress: localhost:65055}, javascriptEnabled: true, networkConnectionEnabled: false, pageLoadStrategy: normal, platform: WINDOWS, platformName: WINDOWS, proxy: Proxy(), se:cdp: ws://localhost:65055/devtoo..., se:cdpVersion: 102.0.5005.115, setWindowRect: true, strictFileInteractability: false, timeouts: {implicit: 0, pageLoad: 300000, script: 30000}, unhandledPromptBehavior: dismiss and notify, webauthn:extension:credBlob: true, webauthn:extension:largeBlob: true, webauthn:virtualAuthenticators: true}
Element: [[ChromeDriver: chrome on WINDOWS (5ef5b7ea2a4892441eaac9c921db5f12)] -> id: create-report-role]
Session ID: 5ef5b7ea2a4892441eaac9c921db5f12
at java.base/jdk.internal.reflect.NativeConstructorAccessorImpl.newInstance0(Native Method)
at java.base/jdk.internal.reflect.NativeConstructorAccessorImpl.newInstance(NativeConstructorAccessorImpl.java:64)
at java.base/jdk.internal.reflect.DelegatingConstructorAccessorImpl.newInstance(DelegatingConstructorAccessorImpl.java:45)
at java.base/java.lang.reflect.Constructor.newInstanceWithCaller(Constructor.java:500)
at java.base/java.lang.reflect.Constructor.newInstance(Constructor.java:481)
at org.openqa.selenium.remote.codec.w3c.W3CHttpResponseCodec.createException(W3CHttpResponseCodec.java:200)
at org.openqa.selenium.remote.codec.w3c.W3CHttpResponseCodec.decode(W3CHttpResponseCodec.java:133)
at org.openqa.selenium.remote.codec.w3c.W3CHttpResponseCodec.decode(W3CHttpResponseCodec.java:53)
at org.openqa.selenium.remote.HttpCommandExecutor.execute(HttpCommandExecutor.java:184)
at org.openqa.selenium.remote.service.DriverCommandExecutor.invokeExecute(DriverCommandExecutor.java:167)
at org.openqa.selenium.remote.service.DriverCommandExecutor.execute(DriverCommandExecutor.java:142)
at org.openqa.selenium.remote.RemoteWebDriver.execute(RemoteWebDriver.java:558)
at org.openqa.selenium.remote.RemoteWebElement.execute(RemoteWebElement.java:251)
at org.openqa.selenium.remote.RemoteWebElement.click(RemoteWebElement.java:77)
at Test.Ancera.Administration.ReportsManagement.OpenPopup(ReportsManagement.java:91)
at java.base/jdk.internal.reflect.NativeMethodAccessorImpl.invoke0(Native Method)
at java.base/jdk.internal.reflect.NativeMethodAccessorImpl.invoke(NativeMethodAccessorImpl.java:64)
at java.base/jdk.internal.reflect.DelegatingMethodAccessorImpl.invoke(DelegatingMethodAccessorImpl.java:43)
at java.base/java.lang.reflect.Method.invoke(Method.java:564)
at org.testng.internal.MethodInvocationHelper.invokeMethod(MethodInvocationHelper.java:132)
at org.testng.internal.TestInvoker.invokeMethod(TestInvoker.java:599)
at org.testng.internal.TestInvoker.invokeTestMethod(TestInvoker.java:174)
at org.testng.internal.MethodRunner.runInSequence(MethodRunner.java:46)
at org.testng.internal.TestInvoker$MethodInvocationAgent.invoke(TestInvoker.java:822)
at org.testng.internal.TestInvoker.invokeTestMethods(TestInvoker.java:147)
at org.testng.internal.TestMethodWorker.invokeTestMethods(TestMethodWorker.java:146)
at org.testng.internal.TestMethodWorker.run(TestMethodWorker.java:128)
at java.base/java.util.ArrayList.forEach(ArrayList.java:1511)
at org.testng.TestRunner.privateRun(TestRunner.java:764)
at org.testng.TestRunner.run(TestRunner.java:585)
at org.testng.SuiteRunner.runTest(SuiteRunner.java:384)
at org.testng.SuiteRunner.runSequentially(SuiteRunner.java:378)
at org.testng.SuiteRunner.privateRun(SuiteRunner.java:337)
at org.testng.SuiteRunner.run(SuiteRunner.java:286)
at org.testng.SuiteRunnerWorker.runSuite(SuiteRunnerWorker.java:53)
at org.testng.SuiteRunnerWorker.run(SuiteRunnerWorker.java:96)
at org.testng.TestNG.runSuitesSequentially(TestNG.java:1218)
at org.testng.TestNG.runSuitesLocally(TestNG.java:1140)
at org.testng.TestNG.runSuites(TestNG.java:1069)
at org.testng.TestNG.run(TestNG.java:1037)
at org.testng.remote.AbstractRemoteTestNG.run(AbstractRemoteTestNG.java:115)
at org.testng.remote.RemoteTestNG.initAndRun(RemoteTestNG.java:251)
at org.testng.remote.RemoteTestNG.main(RemoteTestNG.java:77)
]]>
    </error>
  </testcase> <!-- OpenPopup -->
  <system-out/>
  <testcase classname="Test.Ancera.Administration.ReportsManagement" name="ResetFieldCheck" time="0.271">
    <error message="no such element: Unable to locate element: {&quot;method&quot;:&quot;css selector&quot;,&quot;selector&quot;:&quot;#nameId&quot;}
  (Session info: chrome=102.0.5005.115)
For documentation on this error, please visit: https://selenium.dev/exceptions/#no_such_element
Build info: version: &#039;4.1.2&#039;, revision: &#039;9a5a329c5a&#039;
System info: host: &#039;DESKTOP-K0SFL7M&#039;, ip: &#039;172.23.144.1&#039;, os.name: &#039;Windows 10&#039;, os.arch: &#039;amd64&#039;, os.version: &#039;10.0&#039;, java.version: &#039;15.0.2&#039;
Driver info: org.openqa.selenium.chrome.ChromeDriver
Command: [5ef5b7ea2a4892441eaac9c921db5f12, findElement {using=id, value=nameId}]
Capabilities {acceptInsecureCerts: false, browserName: chrome, browserVersion: 102.0.5005.115, chrome: {chromedriverVersion: 101.0.4951.41 (93c720db8323..., userDataDir: C:\Users\User\AppData\Local...}, goog:chromeOptions: {debuggerAddress: localhost:65055}, javascriptEnabled: true, networkConnectionEnabled: false, pageLoadStrategy: normal, platform: WINDOWS, platformName: WINDOWS, proxy: Proxy(), se:cdp: ws://localhost:65055/devtoo..., se:cdpVersion: 102.0.5005.115, setWindowRect: true, strictFileInteractability: false, timeouts: {implicit: 0, pageLoad: 300000, script: 30000}, unhandledPromptBehavior: dismiss and notify, webauthn:extension:credBlob: true, webauthn:extension:largeBlob: true, webauthn:virtualAuthenticators: true}
Session ID: 5ef5b7ea2a4892441eaac9c921db5f12" type="org.openqa.selenium.NoSuchElementException">
      <![CDATA[org.openqa.selenium.NoSuchElementException: no such element: Unable to locate element: {"method":"css selector","selector":"#nameId"}
  (Session info: chrome=102.0.5005.115)
For documentation on this error, please visit: https://selenium.dev/exceptions/#no_such_element
Build info: version: '4.1.2', revision: '9a5a329c5a'
System info: host: 'DESKTOP-K0SFL7M', ip: '172.23.144.1', os.name: 'Windows 10', os.arch: 'amd64', os.version: '10.0', java.version: '15.0.2'
Driver info: org.openqa.selenium.chrome.ChromeDriver
Command: [5ef5b7ea2a4892441eaac9c921db5f12, findElement {using=id, value=nameId}]
Capabilities {acceptInsecureCerts: false, browserName: chrome, browserVersion: 102.0.5005.115, chrome: {chromedriverVersion: 101.0.4951.41 (93c720db8323..., userDataDir: C:\Users\User\AppData\Local...}, goog:chromeOptions: {debuggerAddress: localhost:65055}, javascriptEnabled: true, networkConnectionEnabled: false, pageLoadStrategy: normal, platform: WINDOWS, platformName: WINDOWS, proxy: Proxy(), se:cdp: ws://localhost:65055/devtoo..., se:cdpVersion: 102.0.5005.115, setWindowRect: true, strictFileInteractability: false, timeouts: {implicit: 0, pageLoad: 300000, script: 30000}, unhandledPromptBehavior: dismiss and notify, webauthn:extension:credBlob: true, webauthn:extension:largeBlob: true, webauthn:virtualAuthenticators: true}
Session ID: 5ef5b7ea2a4892441eaac9c921db5f12
at java.base/jdk.internal.reflect.NativeConstructorAccessorImpl.newInstance0(Native Method)
at java.base/jdk.internal.reflect.NativeConstructorAccessorImpl.newInstance(NativeConstructorAccessorImpl.java:64)
at java.base/jdk.internal.reflect.DelegatingConstructorAccessorImpl.newInstance(DelegatingConstructorAccessorImpl.java:45)
at java.base/java.lang.reflect.Constructor.newInstanceWithCaller(Constructor.java:500)
at java.base/java.lang.reflect.Constructor.newInstance(Constructor.java:481)
at org.openqa.selenium.remote.codec.w3c.W3CHttpResponseCodec.createException(W3CHttpResponseCodec.java:200)
at org.openqa.selenium.remote.codec.w3c.W3CHttpResponseCodec.decode(W3CHttpResponseCodec.java:133)
at org.openqa.selenium.remote.codec.w3c.W3CHttpResponseCodec.decode(W3CHttpResponseCodec.java:53)
at org.openqa.selenium.remote.HttpCommandExecutor.execute(HttpCommandExecutor.java:184)
at org.openqa.selenium.remote.service.DriverCommandExecutor.invokeExecute(DriverCommandExecutor.java:167)
at org.openqa.selenium.remote.service.DriverCommandExecutor.execute(DriverCommandExecutor.java:142)
at org.openqa.selenium.remote.RemoteWebDriver.execute(RemoteWebDriver.java:558)
at org.openqa.selenium.remote.ElementLocation$ElementFinder$2.findElement(ElementLocation.java:162)
at org.openqa.selenium.remote.ElementLocation.findElement(ElementLocation.java:60)
at org.openqa.selenium.remote.RemoteWebDriver.findElement(RemoteWebDriver.java:382)
at org.openqa.selenium.remote.RemoteWebDriver.findElement(RemoteWebDriver.java:374)
at Test.Ancera.Administration.ReportsManagement.ResetFieldCheck(ReportsManagement.java:129)
at java.base/jdk.internal.reflect.NativeMethodAccessorImpl.invoke0(Native Method)
at java.base/jdk.internal.reflect.NativeMethodAccessorImpl.invoke(NativeMethodAccessorImpl.java:64)
at java.base/jdk.internal.reflect.DelegatingMethodAccessorImpl.invoke(DelegatingMethodAccessorImpl.java:43)
at java.base/java.lang.reflect.Method.invoke(Method.java:564)
at org.testng.internal.MethodInvocationHelper.invokeMethod(MethodInvocationHelper.java:132)
at org.testng.internal.TestInvoker.invokeMethod(TestInvoker.java:599)
at org.testng.internal.TestInvoker.invokeTestMethod(TestInvoker.java:174)
at org.testng.internal.MethodRunner.runInSequence(MethodRunner.java:46)
at org.testng.internal.TestInvoker$MethodInvocationAgent.invoke(TestInvoker.java:822)
at org.testng.internal.TestInvoker.invokeTestMethods(TestInvoker.java:147)
at org.testng.internal.TestMethodWorker.invokeTestMethods(TestMethodWorker.java:146)
at org.testng.internal.TestMethodWorker.run(TestMethodWorker.java:128)
at java.base/java.util.ArrayList.forEach(ArrayList.java:1511)
at org.testng.TestRunner.privateRun(TestRunner.java:764)
at org.testng.TestRunner.run(TestRunner.java:585)
at org.testng.SuiteRunner.runTest(SuiteRunner.java:384)
at org.testng.SuiteRunner.runSequentially(SuiteRunner.java:378)
at org.testng.SuiteRunner.privateRun(SuiteRunner.java:337)
at org.testng.SuiteRunner.run(SuiteRunner.java:286)
at org.testng.SuiteRunnerWorker.runSuite(SuiteRunnerWorker.java:53)
at org.testng.SuiteRunnerWorker.run(SuiteRunnerWorker.java:96)
at org.testng.TestNG.runSuitesSequentially(TestNG.java:1218)
at org.testng.TestNG.runSuitesLocally(TestNG.java:1140)
at org.testng.TestNG.runSuites(TestNG.java:1069)
at org.testng.TestNG.run(TestNG.java:1037)
at org.testng.remote.AbstractRemoteTestNG.run(AbstractRemoteTestNG.java:115)
at org.testng.remote.RemoteTestNG.initAndRun(RemoteTestNG.java:251)
at org.testng.remote.RemoteTestNG.main(RemoteTestNG.java:77)
]]>
    </error>
  </testcase> <!-- ResetFieldCheck -->
  <system-out/>
  <testcase classname="Test.Ancera.Administration.ReportsManagement" name="MandatoryFieldCheck" time="0.362">
    <error message="no such element: Unable to locate element: {&quot;method&quot;:&quot;css selector&quot;,&quot;selector&quot;:&quot;#nameId&quot;}
  (Session info: chrome=102.0.5005.115)
For documentation on this error, please visit: https://selenium.dev/exceptions/#no_such_element
Build info: version: &#039;4.1.2&#039;, revision: &#039;9a5a329c5a&#039;
System info: host: &#039;DESKTOP-K0SFL7M&#039;, ip: &#039;172.23.144.1&#039;, os.name: &#039;Windows 10&#039;, os.arch: &#039;amd64&#039;, os.version: &#039;10.0&#039;, java.version: &#039;15.0.2&#039;
Driver info: org.openqa.selenium.chrome.ChromeDriver
Command: [5ef5b7ea2a4892441eaac9c921db5f12, findElement {using=id, value=nameId}]
Capabilities {acceptInsecureCerts: false, browserName: chrome, browserVersion: 102.0.5005.115, chrome: {chromedriverVersion: 101.0.4951.41 (93c720db8323..., userDataDir: C:\Users\User\AppData\Local...}, goog:chromeOptions: {debuggerAddress: localhost:65055}, javascriptEnabled: true, networkConnectionEnabled: false, pageLoadStrategy: normal, platform: WINDOWS, platformName: WINDOWS, proxy: Proxy(), se:cdp: ws://localhost:65055/devtoo..., se:cdpVersion: 102.0.5005.115, setWindowRect: true, strictFileInteractability: false, timeouts: {implicit: 0, pageLoad: 300000, script: 30000}, unhandledPromptBehavior: dismiss and notify, webauthn:extension:credBlob: true, webauthn:extension:largeBlob: true, webauthn:virtualAuthenticators: true}
Session ID: 5ef5b7ea2a4892441eaac9c921db5f12" type="org.openqa.selenium.NoSuchElementException">
      <![CDATA[org.openqa.selenium.NoSuchElementException: no such element: Unable to locate element: {"method":"css selector","selector":"#nameId"}
  (Session info: chrome=102.0.5005.115)
For documentation on this error, please visit: https://selenium.dev/exceptions/#no_such_element
Build info: version: '4.1.2', revision: '9a5a329c5a'
System info: host: 'DESKTOP-K0SFL7M', ip: '172.23.144.1', os.name: 'Windows 10', os.arch: 'amd64', os.version: '10.0', java.version: '15.0.2'
Driver info: org.openqa.selenium.chrome.ChromeDriver
Command: [5ef5b7ea2a4892441eaac9c921db5f12, findElement {using=id, value=nameId}]
Capabilities {acceptInsecureCerts: false, browserName: chrome, browserVersion: 102.0.5005.115, chrome: {chromedriverVersion: 101.0.4951.41 (93c720db8323..., userDataDir: C:\Users\User\AppData\Local...}, goog:chromeOptions: {debuggerAddress: localhost:65055}, javascriptEnabled: true, networkConnectionEnabled: false, pageLoadStrategy: normal, platform: WINDOWS, platformName: WINDOWS, proxy: Proxy(), se:cdp: ws://localhost:65055/devtoo..., se:cdpVersion: 102.0.5005.115, setWindowRect: true, strictFileInteractability: false, timeouts: {implicit: 0, pageLoad: 300000, script: 30000}, unhandledPromptBehavior: dismiss and notify, webauthn:extension:credBlob: true, webauthn:extension:largeBlob: true, webauthn:virtualAuthenticators: true}
Session ID: 5ef5b7ea2a4892441eaac9c921db5f12
at java.base/jdk.internal.reflect.NativeConstructorAccessorImpl.newInstance0(Native Method)
at java.base/jdk.internal.reflect.NativeConstructorAccessorImpl.newInstance(NativeConstructorAccessorImpl.java:64)
at java.base/jdk.internal.reflect.DelegatingConstructorAccessorImpl.newInstance(DelegatingConstructorAccessorImpl.java:45)
at java.base/java.lang.reflect.Constructor.newInstanceWithCaller(Constructor.java:500)
at java.base/java.lang.reflect.Constructor.newInstance(Constructor.java:481)
at org.openqa.selenium.remote.codec.w3c.W3CHttpResponseCodec.createException(W3CHttpResponseCodec.java:200)
at org.openqa.selenium.remote.codec.w3c.W3CHttpResponseCodec.decode(W3CHttpResponseCodec.java:133)
at org.openqa.selenium.remote.codec.w3c.W3CHttpResponseCodec.decode(W3CHttpResponseCodec.java:53)
at org.openqa.selenium.remote.HttpCommandExecutor.execute(HttpCommandExecutor.java:184)
at org.openqa.selenium.remote.service.DriverCommandExecutor.invokeExecute(DriverCommandExecutor.java:167)
at org.openqa.selenium.remote.service.DriverCommandExecutor.execute(DriverCommandExecutor.java:142)
at org.openqa.selenium.remote.RemoteWebDriver.execute(RemoteWebDriver.java:558)
at org.openqa.selenium.remote.ElementLocation$ElementFinder$2.findElement(ElementLocation.java:162)
at org.openqa.selenium.remote.ElementLocation.findElement(ElementLocation.java:60)
at org.openqa.selenium.remote.RemoteWebDriver.findElement(RemoteWebDriver.java:382)
at org.openqa.selenium.remote.RemoteWebDriver.findElement(RemoteWebDriver.java:374)
at Test.Ancera.Administration.ReportsManagement.MandatoryFieldCheck(ReportsManagement.java:173)
at java.base/jdk.internal.reflect.NativeMethodAccessorImpl.invoke0(Native Method)
at java.base/jdk.internal.reflect.NativeMethodAccessorImpl.invoke(NativeMethodAccessorImpl.java:64)
at java.base/jdk.internal.reflect.DelegatingMethodAccessorImpl.invoke(DelegatingMethodAccessorImpl.java:43)
at java.base/java.lang.reflect.Method.invoke(Method.java:564)
at org.testng.internal.MethodInvocationHelper.invokeMethod(MethodInvocationHelper.java:132)
at org.testng.internal.TestInvoker.invokeMethod(TestInvoker.java:599)
at org.testng.internal.TestInvoker.invokeTestMethod(TestInvoker.java:174)
at org.testng.internal.MethodRunner.runInSequence(MethodRunner.java:46)
at org.testng.internal.TestInvoker$MethodInvocationAgent.invoke(TestInvoker.java:822)
at org.testng.internal.TestInvoker.invokeTestMethods(TestInvoker.java:147)
at org.testng.internal.TestMethodWorker.invokeTestMethods(TestMethodWorker.java:146)
at org.testng.internal.TestMethodWorker.run(TestMethodWorker.java:128)
at java.base/java.util.ArrayList.forEach(ArrayList.java:1511)
at org.testng.TestRunner.privateRun(TestRunner.java:764)
at org.testng.TestRunner.run(TestRunner.java:585)
at org.testng.SuiteRunner.runTest(SuiteRunner.java:384)
at org.testng.SuiteRunner.runSequentially(SuiteRunner.java:378)
at org.testng.SuiteRunner.privateRun(SuiteRunner.java:337)
at org.testng.SuiteRunner.run(SuiteRunner.java:286)
at org.testng.SuiteRunnerWorker.runSuite(SuiteRunnerWorker.java:53)
at org.testng.SuiteRunnerWorker.run(SuiteRunnerWorker.java:96)
at org.testng.TestNG.runSuitesSequentially(TestNG.java:1218)
at org.testng.TestNG.runSuitesLocally(TestNG.java:1140)
at org.testng.TestNG.runSuites(TestNG.java:1069)
at org.testng.TestNG.run(TestNG.java:1037)
at org.testng.remote.AbstractRemoteTestNG.run(AbstractRemoteTestNG.java:115)
at org.testng.remote.RemoteTestNG.initAndRun(RemoteTestNG.java:251)
at org.testng.remote.RemoteTestNG.main(RemoteTestNG.java:77)
]]>
    </error>
  </testcase> <!-- MandatoryFieldCheck -->
  <system-out/>
  <testcase classname="Test.Ancera.Administration.ReportsManagement" name="CreateRole" time="0.403">
    <error message="no such element: Unable to locate element: {&quot;method&quot;:&quot;css selector&quot;,&quot;selector&quot;:&quot;#nameId&quot;}
  (Session info: chrome=102.0.5005.115)
For documentation on this error, please visit: https://selenium.dev/exceptions/#no_such_element
Build info: version: &#039;4.1.2&#039;, revision: &#039;9a5a329c5a&#039;
System info: host: &#039;DESKTOP-K0SFL7M&#039;, ip: &#039;172.23.144.1&#039;, os.name: &#039;Windows 10&#039;, os.arch: &#039;amd64&#039;, os.version: &#039;10.0&#039;, java.version: &#039;15.0.2&#039;
Driver info: org.openqa.selenium.chrome.ChromeDriver
Command: [5ef5b7ea2a4892441eaac9c921db5f12, findElement {using=id, value=nameId}]
Capabilities {acceptInsecureCerts: false, browserName: chrome, browserVersion: 102.0.5005.115, chrome: {chromedriverVersion: 101.0.4951.41 (93c720db8323..., userDataDir: C:\Users\User\AppData\Local...}, goog:chromeOptions: {debuggerAddress: localhost:65055}, javascriptEnabled: true, networkConnectionEnabled: false, pageLoadStrategy: normal, platform: WINDOWS, platformName: WINDOWS, proxy: Proxy(), se:cdp: ws://localhost:65055/devtoo..., se:cdpVersion: 102.0.5005.115, setWindowRect: true, strictFileInteractability: false, timeouts: {implicit: 0, pageLoad: 300000, script: 30000}, unhandledPromptBehavior: dismiss and notify, webauthn:extension:credBlob: true, webauthn:extension:largeBlob: true, webauthn:virtualAuthenticators: true}
Session ID: 5ef5b7ea2a4892441eaac9c921db5f12" type="org.openqa.selenium.NoSuchElementException">
      <![CDATA[org.openqa.selenium.NoSuchElementException: no such element: Unable to locate element: {"method":"css selector","selector":"#nameId"}
  (Session info: chrome=102.0.5005.115)
For documentation on this error, please visit: https://selenium.dev/exceptions/#no_such_element
Build info: version: '4.1.2', revision: '9a5a329c5a'
System info: host: 'DESKTOP-K0SFL7M', ip: '172.23.144.1', os.name: 'Windows 10', os.arch: 'amd64', os.version: '10.0', java.version: '15.0.2'
Driver info: org.openqa.selenium.chrome.ChromeDriver
Command: [5ef5b7ea2a4892441eaac9c921db5f12, findElement {using=id, value=nameId}]
Capabilities {acceptInsecureCerts: false, browserName: chrome, browserVersion: 102.0.5005.115, chrome: {chromedriverVersion: 101.0.4951.41 (93c720db8323..., userDataDir: C:\Users\User\AppData\Local...}, goog:chromeOptions: {debuggerAddress: localhost:65055}, javascriptEnabled: true, networkConnectionEnabled: false, pageLoadStrategy: normal, platform: WINDOWS, platformName: WINDOWS, proxy: Proxy(), se:cdp: ws://localhost:65055/devtoo..., se:cdpVersion: 102.0.5005.115, setWindowRect: true, strictFileInteractability: false, timeouts: {implicit: 0, pageLoad: 300000, script: 30000}, unhandledPromptBehavior: dismiss and notify, webauthn:extension:credBlob: true, webauthn:extension:largeBlob: true, webauthn:virtualAuthenticators: true}
Session ID: 5ef5b7ea2a4892441eaac9c921db5f12
at java.base/jdk.internal.reflect.NativeConstructorAccessorImpl.newInstance0(Native Method)
at java.base/jdk.internal.reflect.NativeConstructorAccessorImpl.newInstance(NativeConstructorAccessorImpl.java:64)
at java.base/jdk.internal.reflect.DelegatingConstructorAccessorImpl.newInstance(DelegatingConstructorAccessorImpl.java:45)
at java.base/java.lang.reflect.Constructor.newInstanceWithCaller(Constructor.java:500)
at java.base/java.lang.reflect.Constructor.newInstance(Constructor.java:481)
at org.openqa.selenium.remote.codec.w3c.W3CHttpResponseCodec.createException(W3CHttpResponseCodec.java:200)
at org.openqa.selenium.remote.codec.w3c.W3CHttpResponseCodec.decode(W3CHttpResponseCodec.java:133)
at org.openqa.selenium.remote.codec.w3c.W3CHttpResponseCodec.decode(W3CHttpResponseCodec.java:53)
at org.openqa.selenium.remote.HttpCommandExecutor.execute(HttpCommandExecutor.java:184)
at org.openqa.selenium.remote.service.DriverCommandExecutor.invokeExecute(DriverCommandExecutor.java:167)
at org.openqa.selenium.remote.service.DriverCommandExecutor.execute(DriverCommandExecutor.java:142)
at org.openqa.selenium.remote.RemoteWebDriver.execute(RemoteWebDriver.java:558)
at org.openqa.selenium.remote.ElementLocation$ElementFinder$2.findElement(ElementLocation.java:162)
at org.openqa.selenium.remote.ElementLocation.findElement(ElementLocation.java:60)
at org.openqa.selenium.remote.RemoteWebDriver.findElement(RemoteWebDriver.java:382)
at org.openqa.selenium.remote.RemoteWebDriver.findElement(RemoteWebDriver.java:374)
at Test.Ancera.Administration.ReportsManagement.CreateRole(ReportsManagement.java:212)
at java.base/jdk.internal.reflect.NativeMethodAccessorImpl.invoke0(Native Method)
at java.base/jdk.internal.reflect.NativeMethodAccessorImpl.invoke(NativeMethodAccessorImpl.java:64)
at java.base/jdk.internal.reflect.DelegatingMethodAccessorImpl.invoke(DelegatingMethodAccessorImpl.java:43)
at java.base/java.lang.reflect.Method.invoke(Method.java:564)
at org.testng.internal.MethodInvocationHelper.invokeMethod(MethodInvocationHelper.java:132)
at org.testng.internal.TestInvoker.invokeMethod(TestInvoker.java:599)
at org.testng.internal.TestInvoker.invokeTestMethod(TestInvoker.java:174)
at org.testng.internal.MethodRunner.runInSequence(MethodRunner.java:46)
at org.testng.internal.TestInvoker$MethodInvocationAgent.invoke(TestInvoker.java:822)
at org.testng.internal.TestInvoker.invokeTestMethods(TestInvoker.java:147)
at org.testng.internal.TestMethodWorker.invokeTestMethods(TestMethodWorker.java:146)
at org.testng.internal.TestMethodWorker.run(TestMethodWorker.java:128)
at java.base/java.util.ArrayList.forEach(ArrayList.java:1511)
at org.testng.TestRunner.privateRun(TestRunner.java:764)
at org.testng.TestRunner.run(TestRunner.java:585)
at org.testng.SuiteRunner.runTest(SuiteRunner.java:384)
at org.testng.SuiteRunner.runSequentially(SuiteRunner.java:378)
at org.testng.SuiteRunner.privateRun(SuiteRunner.java:337)
at org.testng.SuiteRunner.run(SuiteRunner.java:286)
at org.testng.SuiteRunnerWorker.runSuite(SuiteRunnerWorker.java:53)
at org.testng.SuiteRunnerWorker.run(SuiteRunnerWorker.java:96)
at org.testng.TestNG.runSuitesSequentially(TestNG.java:1218)
at org.testng.TestNG.runSuitesLocally(TestNG.java:1140)
at org.testng.TestNG.runSuites(TestNG.java:1069)
at org.testng.TestNG.run(TestNG.java:1037)
at org.testng.remote.AbstractRemoteTestNG.run(AbstractRemoteTestNG.java:115)
at org.testng.remote.RemoteTestNG.initAndRun(RemoteTestNG.java:251)
at org.testng.remote.RemoteTestNG.main(RemoteTestNG.java:77)
]]>
    </error>
  </testcase> <!-- CreateRole -->
  <system-out/>
  <testcase classname="Test.Ancera.Administration.ReportsManagement" name="UpdateRole" time="1.061">
    <error message="no such element: Unable to locate element: {&quot;method&quot;:&quot;xpath&quot;,&quot;selector&quot;:&quot;/html/body/app-root/app-notification-component/ngb-alert/button/span&quot;}
  (Session info: chrome=102.0.5005.115)
For documentation on this error, please visit: https://selenium.dev/exceptions/#no_such_element
Build info: version: &#039;4.1.2&#039;, revision: &#039;9a5a329c5a&#039;
System info: host: &#039;DESKTOP-K0SFL7M&#039;, ip: &#039;172.23.144.1&#039;, os.name: &#039;Windows 10&#039;, os.arch: &#039;amd64&#039;, os.version: &#039;10.0&#039;, java.version: &#039;15.0.2&#039;
Driver info: org.openqa.selenium.chrome.ChromeDriver
Command: [5ef5b7ea2a4892441eaac9c921db5f12, findElement {using=xpath, value=/html/body/app-root/app-notification-component/ngb-alert/button/span}]
Capabilities {acceptInsecureCerts: false, browserName: chrome, browserVersion: 102.0.5005.115, chrome: {chromedriverVersion: 101.0.4951.41 (93c720db8323..., userDataDir: C:\Users\User\AppData\Local...}, goog:chromeOptions: {debuggerAddress: localhost:65055}, javascriptEnabled: true, networkConnectionEnabled: false, pageLoadStrategy: normal, platform: WINDOWS, platformName: WINDOWS, proxy: Proxy(), se:cdp: ws://localhost:65055/devtoo..., se:cdpVersion: 102.0.5005.115, setWindowRect: true, strictFileInteractability: false, timeouts: {implicit: 0, pageLoad: 300000, script: 30000}, unhandledPromptBehavior: dismiss and notify, webauthn:extension:credBlob: true, webauthn:extension:largeBlob: true, webauthn:virtualAuthenticators: true}
Session ID: 5ef5b7ea2a4892441eaac9c921db5f12" type="org.openqa.selenium.NoSuchElementException">
      <![CDATA[org.openqa.selenium.NoSuchElementException: no such element: Unable to locate element: {"method":"xpath","selector":"/html/body/app-root/app-notification-component/ngb-alert/button/span"}
  (Session info: chrome=102.0.5005.115)
For documentation on this error, please visit: https://selenium.dev/exceptions/#no_such_element
Build info: version: '4.1.2', revision: '9a5a329c5a'
System info: host: 'DESKTOP-K0SFL7M', ip: '172.23.144.1', os.name: 'Windows 10', os.arch: 'amd64', os.version: '10.0', java.version: '15.0.2'
Driver info: org.openqa.selenium.chrome.ChromeDriver
Command: [5ef5b7ea2a4892441eaac9c921db5f12, findElement {using=xpath, value=/html/body/app-root/app-notification-component/ngb-alert/button/span}]
Capabilities {acceptInsecureCerts: false, browserName: chrome, browserVersion: 102.0.5005.115, chrome: {chromedriverVersion: 101.0.4951.41 (93c720db8323..., userDataDir: C:\Users\User\AppData\Local...}, goog:chromeOptions: {debuggerAddress: localhost:65055}, javascriptEnabled: true, networkConnectionEnabled: false, pageLoadStrategy: normal, platform: WINDOWS, platformName: WINDOWS, proxy: Proxy(), se:cdp: ws://localhost:65055/devtoo..., se:cdpVersion: 102.0.5005.115, setWindowRect: true, strictFileInteractability: false, timeouts: {implicit: 0, pageLoad: 300000, script: 30000}, unhandledPromptBehavior: dismiss and notify, webauthn:extension:credBlob: true, webauthn:extension:largeBlob: true, webauthn:virtualAuthenticators: true}
Session ID: 5ef5b7ea2a4892441eaac9c921db5f12
at java.base/jdk.internal.reflect.NativeConstructorAccessorImpl.newInstance0(Native Method)
at java.base/jdk.internal.reflect.NativeConstructorAccessorImpl.newInstance(NativeConstructorAccessorImpl.java:64)
at java.base/jdk.internal.reflect.DelegatingConstructorAccessorImpl.newInstance(DelegatingConstructorAccessorImpl.java:45)
at java.base/java.lang.reflect.Constructor.newInstanceWithCaller(Constructor.java:500)
at java.base/java.lang.reflect.Constructor.newInstance(Constructor.java:481)
at org.openqa.selenium.remote.codec.w3c.W3CHttpResponseCodec.createException(W3CHttpResponseCodec.java:200)
at org.openqa.selenium.remote.codec.w3c.W3CHttpResponseCodec.decode(W3CHttpResponseCodec.java:133)
at org.openqa.selenium.remote.codec.w3c.W3CHttpResponseCodec.decode(W3CHttpResponseCodec.java:53)
at org.openqa.selenium.remote.HttpCommandExecutor.execute(HttpCommandExecutor.java:184)
at org.openqa.selenium.remote.service.DriverCommandExecutor.invokeExecute(DriverCommandExecutor.java:167)
at org.openqa.selenium.remote.service.DriverCommandExecutor.execute(DriverCommandExecutor.java:142)
at org.openqa.selenium.remote.RemoteWebDriver.execute(RemoteWebDriver.java:558)
at org.openqa.selenium.remote.ElementLocation$ElementFinder$2.findElement(ElementLocation.java:162)
at org.openqa.selenium.remote.ElementLocation.findElement(ElementLocation.java:60)
at org.openqa.selenium.remote.RemoteWebDriver.findElement(RemoteWebDriver.java:382)
at org.openqa.selenium.remote.RemoteWebDriver.findElement(RemoteWebDriver.java:374)
at Test.Ancera.Administration.ReportsManagement.UpdateRole(ReportsManagement.java:285)
at java.base/jdk.internal.reflect.NativeMethodAccessorImpl.invoke0(Native Method)
at java.base/jdk.internal.reflect.NativeMethodAccessorImpl.invoke(NativeMethodAccessorImpl.java:64)
at java.base/jdk.internal.reflect.DelegatingMethodAccessorImpl.invoke(DelegatingMethodAccessorImpl.java:43)
at java.base/java.lang.reflect.Method.invoke(Method.java:564)
at org.testng.internal.MethodInvocationHelper.invokeMethod(MethodInvocationHelper.java:132)
at org.testng.internal.TestInvoker.invokeMethod(TestInvoker.java:599)
at org.testng.internal.TestInvoker.invokeTestMethod(TestInvoker.java:174)
at org.testng.internal.MethodRunner.runInSequence(MethodRunner.java:46)
at org.testng.internal.TestInvoker$MethodInvocationAgent.invoke(TestInvoker.java:822)
at org.testng.internal.TestInvoker.invokeTestMethods(TestInvoker.java:147)
at org.testng.internal.TestMethodWorker.invokeTestMethods(TestMethodWorker.java:146)
at org.testng.internal.TestMethodWorker.run(TestMethodWorker.java:128)
at java.base/java.util.ArrayList.forEach(ArrayList.java:1511)
at org.testng.TestRunner.privateRun(TestRunner.java:764)
at org.testng.TestRunner.run(TestRunner.java:585)
at org.testng.SuiteRunner.runTest(SuiteRunner.java:384)
at org.testng.SuiteRunner.runSequentially(SuiteRunner.java:378)
at org.testng.SuiteRunner.privateRun(SuiteRunner.java:337)
at org.testng.SuiteRunner.run(SuiteRunner.java:286)
at org.testng.SuiteRunnerWorker.runSuite(SuiteRunnerWorker.java:53)
at org.testng.SuiteRunnerWorker.run(SuiteRunnerWorker.java:96)
at org.testng.TestNG.runSuitesSequentially(TestNG.java:1218)
at org.testng.TestNG.runSuitesLocally(TestNG.java:1140)
at org.testng.TestNG.runSuites(TestNG.java:1069)
at org.testng.TestNG.run(TestNG.java:1037)
at org.testng.remote.AbstractRemoteTestNG.run(AbstractRemoteTestNG.java:115)
at org.testng.remote.RemoteTestNG.initAndRun(RemoteTestNG.java:251)
at org.testng.remote.RemoteTestNG.main(RemoteTestNG.java:77)
]]>
    </error>
  </testcase> <!-- UpdateRole -->
  <system-out/>
  <testcase classname="Test.Ancera.Administration.ReportsManagement" name="VerifyUpdateRole" time="0.713">
    <error message="no such element: Unable to locate element: {&quot;method&quot;:&quot;css selector&quot;,&quot;selector&quot;:&quot;#DescId&quot;}
  (Session info: chrome=102.0.5005.115)
For documentation on this error, please visit: https://selenium.dev/exceptions/#no_such_element
Build info: version: &#039;4.1.2&#039;, revision: &#039;9a5a329c5a&#039;
System info: host: &#039;DESKTOP-K0SFL7M&#039;, ip: &#039;172.23.144.1&#039;, os.name: &#039;Windows 10&#039;, os.arch: &#039;amd64&#039;, os.version: &#039;10.0&#039;, java.version: &#039;15.0.2&#039;
Driver info: org.openqa.selenium.chrome.ChromeDriver
Command: [5ef5b7ea2a4892441eaac9c921db5f12, findElement {using=id, value=DescId}]
Capabilities {acceptInsecureCerts: false, browserName: chrome, browserVersion: 102.0.5005.115, chrome: {chromedriverVersion: 101.0.4951.41 (93c720db8323..., userDataDir: C:\Users\User\AppData\Local...}, goog:chromeOptions: {debuggerAddress: localhost:65055}, javascriptEnabled: true, networkConnectionEnabled: false, pageLoadStrategy: normal, platform: WINDOWS, platformName: WINDOWS, proxy: Proxy(), se:cdp: ws://localhost:65055/devtoo..., se:cdpVersion: 102.0.5005.115, setWindowRect: true, strictFileInteractability: false, timeouts: {implicit: 0, pageLoad: 300000, script: 30000}, unhandledPromptBehavior: dismiss and notify, webauthn:extension:credBlob: true, webauthn:extension:largeBlob: true, webauthn:virtualAuthenticators: true}
Session ID: 5ef5b7ea2a4892441eaac9c921db5f12" type="org.openqa.selenium.NoSuchElementException">
      <![CDATA[org.openqa.selenium.NoSuchElementException: no such element: Unable to locate element: {"method":"css selector","selector":"#DescId"}
  (Session info: chrome=102.0.5005.115)
For documentation on this error, please visit: https://selenium.dev/exceptions/#no_such_element
Build info: version: '4.1.2', revision: '9a5a329c5a'
System info: host: 'DESKTOP-K0SFL7M', ip: '172.23.144.1', os.name: 'Windows 10', os.arch: 'amd64', os.version: '10.0', java.version: '15.0.2'
Driver info: org.openqa.selenium.chrome.ChromeDriver
Command: [5ef5b7ea2a4892441eaac9c921db5f12, findElement {using=id, value=DescId}]
Capabilities {acceptInsecureCerts: false, browserName: chrome, browserVersion: 102.0.5005.115, chrome: {chromedriverVersion: 101.0.4951.41 (93c720db8323..., userDataDir: C:\Users\User\AppData\Local...}, goog:chromeOptions: {debuggerAddress: localhost:65055}, javascriptEnabled: true, networkConnectionEnabled: false, pageLoadStrategy: normal, platform: WINDOWS, platformName: WINDOWS, proxy: Proxy(), se:cdp: ws://localhost:65055/devtoo..., se:cdpVersion: 102.0.5005.115, setWindowRect: true, strictFileInteractability: false, timeouts: {implicit: 0, pageLoad: 300000, script: 30000}, unhandledPromptBehavior: dismiss and notify, webauthn:extension:credBlob: true, webauthn:extension:largeBlob: true, webauthn:virtualAuthenticators: true}
Session ID: 5ef5b7ea2a4892441eaac9c921db5f12
at java.base/jdk.internal.reflect.NativeConstructorAccessorImpl.newInstance0(Native Method)
at java.base/jdk.internal.reflect.NativeConstructorAccessorImpl.newInstance(NativeConstructorAccessorImpl.java:64)
at java.base/jdk.internal.reflect.DelegatingConstructorAccessorImpl.newInstance(DelegatingConstructorAccessorImpl.java:45)
at java.base/java.lang.reflect.Constructor.newInstanceWithCaller(Constructor.java:500)
at java.base/java.lang.reflect.Constructor.newInstance(Constructor.java:481)
at org.openqa.selenium.remote.codec.w3c.W3CHttpResponseCodec.createException(W3CHttpResponseCodec.java:200)
at org.openqa.selenium.remote.codec.w3c.W3CHttpResponseCodec.decode(W3CHttpResponseCodec.java:133)
at org.openqa.selenium.remote.codec.w3c.W3CHttpResponseCodec.decode(W3CHttpResponseCodec.java:53)
at org.openqa.selenium.remote.HttpCommandExecutor.execute(HttpCommandExecutor.java:184)
at org.openqa.selenium.remote.service.DriverCommandExecutor.invokeExecute(DriverCommandExecutor.java:167)
at org.openqa.selenium.remote.service.DriverCommandExecutor.execute(DriverCommandExecutor.java:142)
at org.openqa.selenium.remote.RemoteWebDriver.execute(RemoteWebDriver.java:558)
at org.openqa.selenium.remote.ElementLocation$ElementFinder$2.findElement(ElementLocation.java:162)
at org.openqa.selenium.remote.ElementLocation.findElement(ElementLocation.java:60)
at org.openqa.selenium.remote.RemoteWebDriver.findElement(RemoteWebDriver.java:382)
at org.openqa.selenium.remote.RemoteWebDriver.findElement(RemoteWebDriver.java:374)
at Test.Ancera.Administration.ReportsManagement.VerifyUpdateRole(ReportsManagement.java:317)
at java.base/jdk.internal.reflect.NativeMethodAccessorImpl.invoke0(Native Method)
at java.base/jdk.internal.reflect.NativeMethodAccessorImpl.invoke(NativeMethodAccessorImpl.java:64)
at java.base/jdk.internal.reflect.DelegatingMethodAccessorImpl.invoke(DelegatingMethodAccessorImpl.java:43)
at java.base/java.lang.reflect.Method.invoke(Method.java:564)
at org.testng.internal.MethodInvocationHelper.invokeMethod(MethodInvocationHelper.java:132)
at org.testng.internal.TestInvoker.invokeMethod(TestInvoker.java:599)
at org.testng.internal.TestInvoker.invokeTestMethod(TestInvoker.java:174)
at org.testng.internal.MethodRunner.runInSequence(MethodRunner.java:46)
at org.testng.internal.TestInvoker$MethodInvocationAgent.invoke(TestInvoker.java:822)
at org.testng.internal.TestInvoker.invokeTestMethods(TestInvoker.java:147)
at org.testng.internal.TestMethodWorker.invokeTestMethods(TestMethodWorker.java:146)
at org.testng.internal.TestMethodWorker.run(TestMethodWorker.java:128)
at java.base/java.util.ArrayList.forEach(ArrayList.java:1511)
at org.testng.TestRunner.privateRun(TestRunner.java:764)
at org.testng.TestRunner.run(TestRunner.java:585)
at org.testng.SuiteRunner.runTest(SuiteRunner.java:384)
at org.testng.SuiteRunner.runSequentially(SuiteRunner.java:378)
at org.testng.SuiteRunner.privateRun(SuiteRunner.java:337)
at org.testng.SuiteRunner.run(SuiteRunner.java:286)
at org.testng.SuiteRunnerWorker.runSuite(SuiteRunnerWorker.java:53)
at org.testng.SuiteRunnerWorker.run(SuiteRunnerWorker.java:96)
at org.testng.TestNG.runSuitesSequentially(TestNG.java:1218)
at org.testng.TestNG.runSuitesLocally(TestNG.java:1140)
at org.testng.TestNG.runSuites(TestNG.java:1069)
at org.testng.TestNG.run(TestNG.java:1037)
at org.testng.remote.AbstractRemoteTestNG.run(AbstractRemoteTestNG.java:115)
at org.testng.remote.RemoteTestNG.initAndRun(RemoteTestNG.java:251)
at org.testng.remote.RemoteTestNG.main(RemoteTestNG.java:77)
]]>
    </error>
  </testcase> <!-- VerifyUpdateRole -->
  <system-out/>
  <testcase classname="Test.Ancera.Administration.ReportsManagement" name="AuditTrail" time="27.898"/>
  <system-out/>
  <testcase classname="Test.Ancera.Administration.ReportsManagement" name="InActiveRole" time="8.708">
    <error message="no such element: Unable to locate element: {&quot;method&quot;:&quot;css selector&quot;,&quot;selector&quot;:&quot;#status-report-role .toggle&quot;}
  (Session info: chrome=102.0.5005.115)
For documentation on this error, please visit: https://selenium.dev/exceptions/#no_such_element
Build info: version: &#039;4.1.2&#039;, revision: &#039;9a5a329c5a&#039;
System info: host: &#039;DESKTOP-K0SFL7M&#039;, ip: &#039;172.23.144.1&#039;, os.name: &#039;Windows 10&#039;, os.arch: &#039;amd64&#039;, os.version: &#039;10.0&#039;, java.version: &#039;15.0.2&#039;
Driver info: org.openqa.selenium.chrome.ChromeDriver
Command: [5ef5b7ea2a4892441eaac9c921db5f12, findElement {using=css selector, value=#status-report-role .toggle}]
Capabilities {acceptInsecureCerts: false, browserName: chrome, browserVersion: 102.0.5005.115, chrome: {chromedriverVersion: 101.0.4951.41 (93c720db8323..., userDataDir: C:\Users\User\AppData\Local...}, goog:chromeOptions: {debuggerAddress: localhost:65055}, javascriptEnabled: true, networkConnectionEnabled: false, pageLoadStrategy: normal, platform: WINDOWS, platformName: WINDOWS, proxy: Proxy(), se:cdp: ws://localhost:65055/devtoo..., se:cdpVersion: 102.0.5005.115, setWindowRect: true, strictFileInteractability: false, timeouts: {implicit: 0, pageLoad: 300000, script: 30000}, unhandledPromptBehavior: dismiss and notify, webauthn:extension:credBlob: true, webauthn:extension:largeBlob: true, webauthn:virtualAuthenticators: true}
Session ID: 5ef5b7ea2a4892441eaac9c921db5f12" type="org.openqa.selenium.NoSuchElementException">
      <![CDATA[org.openqa.selenium.NoSuchElementException: no such element: Unable to locate element: {"method":"css selector","selector":"#status-report-role .toggle"}
  (Session info: chrome=102.0.5005.115)
For documentation on this error, please visit: https://selenium.dev/exceptions/#no_such_element
Build info: version: '4.1.2', revision: '9a5a329c5a'
System info: host: 'DESKTOP-K0SFL7M', ip: '172.23.144.1', os.name: 'Windows 10', os.arch: 'amd64', os.version: '10.0', java.version: '15.0.2'
Driver info: org.openqa.selenium.chrome.ChromeDriver
Command: [5ef5b7ea2a4892441eaac9c921db5f12, findElement {using=css selector, value=#status-report-role .toggle}]
Capabilities {acceptInsecureCerts: false, browserName: chrome, browserVersion: 102.0.5005.115, chrome: {chromedriverVersion: 101.0.4951.41 (93c720db8323..., userDataDir: C:\Users\User\AppData\Local...}, goog:chromeOptions: {debuggerAddress: localhost:65055}, javascriptEnabled: true, networkConnectionEnabled: false, pageLoadStrategy: normal, platform: WINDOWS, platformName: WINDOWS, proxy: Proxy(), se:cdp: ws://localhost:65055/devtoo..., se:cdpVersion: 102.0.5005.115, setWindowRect: true, strictFileInteractability: false, timeouts: {implicit: 0, pageLoad: 300000, script: 30000}, unhandledPromptBehavior: dismiss and notify, webauthn:extension:credBlob: true, webauthn:extension:largeBlob: true, webauthn:virtualAuthenticators: true}
Session ID: 5ef5b7ea2a4892441eaac9c921db5f12
at java.base/jdk.internal.reflect.NativeConstructorAccessorImpl.newInstance0(Native Method)
at java.base/jdk.internal.reflect.NativeConstructorAccessorImpl.newInstance(NativeConstructorAccessorImpl.java:64)
at java.base/jdk.internal.reflect.DelegatingConstructorAccessorImpl.newInstance(DelegatingConstructorAccessorImpl.java:45)
at java.base/java.lang.reflect.Constructor.newInstanceWithCaller(Constructor.java:500)
at java.base/java.lang.reflect.Constructor.newInstance(Constructor.java:481)
at org.openqa.selenium.remote.codec.w3c.W3CHttpResponseCodec.createException(W3CHttpResponseCodec.java:200)
at org.openqa.selenium.remote.codec.w3c.W3CHttpResponseCodec.decode(W3CHttpResponseCodec.java:133)
at org.openqa.selenium.remote.codec.w3c.W3CHttpResponseCodec.decode(W3CHttpResponseCodec.java:53)
at org.openqa.selenium.remote.HttpCommandExecutor.execute(HttpCommandExecutor.java:184)
at org.openqa.selenium.remote.service.DriverCommandExecutor.invokeExecute(DriverCommandExecutor.java:167)
at org.openqa.selenium.remote.service.DriverCommandExecutor.execute(DriverCommandExecutor.java:142)
at org.openqa.selenium.remote.RemoteWebDriver.execute(RemoteWebDriver.java:558)
at org.openqa.selenium.remote.ElementLocation$ElementFinder$2.findElement(ElementLocation.java:162)
at org.openqa.selenium.remote.ElementLocation.findElement(ElementLocation.java:60)
at org.openqa.selenium.remote.RemoteWebDriver.findElement(RemoteWebDriver.java:382)
at org.openqa.selenium.remote.RemoteWebDriver.findElement(RemoteWebDriver.java:374)
at Test.Ancera.Administration.ReportsManagement.InActiveRole(ReportsManagement.java:429)
at java.base/jdk.internal.reflect.NativeMethodAccessorImpl.invoke0(Native Method)
at java.base/jdk.internal.reflect.NativeMethodAccessorImpl.invoke(NativeMethodAccessorImpl.java:64)
at java.base/jdk.internal.reflect.DelegatingMethodAccessorImpl.invoke(DelegatingMethodAccessorImpl.java:43)
at java.base/java.lang.reflect.Method.invoke(Method.java:564)
at org.testng.internal.MethodInvocationHelper.invokeMethod(MethodInvocationHelper.java:132)
at org.testng.internal.TestInvoker.invokeMethod(TestInvoker.java:599)
at org.testng.internal.TestInvoker.invokeTestMethod(TestInvoker.java:174)
at org.testng.internal.MethodRunner.runInSequence(MethodRunner.java:46)
at org.testng.internal.TestInvoker$MethodInvocationAgent.invoke(TestInvoker.java:822)
at org.testng.internal.TestInvoker.invokeTestMethods(TestInvoker.java:147)
at org.testng.internal.TestMethodWorker.invokeTestMethods(TestMethodWorker.java:146)
at org.testng.internal.TestMethodWorker.run(TestMethodWorker.java:128)
at java.base/java.util.ArrayList.forEach(ArrayList.java:1511)
at org.testng.TestRunner.privateRun(TestRunner.java:764)
at org.testng.TestRunner.run(TestRunner.java:585)
at org.testng.SuiteRunner.runTest(SuiteRunner.java:384)
at org.testng.SuiteRunner.runSequentially(SuiteRunner.java:378)
at org.testng.SuiteRunner.privateRun(SuiteRunner.java:337)
at org.testng.SuiteRunner.run(SuiteRunner.java:286)
at org.testng.SuiteRunnerWorker.runSuite(SuiteRunnerWorker.java:53)
at org.testng.SuiteRunnerWorker.run(SuiteRunnerWorker.java:96)
at org.testng.TestNG.runSuitesSequentially(TestNG.java:1218)
at org.testng.TestNG.runSuitesLocally(TestNG.java:1140)
at org.testng.TestNG.runSuites(TestNG.java:1069)
at org.testng.TestNG.run(TestNG.java:1037)
at org.testng.remote.AbstractRemoteTestNG.run(AbstractRemoteTestNG.java:115)
at org.testng.remote.RemoteTestNG.initAndRun(RemoteTestNG.java:251)
at org.testng.remote.RemoteTestNG.main(RemoteTestNG.java:77)
]]>
    </error>
  </testcase> <!-- InActiveRole -->
  <system-out/>
  <testcase classname="Test.Ancera.Administration.ReportsManagement" name="VerifyInActiveRoleUsers" time="23.626"/>
  <system-out/>
  <testcase classname="Test.Ancera.Administration.ReportsManagement" name="Filter" time="9.738">
    <error message="Index 15 out of bounds for length 15" type="java.lang.IndexOutOfBoundsException">
      <![CDATA[java.lang.IndexOutOfBoundsException: Index 15 out of bounds for length 15
at java.base/jdk.internal.util.Preconditions.outOfBounds(Preconditions.java:64)
at java.base/jdk.internal.util.Preconditions.outOfBoundsCheckIndex(Preconditions.java:70)
at java.base/jdk.internal.util.Preconditions.checkIndex(Preconditions.java:248)
at java.base/java.util.Objects.checkIndex(Objects.java:359)
at java.base/java.util.ArrayList.get(ArrayList.java:427)
at Test.Ancera.Administration.ReportsManagement.Filter(ReportsManagement.java:530)
at java.base/jdk.internal.reflect.NativeMethodAccessorImpl.invoke0(Native Method)
at java.base/jdk.internal.reflect.NativeMethodAccessorImpl.invoke(NativeMethodAccessorImpl.java:64)
at java.base/jdk.internal.reflect.DelegatingMethodAccessorImpl.invoke(DelegatingMethodAccessorImpl.java:43)
at java.base/java.lang.reflect.Method.invoke(Method.java:564)
at org.testng.internal.MethodInvocationHelper.invokeMethod(MethodInvocationHelper.java:132)
at org.testng.internal.TestInvoker.invokeMethod(TestInvoker.java:599)
at org.testng.internal.TestInvoker.invokeTestMethod(TestInvoker.java:174)
at org.testng.internal.MethodRunner.runInSequence(MethodRunner.java:46)
at org.testng.internal.TestInvoker$MethodInvocationAgent.invoke(TestInvoker.java:822)
at org.testng.internal.TestInvoker.invokeTestMethods(TestInvoker.java:147)
at org.testng.internal.TestMethodWorker.invokeTestMethods(TestMethodWorker.java:146)
at org.testng.internal.TestMethodWorker.run(TestMethodWorker.java:128)
at java.base/java.util.ArrayList.forEach(ArrayList.java:1511)
at org.testng.TestRunner.privateRun(TestRunner.java:764)
at org.testng.TestRunner.run(TestRunner.java:585)
at org.testng.SuiteRunner.runTest(SuiteRunner.java:384)
at org.testng.SuiteRunner.runSequentially(SuiteRunner.java:378)
at org.testng.SuiteRunner.privateRun(SuiteRunner.java:337)
at org.testng.SuiteRunner.run(SuiteRunner.java:286)
at org.testng.SuiteRunnerWorker.runSuite(SuiteRunnerWorker.java:53)
at org.testng.SuiteRunnerWorker.run(SuiteRunnerWorker.java:96)
at org.testng.TestNG.runSuitesSequentially(TestNG.java:1218)
at org.testng.TestNG.runSuitesLocally(TestNG.java:1140)
at org.testng.TestNG.runSuites(TestNG.java:1069)
at org.testng.TestNG.run(TestNG.java:1037)
at org.testng.remote.AbstractRemoteTestNG.run(AbstractRemoteTestNG.java:115)
at org.testng.remote.RemoteTestNG.initAndRun(RemoteTestNG.java:251)
at org.testng.remote.RemoteTestNG.main(RemoteTestNG.java:77)
]]>
    </error>
  </testcase> <!-- Filter -->
  <system-out/>
  <testcase classname="Test.Ancera.Administration.ReportsManagement" name="OpenReportGroupsPopup" time="10.205"/>
  <system-out/>
  <testcase classname="Test.Ancera.Administration.ReportsManagement" name="ResetGroupReportsFieldCheck" time="6.878"/>
  <system-out/>
  <testcase classname="Test.Ancera.Administration.ReportsManagement" name="MandatoryReportGroupFieldCheck" time="12.735"/>
  <system-out/>
  <testcase classname="Test.Ancera.Administration.ReportsManagement" name="UpdateReportGroupDetails" time="9.244"/>
  <system-out/>
  <testcase classname="Test.Ancera.Administration.ReportsManagement" name="VerifyReportGroupOnEditRights" time="5.890"/>
  <system-out/>
  <testcase classname="Test.Ancera.Administration.ReportsManagement" name="VerifyReportDetails" time="16.734">
    <error message="java.lang.AssertionError: expected [12] but found [0]" type="java.lang.Exception">
      <![CDATA[java.lang.Exception: java.lang.AssertionError: expected [12] but found [0]
at Test.Ancera.Administration.ReportsManagement.VerifyReportDetails(ReportsManagement.java:951)
at java.base/jdk.internal.reflect.NativeMethodAccessorImpl.invoke0(Native Method)
at java.base/jdk.internal.reflect.NativeMethodAccessorImpl.invoke(NativeMethodAccessorImpl.java:64)
at java.base/jdk.internal.reflect.DelegatingMethodAccessorImpl.invoke(DelegatingMethodAccessorImpl.java:43)
at java.base/java.lang.reflect.Method.invoke(Method.java:564)
at org.testng.internal.MethodInvocationHelper.invokeMethod(MethodInvocationHelper.java:132)
at org.testng.internal.TestInvoker.invokeMethod(TestInvoker.java:599)
at org.testng.internal.TestInvoker.invokeTestMethod(TestInvoker.java:174)
at org.testng.internal.MethodRunner.runInSequence(MethodRunner.java:46)
at org.testng.internal.TestInvoker$MethodInvocationAgent.invoke(TestInvoker.java:822)
at org.testng.internal.TestInvoker.invokeTestMethods(TestInvoker.java:147)
at org.testng.internal.TestMethodWorker.invokeTestMethods(TestMethodWorker.java:146)
at org.testng.internal.TestMethodWorker.run(TestMethodWorker.java:128)
at java.base/java.util.ArrayList.forEach(ArrayList.java:1511)
at org.testng.TestRunner.privateRun(TestRunner.java:764)
at org.testng.TestRunner.run(TestRunner.java:585)
at org.testng.SuiteRunner.runTest(SuiteRunner.java:384)
at org.testng.SuiteRunner.runSequentially(SuiteRunner.java:378)
at org.testng.SuiteRunner.privateRun(SuiteRunner.java:337)
at org.testng.SuiteRunner.run(SuiteRunner.java:286)
at org.testng.SuiteRunnerWorker.runSuite(SuiteRunnerWorker.java:53)
at org.testng.SuiteRunnerWorker.run(SuiteRunnerWorker.java:96)
at org.testng.TestNG.runSuitesSequentially(TestNG.java:1218)
at org.testng.TestNG.runSuitesLocally(TestNG.java:1140)
at org.testng.TestNG.runSuites(TestNG.java:1069)
at org.testng.TestNG.run(TestNG.java:1037)
at org.testng.remote.AbstractRemoteTestNG.run(AbstractRemoteTestNG.java:115)
at org.testng.remote.RemoteTestNG.initAndRun(RemoteTestNG.java:251)
at org.testng.remote.RemoteTestNG.main(RemoteTestNG.java:77)
Caused by: java.lang.AssertionError: expected [12] but found [0]
at org.testng.Assert.fail(Assert.java:99)
at org.testng.Assert.failNotEquals(Assert.java:1037)
at org.testng.Assert.assertEqualsImpl(Assert.java:140)
at org.testng.Assert.assertEquals(Assert.java:122)
at org.testng.Assert.assertEquals(Assert.java:907)
at org.testng.Assert.assertEquals(Assert.java:917)
at Test.Ancera.Administration.ReportsManagement.VerifyReportDetails(ReportsManagement.java:934)
... 28 more
]]>
    </error>
  </testcase> <!-- VerifyReportDetails -->
  <system-out/>
  <testcase classname="Test.Ancera.Administration.ReportsManagement" name="SaveAccessRights" time="2.422">
    <error message="no such element: Unable to locate element: {&quot;method&quot;:&quot;css selector&quot;,&quot;selector&quot;:&quot;#btn\-save&quot;}
  (Session info: chrome=102.0.5005.115)
For documentation on this error, please visit: https://selenium.dev/exceptions/#no_such_element
Build info: version: &#039;4.1.2&#039;, revision: &#039;9a5a329c5a&#039;
System info: host: &#039;DESKTOP-K0SFL7M&#039;, ip: &#039;172.23.144.1&#039;, os.name: &#039;Windows 10&#039;, os.arch: &#039;amd64&#039;, os.version: &#039;10.0&#039;, java.version: &#039;15.0.2&#039;
Driver info: org.openqa.selenium.chrome.ChromeDriver
Command: [5ef5b7ea2a4892441eaac9c921db5f12, findElement {using=id, value=btn-save}]
Capabilities {acceptInsecureCerts: false, browserName: chrome, browserVersion: 102.0.5005.115, chrome: {chromedriverVersion: 101.0.4951.41 (93c720db8323..., userDataDir: C:\Users\User\AppData\Local...}, goog:chromeOptions: {debuggerAddress: localhost:65055}, javascriptEnabled: true, networkConnectionEnabled: false, pageLoadStrategy: normal, platform: WINDOWS, platformName: WINDOWS, proxy: Proxy(), se:cdp: ws://localhost:65055/devtoo..., se:cdpVersion: 102.0.5005.115, setWindowRect: true, strictFileInteractability: false, timeouts: {implicit: 0, pageLoad: 300000, script: 30000}, unhandledPromptBehavior: dismiss and notify, webauthn:extension:credBlob: true, webauthn:extension:largeBlob: true, webauthn:virtualAuthenticators: true}
Session ID: 5ef5b7ea2a4892441eaac9c921db5f12" type="org.openqa.selenium.NoSuchElementException">
      <![CDATA[org.openqa.selenium.NoSuchElementException: no such element: Unable to locate element: {"method":"css selector","selector":"#btn\-save"}
  (Session info: chrome=102.0.5005.115)
For documentation on this error, please visit: https://selenium.dev/exceptions/#no_such_element
Build info: version: '4.1.2', revision: '9a5a329c5a'
System info: host: 'DESKTOP-K0SFL7M', ip: '172.23.144.1', os.name: 'Windows 10', os.arch: 'amd64', os.version: '10.0', java.version: '15.0.2'
Driver info: org.openqa.selenium.chrome.ChromeDriver
Command: [5ef5b7ea2a4892441eaac9c921db5f12, findElement {using=id, value=btn-save}]
Capabilities {acceptInsecureCerts: false, browserName: chrome, browserVersion: 102.0.5005.115, chrome: {chromedriverVersion: 101.0.4951.41 (93c720db8323..., userDataDir: C:\Users\User\AppData\Local...}, goog:chromeOptions: {debuggerAddress: localhost:65055}, javascriptEnabled: true, networkConnectionEnabled: false, pageLoadStrategy: normal, platform: WINDOWS, platformName: WINDOWS, proxy: Proxy(), se:cdp: ws://localhost:65055/devtoo..., se:cdpVersion: 102.0.5005.115, setWindowRect: true, strictFileInteractability: false, timeouts: {implicit: 0, pageLoad: 300000, script: 30000}, unhandledPromptBehavior: dismiss and notify, webauthn:extension:credBlob: true, webauthn:extension:largeBlob: true, webauthn:virtualAuthenticators: true}
Session ID: 5ef5b7ea2a4892441eaac9c921db5f12
at jdk.internal.reflect.GeneratedConstructorAccessor12.newInstance(Unknown Source)
at java.base/jdk.internal.reflect.DelegatingConstructorAccessorImpl.newInstance(DelegatingConstructorAccessorImpl.java:45)
at java.base/java.lang.reflect.Constructor.newInstanceWithCaller(Constructor.java:500)
at java.base/java.lang.reflect.Constructor.newInstance(Constructor.java:481)
at org.openqa.selenium.remote.codec.w3c.W3CHttpResponseCodec.createException(W3CHttpResponseCodec.java:200)
at org.openqa.selenium.remote.codec.w3c.W3CHttpResponseCodec.decode(W3CHttpResponseCodec.java:133)
at org.openqa.selenium.remote.codec.w3c.W3CHttpResponseCodec.decode(W3CHttpResponseCodec.java:53)
at org.openqa.selenium.remote.HttpCommandExecutor.execute(HttpCommandExecutor.java:184)
at org.openqa.selenium.remote.service.DriverCommandExecutor.invokeExecute(DriverCommandExecutor.java:167)
at org.openqa.selenium.remote.service.DriverCommandExecutor.execute(DriverCommandExecutor.java:142)
at org.openqa.selenium.remote.RemoteWebDriver.execute(RemoteWebDriver.java:558)
at org.openqa.selenium.remote.ElementLocation$ElementFinder$2.findElement(ElementLocation.java:162)
at org.openqa.selenium.remote.ElementLocation.findElement(ElementLocation.java:60)
at org.openqa.selenium.remote.RemoteWebDriver.findElement(RemoteWebDriver.java:382)
at org.openqa.selenium.remote.RemoteWebDriver.findElement(RemoteWebDriver.java:374)
at Test.Ancera.Administration.ReportsManagement.SaveAccessRights(ReportsManagement.java:976)
at java.base/jdk.internal.reflect.NativeMethodAccessorImpl.invoke0(Native Method)
at java.base/jdk.internal.reflect.NativeMethodAccessorImpl.invoke(NativeMethodAccessorImpl.java:64)
at java.base/jdk.internal.reflect.DelegatingMethodAccessorImpl.invoke(DelegatingMethodAccessorImpl.java:43)
at java.base/java.lang.reflect.Method.invoke(Method.java:564)
at org.testng.internal.MethodInvocationHelper.invokeMethod(MethodInvocationHelper.java:132)
at org.testng.internal.TestInvoker.invokeMethod(TestInvoker.java:599)
at org.testng.internal.TestInvoker.invokeTestMethod(TestInvoker.java:174)
at org.testng.internal.MethodRunner.runInSequence(MethodRunner.java:46)
at org.testng.internal.TestInvoker$MethodInvocationAgent.invoke(TestInvoker.java:822)
at org.testng.internal.TestInvoker.invokeTestMethods(TestInvoker.java:147)
at org.testng.internal.TestMethodWorker.invokeTestMethods(TestMethodWorker.java:146)
at org.testng.internal.TestMethodWorker.run(TestMethodWorker.java:128)
at java.base/java.util.ArrayList.forEach(ArrayList.java:1511)
at org.testng.TestRunner.privateRun(TestRunner.java:764)
at org.testng.TestRunner.run(TestRunner.java:585)
at org.testng.SuiteRunner.runTest(SuiteRunner.java:384)
at org.testng.SuiteRunner.runSequentially(SuiteRunner.java:378)
at org.testng.SuiteRunner.privateRun(SuiteRunner.java:337)
at org.testng.SuiteRunner.run(SuiteRunner.java:286)
at org.testng.SuiteRunnerWorker.runSuite(SuiteRunnerWorker.java:53)
at org.testng.SuiteRunnerWorker.run(SuiteRunnerWorker.java:96)
at org.testng.TestNG.runSuitesSequentially(TestNG.java:1218)
at org.testng.TestNG.runSuitesLocally(TestNG.java:1140)
at org.testng.TestNG.runSuites(TestNG.java:1069)
at org.testng.TestNG.run(TestNG.java:1037)
at org.testng.remote.AbstractRemoteTestNG.run(AbstractRemoteTestNG.java:115)
at org.testng.remote.RemoteTestNG.initAndRun(RemoteTestNG.java:251)
at org.testng.remote.RemoteTestNG.main(RemoteTestNG.java:77)
]]>
    </error>
  </testcase> <!-- SaveAccessRights -->
  <system-out/>
  <testcase classname="Test.Ancera.Administration.ReportsManagement" name="InActivateReportGroup" time="10.055"/>
  <system-out/>
  <testcase classname="Test.Ancera.Administration.ReportsManagement" name="VerifyInactivatedReportGroup" time="10.689"/>
  <system-out/>
  <testcase classname="Test.Ancera.Administration.ReportsManagement" name="DeleteReportGroup" time="16.068"/>
  <system-out/>
</testsuite> <!-- Test.Ancera.Administration.ReportsManagement -->
