<?xml version="1.0" encoding="UTF-8"?>
<!-- Generated by org.testng.reporters.JUnitReportReporter -->
<testsuite hostname="APL-LHR-JA0201" failures="0" tests="12" name="Test.Ancera.PiperAdministration.Piper_Configuration" time="288.400" errors="1" timestamp="2022-12-27T11:06:52 PKT" skipped="0">
  <testcase classname="Test.Ancera.PiperAdministration.Piper_Configuration" name="Login" time="5.342"/>
  <system-out/>
  <testcase classname="Test.Ancera.PiperAdministration.Piper_Configuration" name="Navigate" time="17.272"/>
  <system-out/>
  <testcase classname="Test.Ancera.PiperAdministration.Piper_Configuration" name="CreatePiperConfigSalm" time="48.511"/>
  <system-out/>
  <testcase classname="Test.Ancera.PiperAdministration.Piper_Configuration" name="CreatePiperConfigCocci" time="37.182"/>
  <system-out/>
  <testcase classname="Test.Ancera.PiperAdministration.Piper_Configuration" name="UpdatePiperConfig" time="33.601"/>
  <system-out/>
  <testcase classname="Test.Ancera.PiperAdministration.Piper_Configuration" name="DeletePiperConfigSalm" time="4.800"/>
  <system-out/>
  <testcase classname="Test.Ancera.PiperAdministration.Piper_Configuration" name="DeletePiperConfigCocci" time="25.431"/>
  <system-out/>
  <testcase classname="Test.Ancera.PiperAdministration.Piper_Configuration" name="PAConnfigImprocCheck" time="18.489"/>
  <system-out/>
  <testcase classname="Test.Ancera.PiperAdministration.Piper_Configuration" name="CreatePAConfigSalm" time="44.813"/>
  <system-out/>
  <testcase classname="Test.Ancera.PiperAdministration.Piper_Configuration" name="DeletePAConfigSalm" time="6.683"/>
  <system-out/>
  <testcase classname="Test.Ancera.PiperAdministration.Piper_Configuration" name="CreatePAConfigList" time="36.829"/>
  <system-out/>
  <testcase classname="Test.Ancera.PiperAdministration.Piper_Configuration" name="DeletePAConfigList" time="9.447">
    <error message="element click intercepted: Element &lt;img _ngcontent-akn-c4=&quot;&quot; class=&quot;pt-sm-1 font-size-1-2rem mr-1 cursor-pointer ng-tns-c4-0 ng-star-inserted&quot; src=&quot;../../../../assets/images/delete ancera.svg&quot; id=&quot;delete-mpn-31&quot;&gt; is not clickable at point (1492, 657). Other element would receive the click: &lt;iframe title=&quot;Opens a widget where you can find more information&quot; id=&quot;launcher&quot; tabindex=&quot;0&quot; style=&quot;color-scheme: light; width: 108px; height: 50px; padding: 0px; margin: 10px 20px; position: fixed; bottom: 0px; overflow: visible; opacity: 1; border: 0px; z-index: 999998; transition-duration: 250ms; transition-timing-function: cubic-bezier(0.645, 0.045, 0.355, 1); transition-property: opacity, top, bottom; right: 0px;&quot;&gt;&lt;/iframe&gt;
  (Session info: chrome=108.0.5359.124)
Build info: version: &#039;4.1.2&#039;, revision: &#039;9a5a329c5a&#039;
System info: host: &#039;APL-LHR-JA0201&#039;, ip: &#039;172.26.0.1&#039;, os.name: &#039;Windows 10&#039;, os.arch: &#039;amd64&#039;, os.version: &#039;10.0&#039;, java.version: &#039;15.0.2&#039;
Driver info: org.openqa.selenium.chrome.ChromeDriver
Command: [0be4e29bf5d920ef1669d74e458a9335, clickElement {id=9710b076-1318-4a85-aaf6-d5a252e13468}]
Capabilities {acceptInsecureCerts: false, browserName: chrome, browserVersion: 108.0.5359.124, chrome: {chromedriverVersion: 108.0.5359.71 (1e0e3868ee06..., userDataDir: C:\Users\JUNAID~1.ALA\AppDa...}, goog:chromeOptions: {debuggerAddress: localhost:54430}, javascriptEnabled: true, networkConnectionEnabled: false, pageLoadStrategy: normal, platform: WINDOWS, platformName: WINDOWS, proxy: Proxy(), se:cdp: ws://localhost:54430/devtoo..., se:cdpVersion: 108.0.5359.124, setWindowRect: true, strictFileInteractability: false, timeouts: {implicit: 0, pageLoad: 300000, script: 30000}, unhandledPromptBehavior: dismiss and notify, webauthn:extension:credBlob: true, webauthn:extension:largeBlob: true, webauthn:virtualAuthenticators: true}
Element: [[ChromeDriver: chrome on WINDOWS (0be4e29bf5d920ef1669d74e458a9335)] -&gt; id: delete-mpn-31]
Session ID: 0be4e29bf5d920ef1669d74e458a9335" type="org.openqa.selenium.ElementClickInterceptedException">
      <![CDATA[org.openqa.selenium.ElementClickInterceptedException: element click intercepted: Element <img _ngcontent-akn-c4="" class="pt-sm-1 font-size-1-2rem mr-1 cursor-pointer ng-tns-c4-0 ng-star-inserted" src="../../../../assets/images/delete ancera.svg" id="delete-mpn-31"> is not clickable at point (1492, 657). Other element would receive the click: <iframe title="Opens a widget where you can find more information" id="launcher" tabindex="0" style="color-scheme: light; width: 108px; height: 50px; padding: 0px; margin: 10px 20px; position: fixed; bottom: 0px; overflow: visible; opacity: 1; border: 0px; z-index: 999998; transition-duration: 250ms; transition-timing-function: cubic-bezier(0.645, 0.045, 0.355, 1); transition-property: opacity, top, bottom; right: 0px;"></iframe>
  (Session info: chrome=108.0.5359.124)
Build info: version: '4.1.2', revision: '9a5a329c5a'
System info: host: 'APL-LHR-JA0201', ip: '172.26.0.1', os.name: 'Windows 10', os.arch: 'amd64', os.version: '10.0', java.version: '15.0.2'
Driver info: org.openqa.selenium.chrome.ChromeDriver
Command: [0be4e29bf5d920ef1669d74e458a9335, clickElement {id=9710b076-1318-4a85-aaf6-d5a252e13468}]
Capabilities {acceptInsecureCerts: false, browserName: chrome, browserVersion: 108.0.5359.124, chrome: {chromedriverVersion: 108.0.5359.71 (1e0e3868ee06..., userDataDir: C:\Users\JUNAID~1.ALA\AppDa...}, goog:chromeOptions: {debuggerAddress: localhost:54430}, javascriptEnabled: true, networkConnectionEnabled: false, pageLoadStrategy: normal, platform: WINDOWS, platformName: WINDOWS, proxy: Proxy(), se:cdp: ws://localhost:54430/devtoo..., se:cdpVersion: 108.0.5359.124, setWindowRect: true, strictFileInteractability: false, timeouts: {implicit: 0, pageLoad: 300000, script: 30000}, unhandledPromptBehavior: dismiss and notify, webauthn:extension:credBlob: true, webauthn:extension:largeBlob: true, webauthn:virtualAuthenticators: true}
Element: [[ChromeDriver: chrome on WINDOWS (0be4e29bf5d920ef1669d74e458a9335)] -> id: delete-mpn-31]
Session ID: 0be4e29bf5d920ef1669d74e458a9335
at java.base/jdk.internal.reflect.NativeConstructorAccessorImpl.newInstance0(Native Method)
at java.base/jdk.internal.reflect.NativeConstructorAccessorImpl.newInstance(NativeConstructorAccessorImpl.java:64)
at java.base/jdk.internal.reflect.DelegatingConstructorAccessorImpl.newInstance(DelegatingConstructorAccessorImpl.java:45)
at java.base/java.lang.reflect.Constructor.newInstanceWithCaller(Constructor.java:500)
at java.base/java.lang.reflect.Constructor.newInstance(Constructor.java:481)
at org.openqa.selenium.remote.codec.w3c.W3CHttpResponseCodec.createException(W3CHttpResponseCodec.java:200)
at org.openqa.selenium.remote.codec.w3c.W3CHttpResponseCodec.decode(W3CHttpResponseCodec.java:133)
at org.openqa.selenium.remote.codec.w3c.W3CHttpResponseCodec.decode(W3CHttpResponseCodec.java:53)
at org.openqa.selenium.remote.HttpCommandExecutor.execute(HttpCommandExecutor.java:184)
at org.openqa.selenium.remote.service.DriverCommandExecutor.invokeExecute(DriverCommandExecutor.java:167)
at org.openqa.selenium.remote.service.DriverCommandExecutor.execute(DriverCommandExecutor.java:142)
at org.openqa.selenium.remote.RemoteWebDriver.execute(RemoteWebDriver.java:558)
at org.openqa.selenium.remote.RemoteWebElement.execute(RemoteWebElement.java:251)
at org.openqa.selenium.remote.RemoteWebElement.click(RemoteWebElement.java:77)
at Test.Ancera.PiperAdministration.Piper_Configuration.DeletePAConfigList(Piper_Configuration.java:808)
at java.base/jdk.internal.reflect.NativeMethodAccessorImpl.invoke0(Native Method)
at java.base/jdk.internal.reflect.NativeMethodAccessorImpl.invoke(NativeMethodAccessorImpl.java:64)
at java.base/jdk.internal.reflect.DelegatingMethodAccessorImpl.invoke(DelegatingMethodAccessorImpl.java:43)
at java.base/java.lang.reflect.Method.invoke(Method.java:564)
at org.testng.internal.MethodInvocationHelper.invokeMethod(MethodInvocationHelper.java:132)
at org.testng.internal.TestInvoker.invokeMethod(TestInvoker.java:599)
at org.testng.internal.TestInvoker.invokeTestMethod(TestInvoker.java:174)
at org.testng.internal.MethodRunner.runInSequence(MethodRunner.java:46)
at org.testng.internal.TestInvoker$MethodInvocationAgent.invoke(TestInvoker.java:822)
at org.testng.internal.TestInvoker.invokeTestMethods(TestInvoker.java:147)
at org.testng.internal.TestMethodWorker.invokeTestMethods(TestMethodWorker.java:146)
at org.testng.internal.TestMethodWorker.run(TestMethodWorker.java:128)
at java.base/java.util.ArrayList.forEach(ArrayList.java:1511)
at org.testng.TestRunner.privateRun(TestRunner.java:764)
at org.testng.TestRunner.run(TestRunner.java:585)
at org.testng.SuiteRunner.runTest(SuiteRunner.java:384)
at org.testng.SuiteRunner.runSequentially(SuiteRunner.java:378)
at org.testng.SuiteRunner.privateRun(SuiteRunner.java:337)
at org.testng.SuiteRunner.run(SuiteRunner.java:286)
at org.testng.SuiteRunnerWorker.runSuite(SuiteRunnerWorker.java:53)
at org.testng.SuiteRunnerWorker.run(SuiteRunnerWorker.java:96)
at org.testng.TestNG.runSuitesSequentially(TestNG.java:1218)
at org.testng.TestNG.runSuitesLocally(TestNG.java:1140)
at org.testng.TestNG.runSuites(TestNG.java:1069)
at org.testng.TestNG.run(TestNG.java:1037)
at org.testng.remote.AbstractRemoteTestNG.run(AbstractRemoteTestNG.java:115)
at org.testng.remote.RemoteTestNG.initAndRun(RemoteTestNG.java:251)
at org.testng.remote.RemoteTestNG.main(RemoteTestNG.java:77)
]]>
    </error>
  </testcase> <!-- DeletePAConfigList -->
  <system-out/>
</testsuite> <!-- Test.Ancera.PiperAdministration.Piper_Configuration -->
