<?xml version="1.0" encoding="UTF-8"?>
<!-- Generated by org.testng.reporters.JUnitReportReporter -->
<testsuite skipped="0" hostname="LAPTOP-O6K4VQH7" name="Test.Ancera.Administration.PiperManagement" tests="1" failures="0" timestamp="2021-01-01T12:45:55 PKT" time="32.471" errors="0">
  <testcase name="NavigatePM" time="32.471" classname="Test.Ancera.Administration.PiperManagement"/>
  <system-out/>
</testsuite> <!-- Test.Ancera.Administration.PiperManagement -->
