<?xml version="1.0" encoding="UTF-8"?>
<!-- Generated by org.testng.reporters.JUnitReportReporter -->
<testsuite skipped="0" hostname="LAPTOP-O6K4VQH7" name="Test.Ancera.TestLogin" tests="1" failures="0" timestamp="2020-11-02T23:51:44 PKT" time="14.522" errors="0">
  <testcase name="login" time="14.522" classname="Test.Ancera.TestLogin"/>
  <system-out/>
</testsuite> <!-- Test.Ancera.TestLogin -->
