<?xml version="1.0" encoding="UTF-8"?>
<!-- Generated by org.testng.reporters.JUnitReportReporter -->
<testsuite hostname="DESKTOP-K0SFL7M" failures="0" tests="21" name="Test.Ancera.Administration.ReportsManagement" time="324.771" errors="2" timestamp="2022-07-15T17:41:49 PKT" skipped="0">
  <testcase classname="Test.Ancera.Administration.ReportsManagement" name="NavigateRM" time="11.107"/>
  <system-out/>
  <testcase classname="Test.Ancera.Administration.ReportsManagement" name="OpenPopup" time="2.831"/>
  <system-out/>
  <testcase classname="Test.Ancera.Administration.ReportsManagement" name="ResetFieldCheck" time="3.291"/>
  <system-out/>
  <testcase classname="Test.Ancera.Administration.ReportsManagement" name="MandatoryFieldCheck" time="0.597"/>
  <system-out/>
  <testcase classname="Test.Ancera.Administration.ReportsManagement" name="CreateRole" time="3.707"/>
  <system-out/>
  <testcase classname="Test.Ancera.Administration.ReportsManagement" name="UpdateRole" time="6.445"/>
  <system-out/>
  <testcase classname="Test.Ancera.Administration.ReportsManagement" name="VerifyUpdateRole" time="2.000"/>
  <system-out/>
  <testcase classname="Test.Ancera.Administration.ReportsManagement" name="AuditTrail" time="16.187">
    <error message="no such element: Unable to locate element: {&quot;method&quot;:&quot;css selector&quot;,&quot;selector&quot;:&quot;#status-audit-trail .toggle&quot;}
  (Session info: chrome=103.0.5060.114)
For documentation on this error, please visit: https://selenium.dev/exceptions/#no_such_element
Build info: version: &#039;4.1.2&#039;, revision: &#039;9a5a329c5a&#039;
System info: host: &#039;DESKTOP-K0SFL7M&#039;, ip: &#039;172.25.48.1&#039;, os.name: &#039;Windows 10&#039;, os.arch: &#039;amd64&#039;, os.version: &#039;10.0&#039;, java.version: &#039;15.0.2&#039;
Driver info: org.openqa.selenium.chrome.ChromeDriver
Command: [71b5a00742c750d08ac692fda778144a, findElement {using=css selector, value=#status-audit-trail .toggle}]
Capabilities {acceptInsecureCerts: false, browserName: chrome, browserVersion: 103.0.5060.114, chrome: {chromedriverVersion: 103.0.5060.53 (a1711811edd7..., userDataDir: C:\Users\User\AppData\Local...}, goog:chromeOptions: {debuggerAddress: localhost:64894}, javascriptEnabled: true, networkConnectionEnabled: false, pageLoadStrategy: normal, platform: WINDOWS, platformName: WINDOWS, proxy: Proxy(), se:cdp: ws://localhost:64894/devtoo..., se:cdpVersion: 103.0.5060.114, setWindowRect: true, strictFileInteractability: false, timeouts: {implicit: 0, pageLoad: 300000, script: 30000}, unhandledPromptBehavior: dismiss and notify, webauthn:extension:credBlob: true, webauthn:extension:largeBlob: true, webauthn:virtualAuthenticators: true}
Session ID: 71b5a00742c750d08ac692fda778144a" type="org.openqa.selenium.NoSuchElementException">
      <![CDATA[org.openqa.selenium.NoSuchElementException: no such element: Unable to locate element: {"method":"css selector","selector":"#status-audit-trail .toggle"}
  (Session info: chrome=103.0.5060.114)
For documentation on this error, please visit: https://selenium.dev/exceptions/#no_such_element
Build info: version: '4.1.2', revision: '9a5a329c5a'
System info: host: 'DESKTOP-K0SFL7M', ip: '172.25.48.1', os.name: 'Windows 10', os.arch: 'amd64', os.version: '10.0', java.version: '15.0.2'
Driver info: org.openqa.selenium.chrome.ChromeDriver
Command: [71b5a00742c750d08ac692fda778144a, findElement {using=css selector, value=#status-audit-trail .toggle}]
Capabilities {acceptInsecureCerts: false, browserName: chrome, browserVersion: 103.0.5060.114, chrome: {chromedriverVersion: 103.0.5060.53 (a1711811edd7..., userDataDir: C:\Users\User\AppData\Local...}, goog:chromeOptions: {debuggerAddress: localhost:64894}, javascriptEnabled: true, networkConnectionEnabled: false, pageLoadStrategy: normal, platform: WINDOWS, platformName: WINDOWS, proxy: Proxy(), se:cdp: ws://localhost:64894/devtoo..., se:cdpVersion: 103.0.5060.114, setWindowRect: true, strictFileInteractability: false, timeouts: {implicit: 0, pageLoad: 300000, script: 30000}, unhandledPromptBehavior: dismiss and notify, webauthn:extension:credBlob: true, webauthn:extension:largeBlob: true, webauthn:virtualAuthenticators: true}
Session ID: 71b5a00742c750d08ac692fda778144a
at java.base/jdk.internal.reflect.NativeConstructorAccessorImpl.newInstance0(Native Method)
at java.base/jdk.internal.reflect.NativeConstructorAccessorImpl.newInstance(NativeConstructorAccessorImpl.java:64)
at java.base/jdk.internal.reflect.DelegatingConstructorAccessorImpl.newInstance(DelegatingConstructorAccessorImpl.java:45)
at java.base/java.lang.reflect.Constructor.newInstanceWithCaller(Constructor.java:500)
at java.base/java.lang.reflect.Constructor.newInstance(Constructor.java:481)
at org.openqa.selenium.remote.codec.w3c.W3CHttpResponseCodec.createException(W3CHttpResponseCodec.java:200)
at org.openqa.selenium.remote.codec.w3c.W3CHttpResponseCodec.decode(W3CHttpResponseCodec.java:133)
at org.openqa.selenium.remote.codec.w3c.W3CHttpResponseCodec.decode(W3CHttpResponseCodec.java:53)
at org.openqa.selenium.remote.HttpCommandExecutor.execute(HttpCommandExecutor.java:184)
at org.openqa.selenium.remote.service.DriverCommandExecutor.invokeExecute(DriverCommandExecutor.java:167)
at org.openqa.selenium.remote.service.DriverCommandExecutor.execute(DriverCommandExecutor.java:142)
at org.openqa.selenium.remote.RemoteWebDriver.execute(RemoteWebDriver.java:558)
at org.openqa.selenium.remote.ElementLocation$ElementFinder$2.findElement(ElementLocation.java:162)
at org.openqa.selenium.remote.ElementLocation.findElement(ElementLocation.java:60)
at org.openqa.selenium.remote.RemoteWebDriver.findElement(RemoteWebDriver.java:382)
at org.openqa.selenium.remote.RemoteWebDriver.findElement(RemoteWebDriver.java:374)
at Test.Ancera.Administration.ReportsManagement.AuditTrail(ReportsManagement.java:375)
at java.base/jdk.internal.reflect.NativeMethodAccessorImpl.invoke0(Native Method)
at java.base/jdk.internal.reflect.NativeMethodAccessorImpl.invoke(NativeMethodAccessorImpl.java:64)
at java.base/jdk.internal.reflect.DelegatingMethodAccessorImpl.invoke(DelegatingMethodAccessorImpl.java:43)
at java.base/java.lang.reflect.Method.invoke(Method.java:564)
at org.testng.internal.MethodInvocationHelper.invokeMethod(MethodInvocationHelper.java:132)
at org.testng.internal.TestInvoker.invokeMethod(TestInvoker.java:599)
at org.testng.internal.TestInvoker.invokeTestMethod(TestInvoker.java:174)
at org.testng.internal.MethodRunner.runInSequence(MethodRunner.java:46)
at org.testng.internal.TestInvoker$MethodInvocationAgent.invoke(TestInvoker.java:822)
at org.testng.internal.TestInvoker.invokeTestMethods(TestInvoker.java:147)
at org.testng.internal.TestMethodWorker.invokeTestMethods(TestMethodWorker.java:146)
at org.testng.internal.TestMethodWorker.run(TestMethodWorker.java:128)
at java.base/java.util.ArrayList.forEach(ArrayList.java:1511)
at org.testng.TestRunner.privateRun(TestRunner.java:764)
at org.testng.TestRunner.run(TestRunner.java:585)
at org.testng.SuiteRunner.runTest(SuiteRunner.java:384)
at org.testng.SuiteRunner.runSequentially(SuiteRunner.java:378)
at org.testng.SuiteRunner.privateRun(SuiteRunner.java:337)
at org.testng.SuiteRunner.run(SuiteRunner.java:286)
at org.testng.SuiteRunnerWorker.runSuite(SuiteRunnerWorker.java:53)
at org.testng.SuiteRunnerWorker.run(SuiteRunnerWorker.java:96)
at org.testng.TestNG.runSuitesSequentially(TestNG.java:1218)
at org.testng.TestNG.runSuitesLocally(TestNG.java:1140)
at org.testng.TestNG.runSuites(TestNG.java:1069)
at org.testng.TestNG.run(TestNG.java:1037)
at org.testng.remote.AbstractRemoteTestNG.run(AbstractRemoteTestNG.java:115)
at org.testng.remote.RemoteTestNG.initAndRun(RemoteTestNG.java:251)
at org.testng.remote.RemoteTestNG.main(RemoteTestNG.java:77)
]]>
    </error>
  </testcase> <!-- AuditTrail -->
  <system-out/>
  <testcase classname="Test.Ancera.Administration.ReportsManagement" name="InActiveRole" time="21.163"/>
  <system-out/>
  <testcase classname="Test.Ancera.Administration.ReportsManagement" name="VerifyInActiveRoleUsers" time="30.572"/>
  <system-out/>
  <testcase classname="Test.Ancera.Administration.ReportsManagement" name="Filter" time="56.278"/>
  <system-out/>
  <testcase classname="Test.Ancera.Administration.ReportsManagement" name="OpenReportGroupsPopup" time="35.648"/>
  <system-out/>
  <testcase classname="Test.Ancera.Administration.ReportsManagement" name="ResetGroupReportsFieldCheck" time="7.143"/>
  <system-out/>
  <testcase classname="Test.Ancera.Administration.ReportsManagement" name="MandatoryReportGroupFieldCheck" time="12.559">
    <error message="no such element: Unable to locate element: {&quot;method&quot;:&quot;css selector&quot;,&quot;selector&quot;:&quot;#message&quot;}
  (Session info: chrome=103.0.5060.114)
For documentation on this error, please visit: https://selenium.dev/exceptions/#no_such_element
Build info: version: &#039;4.1.2&#039;, revision: &#039;9a5a329c5a&#039;
System info: host: &#039;DESKTOP-K0SFL7M&#039;, ip: &#039;172.25.48.1&#039;, os.name: &#039;Windows 10&#039;, os.arch: &#039;amd64&#039;, os.version: &#039;10.0&#039;, java.version: &#039;15.0.2&#039;
Driver info: org.openqa.selenium.chrome.ChromeDriver
Command: [71b5a00742c750d08ac692fda778144a, findElement {using=id, value=message}]
Capabilities {acceptInsecureCerts: false, browserName: chrome, browserVersion: 103.0.5060.114, chrome: {chromedriverVersion: 103.0.5060.53 (a1711811edd7..., userDataDir: C:\Users\User\AppData\Local...}, goog:chromeOptions: {debuggerAddress: localhost:64894}, javascriptEnabled: true, networkConnectionEnabled: false, pageLoadStrategy: normal, platform: WINDOWS, platformName: WINDOWS, proxy: Proxy(), se:cdp: ws://localhost:64894/devtoo..., se:cdpVersion: 103.0.5060.114, setWindowRect: true, strictFileInteractability: false, timeouts: {implicit: 0, pageLoad: 300000, script: 30000}, unhandledPromptBehavior: dismiss and notify, webauthn:extension:credBlob: true, webauthn:extension:largeBlob: true, webauthn:virtualAuthenticators: true}
Session ID: 71b5a00742c750d08ac692fda778144a" type="org.openqa.selenium.NoSuchElementException">
      <![CDATA[org.openqa.selenium.NoSuchElementException: no such element: Unable to locate element: {"method":"css selector","selector":"#message"}
  (Session info: chrome=103.0.5060.114)
For documentation on this error, please visit: https://selenium.dev/exceptions/#no_such_element
Build info: version: '4.1.2', revision: '9a5a329c5a'
System info: host: 'DESKTOP-K0SFL7M', ip: '172.25.48.1', os.name: 'Windows 10', os.arch: 'amd64', os.version: '10.0', java.version: '15.0.2'
Driver info: org.openqa.selenium.chrome.ChromeDriver
Command: [71b5a00742c750d08ac692fda778144a, findElement {using=id, value=message}]
Capabilities {acceptInsecureCerts: false, browserName: chrome, browserVersion: 103.0.5060.114, chrome: {chromedriverVersion: 103.0.5060.53 (a1711811edd7..., userDataDir: C:\Users\User\AppData\Local...}, goog:chromeOptions: {debuggerAddress: localhost:64894}, javascriptEnabled: true, networkConnectionEnabled: false, pageLoadStrategy: normal, platform: WINDOWS, platformName: WINDOWS, proxy: Proxy(), se:cdp: ws://localhost:64894/devtoo..., se:cdpVersion: 103.0.5060.114, setWindowRect: true, strictFileInteractability: false, timeouts: {implicit: 0, pageLoad: 300000, script: 30000}, unhandledPromptBehavior: dismiss and notify, webauthn:extension:credBlob: true, webauthn:extension:largeBlob: true, webauthn:virtualAuthenticators: true}
Session ID: 71b5a00742c750d08ac692fda778144a
at jdk.internal.reflect.GeneratedConstructorAccessor13.newInstance(Unknown Source)
at java.base/jdk.internal.reflect.DelegatingConstructorAccessorImpl.newInstance(DelegatingConstructorAccessorImpl.java:45)
at java.base/java.lang.reflect.Constructor.newInstanceWithCaller(Constructor.java:500)
at java.base/java.lang.reflect.Constructor.newInstance(Constructor.java:481)
at org.openqa.selenium.remote.codec.w3c.W3CHttpResponseCodec.createException(W3CHttpResponseCodec.java:200)
at org.openqa.selenium.remote.codec.w3c.W3CHttpResponseCodec.decode(W3CHttpResponseCodec.java:133)
at org.openqa.selenium.remote.codec.w3c.W3CHttpResponseCodec.decode(W3CHttpResponseCodec.java:53)
at org.openqa.selenium.remote.HttpCommandExecutor.execute(HttpCommandExecutor.java:184)
at org.openqa.selenium.remote.service.DriverCommandExecutor.invokeExecute(DriverCommandExecutor.java:167)
at org.openqa.selenium.remote.service.DriverCommandExecutor.execute(DriverCommandExecutor.java:142)
at org.openqa.selenium.remote.RemoteWebDriver.execute(RemoteWebDriver.java:558)
at org.openqa.selenium.remote.ElementLocation$ElementFinder$2.findElement(ElementLocation.java:162)
at org.openqa.selenium.remote.ElementLocation.findElement(ElementLocation.java:60)
at org.openqa.selenium.remote.RemoteWebDriver.findElement(RemoteWebDriver.java:382)
at org.openqa.selenium.remote.RemoteWebDriver.findElement(RemoteWebDriver.java:374)
at Test.Ancera.Administration.ReportsManagement.MandatoryReportGroupFieldCheck(ReportsManagement.java:741)
at java.base/jdk.internal.reflect.NativeMethodAccessorImpl.invoke0(Native Method)
at java.base/jdk.internal.reflect.NativeMethodAccessorImpl.invoke(NativeMethodAccessorImpl.java:64)
at java.base/jdk.internal.reflect.DelegatingMethodAccessorImpl.invoke(DelegatingMethodAccessorImpl.java:43)
at java.base/java.lang.reflect.Method.invoke(Method.java:564)
at org.testng.internal.MethodInvocationHelper.invokeMethod(MethodInvocationHelper.java:132)
at org.testng.internal.TestInvoker.invokeMethod(TestInvoker.java:599)
at org.testng.internal.TestInvoker.invokeTestMethod(TestInvoker.java:174)
at org.testng.internal.MethodRunner.runInSequence(MethodRunner.java:46)
at org.testng.internal.TestInvoker$MethodInvocationAgent.invoke(TestInvoker.java:822)
at org.testng.internal.TestInvoker.invokeTestMethods(TestInvoker.java:147)
at org.testng.internal.TestMethodWorker.invokeTestMethods(TestMethodWorker.java:146)
at org.testng.internal.TestMethodWorker.run(TestMethodWorker.java:128)
at java.base/java.util.ArrayList.forEach(ArrayList.java:1511)
at org.testng.TestRunner.privateRun(TestRunner.java:764)
at org.testng.TestRunner.run(TestRunner.java:585)
at org.testng.SuiteRunner.runTest(SuiteRunner.java:384)
at org.testng.SuiteRunner.runSequentially(SuiteRunner.java:378)
at org.testng.SuiteRunner.privateRun(SuiteRunner.java:337)
at org.testng.SuiteRunner.run(SuiteRunner.java:286)
at org.testng.SuiteRunnerWorker.runSuite(SuiteRunnerWorker.java:53)
at org.testng.SuiteRunnerWorker.run(SuiteRunnerWorker.java:96)
at org.testng.TestNG.runSuitesSequentially(TestNG.java:1218)
at org.testng.TestNG.runSuitesLocally(TestNG.java:1140)
at org.testng.TestNG.runSuites(TestNG.java:1069)
at org.testng.TestNG.run(TestNG.java:1037)
at org.testng.remote.AbstractRemoteTestNG.run(AbstractRemoteTestNG.java:115)
at org.testng.remote.RemoteTestNG.initAndRun(RemoteTestNG.java:251)
at org.testng.remote.RemoteTestNG.main(RemoteTestNG.java:77)
]]>
    </error>
  </testcase> <!-- MandatoryReportGroupFieldCheck -->
  <system-out/>
  <testcase classname="Test.Ancera.Administration.ReportsManagement" name="UpdateReportGroupDetails" time="11.953"/>
  <system-out/>
  <testcase classname="Test.Ancera.Administration.ReportsManagement" name="VerifyReportGroupOnEditRights" time="20.528"/>
  <system-out/>
  <testcase classname="Test.Ancera.Administration.ReportsManagement" name="VerifyReportDetails" time="27.268"/>
  <system-out/>
  <testcase classname="Test.Ancera.Administration.ReportsManagement" name="SaveAccessRights" time="10.517"/>
  <system-out/>
  <testcase classname="Test.Ancera.Administration.ReportsManagement" name="InActivateReportGroup" time="9.938"/>
  <system-out/>
  <testcase classname="Test.Ancera.Administration.ReportsManagement" name="VerifyInactivatedReportGroup" time="14.302"/>
  <system-out/>
  <testcase classname="Test.Ancera.Administration.ReportsManagement" name="DeleteReportGroup" time="20.737"/>
  <system-out/>
</testsuite> <!-- Test.Ancera.Administration.ReportsManagement -->
