<?xml version="1.0" encoding="UTF-8"?>
<!-- Generated by org.testng.reporters.JUnitReportReporter -->
<testsuite hostname="APL-LHR-JA0201" failures="0" tests="1" name="Test.Ancera.Administration.ProgramManagement" time="217.904" errors="0" timestamp="2022-09-15T13:01:09 PKT" skipped="0">
  <testcase classname="Test.Ancera.Administration.ProgramManagement" name="PaginationBioshuttle" time="217.904"/>
  <system-out/>
</testsuite> <!-- Test.Ancera.Administration.ProgramManagement -->
