<?xml version="1.0" encoding="UTF-8"?>
<!-- Generated by org.testng.reporters.JUnitReportReporter -->
<testsuite hostname="DESKTOP-K0SFL7M" failures="0" tests="5" name="Test.Ancera.MetaData.DataUpload" time="447.960" errors="0" timestamp="2022-01-21T11:59:04 PKT" skipped="0">
  <testcase classname="Test.Ancera.MetaData.DataUpload" name="NavigateDataUpload" time="6.317"/>
  <system-out/>
  <testcase classname="Test.Ancera.MetaData.DataUpload" name="FlockMetadata" time="179.609"/>
  <system-out/>
  <testcase classname="Test.Ancera.MetaData.DataUpload" name="SitePerformance" time="83.301"/>
  <system-out/>
  <testcase classname="Test.Ancera.MetaData.DataUpload" name="SampleMetaData" time="102.521"/>
  <system-out/>
  <testcase classname="Test.Ancera.MetaData.DataUpload" name="saveTemplates" time="76.212"/>
  <system-out/>
</testsuite> <!-- Test.Ancera.MetaData.DataUpload -->
