<?xml version="1.0" encoding="UTF-8"?>
<!-- Generated by org.testng.reporters.JUnitReportReporter -->
<testsuite hostname="DESKTOP-K0SFL7M" failures="0" tests="2" name="Test.Ancera.Reports.PAConfig" time="100.467" errors="0" timestamp="2021-09-28T13:18:17 PKT" skipped="1">
  <testcase classname="Test.Ancera.Reports.PAConfig" name="PAConfigurationTesttttttttttttt" time="100.467"/>
  <system-out/>
  <testcase classname="Test.Ancera.Reports.PAConfig" name="PAConfiguration">
    <skipped/>
  </testcase> <!-- PAConfiguration -->
  <system-out/>
</testsuite> <!-- Test.Ancera.Reports.PAConfig -->
