<?xml version="1.0" encoding="UTF-8"?>
<!-- Generated by org.testng.reporters.JUnitReportReporter -->
<testsuite hostname="DESKTOP-K0SFL7M" failures="0" tests="19" name="Test.Ancera.Reports.CoccidiaLog" time="3060.257" errors="0" timestamp="2021-09-27T12:43:10 PKT" skipped="1">
  <testcase classname="Test.Ancera.Reports.CoccidiaLog" name="NavigateCoccidia" time="21.048"/>
  <system-out/>
  <testcase classname="Test.Ancera.Reports.CoccidiaLog" name="DateFilter" time="147.280"/>
  <system-out/>
  <testcase classname="Test.Ancera.Reports.CoccidiaLog" name="DateLockFilter" time="19.887"/>
  <system-out/>
  <testcase classname="Test.Ancera.Reports.CoccidiaLog" name="TestFilter" time="506.648"/>
  <system-out/>
  <testcase classname="Test.Ancera.Reports.CoccidiaLog" name="SiteName" time="23.600"/>
  <system-out/>
  <testcase classname="Test.Ancera.Reports.CoccidiaLog" name="wildcard" time="699.627"/>
  <system-out/>
  <testcase classname="Test.Ancera.Reports.CoccidiaLog" name="Contexual" time="333.866"/>
  <system-out/>
  <testcase classname="Test.Ancera.Reports.CoccidiaLog" name="CoccidiaLock" time="529.506"/>
  <system-out/>
  <testcase classname="Test.Ancera.Reports.CoccidiaLog" name="Pagination" time="14.482"/>
  <system-out/>
  <testcase classname="Test.Ancera.Reports.CoccidiaLog" name="RowsPerPage" time="42.910"/>
  <system-out/>
  <testcase classname="Test.Ancera.Reports.CoccidiaLog" name="Sorting" time="154.186"/>
  <system-out/>
  <testcase classname="Test.Ancera.Reports.CoccidiaLog" name="AllignmentTest" time="0.521"/>
  <system-out/>
  <testcase classname="Test.Ancera.Reports.CoccidiaLog" name="FieldAccess" time="450.503"/>
  <system-out/>
  <testcase classname="Test.Ancera.Reports.CoccidiaLog" name="FieldAccessResetDefault" time="6.045"/>
  <system-out/>
  <testcase classname="Test.Ancera.Reports.CoccidiaLog" name="PNGExport" time="38.917"/>
  <system-out/>
  <testcase classname="Test.Ancera.Reports.CoccidiaLog" name="CSVExport" time="49.221"/>
  <system-out/>
  <testcase classname="Test.Ancera.Reports.CoccidiaLog" name="CSVAuditExport" time="10.517"/>
  <system-out/>
  <testcase classname="Test.Ancera.Reports.CoccidiaLog" name="TemplateExport" time="11.493"/>
  <system-out/>
  <testcase classname="Test.Ancera.Reports.CoccidiaLog" name="Assertion">
    <skipped/>
  </testcase> <!-- Assertion -->
  <system-out/>
</testsuite> <!-- Test.Ancera.Reports.CoccidiaLog -->
