<?xml version="1.0" encoding="UTF-8"?>
<!-- Generated by org.testng.reporters.JUnitReportReporter -->
<testsuite skipped="7" hostname="LAPTOP-O6K4VQH7" name="Test.Ancera.UserManagement" tests="9" failures="0" timestamp="2020-10-29T14:59:49 PKT" time="12.684" errors="1">
  <testcase name="ValidLogin" time="12.672" classname="Test.Ancera.UserManagement"/>
  <system-out/>
  <testcase name="tearDown" time="0.012" classname="Test.Ancera.UserManagement">
    <error type="java.lang.NullPointerException">
      <![CDATA[java.lang.NullPointerException
at Test.Ancera.UserManagement.tearDown(UserManagement.java:1060)
at sun.reflect.NativeMethodAccessorImpl.invoke0(Native Method)
at sun.reflect.NativeMethodAccessorImpl.invoke(NativeMethodAccessorImpl.java:62)
at sun.reflect.DelegatingMethodAccessorImpl.invoke(DelegatingMethodAccessorImpl.java:43)
at java.lang.reflect.Method.invoke(Method.java:498)
at org.testng.internal.MethodInvocationHelper.invokeMethod(MethodInvocationHelper.java:135)
at org.testng.internal.MethodInvocationHelper.invokeMethodConsideringTimeout(MethodInvocationHelper.java:64)
at org.testng.internal.ConfigInvoker.invokeConfigurationMethod(ConfigInvoker.java:364)
at org.testng.internal.ConfigInvoker.invokeConfigurations(ConfigInvoker.java:318)
at org.testng.internal.TestInvoker.runConfigMethods(TestInvoker.java:700)
at org.testng.internal.TestInvoker.runAfterGroupsConfigurations(TestInvoker.java:676)
at org.testng.internal.TestInvoker.invokeMethod(TestInvoker.java:660)
at org.testng.internal.TestInvoker.invokeTestMethod(TestInvoker.java:174)
at org.testng.internal.MethodRunner.runInSequence(MethodRunner.java:46)
at org.testng.internal.TestInvoker$MethodInvocationAgent.invoke(TestInvoker.java:821)
at org.testng.internal.TestInvoker.invokeTestMethods(TestInvoker.java:147)
at org.testng.internal.TestMethodWorker.invokeTestMethods(TestMethodWorker.java:146)
at org.testng.internal.TestMethodWorker.run(TestMethodWorker.java:128)
at java.util.ArrayList.forEach(ArrayList.java:1257)
at org.testng.TestRunner.privateRun(TestRunner.java:767)
at org.testng.TestRunner.run(TestRunner.java:588)
at org.testng.SuiteRunner.runTest(SuiteRunner.java:384)
at org.testng.SuiteRunner.runSequentially(SuiteRunner.java:378)
at org.testng.SuiteRunner.privateRun(SuiteRunner.java:337)
at org.testng.SuiteRunner.run(SuiteRunner.java:286)
at org.testng.SuiteRunnerWorker.runSuite(SuiteRunnerWorker.java:53)
at org.testng.SuiteRunnerWorker.run(SuiteRunnerWorker.java:96)
at org.testng.TestNG.runSuitesSequentially(TestNG.java:1214)
at org.testng.TestNG.runSuitesLocally(TestNG.java:1136)
at org.testng.TestNG.runSuites(TestNG.java:1066)
at org.testng.TestNG.run(TestNG.java:1034)
at org.testng.remote.AbstractRemoteTestNG.run(AbstractRemoteTestNG.java:115)
at org.testng.remote.RemoteTestNG.initAndRun(RemoteTestNG.java:251)
at org.testng.remote.RemoteTestNG.main(RemoteTestNG.java:77)
]]>
    </error>
  </testcase> <!-- tearDown -->
  <system-out/>
  <testcase name="Navigate" time="0.000" classname="Test.Ancera.UserManagement">
    <skipped/>
  </testcase> <!-- Navigate -->
  <system-out/>
  <testcase name="MandatoryFieldCheck" time="0.000" classname="Test.Ancera.UserManagement">
    <skipped/>
  </testcase> <!-- MandatoryFieldCheck -->
  <system-out/>
  <testcase name="ResetButton" time="0.000" classname="Test.Ancera.UserManagement">
    <skipped/>
  </testcase> <!-- ResetButton -->
  <system-out/>
  <testcase name="CreateUser" time="0.000" classname="Test.Ancera.UserManagement">
    <skipped/>
  </testcase> <!-- CreateUser -->
  <system-out/>
  <testcase name="UpdateUser" time="0.000" classname="Test.Ancera.UserManagement">
    <skipped/>
  </testcase> <!-- UpdateUser -->
  <system-out/>
  <testcase name="DeleteUser" time="0.000" classname="Test.Ancera.UserManagement">
    <skipped/>
  </testcase> <!-- DeleteUser -->
  <system-out/>
  <testcase name="CreateUsers" classname="Test.Ancera.UserManagement">
    <skipped/>
  </testcase> <!-- CreateUsers -->
  <system-out/>
</testsuite> <!-- Test.Ancera.UserManagement -->
