<?xml version="1.0" encoding="UTF-8"?>
<!-- Generated by org.testng.reporters.JUnitReportReporter -->
<testsuite hostname="APL-LHR-JA0201" failures="0" tests="2" name="Test.Ancera.Reports.Sites_Log" time="31.868" errors="0" timestamp="2022-09-22T17:01:09 PKT" skipped="1">
  <testcase classname="Test.Ancera.Reports.Sites_Log" name="CSVExportNew" time="31.868"/>
  <system-out/>
  <testcase classname="Test.Ancera.Reports.Sites_Log" name="CSVExport">
    <skipped/>
  </testcase> <!-- CSVExport -->
  <system-out/>
</testsuite> <!-- Test.Ancera.Reports.Sites_Log -->
