<?xml version="1.0" encoding="UTF-8"?>
<!-- Generated by org.testng.reporters.JUnitReportReporter -->
<testsuite hostname="DESKTOP-K0SFL7M" failures="0" tests="1" name="Test.Ancera.Reports.PAConfig" time="960.632" errors="0" timestamp="2022-06-14T13:06:37 PKT" skipped="0">
  <testcase classname="Test.Ancera.Reports.PAConfig" name="PAConfiguration" time="960.632"/>
  <system-out/>
</testsuite> <!-- Test.Ancera.Reports.PAConfig -->
