<?xml version="1.0" encoding="UTF-8"?>
<!-- Generated by org.testng.reporters.JUnitReportReporter -->
<testsuite hostname="APL-LHR-JA0201" failures="0" tests="1" name="Test.Ancera.Reports.SalmonellaLog" time="35.570" errors="0" timestamp="2022-10-12T15:18:43 PKT" skipped="0">
  <testcase classname="Test.Ancera.Reports.SalmonellaLog" name="PNGExport" time="35.570"/>
  <system-out/>
</testsuite> <!-- Test.Ancera.Reports.SalmonellaLog -->
