<?xml version="1.0" encoding="UTF-8"?>
<!-- Generated by org.testng.reporters.JUnitReportReporter -->
<testsuite skipped="0" hostname="LAPTOP-O6K4VQH7" name="Test.Ancera.Administration.AccessManagement" tests="7" failures="0" timestamp="2021-01-04T17:28:24 PKT" time="282.454" errors="0">
  <testcase name="NavigateAM" time="29.522" classname="Test.Ancera.Administration.AccessManagement"/>
  <system-out/>
  <testcase name="CreateAccess" time="18.501" classname="Test.Ancera.Administration.AccessManagement"/>
  <system-out/>
  <testcase name="UpdateRole" time="74.477" classname="Test.Ancera.Administration.AccessManagement"/>
  <system-out/>
  <testcase name="VerifyUpdateRole" time="19.463" classname="Test.Ancera.Administration.AccessManagement"/>
  <system-out/>
  <testcase name="InActivateRole" time="7.181" classname="Test.Ancera.Administration.AccessManagement"/>
  <system-out/>
  <testcase name="EditRightsScreen" time="69.888" classname="Test.Ancera.Administration.AccessManagement"/>
  <system-out/>
  <testcase name="RoleAssignScreen" time="63.422" classname="Test.Ancera.Administration.AccessManagement"/>
  <system-out/>
</testsuite> <!-- Test.Ancera.Administration.AccessManagement -->
