<?xml version="1.0" encoding="UTF-8"?>
<!-- Generated by org.testng.reporters.JUnitReportReporter -->
<testsuite hostname="APL-LHR-JA0201" failures="0" tests="3" name="Test.Ancera.Login.TestLogin" time="25.587" errors="0" timestamp="2022-09-28T16:21:54 PKT" skipped="0">
  <testcase classname="Test.Ancera.Login.TestLogin" name="login" time="19.442"/>
  <system-out/>
  <testcase classname="Test.Ancera.Login.TestLogin" name="logout" time="3.785"/>
  <system-out/>
  <testcase classname="Test.Ancera.Login.TestLogin" name="verifyLogout" time="2.360"/>
  <system-out/>
</testsuite> <!-- Test.Ancera.Login.TestLogin -->
