<?xml version="1.0" encoding="UTF-8"?>
<!-- Generated by org.testng.reporters.JUnitReportReporter -->
<testsuite hostname="APL-LHR-JA0201" failures="0" tests="3" name="Test.Ancera.Login.TestLogin" time="31.037" errors="0" timestamp="2022-10-12T12:26:30 PKT" skipped="0">
  <testcase classname="Test.Ancera.Login.TestLogin" name="login" time="24.634"/>
  <system-out/>
  <testcase classname="Test.Ancera.Login.TestLogin" name="logout" time="3.974"/>
  <system-out/>
  <testcase classname="Test.Ancera.Login.TestLogin" name="verifyLogout" time="2.429"/>
  <system-out/>
</testsuite> <!-- Test.Ancera.Login.TestLogin -->
